# time interaction_type id_rem(mass_rem) id1(m1):id2(m2) (r)
t=6.13985e-06 disrupt1 idr=161709(mr=84.7296) id1=161709(m1=79.0845):id2=204653(m2=5.64895) (r=1.74622) typer=1 type1=1 type2=1
t=0.000161178 disrupt1 idr=57888(mr=51.4905) id1=57888(m1=45.644):id2=202377(m2=5.84793) (r=0.366698) typer=1 type1=1 type2=1
t=0.00261892 disrupt1 idr=119279(mr=105.429) id1=119279(m1=104.898):id2=72192(m2=0.53551) (r=0.404909) typer=1 type1=1 type2=0
t=0.00377426 disrupt1 idr=147276(mr=55.1639) id1=147276(m1=55.0691):id2=109933(m2=0.0952911) (r=0.371193) typer=1 type1=1 type2=0
t=0.00454045 disrupt1 idr=6481(mr=85.1883) id1=6481(m1=0.160247):id2=48757(m2=85.0325) (r=0.055882) typer=1 type1=0 type2=1
t=0.00589549 disrupt1 idr=119279(mr=91.4967) id1=119279(m1=91.3837):id2=66396(m2=0.114739) (r=0.120106) typer=1 type1=1 type2=0
t=0.0063726 disrupt1 idr=27716(mr=47.0343) id1=27716(m1=46.9097):id2=84730(m2=0.12484) (r=0.0444606) typer=1 type1=1 type2=0
t=0.0068426 disrupt1 idr=214486(mr=64.2686) id1=214486(m1=63.3769):id2=57267(m2=0.892068) (r=0.09178) typer=1 type1=1 type2=1
t=0.00712978 disrupt1 idr=85265(mr=50.9934) id1=85265(m1=50.8392):id2=48811(m2=0.154528) (r=0.0461183) typer=1 type1=1 type2=0
t=0.00737351 disrupt1 idr=122627(mr=62.9151) id1=122627(m1=62.6646):id2=36168(m2=0.250764) (r=0.0124616) typer=1 type1=1 type2=0
t=0.00825079 disrupt1 idr=61743(mr=62.3782) id1=61743(m1=62.7648):id2=160148(m2=0.111701) (r=0.0562315) typer=2 type1=2 type2=0
t=0.00825164 disrupt1 idr=48795(mr=62.0811) id1=48795(m1=62.7086):id2=97619(m2=0.144939) (r=0.071581) typer=2 type1=2 type2=0
t=0.00825267 disrupt1 idr=48795(mr=60.8209) id1=48795(m1=62.0368):id2=123114(m2=0.261315) (r=0.0726742) typer=2 type1=2 type2=0
t=0.00831719 disrupt1 idr=61743(mr=26.8049) id1=61743(m1=26.6873):id2=113642(m2=0.122351) (r=0.139082) typer=4 type1=7 type2=0
t=0.00841866 disrupt2 idr=174558(mr=60.9828) id1=62650(m1=0.253949):id2=174558(m2=62.5968) (r=0.175587) typer=2 type1=0 type2=2
t=0.00843817 disrupt1 idr=34504(mr=61.6955) id1=34504(m1=62.6846):id2=80480(m2=0.190591) (r=0.0264707) typer=2 type1=2 type2=0
t=0.00847408 disrupt1 idr=234087(mr=65.7251) id1=234087(m1=65.4504):id2=3483(m2=0.275097) (r=0.102109) typer=1 type1=1 type2=0
t=0.008554 disrupt1 idr=175727(mr=61.4178) id1=175727(m1=61.8269):id2=175766(m2=0.211753) (r=0.123042) typer=2 type1=2 type2=0
t=0.00856443 disrupt1 idr=100809(mr=58.1944) id1=100809(m1=58.0545):id2=99431(m2=0.140234) (r=0.0289383) typer=1 type1=1 type2=0
t=0.00864694 disrupt1 idr=10657(mr=59.8951) id1=10657(m1=60.2841):id2=145226(m2=0.103257) (r=0.162825) typer=2 type1=2 type2=0
t=0.00876139 disrupt1 idr=228057(mr=127.896) id1=228057(m1=134.036):id2=40421(m2=0.10928) (r=0.0443848) typer=4 type1=4 type2=0
t=0.00876211 disrupt1 idr=228057(mr=106.941) id1=228057(m1=127.868):id2=73158(m2=0.554402) (r=0.0479189) typer=4 type1=4 type2=0
t=0.00876294 disrupt1 idr=10657(mr=25.6301) id1=10657(m1=25.5418):id2=6624(m2=0.0974972) (r=0.0176057) typer=4 type1=7 type2=0
t=0.00880461 disrupt2 idr=51333(mr=57.5528) id1=37785(m1=0.149784):id2=51333(m2=58.006) (r=0.417924) typer=2 type1=0 type2=2
t=0.00883165 disrupt1 idr=51333(mr=23.677) id1=51333(m1=23.5177):id2=114512(m2=0.178234) (r=0.260158) typer=4 type1=7 type2=0
t=0.0088856 disrupt1 idr=228060(mr=24.1138) id1=228060(m1=23.8444):id2=66939(m2=0.293494) (r=0.0578807) typer=4 type1=7 type2=0
t=0.00891256 disrupt2 idr=167048(mr=56.1152) id1=92548(m1=0.133357):id2=167048(m2=56.5641) (r=0.506134) typer=2 type1=0 type2=2
t=0.00902933 disrupt2 idr=159815(mr=54.2053) id1=70521(m1=0.0984763):id2=159815(m2=54.9763) (r=0.186432) typer=2 type1=0 type2=2
t=0.00904028 disrupt2 idr=176205(mr=54.116) id1=100106(m1=0.101942):id2=176205(m2=54.8336) (r=0.0671641) typer=2 type1=0 type2=2
t=0.00914874 disrupt1 idr=16523(mr=22.5769) id1=16523(m1=0.0991112):id2=176205(m2=22.4995) (r=0.0306931) typer=4 type1=0 type2=7
t=0.00931245 disrupt1 idr=42429(mr=50.9934) id1=42429(m1=51.7908):id2=139136(m2=0.102155) (r=0.0909674) typer=2 type1=2 type2=0
t=0.00938995 disrupt1 idr=102311(mr=49.4252) id1=102311(m1=50.9232):id2=138620(m2=0.143348) (r=0.121461) typer=2 type1=2 type2=0
t=0.00969101 disrupt2 idr=111328(mr=47.4355) id1=13227(m1=0.535834):id2=111328(m2=48.3643) (r=0.110888) typer=2 type1=0 type2=2
t=0.00972898 disrupt1 idr=225086(mr=109.46) id1=225086(m1=116.136):id2=60700(m2=0.167905) (r=0.028337) typer=4 type1=4 type2=0
t=0.00972932 disrupt1 idr=225086(mr=101.905) id1=225086(m1=109.46):id2=71376(m2=0.175752) (r=0.0473221) typer=4 type1=4 type2=0
t=0.00973014 disrupt1 idr=225086(mr=92.7793) id1=225086(m1=101.884):id2=69384(m2=0.196363) (r=0.0227666) typer=4 type1=4 type2=0
t=0.00973459 disrupt1 idr=225086(mr=87.0343) id1=225086(m1=92.5547):id2=104796(m2=0.0882084) (r=0.0347708) typer=4 type1=4 type2=0
t=0.00973482 disrupt1 idr=225086(mr=74.4516) id1=225086(m1=87.0343):id2=7454(m2=0.212274) (r=0.0501204) typer=4 type1=4 type2=0
t=0.0097422 disrupt1 idr=225086(mr=61.8614) id1=225086(m1=74.0427):id2=7788(m2=0.132865) (r=0.0569757) typer=4 type1=4 type2=0
t=0.0097506 disrupt1 idr=225086(mr=37.8442) id1=225086(m1=61.3793):id2=49260(m2=0.185055) (r=0.0439204) typer=4 type1=4 type2=0
t=0.00985188 disrupt2 idr=12700(mr=45.2069) id1=255(m1=0.129186):id2=12700(m2=46.8036) (r=0.24752) typer=2 type1=0 type2=2
t=0.010015 disrupt2 idr=25991(mr=44.8829) id1=142(m1=0.238949):id2=25991(m2=45.743) (r=0.129104) typer=2 type1=0 type2=2
t=0.010029 disrupt1 idr=185677(mr=24.9646) id1=185677(m1=19.7996):id2=204523(m2=5.16505) (r=1.75165) typer=1 type1=1 type2=1
t=0.0100964 disrupt1 idr=39421(mr=26.4529) id1=39421(m1=25.0869):id2=203827(m2=1.36602) (r=0.0837954) typer=1 type1=1 type2=1
t=0.0101034 disrupt2 idr=156600(mr=44.7998) id1=155023(m1=0.0965904):id2=156600(m2=45.1612) (r=0.0215382) typer=2 type1=0 type2=2
t=0.0101213 disrupt2 idr=184514(mr=44.4826) id1=1122(m1=0.10394):id2=184514(m2=44.9646) (r=0.158428) typer=2 type1=0 type2=2
t=0.0101264 disrupt2 idr=176147(mr=44.1314) id1=82382(m1=0.104406):id2=176147(m2=44.8401) (r=0.129047) typer=2 type1=0 type2=2
t=0.0101469 disrupt1 idr=164882(mr=50.1751) id1=164882(m1=41.3152):id2=208903(m2=8.86031) (r=0.0728108) typer=1 type1=1 type2=1
t=0.0102278 disrupt1 idr=252474(mr=17.1381) id1=252474(m1=17.0546):id2=67937(m2=0.0916079) (r=0.0812565) typer=4 type1=7 type2=0
t=0.010392 disrupt1 idr=13642(mr=42.1426) id1=13642(m1=43.0246):id2=30242(m2=0.132004) (r=0.102782) typer=2 type1=2 type2=0
t=0.0104085 disrupt1 idr=128897(mr=42.5709) id1=128897(m1=43.0455):id2=187666(m2=0.133937) (r=0.0442565) typer=2 type1=2 type2=0
t=0.0104181 disrupt1 idr=7823(mr=35.809) id1=7823(m1=35.7073):id2=118359(m2=0.101775) (r=0.0929522) typer=1 type1=1 type2=0
t=0.0106275 disrupt1 idr=37483(mr=41.6143) id1=37483(m1=41.8792):id2=45088(m2=0.12146) (r=0.106951) typer=2 type1=2 type2=0
t=0.0106501 disrupt2 idr=111644(mr=40.7381) id1=48078(m1=0.127406):id2=111644(m2=41.7047) (r=0.169759) typer=2 type1=0 type2=2
t=0.0106567 disrupt2 idr=77606(mr=40.7492) id1=67686(m1=0.165993):id2=77606(m2=41.6793) (r=1.27891) typer=2 type1=0 type2=2
t=0.0106965 disrupt1 idr=44453(mr=40.8259) id1=44453(m1=41.4595):id2=92761(m2=0.189875) (r=0.119629) typer=2 type1=2 type2=0
t=0.0107071 disrupt1 idr=154047(mr=41.3271) id1=154047(m1=41.4):id2=185800(m2=0.246864) (r=0.139923) typer=2 type1=2 type2=0
t=0.0108764 disrupt1 idr=185627(mr=40.0545) id1=185627(m1=40.4708):id2=153787(m2=0.181791) (r=0.138958) typer=2 type1=2 type2=0
t=0.010899 disrupt1 idr=162029(mr=40.5507) id1=162029(m1=40.2276):id2=194320(m2=0.323401) (r=0.652229) typer=1 type1=1 type2=0
t=0.010923 disrupt1 idr=161343(mr=39.2793) id1=161343(m1=40.1908):id2=185530(m2=0.152848) (r=0.185681) typer=2 type1=2 type2=0
t=0.0109537 disrupt2 idr=183715(mr=39.291) id1=32838(m1=0.181902):id2=183715(m2=40.0424) (r=0.0361928) typer=2 type1=0 type2=2
t=0.0109591 disrupt1 idr=54190(mr=36.9847) id1=54190(m1=39.9656):id2=55264(m2=0.1412) (r=0.23605) typer=4 type1=2 type2=0
t=0.0109816 disrupt2 idr=116262(mr=39.3754) id1=67031(m1=0.165329):id2=116262(m2=39.9066) (r=0.0992151) typer=2 type1=0 type2=2
t=0.0110176 disrupt2 idr=157557(mr=39.2243) id1=46423(m1=0.112841):id2=157557(m2=39.7174) (r=0.187157) typer=2 type1=0 type2=2
t=0.011061 disrupt1 idr=62226(mr=38.75) id1=62226(m1=39.4867):id2=171877(m2=0.139449) (r=0.811806) typer=2 type1=2 type2=0
t=0.011074 disruptboth id1=34366(m1=0.299501) id2=261259(m2=9.7292) (r=0.16627) type1=0 type2=8
t=0.0110836 disrupt2 idr=27316(mr=38.7823) id1=6211(m1=0.0884466):id2=27316(m2=39.3646) (r=1.43417) typer=2 type1=0 type2=2
t=0.0111091 disruptboth id1=128735(m1=0.489892) id2=225086(m2=9.68894) (r=0.771108) type1=0 type2=8
t=0.0111534 disrupt1 idr=45741(mr=38.0709) id1=45741(m1=39.011):id2=123520(m2=0.153533) (r=0.10161) typer=2 type1=2 type2=0
t=0.0112164 disrupt1 idr=55710(mr=38.2391) id1=55710(m1=38.7294):id2=94615(m2=0.0976267) (r=0.177372) typer=2 type1=2 type2=0
t=0.0112717 disruptboth id1=282544(m1=6.45154) id2=142444(m2=0.297628) (r=0.459605) type1=8 type2=0
t=0.0112997 disrupt2 idr=144755(mr=37.8252) id1=2482(m1=0.0983711):id2=144755(m2=38.3326) (r=0.191887) typer=2 type1=0 type2=2
t=0.0113831 disrupt1 idr=37829(mr=37.0017) id1=37829(m1=37.9249):id2=100640(m2=0.144492) (r=0.126839) typer=2 type1=2 type2=0
t=0.0113909 disrupt1 idr=65477(mr=37.3385) id1=65477(m1=37.9048):id2=67597(m2=0.110105) (r=0.0622076) typer=2 type1=2 type2=0
t=0.0115985 disrupt1 idr=25648(mr=36.5516) id1=25648(m1=37.0041):id2=44215(m2=0.637292) (r=0.178998) typer=2 type1=2 type2=0
t=0.0116138 disrupt1 idr=141955(mr=36.0573) id1=141955(m1=36.921):id2=173335(m2=0.139507) (r=0.0863669) typer=2 type1=2 type2=0
t=0.0116517 disrupt2 idr=68583(mr=36.4109) id1=50703(m1=0.157259):id2=68583(m2=36.7804) (r=0.26) typer=2 type1=0 type2=2
t=0.0116665 disrupt2 idr=150523(mr=33.2689) id1=46328(m1=0.895747):id2=150523(m2=36.6727) (r=0.0965913) typer=2 type1=1 type2=2
t=0.0117442 disrupt1 idr=185332(mr=15.8126) id1=185332(m1=15.6501):id2=203209(m2=0.162411) (r=0.257667) typer=1 type1=1 type2=0
t=0.0119241 disrupt1 idr=170070(mr=12.2295) id1=170070(m1=12.087):id2=189824(m2=0.148101) (r=0.132695) typer=4 type1=7 type2=0
t=0.0119489 disrupt2 idr=111014(mr=34.5) id1=27971(m1=0.0887427):id2=111014(m2=35.5445) (r=0.578227) typer=2 type1=0 type2=2
t=0.0121401 disrupt2 idr=189256(mr=34.4721) id1=41029(m1=0.0985024):id2=189256(m2=34.8585) (r=0.0614922) typer=2 type1=0 type2=2
t=0.0122271 disrupt1 idr=68671(mr=11.7364) id1=68671(m1=0.137746):id2=78974(m2=11.6062) (r=0.262445) typer=4 type1=0 type2=7
t=0.0122999 disrupt1 idr=191234(mr=34.0898) id1=191234(m1=34.2918):id2=150247(m2=0.111252) (r=0.293695) typer=2 type1=2 type2=0
t=0.0123389 disrupt2 idr=50618(mr=33.136) id1=18988(m1=0.132985):id2=50618(m2=34.1226) (r=0.302291) typer=2 type1=0 type2=2
t=0.012389 disrupt1 idr=36465(mr=33.4344) id1=36465(m1=33.9725):id2=42082(m2=0.137239) (r=0.321531) typer=2 type1=2 type2=0
t=0.0128413 disrupt1 idr=144496(mr=32.2649) id1=144496(m1=32.5219):id2=50621(m2=0.359874) (r=0.120676) typer=2 type1=2 type2=0
t=0.0128545 disrupt1 idr=211242(mr=145.644) id1=211242(m1=149.124):id2=9518(m2=0.278057) (r=0.0440891) typer=4 type1=4 type2=0
t=0.0128552 disruptboth id1=116513(m1=0.165057) id2=270170(m2=10.1746) (r=0.142482) type1=0 type2=8
t=0.0130904 disrupt2 idr=186579(mr=31.1194) id1=33727(m1=0.0966641):id2=186579(m2=31.76) (r=0.129047) typer=2 type1=0 type2=2
t=0.013108 disrupt2 idr=252828(mr=50.4046) id1=48100(m1=0.0922968):id2=252828(m2=50.4919) (r=0.0647999) typer=2 type1=0 type2=2
t=0.013112 disrupt1 idr=90793(mr=31.3559) id1=90793(m1=31.7202):id2=175654(m2=0.110151) (r=0.157098) typer=2 type1=2 type2=0
t=0.0133451 disrupt2 idr=137507(mr=30.5342) id1=78924(m1=0.117207):id2=137507(m2=31.0647) (r=0.0557094) typer=2 type1=0 type2=2
t=0.0133699 disruptboth id1=83883(m1=2.27558) id2=84750(m2=0.23734) (r=0.339261) type1=8 type2=0
t=0.0137593 disrupt1 idr=17420(mr=9.85846) id1=17420(m1=9.76684):id2=34376(m2=0.0966815) (r=0.105074) typer=4 type1=7 type2=0
t=0.0138062 disrupt2 idr=140577(mr=29.3147) id1=5634(m1=0.156389):id2=140577(m2=29.8813) (r=0.103459) typer=2 type1=0 type2=2
t=0.0139444 disruptboth id1=5270(m1=0.177732) id2=5284(m2=7.45035) (r=0.644473) type1=0 type2=8
t=0.0139733 disruptboth id1=23355(m1=6.13957) id2=205885(m2=16.5738) (r=0.490808) type1=8 type2=1
t=0.0141658 disrupt1 idr=139792(mr=28.2003) id1=139792(m1=29.0259):id2=152068(m2=0.17092) (r=0.187308) typer=2 type1=2 type2=0
t=0.0142863 disruptboth id1=2697(m1=1.17255) id2=70798(m2=7.17502) (r=0.143911) type1=1 type2=8
t=0.0143103 disrupt2 idr=109173(mr=28.0718) id1=12086(m1=0.286189):id2=109173(m2=28.718) (r=0.391186) typer=2 type1=0 type2=2
t=0.0143261 disrupt1 idr=211263(mr=211.624) id1=211263(m1=213.102):id2=164265(m2=0.106421) (r=0.0350177) typer=4 type1=4 type2=0
t=0.0144151 disrupt1 idr=67849(mr=28.0743) id1=67849(m1=28.4943):id2=81627(m2=0.12391) (r=0.0361938) typer=2 type1=2 type2=0
t=0.0144463 disrupt1 idr=242906(mr=20.2492) id1=242906(m1=20.0831):id2=42997(m2=0.178367) (r=0.0750795) typer=4 type1=7 type2=0
t=0.0144772 disrupt2 idr=386470(mr=46.8672) id1=112201(m1=0.138996):id2=386470(m2=48.1455) (r=0.105976) typer=2 type1=0 type2=2
t=0.014533 disrupt2 idr=30458(mr=28.0749) id1=20912(m1=0.10725):id2=30458(m2=28.246) (r=0.199602) typer=2 type1=0 type2=2
t=0.0145768 disrupt2 idr=52314(mr=27.5769) id1=35013(m1=0.11515):id2=52314(m2=28.1463) (r=0.125191) typer=2 type1=0 type2=2
t=0.0146295 disrupt1 idr=386470(mr=18.7082) id1=386470(m1=18.6307):id2=63199(m2=0.0946492) (r=0.117395) typer=4 type1=7 type2=0
t=0.0146631 disrupt2 idr=132704(mr=27.199) id1=56604(m1=0.144931):id2=132704(m2=27.9585) (r=0.131551) typer=2 type1=0 type2=2
t=0.0146919 disrupt1 idr=211264(mr=186.406) id1=211264(m1=189.77):id2=3606(m2=0.198652) (r=0.0839221) typer=4 type1=4 type2=0
t=0.014814 disruptboth id1=48637(m1=0.166312) id2=57393(m2=9.387) (r=0.165441) type1=0 type2=8
t=0.0149109 disruptboth id1=223471(m1=36.5347) id2=230901(m2=10.0124) (r=0.107136) type1=1 type2=8
t=0.0149683 disruptboth id1=203219(m1=22.6553) id2=238246(m2=9.29981) (r=0.0566929) type1=1 type2=8
t=0.0150836 disrupt1 idr=153147(mr=27.2117) id1=153147(m1=27.1445):id2=171959(m2=0.251013) (r=0.156644) typer=2 type1=2 type2=0
t=0.0151587 disruptboth id1=42457(m1=0.150166) id2=87366(m2=6.76823) (r=0.266102) type1=0 type2=8
t=0.0151809 disruptboth id1=71669(m1=2.2981) id2=128534(m2=0.14252) (r=0.361239) type1=8 type2=0
t=0.0152104 disrupt2 idr=378635(mr=42.5902) id1=88427(m1=0.106569):id2=378635(m2=43.0832) (r=0.125241) typer=2 type1=0 type2=2
t=0.0152837 disruptboth id1=163384(m1=0.17362) id2=196116(m2=6.88427) (r=0.318211) type1=0 type2=8
t=0.0153946 disruptboth id1=38744(m1=1.99049) id2=60769(m2=0.416255) (r=0.122861) type1=8 type2=0
t=0.0155733 disruptboth id1=140577(m1=2.1457) id2=80524(m2=0.121224) (r=0.389687) type1=8 type2=0
t=0.0156167 disrupt2 idr=257196(mr=43.6293) id1=57590(m1=0.101667):id2=257196(m2=44.4209) (r=0.119142) typer=2 type1=0 type2=2
t=0.0156459 disrupt1 idr=39238(mr=25.0508) id1=39238(m1=26.1247):id2=47384(m2=0.0985225) (r=0.400506) typer=4 type1=2 type2=0
t=0.0156719 disrupt2 idr=225252(mr=57.7494) id1=78138(m1=0.0988377):id2=225252(m2=57.9819) (r=0.0615025) typer=2 type1=0 type2=2
t=0.0157069 disrupt1 idr=6219(mr=24.5952) id1=6219(m1=26.0189):id2=76519(m2=0.13696) (r=0.121626) typer=2 type1=2 type2=0
t=0.0157165 disrupt1 idr=225252(mr=23.1068) id1=225252(m1=22.9546):id2=16017(m2=0.197831) (r=0.155854) typer=4 type1=7 type2=0
t=0.0157334 disrupt1 idr=33543(mr=11.1736) id1=33543(m1=0.0979018):id2=289197(m2=11.0777) (r=0.173905) typer=4 type1=0 type2=7
t=0.0157356 disrupt2 idr=171631(mr=24.7582) id1=95254(m1=0.142599):id2=171631(m2=25.9705) (r=0.49389) typer=2 type1=0 type2=2
t=0.0159531 disrupt2 idr=219920(mr=36.0575) id1=128267(m1=0.229785):id2=219920(m2=36.535) (r=0.0759309) typer=2 type1=0 type2=2
t=0.016002 disrupt1 idr=18064(mr=25.1984) id1=18064(m1=25.5527):id2=115101(m2=0.943654) (r=0.493696) typer=2 type1=2 type2=1
t=0.0160493 disrupt2 idr=238748(mr=38.3063) id1=74813(m1=0.231692):id2=238748(m2=40.3404) (r=0.13818) typer=2 type1=0 type2=2
t=0.0160609 disrupt1 idr=61838(mr=24.9238) id1=61838(m1=25.4513):id2=163434(m2=0.109333) (r=0.177991) typer=2 type1=2 type2=0
t=0.016157 disruptboth id1=139792(m1=1.96307) id2=47597(m2=0.203191) (r=0.438086) type1=8 type2=0
t=0.0164964 disrupt1 idr=9348(mr=27.8791) id1=9348(m1=24.6169):id2=204050(m2=3.26232) (r=0.250859) typer=1 type1=1 type2=1
t=0.0165131 disruptboth id1=203034(m1=29.1445) id2=220719(m2=11.6207) (r=0.157002) type1=1 type2=8
t=0.0168497 disrupt1 idr=75139(mr=23.946) id1=75139(m1=24.2858):id2=137072(m2=0.272216) (r=0.37091) typer=2 type1=2 type2=0
t=0.0170232 disruptboth id1=23305(m1=0.161141) id2=154589(m2=6.03303) (r=0.311463) type1=0 type2=8
t=0.0171622 disrupt1 idr=60209(mr=7.2248) id1=60209(m1=7.11219):id2=115607(m2=0.117144) (r=0.0985188) typer=4 type1=7 type2=0
t=0.0171943 disrupt2 idr=225536(mr=40.4559) id1=115860(m1=0.227787):id2=225536(m2=40.874) (r=0.441202) typer=2 type1=0 type2=2
t=0.017245 disrupt2 idr=217774(mr=46.1072) id1=138101(m1=0.213101):id2=217774(m2=47.7162) (r=0.0918688) typer=2 type1=0 type2=2
t=0.0173316 disrupt2 idr=211943(mr=46.3918) id1=34121(m1=0.107303):id2=211943(m2=47.4095) (r=0.254465) typer=2 type1=0 type2=2
t=0.0174259 disrupt2 idr=241209(mr=41.6996) id1=73376(m1=0.101608):id2=241209(m2=42.3336) (r=0.260952) typer=2 type1=0 type2=2
t=0.0174286 disruptboth id1=231644(m1=1.97501) id2=41911(m2=0.218329) (r=0.449091) type1=8 type2=0
t=0.0174966 disrupt2 idr=273624(mr=46.082) id1=165971(m1=0.12208):id2=273624(m2=46.7458) (r=0.110978) typer=2 type1=0 type2=2
t=0.0175577 disrupt2 idr=234013(mr=43.5035) id1=3007(m1=0.251772):id2=234013(m2=43.5914) (r=0.161952) typer=2 type1=0 type2=2
t=0.017587 disrupt1 idr=234013(mr=18.6124) id1=234013(m1=41.984):id2=142976(m2=0.0945154) (r=0.159218) typer=4 type1=4 type2=0
t=0.0176476 disruptboth id1=219920(m1=2.28227) id2=55443(m2=0.196818) (r=0.596083) type1=8 type2=0
t=0.0176575 disruptboth id1=23097(m1=1.84543) id2=193960(m2=0.333974) (r=0.245386) type1=8 type2=0
t=0.0178271 disrupt2 idr=100809(mr=44.0981) id1=84869(m1=0.204024):id2=100809(m2=44.7221) (r=0.189416) typer=2 type1=0 type2=2
t=0.0180611 disrupt2 idr=324706(mr=43.2446) id1=30113(m1=0.0880808):id2=324706(m2=43.5785) (r=0.29219) typer=2 type1=0 type2=2
t=0.0181272 disrupt2 idr=249479(mr=38.0024) id1=81292(m1=0.159305):id2=249479(m2=38.9072) (r=0.0965983) typer=2 type1=0 type2=2
t=0.0183197 disruptboth id1=55732(m1=1.9341) id2=81576(m2=0.378063) (r=0.750961) type1=8 type2=0
t=0.0183981 disrupt2 idr=96095(mr=21.8361) id1=58444(m1=0.096694):id2=96095(m2=22.3298) (r=0.142134) typer=4 type1=0 type2=4
t=0.0187957 disruptboth id1=239650(m1=43.37) id2=244242(m2=11.4528) (r=0.133208) type1=1 type2=8
t=0.01919 disrupt1 idr=139643(mr=25.0613) id1=139643(m1=20.8578):id2=203090(m2=4.20354) (r=1.4411) typer=1 type1=1 type2=1
t=0.0194666 disrupt2 idr=239650(mr=39.1992) id1=185829(m1=0.343332):id2=239650(m2=40.9504) (r=0.13671) typer=2 type1=0 type2=2
t=0.0194857 disrupt2 idr=227334(mr=38.3641) id1=10209(m1=0.181779):id2=227334(m2=39.259) (r=0.0634558) typer=2 type1=0 type2=2
t=0.0196374 disruptboth id1=124958(m1=0.184877) id2=223471(m2=7.34047) (r=0.381667) type1=0 type2=8
t=0.0198891 disrupt2 idr=150319(mr=20.5889) id1=28573(m1=0.0973987):id2=150319(m2=20.8644) (r=0.430818) typer=2 type1=0 type2=2
t=0.0200299 disrupt2 idr=276912(mr=35.737) id1=104923(m1=0.332932):id2=276912(m2=36.9129) (r=0.223713) typer=2 type1=0 type2=2
t=0.0203018 disrupt1 idr=34929(mr=17.2524) id1=34929(m1=20.432):id2=134230(m2=0.207763) (r=0.339124) typer=4 type1=4 type2=0
t=0.020789 disruptboth id1=69725(m1=0.206299) id2=340832(m2=10.2016) (r=0.223894) type1=0 type2=8
t=0.0211626 disrupt2 idr=218274(mr=32.1496) id1=5112(m1=2.16499):id2=218274(m2=30.7185) (r=0.552276) typer=2 type1=1 type2=2
t=0.0213725 disrupt2 idr=289627(mr=39.2163) id1=175803(m1=0.152537):id2=289627(m2=40.1134) (r=0.126468) typer=2 type1=0 type2=2
t=0.0214835 disruptboth id1=66945(m1=0.0903469) id2=276912(m2=9.92986) (r=0.198002) type1=0 type2=8
t=0.0215544 disrupt2 idr=218460(mr=47.3631) id1=181756(m1=0.197021):id2=218460(m2=48.1505) (r=0.32521) typer=2 type1=0 type2=2
t=0.0215563 disrupt1 idr=218460(mr=45.574) id1=218460(m1=47.3631):id2=61208(m2=0.320666) (r=0.338765) typer=2 type1=2 type2=0
t=0.0216214 disrupt2 idr=214733(mr=44.1674) id1=855(m1=0.365832):id2=214733(m2=45.6924) (r=0.206695) typer=2 type1=0 type2=2
t=0.0216283 disrupt1 idr=31525(mr=1.34253) id1=31525(m1=4.9082):id2=41581(m2=0.1435) (r=0.583489) typer=13 type1=8 type2=0
t=0.0218188 disrupt2 idr=162029(mr=34.2489) id1=30304(m1=0.193742):id2=162029(m2=35.1108) (r=0.0905454) typer=2 type1=0 type2=2
t=0.02182 disrupt2 idr=245202(mr=48.7616) id1=12091(m1=0.246594):id2=245202(m2=50.455) (r=0.0787984) typer=2 type1=0 type2=2
t=0.0218217 disrupt1 idr=196880(mr=22.8061) id1=196880(m1=19.2853):id2=203145(m2=3.96484) (r=3.78525) typer=2 type1=2 type2=1
t=0.0220395 disruptboth id1=75688(m1=0.128896) id2=143717(m2=7.6704) (r=0.477289) type1=0 type2=5
t=0.0223091 disrupt1 idr=132679(mr=18.6441) id1=132679(m1=0.0897239):id2=245273(m2=18.5825) (r=0.147771) typer=4 type1=0 type2=7
t=0.0224665 disruptboth id1=267626(m1=1.82906) id2=201564(m2=20.028) (r=0.211115) type1=5 type2=1
t=0.0225683 disrupt2 idr=272469(mr=25.9069) id1=82410(m1=0.214102):id2=272469(m2=30.7035) (r=0.245062) typer=4 type1=0 type2=2
t=0.0226861 disrupt2 idr=249671(mr=31.979) id1=156677(m1=0.170394):id2=249671(m2=33.868) (r=0.194228) typer=2 type1=0 type2=2
t=0.02299 disrupt2 idr=214175(mr=43.6538) id1=50103(m1=0.103913):id2=214175(m2=44.1028) (r=0.0193663) typer=2 type1=0 type2=2
t=0.0231369 disruptboth id1=234243(m1=6.76113) id2=3060(m2=0.155667) (r=0.254783) type1=8 type2=0
t=0.0233347 disrupt2 idr=227800(mr=37.7364) id1=39535(m1=0.154065):id2=227800(m2=38.6173) (r=0.131758) typer=2 type1=0 type2=2
t=0.0237674 disruptboth id1=241065(m1=2.26526) id2=89043(m2=0.137318) (r=0.495266) type1=8 type2=0
t=0.0241536 disruptboth id1=88115(m1=1.72961) id2=196742(m2=0.222959) (r=0.282826) type1=5 type2=0
t=0.0243805 disruptboth id1=7823(m1=2.04492) id2=55180(m2=0.187315) (r=0.549808) type1=8 type2=0
t=0.0244425 disrupt1 idr=121643(mr=17.8748) id1=121643(m1=13.407):id2=206068(m2=4.46781) (r=1.21659) typer=1 type1=1 type2=1
t=0.0244734 disruptboth id1=144527(m1=1.71044) id2=205928(m2=17.1932) (r=0.198326) type1=5 type2=4
t=0.0245221 disrupt1 idr=111914(mr=20.2319) id1=111914(m1=17.5726):id2=204525(m2=5.33513) (r=0.198035) typer=4 type1=2 type2=1
t=0.0246816 disruptboth id1=7716(m1=0.151125) id2=316218(m2=29.7291) (r=0.181873) type1=0 type2=5
t=0.0247463 disrupt2 idr=234088(mr=42.7509) id1=88047(m1=0.122136):id2=234088(m2=43.5097) (r=0.371345) typer=2 type1=0 type2=2
t=0.0250011 disrupt2 idr=214348(mr=29.8753) id1=86121(m1=0.106936):id2=214348(m2=32.9214) (r=0.361203) typer=4 type1=0 type2=2
t=0.0250456 disrupt2 idr=215743(mr=26.3304) id1=59871(m1=0.135042):id2=215743(m2=27.1057) (r=0.121978) typer=2 type1=0 type2=2
t=0.0253466 disrupt2 idr=268041(mr=26.3988) id1=62570(m1=0.0831808):id2=268041(m2=26.7624) (r=0.210486) typer=2 type1=0 type2=2
t=0.0254885 disrupt2 idr=227323(mr=39.1843) id1=133912(m1=0.152641):id2=227323(m2=39.7263) (r=0.46983) typer=2 type1=0 type2=2
t=0.026088 disrupt1 idr=35168(mr=16.2799) id1=35168(m1=16.0675):id2=201304(m2=0.212559) (r=0.291773) typer=1 type1=1 type2=0
t=0.0270556 disruptboth id1=19306(m1=1.56236) id2=208460(m2=11.2743) (r=0.26916) type1=5 type2=1
t=0.0274706 disruptboth id1=215743(m1=1.90906) id2=43509(m2=0.203811) (r=0.457627) type1=8 type2=0
t=0.0281204 disruptboth id1=188659(m1=0.920124) id2=233402(m2=9.85208) (r=0.496187) type1=1 type2=8
t=0.0285514 disrupt2 idr=230202(mr=38.8662) id1=6432(m1=0.28575):id2=230202(m2=41.1664) (r=0.233339) typer=2 type1=0 type2=2
t=0.0299426 disruptboth id1=51028(m1=1.45733) id2=145598(m2=0.14363) (r=0.265695) type1=5 type2=0
t=0.0300047 disruptboth id1=32027(m1=1.76263) id2=205497(m2=8.79692) (r=0.40587) type1=8 type2=1
t=0.0300348 disrupt1 idr=68484(mr=4.05964) id1=68484(m1=3.94943):id2=130132(m2=0.111187) (r=0.37785) typer=4 type1=7 type2=0
t=0.0305356 disruptboth id1=148951(m1=1.7465) id2=207572(m2=6.13944) (r=0.996554) type1=8 type2=1
t=0.0326621 disrupt1 idr=180743(mr=16.4713) id1=180743(m1=13.792):id2=201315(m2=2.67931) (r=3.09162) typer=1 type1=1 type2=1
t=0.0332091 disrupt1 idr=196887(mr=16.8004) id1=196887(m1=14.1277):id2=201574(m2=3.77622) (r=1.14752) typer=4 type1=2 type2=1
t=0.0333574 disruptboth id1=9348(m1=1.85538) id2=77077(m2=0.110847) (r=0.503579) type1=8 type2=0
t=0.0370083 disruptboth id1=58454(m1=1.5919) id2=204775(m2=8.63776) (r=0.581098) type1=8 type2=1
t=0.037489 disrupt1 idr=62854(mr=12.6579) id1=62854(m1=12.3421):id2=145308(m2=0.315849) (r=0.390784) typer=1 type1=1 type2=0
t=0.0399507 disruptboth id1=2487(m1=1.53963) id2=207192(m2=8.64352) (r=2.8053) type1=8 type2=1
t=0.04024 disruptboth id1=273584(m1=14.3279) id2=320964(m2=9.4014) (r=0.4816) type1=1 type2=5
t=0.0405694 disrupt1 idr=182191(mr=14.5393) id1=182191(m1=12.1809):id2=208210(m2=2.3584) (r=0.781457) typer=1 type1=1 type2=1
t=0.0409622 disruptboth id1=22350(m1=1.20684) id2=207626(m2=10.4037) (r=0.296152) type1=5 type2=1
t=0.0412258 disrupt1 idr=143684(mr=11.6328) id1=143684(m1=11.3244):id2=204650(m2=0.308391) (r=0.624303) typer=1 type1=1 type2=0
t=0.0420332 disruptboth id1=204911(m1=8.37219) id2=219401(m2=4.06542) (r=0.341904) type1=1 type2=8
t=0.0427571 disrupt2 idr=254898(mr=1.3055) id1=59624(m1=0.214039):id2=254898(m2=4.59502) (r=0.598155) typer=13 type1=0 type2=8
t=0.0429879 disrupt2 idr=106065(mr=1.10787) id1=83179(m1=0.118975):id2=106065(m2=2.89658) (r=0.745321) typer=13 type1=0 type2=8
t=0.0462051 disruptboth id1=127179(m1=1.26071) id2=204992(m2=8.06654) (r=0.265744) type1=8 type2=1
t=0.0477678 disruptboth id1=50556(m1=1.26071) id2=200061(m2=9.14327) (r=0.784845) type1=8 type2=1
t=0.0505999 disrupt1 idr=64743(mr=12.6491) id1=64743(m1=10.5983):id2=203391(m2=2.05083) (r=0.68036) typer=1 type1=1 type2=1
t=0.0513333 disrupt1 idr=146494(mr=12.1297) id1=146494(m1=10.0679):id2=203570(m2=2.06182) (r=0.389585) typer=1 type1=1 type2=1
t=0.0517122 disrupt1 idr=109691(mr=18.2727) id1=109691(m1=10.7389):id2=273684(m2=8.6378) (r=0.522387) typer=2 type1=2 type2=1
t=0.0544376 disrupt2 idr=205748(mr=1.26078) id1=147266(m1=1.26078):id2=205748(m2=10.7249) (r=2.61789) typer=13 type1=13 type2=2
t=0.0564666 disrupt1 idr=181599(mr=1.906) id1=181599(m1=1.78976):id2=204447(m2=0.116239) (r=3.36053) typer=1 type1=1 type2=0
t=0.0583615 disruptboth id1=56928(m1=1.10787) id2=152530(m2=0.15189) (r=0.544457) type1=5 type2=0
t=0.0589414 disrupt1 idr=136158(mr=11.8311) id1=136158(m1=9.67007):id2=202867(m2=2.16104) (r=1.18777) typer=1 type1=1 type2=1
t=0.0604912 disrupt1 idr=70274(mr=12.5429) id1=70274(m1=9.8604):id2=208372(m2=3.19842) (r=0.353191) typer=2 type1=2 type2=1
t=0.0618662 disrupt1 idr=91620(mr=12.2455) id1=91620(m1=9.44656):id2=208683(m2=2.79891) (r=0.544559) typer=1 type1=1 type2=1
t=0.0636128 disrupt1 idr=187126(mr=9.57818) id1=187126(m1=8.64265):id2=207983(m2=0.935536) (r=1.43095) typer=1 type1=1 type2=1
t=0.063679 disrupt2 idr=209137(mr=1.26093) id1=51573(m1=1.26093):id2=209137(m2=10.0579) (r=0.610877) typer=13 type1=13 type2=2
t=0.0721145 disrupt2 idr=183766(mr=8.91779) id1=91544(m1=0.387714):id2=183766(m2=9.14258) (r=0.472425) typer=4 type1=0 type2=4
t=0.0728008 disrupt1 idr=190641(mr=8.62584) id1=190641(m1=8.96839):id2=201658(m2=1.01786) (r=0.332534) typer=2 type1=2 type2=1
t=0.0767789 disruptboth id1=78946(m1=1.26071) id2=204842(m2=4.78041) (r=0.486344) type1=9 type2=1
t=0.0788735 disrupt1 idr=20686(mr=8.71851) id1=20686(m1=8.60841):id2=120343(m2=0.211433) (r=1.07705) typer=2 type1=2 type2=0
t=0.0897 disrupt2 idr=209057(mr=7.75466) id1=4493(m1=1.20334):id2=209057(m2=9.07786) (r=13.3806) typer=5 type1=12 type2=2
t=0.0936102 disrupt1 idr=40469(mr=8.17728) id1=40469(m1=7.43876):id2=209389(m2=0.73852) (r=2.04856) typer=1 type1=1 type2=1
t=0.0968687 disrupt2 idr=208687(mr=1.26075) id1=157709(m1=1.26075):id2=208687(m2=8.3208) (r=1.37126) typer=13 type1=13 type2=2
t=0.0993201 disrupt1 idr=108604(mr=8.3747) id1=108604(m1=6.79094):id2=209193(m2=1.58377) (r=1.483) typer=1 type1=1 type2=1
t=0.104131 disrupt1 idr=127146(mr=12.5937) id1=127146(m1=7.51463):id2=206793(m2=5.48568) (r=0.82048) typer=2 type1=2 type2=1
t=0.104256 disrupt1 idr=157614(mr=1.33719) id1=157614(m1=1.33717):id2=207223(m2=1.00426) (r=0.565152) typer=12 type1=12 type2=11
t=0.105453 disrupt1 idr=980(mr=8.86292) id1=980(m1=1.5939):id2=206193(m2=7.40725) (r=0.825032) typer=6 type1=8 type2=1
t=0.108657 disrupt1 idr=139891(mr=8.96373) id1=139891(m1=7.36547):id2=203088(m2=1.81316) (r=0.332167) typer=2 type1=2 type2=1
t=0.109212 disrupt1 idr=168856(mr=8.74795) id1=168856(m1=7.31854):id2=205448(m2=7.30753) (r=0.406479) typer=3 type1=2 type2=1
t=0.112775 disrupt1 idr=8383(mr=7.95648) id1=8383(m1=7.23448):id2=201850(m2=0.810086) (r=1.24169) typer=2 type1=2 type2=1
t=0.116843 disrupt1 idr=191132(mr=3.54316) id1=191132(m1=7.12292):id2=202998(m2=2.15461) (r=0.847472) typer=3 type1=2 type2=1
t=0.122241 disrupt1 idr=6825(mr=7.8233) id1=6825(m1=6.52181):id2=205537(m2=1.30149) (r=0.895027) typer=1 type1=1 type2=1
t=0.135725 disrupt2 idr=204188(mr=5.51916) id1=51230(m1=1.15648):id2=204188(m2=7.27215) (r=0.632277) typer=5 type1=12 type2=2
t=0.137444 disrupt2 idr=205129(mr=5.67213) id1=159407(m1=1.06339):id2=205129(m2=7.25163) (r=0.402925) typer=5 type1=11 type2=2
t=0.145709 disrupt1 idr=3034(mr=7.0455) id1=3034(m1=6.43063):id2=206246(m2=5.83616) (r=0.431144) typer=3 type1=2 type2=1
t=0.146252 disrupt1 idr=117927(mr=7.94761) id1=117927(m1=6.41767):id2=208537(m2=1.67857) (r=1.00243) typer=2 type1=2 type2=1
t=0.14835 disrupt1 idr=13618(mr=6.6908) id1=13618(m1=6.37746):id2=206789(m2=0.421756) (r=0.54276) typer=2 type1=2 type2=0
t=0.153293 disrupt1 idr=34404(mr=6.88236) id1=34404(m1=6.28411):id2=203303(m2=0.730241) (r=0.819778) typer=2 type1=2 type2=1
t=0.154034 disrupt2 idr=200618(mr=7.32579) id1=165960(m1=0.943932):id2=200618(m2=6.90328) (r=1.0088) typer=5 type1=11 type2=2
t=0.154456 disrupt1 idr=162155(mr=6.21362) id1=162155(m1=6.26327):id2=202584(m2=5.04663) (r=0.519473) typer=3 type1=2 type2=1
t=0.156518 disrupt1 idr=152672(mr=4.34391) id1=152672(m1=6.22965):id2=200205(m2=3.18538) (r=0.935428) typer=3 type1=2 type2=1
t=0.157306 disrupt1 idr=132598(mr=1.25523) id1=132598(m1=1.25518):id2=202284(m2=0.807416) (r=0.440503) typer=12 type1=12 type2=11
t=0.159212 disrupt1 idr=35514(mr=6.12321) id1=35514(m1=6.17616):id2=206561(m2=4.9781) (r=0.835926) typer=3 type1=2 type2=1
t=0.164015 disrupt1 idr=110529(mr=1.81092) id1=110529(m1=6.33004):id2=207056(m2=0.185331) (r=0.791333) typer=6 type1=5 type2=0
t=0.164969 disrupt1 idr=10983(mr=6.50809) id1=10983(m1=6.07803):id2=201666(m2=5.38751) (r=0.733604) typer=3 type1=2 type2=1
t=0.169122 disrupt1 idr=186938(mr=6.34213) id1=186938(m1=6.00813):id2=206850(m2=5.23893) (r=0.73146) typer=3 type1=2 type2=1
t=0.170769 disrupt1 idr=84103(mr=5.12737) id1=84103(m1=5.98971):id2=201710(m2=4.02876) (r=0.407574) typer=3 type1=2 type2=1
t=0.17491 disrupt1 idr=188973(mr=4.32624) id1=188973(m1=5.92761):id2=203747(m2=3.24302) (r=0.932555) typer=3 type1=2 type2=1
t=0.178887 disrupt1 idr=186961(mr=6.04289) id1=186961(m1=5.8316):id2=207144(m2=0.211293) (r=2.09083) typer=1 type1=1 type2=0
t=0.17976 disrupt1 idr=109119(mr=7.32625) id1=109119(m1=5.70664):id2=202241(m2=1.61961) (r=0.91925) typer=1 type1=1 type2=1
t=0.180763 disrupt1 idr=84064(mr=5.24628) id1=84064(m1=1.17861):id2=203091(m2=4.14055) (r=1.40839) typer=6 type1=8 type2=1
t=0.182724 disrupt2 idr=201704(mr=6.78794) id1=122970(m1=0.885691):id2=201704(m2=6.3447) (r=0.534376) typer=5 type1=11 type2=2
t=0.187745 disrupt1 idr=110545(mr=4.06251) id1=110545(m1=5.74713):id2=206445(m2=2.99791) (r=0.57398) typer=3 type1=2 type2=1
t=0.189557 disrupt1 idr=114968(mr=6.24378) id1=114968(m1=5.71959):id2=204077(m2=0.651839) (r=2.24356) typer=2 type1=2 type2=0
t=0.19256 disrupt1 idr=28881(mr=4.93405) id1=28881(m1=1.13841):id2=206074(m2=3.86348) (r=0.830425) typer=6 type1=8 type2=1
t=0.198018 disrupt1 idr=109303(mr=6.64938) id1=109303(m1=5.61383):id2=201620(m2=1.24316) (r=1.126) typer=2 type1=2 type2=1
t=0.198757 disrupt1 idr=67422(mr=5.00333) id1=67422(m1=1.11893):id2=205397(m2=3.95525) (r=0.785558) typer=6 type1=8 type2=1
t=0.199728 disrupt1 idr=2305(mr=6.00795) id1=2305(m1=5.59169):id2=202352(m2=4.87367) (r=0.300826) typer=3 type1=2 type2=1
t=0.215014 disrupt1 idr=59895(mr=6.75086) id1=59895(m1=5.20685):id2=324182(m2=1.54402) (r=0.334288) typer=1 type1=1 type2=1
t=0.22119 disrupt1 idr=33666(mr=6.08895) id1=33666(m1=5.34788):id2=201791(m2=0.839312) (r=0.654049) typer=2 type1=2 type2=1
t=0.226323 disrupt1 idr=28519(mr=5.02147) id1=28519(m1=5.30127):id2=207018(m2=3.80934) (r=0.422928) typer=3 type1=2 type2=1
t=0.228304 disrupt1 idr=172204(mr=5.8088) id1=172204(m1=5.1378):id2=204347(m2=0.670997) (r=1.0973) typer=1 type1=1 type2=0
t=0.229003 disrupt1 idr=139216(mr=5.90113) id1=139216(m1=5.18278):id2=206002(m2=0.718344) (r=0.782328) typer=1 type1=1 type2=0
t=0.229576 disrupt2 idr=112683(mr=6.33442) id1=319865(m1=5.41768):id2=112683(m2=1.0323) (r=1.03021) typer=6 type1=1 type2=8
t=0.238368 disrupt1 idr=178855(mr=10.3298) id1=178855(m1=5.16726):id2=206600(m2=5.16289) (r=0.506495) typer=1 type1=1 type2=1
t=0.243942 disrupt1 idr=55816(mr=4.80953) id1=55816(m1=5.13498):id2=202218(m2=2.94436) (r=0.550688) typer=3 type1=2 type2=1
t=0.251157 disrupt1 idr=133924(mr=5.73865) id1=133924(m1=4.99702):id2=202982(m2=0.74179) (r=0.999896) typer=1 type1=1 type2=1
t=0.251157 disrupt1 idr=85480(mr=6.11881) id1=85480(m1=5.03618):id2=206684(m2=1.08283) (r=1.10565) typer=1 type1=1 type2=1
t=0.252369 disrupt1 idr=149220(mr=6.40371) id1=149220(m1=5.05146):id2=205676(m2=4.4387) (r=0.935515) typer=3 type1=2 type2=1
t=0.253741 disrupt1 idr=192855(mr=6.12835) id1=192855(m1=5.04733):id2=201185(m2=1.23142) (r=4.69042) typer=2 type1=2 type2=1
t=0.257222 disrupt1 idr=2029(mr=6.62469) id1=2029(m1=5.03366):id2=205771(m2=4.57685) (r=0.258161) typer=4 type1=2 type2=1
t=0.25938 disrupt1 idr=83991(mr=5.60678) id1=83991(m1=4.99996):id2=204177(m2=0.703499) (r=0.295575) typer=2 type1=1 type2=0
t=0.267492 disrupt1 idr=199055(mr=4.86752) id1=199055(m1=4.93981):id2=204874(m2=2.09333) (r=1.32623) typer=3 type1=2 type2=1
t=0.270209 disrupt1 idr=146099(mr=5.01592) id1=146099(m1=4.9189):id2=209213(m2=3.03475) (r=0.605106) typer=3 type1=2 type2=1
t=0.273145 disrupt1 idr=147524(mr=8.03357) id1=147524(m1=4.8971):id2=208247(m2=4.83613) (r=0.791581) typer=3 type1=2 type2=1
t=0.277242 disrupt1 idr=187362(mr=5.03709) id1=187362(m1=4.82668):id2=202544(m2=0.210408) (r=2.79732) typer=1 type1=1 type2=0
t=0.279687 disrupt1 idr=88843(mr=4.11672) id1=88843(m1=4.85048):id2=201926(m2=0.712064) (r=1.59555) typer=3 type1=3 type2=0
t=0.280379 disrupt1 idr=53200(mr=7.13077) id1=53200(m1=4.83769):id2=202700(m2=2.44316) (r=0.5421) typer=2 type1=2 type2=1
t=0.281804 disrupt1 idr=16582(mr=6.85001) id1=16582(m1=4.83253):id2=209586(m2=4.41967) (r=0.427314) typer=3 type1=2 type2=1
t=0.283145 disrupt1 idr=156245(mr=4.93063) id1=156245(m1=4.82358):id2=209492(m2=0.256275) (r=1.59343) typer=2 type1=2 type2=0
t=0.283912 disrupt1 idr=26473(mr=5.27132) id1=26473(m1=4.81756):id2=203375(m2=3.3136) (r=1.09493) typer=3 type1=2 type2=1
t=0.292976 disrupt1 idr=177860(mr=4.88697) id1=177860(m1=4.75562):id2=209978(m2=1.78408) (r=0.695695) typer=3 type1=2 type2=1
t=0.295503 disrupt1 idr=126263(mr=3.86284) id1=126263(m1=3.43622):id2=203278(m2=0.426617) (r=6.35981) typer=1 type1=1 type2=0
t=0.300078 disrupt1 idr=56904(mr=5.61349) id1=56904(m1=4.70335):id2=207694(m2=0.999746) (r=1.47945) typer=2 type1=2 type2=1
t=0.312002 disrupt1 idr=180915(mr=4.9948) id1=180915(m1=4.37125):id2=207785(m2=0.623558) (r=0.503309) typer=1 type1=1 type2=0
t=0.320275 disrupt1 idr=170332(mr=5.09488) id1=170332(m1=4.13203):id2=208214(m2=0.96285) (r=0.282698) typer=1 type1=1 type2=1
t=0.329608 disrupt1 idr=36783(mr=7.87781) id1=36783(m1=4.53102):id2=200387(m2=3.74519) (r=0.281863) typer=4 type1=2 type2=1
t=0.329608 disrupt1 idr=195295(mr=4.83594) id1=195295(m1=4.52939):id2=201366(m2=0.41387) (r=0.88014) typer=2 type1=1 type2=0
t=0.339717 disrupt2 idr=205975(mr=5.2171) id1=40515(m1=0.901735):id2=205975(m2=4.7357) (r=0.507859) typer=5 type1=11 type2=2
t=0.342204 disrupt1 idr=72662(mr=6.6403) id1=72662(m1=4.45832):id2=202042(m2=2.3876) (r=0.875649) typer=2 type1=2 type2=1
t=0.345056 disrupt1 idr=153986(mr=6.62836) id1=153986(m1=4.44714):id2=208684(m2=4.03424) (r=0.559033) typer=3 type1=2 type2=1
t=0.345356 disrupt1 idr=25970(mr=4.42877) id1=25970(m1=4.31052):id2=207363(m2=0.118244) (r=0.706462) typer=1 type1=1 type2=0
t=0.345495 disrupt1 idr=48574(mr=2.93526) id1=48574(m1=2.70887):id2=203499(m2=0.226388) (r=4.45867) typer=1 type1=1 type2=0
t=0.348876 disrupt1 idr=131471(mr=4.94361) id1=131471(m1=4.42721):id2=206143(m2=2.37554) (r=1.36241) typer=3 type1=2 type2=1
t=0.349429 disrupt1 idr=96867(mr=4.7853) id1=96867(m1=4.42445):id2=201661(m2=1.56848) (r=1.32744) typer=3 type1=2 type2=1
t=0.350941 disrupt2 idr=207754(mr=3.45755) id1=126458(m1=0.801949):id2=207754(m2=7.97797) (r=0.603891) typer=4 type1=7 type2=2
t=0.351713 disrupt1 idr=160961(mr=4.7) id1=160961(m1=4.41115):id2=202190(m2=0.41185) (r=9.60204) typer=2 type1=2 type2=0
t=0.369101 disrupt1 idr=108925(mr=5.53982) id1=108925(m1=4.32646):id2=208726(m2=3.21399) (r=0.679067) typer=3 type1=2 type2=1
t=0.380389 disrupt2 idr=207666(mr=5.02187) id1=151637(m1=0.850335):id2=207666(m2=4.50031) (r=0.658782) typer=5 type1=11 type2=2
t=0.395441 disrupt2 idr=304150(mr=7.02964) id1=84266(m1=0.816618):id2=304150(m2=7.16613) (r=0.270522) typer=5 type1=11 type2=2
t=0.395735 disrupt1 idr=112158(mr=6.4194) id1=112158(m1=4.20721):id2=202121(m2=3.78312) (r=0.245401) typer=3 type1=2 type2=1
t=0.398165 disrupt2 idr=202713(mr=6.65665) id1=84368(m1=0.768203):id2=202713(m2=6.92075) (r=0.845258) typer=5 type1=11 type2=2
t=0.401912 disrupt1 idr=94384(mr=4.52578) id1=94384(m1=4.17522):id2=204080(m2=0.412429) (r=1.22317) typer=2 type1=2 type2=0
t=0.4122 disrupt1 idr=181662(mr=5.14906) id1=181662(m1=4.13875):id2=202830(m2=2.68523) (r=1.96826) typer=3 type1=2 type2=1
t=0.412944 disrupt1 idr=123447(mr=1.26254) id1=123447(m1=1.26254):id2=205502(m2=1.22363) (r=1.04422) typer=13 type1=13 type2=12
t=0.420332 disrupt1 idr=123057(mr=2.78923) id1=123057(m1=4.1148):id2=200408(m2=1.65696) (r=0.877541) typer=4 type1=2 type2=1
t=0.430724 disrupt1 idr=9091(mr=4.92096) id1=9091(m1=4.06334):id2=206406(m2=0.958691) (r=1.98631) typer=2 type1=1 type2=1
t=0.435446 disrupt1 idr=164647(mr=6.61982) id1=164647(m1=3.96393):id2=200831(m2=2.65588) (r=1.04203) typer=1 type1=1 type2=1
t=0.442167 disrupt1 idr=70575(mr=4.25874) id1=70575(m1=4.03051):id2=206530(m2=0.274651) (r=1.39108) typer=4 type1=2 type2=0
t=0.455555 disrupt2 idr=208088(mr=1.9936) id1=13903(m1=0.701044):id2=208088(m2=1.47576) (r=2.67426) typer=8 type1=7 type2=8
t=0.458039 disrupt1 idr=181937(mr=3.88057) id1=181937(m1=3.78074):id2=206190(m2=0.0998283) (r=1.66441) typer=1 type1=1 type2=0
t=0.463163 disrupt2 idr=206466(mr=4.64161) id1=173905(m1=0.857281):id2=206466(m2=4.13007) (r=1.11533) typer=5 type1=11 type2=2
t=0.47747 disrupt1 idr=145976(mr=7.04647) id1=145976(m1=3.90274):id2=206236(m2=3.42201) (r=1.00545) typer=2 type1=2 type2=1
t=0.48316 disrupt1 idr=161227(mr=4.23101) id1=161227(m1=3.88473):id2=200353(m2=0.503435) (r=0.630333) typer=2 type1=2 type2=0
t=0.488664 disrupt2 idr=201529(mr=0.785878) id1=199193(m1=0.765644):id2=201529(m2=0.785695) (r=1.09355) typer=12 type1=11 type2=11
t=0.499154 disrupt1 idr=128467(mr=5.66287) id1=128467(m1=3.83603):id2=208599(m2=3.11501) (r=1.20101) typer=3 type1=2 type2=1
t=0.504831 disrupt1 idr=84345(mr=5.30109) id1=84345(m1=3.819):id2=208849(m2=2.78457) (r=0.772076) typer=3 type1=2 type2=1
t=0.513024 disrupt1 idr=125375(mr=4.04449) id1=125375(m1=3.80516):id2=205338(m2=0.397809) (r=0.366661) typer=4 type1=2 type2=0
t=0.513588 disrupt1 idr=64187(mr=4.20702) id1=64187(m1=3.31574):id2=206133(m2=0.891279) (r=1.10468) typer=1 type1=1 type2=1
t=0.518951 disrupt1 idr=80208(mr=4.7335) id1=80208(m1=3.77757):id2=208989(m2=2.03246) (r=1.3397) typer=3 type1=2 type2=1
t=0.52684 disrupt1 idr=56666(mr=4.24145) id1=56666(m1=3.75397):id2=200140(m2=0.549984) (r=1.44201) typer=2 type1=1 type2=0
t=0.527906 disrupt1 idr=182050(mr=4.7689) id1=182050(m1=3.75259):id2=205525(m2=2.10265) (r=0.427116) typer=3 type1=2 type2=1
t=0.528911 disrupt2 idr=200255(mr=4.42721) id1=20945(m1=0.938884):id2=200255(m2=3.89823) (r=0.408316) typer=5 type1=11 type2=2
t=0.534208 disrupt1 idr=172867(mr=7.05735) id1=172867(m1=3.7308):id2=202593(m2=3.44044) (r=0.997179) typer=2 type1=2 type2=1
t=0.534681 disrupt2 idr=202381(mr=4.40712) id1=80687(m1=0.857138):id2=202381(m2=3.88586) (r=0.974425) typer=5 type1=11 type2=2
t=0.542786 disrupt1 idr=9804(mr=5.11803) id1=9804(m1=3.71241):id2=203740(m2=2.68012) (r=2.30625) typer=3 type1=3 type2=1
t=0.550363 disrupt1 idr=51905(mr=4.74348) id1=51905(m1=3.69192):id2=209697(m2=2.08308) (r=0.617001) typer=3 type1=2 type2=1
t=0.554278 disrupt1 idr=90190(mr=6.42932) id1=90190(m1=3.68661):id2=202082(m2=3.52445) (r=0.424111) typer=3 type1=2 type2=1
t=0.582037 disrupt2 idr=209790(mr=6.10817) id1=126976(m1=0.658195):id2=209790(m2=5.85512) (r=0.884271) typer=4 type1=8 type2=1
t=0.586628 disrupt1 idr=168198(mr=5.3872) id1=168198(m1=3.59925):id2=206400(m2=1.95588) (r=0.530771) typer=2 type1=2 type2=1
t=0.592313 disrupt1 idr=50439(mr=4.38995) id1=50439(m1=3.40743):id2=205658(m2=0.982529) (r=1.0394) typer=1 type1=1 type2=1
t=0.596444 disrupt2 idr=207153(mr=2.94069) id1=27825(m1=0.596383):id2=207153(m2=6.5698) (r=0.396053) typer=4 type1=7 type2=2
t=0.597269 disrupt1 idr=77915(mr=4.7176) id1=77915(m1=3.57632):id2=207059(m2=2.08733) (r=1.09678) typer=3 type1=2 type2=1
t=0.609775 disrupt1 idr=118337(mr=2.93973) id1=118337(m1=2.7481):id2=200702(m2=0.191627) (r=0.632568) typer=1 type1=1 type2=0
t=0.619176 disrupt1 idr=173166(mr=4.60383) id1=173166(m1=3.52674):id2=203373(m2=1.93569) (r=0.430446) typer=3 type1=2 type2=1
t=0.623434 disrupt1 idr=2458(mr=4.11741) id1=2458(m1=3.51746):id2=208108(m2=1.21789) (r=0.303254) typer=3 type1=2 type2=1
t=0.631655 disrupt1 idr=67602(mr=3.85174) id1=67602(m1=3.50226):id2=208471(m2=0.412784) (r=0.566343) typer=3 type1=1 type2=0
t=0.631655 disrupt1 idr=22802(mr=4.06928) id1=22802(m1=3.50284):id2=208462(m2=0.772743) (r=1.29065) typer=3 type1=1 type2=1
t=0.633739 disrupt1 idr=181566(mr=4.26369) id1=181566(m1=3.33441):id2=209519(m2=1.79234) (r=1.47189) typer=3 type1=2 type2=1
t=0.658524 disrupt2 idr=275986(mr=4.49465) id1=59105(m1=0.635285):id2=275986(m2=5.2189) (r=2.42403) typer=5 type1=11 type2=2
t=0.675105 disrupt1 idr=2340(mr=5.53627) id1=2340(m1=3.41348):id2=208567(m2=2.93298) (r=0.6853) typer=3 type1=2 type2=1
t=0.680319 disrupt1 idr=145790(mr=5.54456) id1=145790(m1=3.40403):id2=204849(m2=2.93641) (r=0.62461) typer=3 type1=2 type2=1
t=0.684803 disrupt1 idr=43445(mr=3.71202) id1=43445(m1=3.38893):id2=209972(m2=0.383882) (r=2.57235) typer=2 type1=2 type2=0
t=0.698261 disrupt1 idr=177743(mr=3.64501) id1=177743(m1=3.36682):id2=207166(m2=0.463095) (r=7.97242) typer=2 type1=2 type2=0
t=0.708885 disrupt1 idr=181038(mr=4.45778) id1=181038(m1=3.34786):id2=200450(m2=1.81667) (r=0.754031) typer=3 type1=2 type2=1
t=0.714843 disrupt1 idr=106067(mr=5.19907) id1=106067(m1=3.33376):id2=201709(m2=1.99267) (r=0.354276) typer=2 type1=2 type2=1
t=0.722336 disrupt1 idr=159585(mr=5.23362) id1=159585(m1=3.32379):id2=203306(m2=2.696) (r=0.503898) typer=3 type1=2 type2=1
t=0.732024 disrupt1 idr=133121(mr=4.60884) id1=133121(m1=3.30713):id2=201567(m2=2.05233) (r=1.31323) typer=3 type1=2 type2=1
t=0.734899 disrupt2 idr=204200(mr=1.40178) id1=90455(m1=0.699676):id2=204200(m2=1.03087) (r=0.979105) typer=8 type1=11 type2=8
t=0.747253 disrupt1 idr=122014(mr=3.75706) id1=122014(m1=3.27999):id2=204562(m2=0.576124) (r=1.70695) typer=2 type1=2 type2=0
t=0.748057 disrupt1 idr=59460(mr=4.14573) id1=59460(m1=3.28126):id2=202176(m2=1.63671) (r=0.86663) typer=3 type1=3 type2=1
t=0.753903 disrupt1 idr=49336(mr=4.82323) id1=49336(m1=3.27015):id2=208432(m2=2.31542) (r=1.9512) typer=3 type1=2 type2=1
t=0.76131 disrupt1 idr=112821(mr=4.38761) id1=112821(m1=3.2204):id2=208803(m2=1.82843) (r=0.432175) typer=3 type1=2 type2=1
t=0.770563 disrupt1 idr=85092(mr=2.9486) id1=85092(m1=3.25679):id2=205826(m2=0.0831883) (r=3.87876) typer=4 type1=4 type2=0
t=0.782237 disrupt1 idr=84259(mr=4.72237) id1=84259(m1=3.22229):id2=204853(m2=1.61395) (r=0.816954) typer=2 type1=2 type2=1
t=0.78597 disrupt1 idr=81986(mr=3.96494) id1=81986(m1=3.21692):id2=201523(m2=0.850112) (r=0.778486) typer=2 type1=2 type2=1
t=0.78872 disrupt1 idr=84720(mr=4.90377) id1=84720(m1=3.21427):id2=200005(m2=2.41037) (r=0.784017) typer=3 type1=2 type2=1
t=0.792156 disrupt2 idr=207255(mr=1.48668) id1=191479(m1=0.67561):id2=207255(m2=1.00992) (r=0.583206) typer=8 type1=7 type2=8
t=0.795531 disrupt1 idr=120868(mr=4.44353) id1=120868(m1=3.20404):id2=201659(m2=1.88787) (r=4.38864) typer=3 type1=2 type2=1
t=0.796934 disrupt1 idr=8935(mr=4.24645) id1=8935(m1=3.20194):id2=208633(m2=1.6022) (r=1.06116) typer=3 type1=2 type2=1
t=0.802419 disrupt1 idr=719(mr=4.40453) id1=719(m1=3.1936):id2=205833(m2=1.84085) (r=1.5835) typer=3 type1=2 type2=1
t=0.804657 disrupt1 idr=5645(mr=3.39179) id1=5645(m1=2.85894):id2=207433(m2=0.532855) (r=5.37557) typer=1 type1=1 type2=0
t=0.81244 disrupt1 idr=112254(mr=4.98342) id1=112254(m1=3.17861):id2=205436(m2=2.49137) (r=0.584274) typer=3 type1=2 type2=1
t=0.820388 disrupt1 idr=104710(mr=3.73537) id1=104710(m1=3.16533):id2=208680(m2=0.626663) (r=18.1685) typer=3 type1=1 type2=0
t=0.821744 disrupt2 idr=81869(mr=4.28112) id1=31229(m1=1.6865):id2=81869(m2=3.16249) (r=1.73519) typer=3 type1=1 type2=2
t=0.839824 disrupt1 idr=51749(mr=3.57427) id1=51749(m1=3.13838):id2=206262(m2=0.494121) (r=2.67967) typer=3 type1=2 type2=0
t=0.843142 disrupt1 idr=54250(mr=3.67451) id1=54250(m1=3.13531):id2=208248(m2=0.654538) (r=0.935896) typer=3 type1=2 type2=0
t=0.846158 disrupt2 idr=200171(mr=1.54566) id1=27792(m1=0.654055):id2=200171(m2=0.917245) (r=0.679716) typer=8 type1=7 type2=8
t=0.865882 disrupt1 idr=270992(mr=5.29212) id1=270992(m1=4.42705):id2=205570(m2=1.07917) (r=0.581036) typer=2 type1=2 type2=1
t=0.87167 disrupt1 idr=20925(mr=1.94685) id1=20925(m1=1.81467):id2=206110(m2=0.132189) (r=3.85023) typer=1 type1=1 type2=0
t=0.875041 disrupt1 idr=101008(mr=2.97694) id1=101008(m1=2.44165):id2=200063(m2=0.535292) (r=1.20521) typer=1 type1=1 type2=0
t=0.921816 disrupt1 idr=52282(mr=2.50534) id1=52282(m1=3.03603):id2=209979(m2=0.738517) (r=1.21732) typer=3 type1=3 type2=1
t=0.929264 disrupt1 idr=76709(mr=5.088) id1=76709(m1=3.02179):id2=200047(m2=2.60125) (r=1.35433) typer=3 type1=2 type2=1
t=0.944686 disrupt1 idr=142956(mr=3.47779) id1=142956(m1=3.0026):id2=205107(m2=0.575415) (r=25.5698) typer=2 type1=2 type2=0
t=0.962106 disrupt1 idr=190170(mr=5.08611) id1=190170(m1=2.98612):id2=209479(m2=2.59688) (r=0.8772) typer=3 type1=2 type2=1
t=0.96222 disrupt1 idr=168443(mr=3.48316) id1=168443(m1=2.64263):id2=205324(m2=0.840529) (r=12.0035) typer=1 type1=1 type2=1
t=0.963256 disrupt2 idr=205922(mr=4.81682) id1=175297(m1=0.524802):id2=205922(m2=4.50737) (r=1.29729) typer=4 type1=8 type2=2
t=0.972635 disrupt1 idr=160072(mr=0.746311) id1=160072(m1=0.746068):id2=326096(m2=0.681848) (r=2.67752) typer=12 type1=11 type2=11
t=0.976923 disrupt1 idr=172202(mr=4.5219) id1=172202(m1=2.97066):id2=200577(m2=2.81198) (r=2.63219) typer=3 type1=3 type2=1
t=0.982951 disrupt1 idr=49356(mr=3.02552) id1=49356(m1=2.9648):id2=200287(m2=2.58274) (r=2.03679) typer=3 type1=3 type2=1
t=1.00992 disrupt1 idr=5623(mr=0.714644) id1=5623(m1=0.71437):id2=206177(m2=0.706963) (r=1.77341) typer=12 type1=11 type2=11
t=1.03247 disrupt1 idr=173750(mr=3.17941) id1=173750(m1=2.91242):id2=200667(m2=1.961) (r=0.751658) typer=4 type1=3 type2=1
t=1.03247 disrupt1 idr=63863(mr=3.16868) id1=63863(m1=2.90193):id2=207835(m2=0.304648) (r=3.12919) typer=2 type1=2 type2=0
t=1.03562 disrupt1 idr=30288(mr=4.45733) id1=30288(m1=2.90012):id2=207385(m2=1.67024) (r=0.309233) typer=2 type1=2 type2=1
t=1.03764 disrupt1 idr=179487(mr=5.45086) id1=179487(m1=2.89987):id2=205644(m2=2.84214) (r=0.402608) typer=3 type1=2 type2=1
t=1.04033 disrupt2 idr=206482(mr=2.45169) id1=171591(m1=0.512517):id2=206482(m2=4.27402) (r=1.06416) typer=5 type1=11 type2=2
t=1.05898 disrupt1 idr=289166(mr=4.54429) id1=289166(m1=3.33453):id2=201667(m2=1.87535) (r=0.524251) typer=3 type1=2 type2=1
t=1.06815 disrupt1 idr=169413(mr=1.63097) id1=169413(m1=1.4713):id2=202072(m2=0.159671) (r=0.624433) typer=1 type1=1 type2=0
t=1.07688 disrupt1 idr=121604(mr=2.00511) id1=121604(m1=2.86744):id2=206556(m2=1.05132) (r=1.33007) typer=4 type1=3 type2=1
t=1.08237 disrupt2 idr=212768(mr=4.59647) id1=110726(m1=0.820061):id2=212768(m2=5.08292) (r=0.946219) typer=3 type1=1 type2=3
t=1.10862 disrupt2 idr=349925(mr=1.9198) id1=90774(m1=0.582455):id2=349925(m2=3.22814) (r=3.5128) typer=5 type1=0 type2=5
t=1.11535 disrupt1 idr=129038(mr=4.92094) id1=129038(m1=2.47275):id2=201489(m2=2.44819) (r=0.794371) typer=1 type1=1 type2=1
t=1.12264 disrupt1 idr=159290(mr=4.69295) id1=159290(m1=2.71329):id2=209531(m2=2.46817) (r=1.78502) typer=3 type1=2 type2=1
t=1.13298 disrupt1 idr=5115(mr=4.12784) id1=5115(m1=2.80833):id2=203092(m2=1.79796) (r=0.717196) typer=3 type1=2 type2=1
t=1.14101 disrupt1 idr=7183(mr=3.81511) id1=7183(m1=2.79922):id2=202470(m2=1.37042) (r=0.92618) typer=3 type1=2 type2=1
t=1.16676 disrupt1 idr=143874(mr=3.8131) id1=143874(m1=2.77827):id2=206010(m2=1.37405) (r=1.06346) typer=3 type1=2 type2=1
t=1.19414 disrupt1 idr=111458(mr=3.2747) id1=111458(m1=2.75228):id2=200657(m2=0.638809) (r=0.413059) typer=2 type1=2 type2=0
t=1.19801 disrupt1 idr=148222(mr=4.39584) id1=148222(m1=2.74726):id2=209009(m2=1.7377) (r=0.846187) typer=2 type1=2 type2=1
t=1.19896 disrupt1 idr=56260(mr=3.37263) id1=56260(m1=2.74898):id2=203195(m2=0.962708) (r=0.532112) typer=3 type1=2 type2=1
t=1.20494 disrupt1 idr=107689(mr=4.06176) id1=107689(m1=2.74637):id2=200026(m2=1.79769) (r=1.44525) typer=3 type1=3 type2=1
t=1.22368 disrupt1 idr=139508(mr=3.98379) id1=139508(m1=2.72562):id2=208998(m2=1.33203) (r=0.552481) typer=2 type1=2 type2=1
t=1.23999 disrupt1 idr=36337(mr=4.98813) id1=36337(m1=2.71739):id2=206095(m2=2.59428) (r=0.818467) typer=3 type1=2 type2=1
t=1.24398 disrupt1 idr=26283(mr=3.55946) id1=26283(m1=2.71313):id2=205430(m2=0.936699) (r=5.77557) typer=3 type1=2 type2=1
t=1.25819 disrupt1 idr=138786(mr=3.65736) id1=138786(m1=2.70072):id2=201401(m2=1.27594) (r=0.411677) typer=3 type1=2 type2=1
t=1.26957 disrupt1 idr=45742(mr=3.29516) id1=45742(m1=2.69063):id2=201149(m2=0.918977) (r=2.44056) typer=3 type1=2 type2=1
t=1.27168 disrupt1 idr=90075(mr=3.86578) id1=90075(m1=2.6904):id2=209517(m2=1.50839) (r=52.425) typer=3 type1=2 type2=1
t=1.27452 disrupt1 idr=104425(mr=1.49552) id1=104425(m1=1.36059):id2=206971(m2=0.134929) (r=0.341097) typer=1 type1=1 type2=0
t=1.27726 disrupt1 idr=80719(mr=3.67469) id1=80719(m1=2.69029):id2=209758(m2=2.0233) (r=0.9488) typer=3 type1=3 type2=1
t=1.29468 disrupt1 idr=86369(mr=3.68519) id1=86369(m1=2.67257):id2=203247(m2=1.32318) (r=0.688447) typer=3 type1=2 type2=1
t=1.30922 disrupt1 idr=110951(mr=4.92817) id1=110951(m1=2.6628):id2=200222(m2=2.5609) (r=0.42138) typer=3 type1=3 type2=1
t=1.31006 disrupt1 idr=196142(mr=4.455) id1=196142(m1=2.65967):id2=203327(m2=1.90524) (r=0.980992) typer=2 type1=2 type2=1
t=1.3239 disrupt1 idr=16028(mr=2.65464) id1=16028(m1=2.65373):id2=205533(m2=0.278942) (r=3.22573) typer=3 type1=3 type2=0
t=1.32502 disrupt1 idr=137654(mr=4.31412) id1=137654(m1=2.648):id2=207864(m2=1.76368) (r=0.990214) typer=2 type1=2 type2=1
t=1.33229 disrupt1 idr=50570(mr=4.15737) id1=50570(m1=2.64985):id2=207549(m2=2.45559) (r=0.741803) typer=3 type1=3 type2=1
t=1.33926 disrupt1 idr=167572(mr=4.41834) id1=167572(m1=2.57756):id2=202936(m2=2.21834) (r=0.586927) typer=3 type1=2 type2=1
t=1.33926 disrupt1 idr=197088(mr=3.67513) id1=197088(m1=2.51098):id2=203583(m2=1.5085) (r=1.96414) typer=3 type1=2 type2=1
t=1.34346 disrupt1 idr=156816(mr=3.78374) id1=156816(m1=2.54695):id2=209302(m2=1.57986) (r=0.494132) typer=3 type1=2 type2=1
t=1.34672 disrupt1 idr=180699(mr=3.67308) id1=180699(m1=2.63437):id2=208852(m2=1.33784) (r=0.454971) typer=3 type1=2 type2=1
t=1.36045 disrupt1 idr=148673(mr=2.18429) id1=148673(m1=2.63103):id2=206926(m2=0.162835) (r=1.44074) typer=3 type1=3 type2=0
t=1.37342 disrupt1 idr=149353(mr=3.02548) id1=149353(m1=2.619):id2=201136(m2=0.993824) (r=0.778136) typer=3 type1=3 type2=1
t=1.39391 disrupt1 idr=113535(mr=3.0908) id1=113535(m1=2.45828):id2=208913(m2=0.632526) (r=1.1017) typer=1 type1=1 type2=0
t=1.39951 disrupt1 idr=127415(mr=2.42919) id1=127415(m1=2.60277):id2=209242(m2=0.319413) (r=1.22442) typer=3 type1=3 type2=0
t=1.42607 disrupt2 idr=202500(mr=1.09608) id1=45757(m1=0.466204):id2=202500(m2=0.654424) (r=2.09266) typer=8 type1=11 type2=8
t=1.43363 disrupt1 idr=158772(mr=3.19446) id1=158772(m1=2.4661):id2=203758(m2=0.728364) (r=4.31252) typer=1 type1=1 type2=1
t=1.43922 disrupt2 idr=209739(mr=0.115534) id1=113815(m1=0.693305):id2=209739(m2=0.115534) (r=1.33485) typer=0 type1=0 type2=0
t=1.44535 disrupt1 idr=5149(mr=4.14582) id1=5149(m1=2.56744):id2=207146(m2=1.90867) (r=0.68409) typer=3 type1=2 type2=1
t=1.4518 disrupt1 idr=152669(mr=4.00918) id1=152669(m1=2.56426):id2=208374(m2=1.9148) (r=0.9675) typer=3 type1=2 type2=1
t=1.47374 disrupt1 idr=140377(mr=4.16316) id1=140377(m1=2.54786):id2=201046(m2=1.70512) (r=1.29205) typer=2 type1=2 type2=1
t=1.47506 disrupt2 idr=91349(mr=3.44932) id1=78474(m1=1.93791):id2=91349(m2=2.55359) (r=1.08513) typer=3 type1=1 type2=3
t=1.47732 disrupt1 idr=114153(mr=3.19857) id1=114153(m1=2.5529):id2=200980(m2=1.51647) (r=0.979393) typer=3 type1=3 type2=1
t=1.48049 disrupt1 idr=177826(mr=3.84597) id1=177826(m1=2.53676):id2=201860(m2=1.64409) (r=0.981389) typer=3 type1=2 type2=1
t=1.48233 disrupt1 idr=19591(mr=4.42671) id1=19591(m1=2.54404):id2=208928(m2=2.17579) (r=1.9465) typer=3 type1=2 type2=1
t=1.4836 disrupt1 idr=101330(mr=2.75419) id1=101330(m1=2.54828):id2=200731(m2=1.0976) (r=1.30629) typer=3 type1=3 type2=1
t=1.48391 disrupt1 idr=87748(mr=3.96362) id1=87748(m1=2.4699):id2=206509(m2=1.83164) (r=0.239462) typer=3 type1=2 type2=1
t=1.49369 disrupt1 idr=152604(mr=3.24668) id1=152604(m1=2.47993):id2=202889(m2=0.766746) (r=0.583441) typer=1 type1=1 type2=1
t=1.49727 disrupt1 idr=57301(mr=3.65688) id1=57301(m1=2.49835):id2=201418(m2=1.42358) (r=1.76512) typer=3 type1=2 type2=1
t=1.50343 disrupt1 idr=124021(mr=3.61985) id1=124021(m1=2.52242):id2=209181(m2=1.36442) (r=0.451753) typer=3 type1=2 type2=1
t=1.50917 disrupt1 idr=87795(mr=4.21893) id1=87795(m1=2.52909):id2=205910(m2=1.99667) (r=0.804721) typer=3 type1=2 type2=1
t=1.51977 disrupt1 idr=77905(mr=2.35422) id1=77905(m1=2.2514):id2=208117(m2=0.102824) (r=13.6045) typer=1 type1=1 type2=0
t=1.52356 disrupt1 idr=137073(mr=2.401) id1=137073(m1=2.52379):id2=205200(m2=0.178679) (r=2.28389) typer=3 type1=3 type2=0
t=1.52677 disrupt1 idr=118236(mr=3.6714) id1=118236(m1=2.51893):id2=208488(m2=1.5536) (r=1.67768) typer=3 type1=3 type2=1
t=1.54169 disrupt2 idr=202967(mr=4.47938) id1=19438(m1=0.662896):id2=202967(m2=3.90129) (r=0.591699) typer=4 type1=11 type2=5
t=1.55645 disrupt1 idr=84607(mr=2.96262) id1=84607(m1=2.382):id2=206012(m2=0.580615) (r=1.47972) typer=1 type1=1 type2=0
t=1.57482 disrupt1 idr=167017(mr=3.55473) id1=167017(m1=2.49396):id2=200189(m2=1.80947) (r=0.717083) typer=3 type1=3 type2=1
t=1.58325 disrupt1 idr=113341(mr=4.23772) id1=113341(m1=2.48254):id2=201981(m2=1.8321) (r=0.759933) typer=4 type1=2 type2=1
t=1.58325 disrupt1 idr=127933(mr=2.39875) id1=127933(m1=2.48489):id2=209792(m2=0.706404) (r=1.13287) typer=3 type1=2 type2=0
t=1.59331 disrupt2 idr=208740(mr=3.86158) id1=52482(m1=0.640464):id2=208740(m2=4.18767) (r=1.72393) typer=4 type1=11 type2=5
t=1.60003 disrupt1 idr=193852(mr=3.39021) id1=193852(m1=2.47474):id2=202635(m2=1.17248) (r=33.2647) typer=3 type1=2 type2=1
t=1.63762 disrupt1 idr=128586(mr=3.94128) id1=128586(m1=2.45426):id2=201429(m2=1.76108) (r=0.418253) typer=3 type1=2 type2=1
t=1.64731 disrupt1 idr=16414(mr=4.23609) id1=16414(m1=2.45217):id2=200265(m2=2.1273) (r=0.469709) typer=3 type1=3 type2=1
t=1.65109 disrupt1 idr=163476(mr=3.85589) id1=163476(m1=2.38239):id2=204923(m2=1.76217) (r=1.45711) typer=3 type1=2 type2=1
t=1.65393 disrupt1 idr=146585(mr=3.96522) id1=146585(m1=2.25395):id2=206562(m2=2.06579) (r=1.30249) typer=3 type1=2 type2=1
t=1.65662 disrupt1 idr=182529(mr=2.99732) id1=182529(m1=2.4493):id2=208826(m2=1.13896) (r=0.710973) typer=3 type1=3 type2=1
t=1.65787 disrupt1 idr=130385(mr=2.18012) id1=130385(m1=2.44904):id2=205036(m2=0.478943) (r=1.07802) typer=3 type1=3 type2=0
t=1.65875 disrupt1 idr=76656(mr=3.68929) id1=76656(m1=2.40987):id2=410098(m2=1.54586) (r=2.77228) typer=3 type1=2 type2=1
t=1.68304 disrupt1 idr=34335(mr=4.22328) id1=34335(m1=2.4298):id2=205258(m2=1.8856) (r=1.62716) typer=4 type1=2 type2=1
t=1.70289 disrupt1 idr=13171(mr=3.16471) id1=13171(m1=2.4199):id2=208781(m2=0.989889) (r=0.639492) typer=3 type1=2 type2=1
t=1.72433 disrupt1 idr=155035(mr=3.39484) id1=155035(m1=2.40751):id2=203925(m2=1.22195) (r=2.15368) typer=3 type1=2 type2=1
t=1.72581 disrupt1 idr=175397(mr=3.87451) id1=175397(m1=2.40955):id2=206986(m2=1.77063) (r=0.904974) typer=3 type1=3 type2=1
t=1.7296 disrupt1 idr=111033(mr=3.10258) id1=111033(m1=2.38525):id2=202313(m2=1.07011) (r=0.74154) typer=3 type1=3 type2=1
t=1.74258 disrupt1 idr=98441(mr=3.55323) id1=98441(m1=2.3775):id2=208867(m2=1.40812) (r=1.92702) typer=3 type1=2 type2=1
t=1.75028 disrupt1 idr=187257(mr=3.12766) id1=187257(m1=2.40125):id2=205254(m2=1.49788) (r=0.702197) typer=3 type1=3 type2=1
t=1.75904 disrupt1 idr=152612(mr=2.78787) id1=152612(m1=2.34876):id2=200578(m2=0.439113) (r=6.19312) typer=1 type1=1 type2=0
t=1.76578 disrupt1 idr=6080(mr=4.22605) id1=6080(m1=2.3705):id2=209164(m2=2.08301) (r=0.704096) typer=3 type1=2 type2=1
t=1.77138 disrupt1 idr=134039(mr=3.99845) id1=134039(m1=2.38651):id2=204039(m2=1.85611) (r=0.888231) typer=3 type1=2 type2=1
t=1.79706 disrupt1 idr=155989(mr=2.33986) id1=155989(m1=2.37776):id2=209854(m2=0.106769) (r=0.412323) typer=3 type1=3 type2=0
t=1.81526 disrupt1 idr=321810(mr=1.00978) id1=321810(m1=3.08204):id2=201488(m2=2.00283) (r=0.493677) typer=11 type1=6 type2=1
t=1.81995 disrupt1 idr=21310(mr=2.37279) id1=21310(m1=2.01229):id2=205959(m2=0.360504) (r=0.350951) typer=1 type1=1 type2=0
t=1.82609 disrupt1 idr=175462(mr=3.78644) id1=175462(m1=2.33037):id2=200674(m2=1.69856) (r=1.37532) typer=3 type1=2 type2=1
t=1.82622 disrupt1 idr=28784(mr=3.88337) id1=28784(m1=2.33437):id2=206169(m2=1.7927) (r=1.43652) typer=3 type1=2 type2=1
t=1.83266 disrupt1 idr=176469(mr=3.0436) id1=176469(m1=2.35726):id2=205400(m2=0.945332) (r=4.72003) typer=3 type1=2 type2=1
t=1.83342 disrupt2 idr=208832(mr=0.685205) id1=13478(m1=0.451865):id2=208832(m2=0.684518) (r=0.695591) typer=12 type1=11 type2=11
t=1.85421 disrupt1 idr=12766(mr=3.07771) id1=12766(m1=2.34934):id2=203358(m2=1.04929) (r=2.83616) typer=3 type1=3 type2=1
t=1.85811 disrupt1 idr=169955(mr=4.11544) id1=169955(m1=2.34362):id2=202599(m2=1.83838) (r=2.30284) typer=2 type1=2 type2=1
t=1.86323 disrupt1 idr=194331(mr=2.7464) id1=194331(m1=2.33988):id2=209929(m2=0.446143) (r=11.8898) typer=2 type1=2 type2=0
t=1.87917 disrupt1 idr=17059(mr=2.43414) id1=17059(m1=2.33628):id2=22251(m2=0.195288) (r=1.9712) typer=3 type1=3 type2=0
t=1.90597 disrupt1 idr=11417(mr=2.62261) id1=11417(m1=2.32869):id2=204131(m2=0.648101) (r=1.2604) typer=3 type1=3 type2=0
t=1.9084 disrupt1 idr=26123(mr=3.81761) id1=26123(m1=2.32333):id2=205556(m2=1.72322) (r=1.99014) typer=3 type1=2 type2=1
t=1.93095 disrupt1 idr=192717(mr=3.97385) id1=192717(m1=2.31363):id2=209571(m2=1.88003) (r=3.2125) typer=3 type1=2 type2=1
t=1.94696 disrupt1 idr=99214(mr=2.76275) id1=99214(m1=2.30582):id2=204198(m2=0.50677) (r=0.938789) typer=2 type1=2 type2=0
t=1.95687 disrupt1 idr=83618(mr=4.25505) id1=83618(m1=2.19812):id2=205298(m2=2.25136) (r=0.818898) typer=3 type1=2 type2=1
t=1.97161 disrupt2 idr=205785(mr=4.41392) id1=141105(m1=0.671372):id2=205785(m2=3.92925) (r=3.05095) typer=6 type1=11 type2=5
t=1.9796 disrupt1 idr=157950(mr=2.31915) id1=157950(m1=2.2954):id2=201373(m2=0.0809094) (r=2.25946) typer=3 type1=3 type2=0
t=2.0163 disrupt1 idr=110277(mr=4.41572) id1=110277(m1=2.27685):id2=209814(m2=2.18593) (r=0.798465) typer=4 type1=2 type2=1
t=2.0163 disrupt1 idr=157773(mr=2.55617) id1=157773(m1=2.23562):id2=200656(m2=0.320555) (r=2.12705) typer=1 type1=1 type2=0
t=2.02356 disrupt1 idr=19991(mr=3.09821) id1=19991(m1=2.27335):id2=200685(m2=1.03433) (r=1.68589) typer=3 type1=2 type2=1
t=2.02935 disrupt2 idr=330135(mr=3.63075) id1=207044(m1=0.497953):id2=330135(m2=3.18665) (r=1.01753) typer=2 type1=0 type2=2
t=2.05448 disrupt2 idr=266304(mr=4.32637) id1=200791(m1=2.10521):id2=266304(m2=2.42706) (r=0.478527) typer=3 type1=1 type2=2
t=2.08377 disrupt1 idr=6936(mr=2.85791) id1=6936(m1=2.25196):id2=203765(m2=0.786453) (r=0.230142) typer=3 type1=2 type2=1
t=2.08717 disrupt1 idr=70131(mr=3.63886) id1=70131(m1=2.24455):id2=209804(m2=1.59537) (r=1.99869) typer=3 type1=2 type2=1
t=2.12298 disrupt1 idr=86309(mr=3.31573) id1=86309(m1=2.23159):id2=200670(m2=1.27381) (r=1.62827) typer=3 type1=2 type2=1
t=2.14041 disrupt1 idr=105590(mr=3.19663) id1=105590(m1=2.23354):id2=208723(m2=1.25579) (r=1.39146) typer=3 type1=3 type2=1
t=2.14105 disrupt1 idr=130170(mr=2.52817) id1=130170(m1=2.23516):id2=203798(m2=0.638038) (r=1.61605) typer=3 type1=3 type2=0
t=2.15188 disrupt1 idr=102606(mr=2.37633) id1=102606(m1=2.18318):id2=207982(m2=0.19315) (r=3.07233) typer=1 type1=1 type2=0
t=2.15847 disrupt1 idr=65554(mr=2.19077) id1=65554(m1=2.07165):id2=207718(m2=0.119121) (r=2.25073) typer=1 type1=1 type2=0
t=2.17528 disrupt1 idr=84782(mr=2.67961) id1=84782(m1=2.2188):id2=201114(m2=0.633693) (r=1.23927) typer=3 type1=3 type2=0
t=2.18111 disrupt1 idr=89695(mr=4.27141) id1=89695(m1=2.21662):id2=206208(m2=2.1593) (r=0.568147) typer=3 type1=2 type2=1
t=2.19676 disrupt1 idr=57984(mr=3.70048) id1=57984(m1=2.20835):id2=202068(m2=1.67683) (r=1.80654) typer=3 type1=2 type2=1
t=2.20603 disrupt1 idr=138068(mr=2.69884) id1=138068(m1=2.20441):id2=207846(m2=0.532204) (r=2.74496) typer=2 type1=2 type2=0
t=2.21376 disrupt1 idr=105126(mr=3.92121) id1=105126(m1=2.18804):id2=206174(m2=1.90818) (r=0.326623) typer=3 type1=2 type2=1
t=2.22022 disrupt1 idr=196712(mr=3.69112) id1=196712(m1=2.20215):id2=201042(m2=1.67701) (r=1.3866) typer=3 type1=2 type2=1
t=2.25062 disrupt1 idr=48658(mr=3.32053) id1=48658(m1=2.19616):id2=205279(m2=1.50743) (r=9.7676) typer=3 type1=3 type2=1
t=2.25469 disrupt1 idr=171830(mr=3.41958) id1=171830(m1=2.19026):id2=202255(m2=1.40811) (r=3.50556) typer=3 type1=2 type2=1
t=2.26519 disrupt1 idr=201219(mr=4.83713) id1=201219(m1=4.30527):id2=302380(m2=0.669429) (r=0.963776) typer=4 type1=5 type2=11
t=2.27747 disrupt1 idr=27165(mr=2.22213) id1=27165(m1=2.18311):id2=200137(m2=0.0874275) (r=6.0688) typer=3 type1=3 type2=0
t=2.28603 disrupt2 idr=201909(mr=0.713617) id1=39483(m1=0.659825):id2=201909(m2=0.711522) (r=1.23058) typer=12 type1=11 type2=11
t=2.28749 disrupt1 idr=105901(mr=3.98847) id1=105901(m1=2.17762):id2=206804(m2=1.96048) (r=2.20574) typer=3 type1=2 type2=1
t=2.29663 disrupt1 idr=254856(mr=4.09196) id1=254856(m1=2.30845):id2=208823(m2=1.95328) (r=1.50126) typer=3 type1=2 type2=1
t=2.3082 disrupt1 idr=64285(mr=3.07843) id1=64285(m1=2.17324):id2=200480(m2=1.09732) (r=0.979375) typer=3 type1=2 type2=1
t=2.31214 disrupt1 idr=113023(mr=2.61343) id1=113023(m1=1.96343):id2=202113(m2=0.649995) (r=15.5876) typer=1 type1=1 type2=0
t=2.34118 disrupt1 idr=1590(mr=2.64609) id1=1590(m1=2.16927):id2=226128(m2=1.21489) (r=1.97796) typer=3 type1=3 type2=1
t=2.34721 disrupt1 idr=172864(mr=2.3118) id1=172864(m1=2.16172):id2=205403(m2=0.269597) (r=0.754884) typer=3 type1=3 type2=0
t=2.34721 disrupt1 idr=35435(mr=3.77621) id1=35435(m1=2.15968):id2=202573(m2=1.77936) (r=1.8706) typer=3 type1=2 type2=1
t=2.34839 disrupt1 idr=29927(mr=2.75592) id1=29927(m1=2.11):id2=200277(m2=0.645917) (r=6.81562) typer=1 type1=1 type2=0
t=2.35266 disrupt2 idr=209997(mr=0.643289) id1=106539(m1=0.491997):id2=209997(m2=0.642262) (r=0.363636) typer=12 type1=11 type2=11
t=2.36791 disrupt1 idr=119564(mr=3.56997) id1=119564(m1=2.15128):id2=200203(m2=1.59123) (r=0.765194) typer=3 type1=2 type2=1
t=2.38434 disrupt1 idr=153537(mr=3.4236) id1=153537(m1=2.14794):id2=200625(m2=1.44951) (r=0.211969) typer=3 type1=3 type2=1
t=2.39201 disrupt1 idr=12278(mr=2.6862) id1=12278(m1=2.1453):id2=205793(m2=0.688725) (r=1.52567) typer=3 type1=2 type2=0
t=2.39585 disrupt1 idr=7187(mr=1.18977) id1=7187(m1=2.15338):id2=207323(m2=0.758184) (r=1.26585) typer=3 type1=3 type2=1
t=2.43729 disrupt1 idr=60432(mr=2.29744) id1=60432(m1=1.80501):id2=201424(m2=0.49243) (r=4.57288) typer=1 type1=1 type2=0
t=2.43857 disrupt1 idr=120032(mr=2.85461) id1=120032(m1=2.1309):id2=205064(m2=0.89184) (r=2.31054) typer=3 type1=2 type2=1
t=2.44947 disrupt1 idr=68120(mr=3.63309) id1=68120(m1=2.1359):id2=206054(m2=2.00484) (r=0.777911) typer=3 type1=3 type2=1
t=2.44947 disrupt1 idr=73166(mr=2.0791) id1=73166(m1=1.98548):id2=201426(m2=0.0936268) (r=1.49671) typer=1 type1=1 type2=0
t=2.44985 disrupt2 idr=252571(mr=3.44976) id1=208211(m1=1.85686):id2=252571(m2=2.53829) (r=1.53371) typer=3 type1=1 type2=3
t=2.47363 disrupt1 idr=46400(mr=2.34953) id1=46400(m1=2.00852):id2=208402(m2=0.341006) (r=2.4329) typer=1 type1=1 type2=0
t=2.4953 disrupt1 idr=61923(mr=2.26743) id1=61923(m1=2.11351):id2=80686(m2=0.200771) (r=1.72069) typer=2 type1=2 type2=0
t=2.50355 disrupt1 idr=83243(mr=2.56615) id1=83243(m1=2.11159):id2=209113(m2=0.586908) (r=3.44405) typer=3 type1=2 type2=0
t=2.5057 disrupt1 idr=124426(mr=2.16414) id1=124426(m1=2.11151):id2=202662(m2=0.113195) (r=1.34229) typer=3 type1=3 type2=0
t=2.50739 disrupt1 idr=89400(mr=2.77893) id1=89400(m1=2.1103):id2=202608(m2=0.824859) (r=1.57245) typer=3 type1=2 type2=1
t=2.52314 disrupt1 idr=187215(mr=3.65769) id1=187215(m1=2.10664):id2=202993(m2=1.70569) (r=0.5995) typer=3 type1=2 type2=1
t=2.53324 disrupt1 idr=17502(mr=1.972) id1=17502(m1=2.1117):id2=201822(m2=0.413124) (r=0.236234) typer=3 type1=3 type2=0
t=2.53671 disrupt1 idr=33678(mr=2.79295) id1=33678(m1=2.10739):id2=209774(m2=1.08306) (r=0.786999) typer=3 type1=3 type2=1
t=2.56995 disrupt1 idr=4140(mr=2.84589) id1=4140(m1=2.08919):id2=207644(m2=0.804792) (r=1.97482) typer=2 type1=2 type2=1
t=2.57901 disrupt1 idr=31866(mr=2.14992) id1=31866(m1=2.08943):id2=208469(m2=0.103427) (r=0.811628) typer=2 type1=2 type2=0
t=2.58049 disrupt1 idr=53754(mr=2.5838) id1=53754(m1=2.09758):id2=205547(m2=1.18025) (r=1.55038) typer=3 type1=3 type2=1
t=2.60011 disrupt1 idr=105667(mr=2.24209) id1=105667(m1=2.08274):id2=200858(m2=0.187386) (r=6.04157) typer=2 type1=2 type2=0
t=2.6228 disrupt1 idr=63805(mr=2.1743) id1=63805(m1=2.08778):id2=207102(m2=1.30278) (r=0.950116) typer=3 type1=3 type2=1
t=2.67673 disrupt2 idr=201836(mr=1.26637) id1=60115(m1=0.668669):id2=201836(m2=0.603283) (r=0.427433) typer=8 type1=11 type2=8
t=2.69397 disrupt1 idr=181691(mr=3.67788) id1=181691(m1=2.05751):id2=205711(m2=1.75518) (r=0.768405) typer=3 type1=2 type2=1
t=2.72222 disruptboth id1=1544(m1=2.05044) id2=203697(m2=1.9328) (r=2.3948) type1=2 type2=1
t=2.72536 disrupt1 idr=42176(mr=2.60188) id1=42176(m1=2.05814):id2=202606(m2=1.08286) (r=3.8172) typer=3 type1=3 type2=1
t=2.7591 disrupt1 idr=43934(mr=1.91859) id1=43934(m1=1.76874):id2=205779(m2=0.149853) (r=1.04706) typer=1 type1=1 type2=0
t=2.77236 disrupt1 idr=163259(mr=2.46088) id1=163259(m1=2.03499):id2=209273(m2=0.459365) (r=0.462707) typer=2 type1=2 type2=0
t=2.77746 disrupt1 idr=11231(mr=3.14302) id1=11231(m1=2.03669):id2=202196(m2=1.25016) (r=1.72998) typer=3 type1=2 type2=1
t=2.80699 disrupt1 idr=157088(mr=3.9613) id1=157088(m1=2.02916):id2=205648(m2=1.99984) (r=1.05915) typer=3 type1=2 type2=1
t=2.95613 disrupt1 idr=43829(mr=3.55098) id1=43829(m1=1.99351):id2=208065(m2=1.67524) (r=1.25644) typer=3 type1=2 type2=1
t=2.95914 disrupt1 idr=49866(mr=2.42599) id1=49866(m1=1.90241):id2=206888(m2=0.523587) (r=1.19765) typer=1 type1=1 type2=0
t=2.97103 disrupt1 idr=144671(mr=3.11534) id1=144671(m1=1.99732):id2=203633(m2=1.51221) (r=1.39023) typer=3 type1=3 type2=1
t=2.9732 disrupt1 idr=120181(mr=3.3821) id1=120181(m1=1.99882):id2=206364(m2=1.85814) (r=0.635781) typer=3 type1=3 type2=1
t=2.97814 disrupt1 idr=124795(mr=2.95899) id1=124795(m1=1.9887):id2=204761(m2=1.11052) (r=1.59909) typer=3 type1=2 type2=1
t=3.07106 disrupt1 idr=97097(mr=3.06349) id1=97097(m1=1.96807):id2=204069(m2=1.23714) (r=0.434521) typer=3 type1=3 type2=1
t=3.085 disrupt1 idr=152990(mr=2.87882) id1=152990(m1=1.96723):id2=204952(m2=1.09348) (r=0.767513) typer=3 type1=3 type2=1
t=3.09859 disrupt1 idr=55304(mr=2.36501) id1=55304(m1=1.96176):id2=207299(m2=0.510957) (r=2.06333) typer=3 type1=2 type2=0
t=3.12171 disrupt1 idr=272591(mr=2.93095) id1=272591(m1=2.27325):id2=200231(m2=0.898512) (r=1.66868) typer=3 type1=3 type2=1
t=3.12453 disrupt1 idr=97066(mr=2.45028) id1=97066(m1=1.95709):id2=209543(m2=0.621354) (r=3.18415) typer=3 type1=3 type2=0
t=3.14622 disrupt1 idr=9211(mr=3.13331) id1=9211(m1=1.95097):id2=205606(m2=1.30875) (r=1.0578) typer=3 type1=2 type2=1
t=3.15376 disrupt2 idr=77643(mr=1.81917) id1=55506(m1=0.16653):id2=77643(m2=1.96098) (r=1.53936) typer=3 type1=0 type2=3
t=3.16483 disrupt1 idr=6549(mr=2.11212) id1=6549(m1=1.94543):id2=201584(m2=0.19011) (r=0.878604) typer=2 type1=2 type2=0
t=3.19603 disrupt1 idr=319425(mr=3.50379) id1=319425(m1=2.34205):id2=200825(m2=1.36774) (r=0.520115) typer=3 type1=2 type2=1
t=3.21683 disrupt1 idr=129818(mr=3.31381) id1=129818(m1=1.93596):id2=209550(m2=1.49757) (r=0.955151) typer=3 type1=2 type2=1
t=3.23675 disrupt2 idr=319841(mr=3.71288) id1=88452(m1=0.401889):id2=319841(m2=3.40204) (r=0.957802) typer=4 type1=0 type2=2
t=3.26759 disrupt1 idr=173764(mr=3.49495) id1=173764(m1=1.92631):id2=206096(m2=1.67308) (r=0.0661389) typer=3 type1=2 type2=1
t=3.27016 disrupt1 idr=195334(mr=2.25425) id1=195334(m1=1.92495):id2=208233(m2=0.392844) (r=0.89346) typer=2 type1=2 type2=0
t=3.29674 disrupt1 idr=181702(mr=3.16576) id1=181702(m1=1.91877):id2=202585(m2=1.36718) (r=0.468381) typer=3 type1=2 type2=1
t=3.31837 disrupt1 idr=112343(mr=2.38133) id1=112343(m1=1.91587):id2=207714(m2=0.571344) (r=0.487802) typer=3 type1=2 type2=0
t=3.33509 disrupt1 idr=245086(mr=1.00535) id1=245086(m1=2.26949):id2=206198(m2=0.824794) (r=3.08983) typer=11 type1=6 type2=1
t=3.36802 disrupt1 idr=42515(mr=2.10137) id1=42515(m1=1.90609):id2=202655(m2=0.244601) (r=2.40807) typer=2 type1=2 type2=0
t=3.38354 disrupt1 idr=4336(mr=1.96929) id1=4336(m1=1.91073):id2=204489(m2=0.168733) (r=2.20529) typer=3 type1=3 type2=0
t=3.40163 disrupt1 idr=102918(mr=3.4287) id1=102918(m1=1.90122):id2=202260(m2=1.6395) (r=0.234012) typer=3 type1=3 type2=1
t=3.42447 disrupt1 idr=155983(mr=2.99509) id1=155983(m1=1.89893):id2=209119(m2=1.25912) (r=11.9355) typer=3 type1=3 type2=1
t=3.42625 disrupt1 idr=90262(mr=1.95912) id1=90262(m1=1.89693):id2=207557(m2=0.11115) (r=1.53496) typer=3 type1=3 type2=0
t=3.4286 disrupt1 idr=84631(mr=2.91335) id1=84631(m1=1.89478):id2=205422(m2=1.14651) (r=2.22974) typer=3 type1=2 type2=1
t=3.43757 disrupt1 idr=56110(mr=2.466) id1=56110(m1=1.88129):id2=200777(m2=0.584711) (r=1.22877) typer=1 type1=1 type2=0
t=3.55106 disrupt1 idr=39199(mr=3.31258) id1=39199(m1=1.87312):id2=207345(m2=1.55155) (r=0.649152) typer=3 type1=3 type2=1
t=3.57515 disrupt1 idr=300243(mr=2.34352) id1=300243(m1=2.05772):id2=205605(m2=0.350839) (r=1.23111) typer=3 type1=2 type2=0
t=3.57668 disrupt1 idr=183531(mr=2.07253) id1=183531(m1=1.86701):id2=207017(m2=0.248944) (r=2.08985) typer=2 type1=2 type2=0
t=3.61044 disrupt1 idr=19026(mr=2.74861) id1=19026(m1=1.86189):id2=200011(m2=1.0158) (r=7.51712) typer=3 type1=3 type2=1
t=3.62318 disrupt1 idr=154418(mr=2.83151) id1=154418(m1=1.85958):id2=206472(m2=1.09706) (r=1.71661) typer=3 type1=2 type2=1
t=3.63354 disrupt1 idr=78532(mr=2.99678) id1=78532(m1=1.85787):id2=205363(m2=1.25485) (r=1.58152) typer=3 type1=2 type2=1
t=3.65829 disrupt1 idr=157101(mr=2.22659) id1=157101(m1=1.85012):id2=208755(m2=0.405211) (r=4.05203) typer=2 type1=2 type2=0
t=3.7005 disrupt1 idr=189095(mr=2.01907) id1=189095(m1=1.8456):id2=209135(m2=0.211877) (r=0.694971) typer=2 type1=2 type2=0
t=3.70578 disrupt1 idr=64581(mr=3.36728) id1=64581(m1=1.84575):id2=208927(m2=1.61451) (r=0.534114) typer=3 type1=2 type2=1
t=3.73533 disrupt1 idr=126163(mr=2.4211) id1=126163(m1=1.84075):id2=209628(m2=0.685595) (r=2.87263) typer=3 type1=2 type2=0
t=3.76448 disrupt1 idr=24044(mr=1.96191) id1=24044(m1=1.84907):id2=201649(m2=0.857127) (r=2.7865) typer=3 type1=3 type2=1
t=3.79296 disrupt1 idr=133554(mr=1.94205) id1=133554(m1=1.84346):id2=206532(m2=0.467755) (r=4.19695) typer=3 type1=3 type2=0
t=3.80968 disrupt1 idr=38789(mr=3.42954) id1=38789(m1=1.8396):id2=206996(m2=1.81741) (r=1.82295) typer=3 type1=3 type2=1
t=3.81518 disrupt1 idr=33218(mr=3.15914) id1=33218(m1=1.83011):id2=207655(m2=1.45568) (r=5.39896) typer=3 type1=3 type2=1
t=3.81663 disrupt1 idr=126572(mr=2.15399) id1=126572(m1=1.71482):id2=201837(m2=0.43917) (r=2.6907) typer=1 type1=1 type2=0
t=3.84997 disrupt1 idr=87167(mr=3.54873) id1=87167(m1=1.82218):id2=206541(m2=1.78347) (r=0.833316) typer=3 type1=2 type2=1
t=3.86284 disrupt1 idr=142700(mr=3.05193) id1=142700(m1=1.81997):id2=203976(m2=1.33888) (r=0.816954) typer=3 type1=2 type2=1
t=3.86284 disrupt2 idr=328809(mr=3.33842) id1=202065(m1=1.33874):id2=328809(m2=2.15063) (r=1.61165) typer=3 type1=1 type2=2
t=3.87439 disrupt1 idr=182318(mr=1.84232) id1=182318(m1=1.83193):id2=200455(m2=0.767856) (r=0.896897) typer=3 type1=3 type2=1
t=3.89104 disrupt1 idr=42582(mr=3.13055) id1=42582(m1=1.81422):id2=208218(m2=1.42102) (r=0.929225) typer=3 type1=2 type2=1
t=3.91179 disrupt1 idr=101304(mr=2.45109) id1=101304(m1=1.81117):id2=202426(m2=0.711898) (r=3.59881) typer=2 type1=2 type2=0
t=3.91307 disrupt1 idr=283(mr=2.42429) id1=283(m1=1.81419):id2=207671(m2=0.734078) (r=1.01935) typer=3 type1=3 type2=1
t=3.92452 disrupt1 idr=153816(mr=2.17862) id1=153816(m1=1.82348):id2=200570(m2=0.967086) (r=2.24728) typer=3 type1=3 type2=1
t=3.93052 disrupt1 idr=175031(mr=3.51369) id1=175031(m1=1.80962):id2=209937(m2=1.76261) (r=1.5941) typer=3 type1=2 type2=1
t=3.93653 disrupt1 idr=73724(mr=2.32986) id1=73724(m1=1.80846):id2=208073(m2=0.620854) (r=1.54207) typer=3 type1=2 type2=0
t=4.04923 disrupt1 idr=180007(mr=2.12168) id1=180007(m1=1.79041):id2=204716(m2=0.386661) (r=2.33855) typer=2 type1=2 type2=0
t=4.07498 disrupt1 idr=84630(mr=2.0532) id1=84630(m1=1.78666):id2=205530(m2=0.316448) (r=1.03102) typer=2 type1=2 type2=0
t=4.10344 disrupt2 idr=323835(mr=3.67833) id1=200441(m1=1.4193):id2=323835(m2=2.70447) (r=1.14111) typer=3 type1=1 type2=3
t=4.14544 disrupt1 idr=182903(mr=2.86343) id1=182903(m1=1.77769):id2=202797(m2=1.19751) (r=0.626595) typer=3 type1=2 type2=1
t=4.19446 disrupt1 idr=62340(mr=2.15503) id1=62340(m1=1.781):id2=209901(m2=0.631348) (r=0.949546) typer=3 type1=3 type2=0
t=4.20472 disrupt2 idr=388344(mr=1.76462) id1=127129(m1=0.11273):id2=388344(m2=1.969) (r=0.407705) typer=3 type1=0 type2=3
t=4.20548 disrupt1 idr=154329(mr=3.15353) id1=154329(m1=1.76895):id2=201817(m2=1.47833) (r=0.868699) typer=3 type1=2 type2=1
t=4.25486 disrupt2 idr=398812(mr=2.27529) id1=177434(m1=0.323601):id2=398812(m2=2.07167) (r=0.81069) typer=3 type1=7 type2=2
t=4.35569 disrupt1 idr=43107(mr=2.68381) id1=43107(m1=1.75451):id2=201286(m2=1.11066) (r=1.41893) typer=3 type1=3 type2=1
t=4.38875 disrupt1 idr=11772(mr=2.38652) id1=11772(m1=1.74402):id2=209768(m2=0.744319) (r=0.759162) typer=3 type1=2 type2=1
t=4.43636 disrupt1 idr=114005(mr=2.10012) id1=114005(m1=1.73227):id2=207477(m2=0.394149) (r=0.919696) typer=2 type1=2 type2=0
t=4.45981 disrupt1 idr=74275(mr=2.72118) id1=74275(m1=1.73481):id2=207802(m2=1.09923) (r=0.794467) typer=3 type1=2 type2=1
t=4.46912 disrupt1 idr=179613(mr=3.22183) id1=179613(m1=1.73365):id2=206710(m2=1.56431) (r=2.30926) typer=3 type1=2 type2=1
t=4.5781 disrupt1 idr=36756(mr=2.76817) id1=36756(m1=1.7355):id2=203728(m2=1.6187) (r=0.916311) typer=3 type1=3 type2=1
t=4.58722 disrupt1 idr=132415(mr=2.54823) id1=132415(m1=1.73462):id2=205814(m2=1.5351) (r=1.12712) typer=3 type1=3 type2=1
t=4.58889 disrupt1 idr=73461(mr=2.15123) id1=73461(m1=1.73473):id2=204272(m2=1.57849) (r=0.944829) typer=3 type1=3 type2=1
t=4.63952 disrupt1 idr=15028(mr=3.12599) id1=15028(m1=1.71226):id2=208280(m2=1.49589) (r=16.11) typer=3 type1=2 type2=1
t=4.67664 disrupt1 idr=166527(mr=1.95628) id1=166527(m1=1.71767):id2=203283(m2=0.416139) (r=1.90448) typer=3 type1=3 type2=0
t=4.75269 disrupt1 idr=136589(mr=3.17765) id1=136589(m1=1.6987):id2=201976(m2=1.55033) (r=0.710458) typer=3 type1=2 type2=1
t=4.75954 disrupt2 idr=209262(mr=0.117194) id1=120521(m1=0.483457):id2=209262(m2=0.117194) (r=0.357186) typer=0 type1=0 type2=0
t=4.76433 disrupt1 idr=198585(mr=2.97568) id1=198585(m1=1.69734):id2=206498(m2=1.37019) (r=1.21106) typer=3 type1=2 type2=1
t=4.78966 disrupt1 idr=113998(mr=1.91775) id1=113998(m1=1.68955):id2=205924(m2=0.250172) (r=40.4497) typer=2 type1=2 type2=0
t=4.84413 disrupt1 idr=298302(mr=2.03957) id1=298302(m1=1.89566):id2=200007(m2=0.946735) (r=0.59535) typer=3 type1=3 type2=1
t=4.88705 disrupt1 idr=3365(mr=1.7609) id1=3365(m1=1.69612):id2=208694(m2=0.223285) (r=1.86405) typer=3 type1=3 type2=0
t=4.92187 disrupt1 idr=5485(mr=1.69203) id1=5485(m1=1.61141):id2=202637(m2=0.0806126) (r=4.81004) typer=1 type1=1 type2=0
t=4.93639 disrupt1 idr=43801(mr=2.37554) id1=43801(m1=1.678):id2=209537(m2=0.800701) (r=7.6893) typer=3 type1=3 type2=1
t=5.02671 disrupt1 idr=47287(mr=2.03953) id1=47287(m1=1.67777):id2=202787(m2=0.55014) (r=1.21623) typer=3 type1=3 type2=0
t=5.02671 disrupt1 idr=10387(mr=2.30877) id1=10387(m1=1.67446):id2=208654(m2=0.794637) (r=1.29977) typer=3 type1=3 type2=1
t=5.04378 disrupt1 idr=69312(mr=1.93956) id1=69312(m1=1.66492):id2=200044(m2=0.326822) (r=0.481491) typer=2 type1=2 type2=0
t=5.05263 disrupt1 idr=149162(mr=3.14843) id1=149162(m1=1.66499):id2=209255(m2=1.54794) (r=1.05232) typer=3 type1=2 type2=1
t=5.0664 disrupt1 idr=100174(mr=3.25549) id1=100174(m1=1.66347):id2=204633(m2=1.63949) (r=1.07329) typer=3 type1=2 type2=1
t=5.07374 disrupt1 idr=132556(mr=2.02057) id1=132556(m1=1.56726):id2=201770(m2=0.453311) (r=0.512423) typer=1 type1=1 type2=0
t=5.07601 disrupt1 idr=168599(mr=1.86223) id1=168599(m1=1.67375):id2=207753(m2=0.36566) (r=2.47333) typer=3 type1=3 type2=0
t=5.09268 disrupt1 idr=98585(mr=2.91693) id1=98585(m1=1.66081):id2=201141(m2=1.34511) (r=0.355634) typer=3 type1=2 type2=1
t=5.09451 disrupt1 idr=101900(mr=2.95894) id1=101900(m1=1.67292):id2=208269(m2=1.51827) (r=0.361263) typer=3 type1=3 type2=1
t=5.09905 disrupt1 idr=119955(mr=2.95963) id1=119955(m1=1.66006):id2=206092(m2=1.3855) (r=0.734745) typer=3 type1=2 type2=1
t=5.10346 disrupt1 idr=37797(mr=2.3764) id1=37797(m1=1.65961):id2=201494(m2=0.817935) (r=0.532979) typer=3 type1=2 type2=1
t=5.16111 disrupt1 idr=32278(mr=2.39149) id1=32278(m1=1.65343):id2=204897(m2=0.840463) (r=0.627005) typer=3 type1=2 type2=1
t=5.16962 disrupt1 idr=118937(mr=2.68838) id1=118937(m1=1.65959):id2=206944(m2=1.19458) (r=4.2) typer=3 type1=3 type2=1
t=5.17775 disrupt1 idr=43814(mr=2.1519) id1=43814(m1=1.65268):id2=207218(m2=0.590872) (r=3.57916) typer=3 type1=3 type2=0
t=5.19365 disrupt1 idr=34954(mr=2.92684) id1=34954(m1=1.6501):id2=205893(m2=1.3629) (r=1.65468) typer=3 type1=2 type2=1
t=5.22996 disrupt1 idr=46210(mr=2.1934) id1=46210(m1=1.64742):id2=202454(m2=0.641037) (r=1.5895) typer=3 type1=3 type2=0
t=5.26161 disrupt1 idr=14286(mr=2.21925) id1=14286(m1=1.64417):id2=205372(m2=0.671309) (r=1.21299) typer=3 type1=3 type2=0
t=5.2947 disrupt1 idr=108428(mr=1.7496) id1=108428(m1=1.64073):id2=206286(m2=0.152242) (r=2.32742) typer=3 type1=3 type2=0
t=5.40268 disrupt1 idr=34344(mr=2.3714) id1=34344(m1=1.64257):id2=207833(m2=1.07231) (r=0.476346) typer=3 type1=3 type2=1
t=5.44058 disrupt1 idr=2497(mr=2.42771) id1=2497(m1=1.62531):id2=208667(m2=0.906634) (r=3.06514) typer=3 type1=2 type2=1
t=5.49154 disrupt1 idr=26135(mr=2.54495) id1=26135(m1=1.63822):id2=203541(m2=1.57364) (r=0.815487) typer=3 type1=3 type2=1
t=5.49154 disrupt1 idr=92696(mr=2.68641) id1=92696(m1=1.62047):id2=209372(m2=1.16416) (r=4.02908) typer=3 type1=2 type2=1
t=5.50122 disrupt1 idr=150802(mr=1.9499) id1=150802(m1=1.61948):id2=204527(m2=0.40533) (r=0.461268) typer=3 type1=2 type2=0
t=5.51333 disrupt1 idr=84454(mr=2.41902) id1=84454(m1=1.62546):id2=208678(m2=0.963552) (r=1.00408) typer=3 type1=3 type2=1
t=5.52418 disrupt2 idr=326694(mr=2.35744) id1=202096(m1=1.21717):id2=326694(m2=2.07052) (r=0.455689) typer=3 type1=1 type2=3
t=5.5372 disrupt1 idr=6817(mr=2.64761) id1=6817(m1=1.62593):id2=209170(m2=1.22086) (r=0.494574) typer=3 type1=3 type2=1
t=5.56461 disrupt2 idr=316154(mr=3.67632) id1=91256(m1=1.59518):id2=316154(m2=2.64289) (r=0.254458) typer=3 type1=1 type2=3
t=5.58467 disrupt1 idr=109005(mr=1.69677) id1=109005(m1=1.60505):id2=200317(m2=0.105239) (r=6.44527) typer=2 type1=2 type2=0
t=5.59228 disrupt1 idr=11831(mr=1.85405) id1=11831(m1=1.62794):id2=207957(m2=1.54129) (r=1.2444) typer=3 type1=3 type2=1
t=5.60462 disrupt1 idr=81521(mr=2.09942) id1=81521(m1=1.60993):id2=202558(m2=0.574874) (r=0.46725) typer=3 type1=3 type2=0
t=5.68124 disrupt1 idr=148139(mr=2.7395) id1=148139(m1=1.60894):id2=209497(m2=1.2664) (r=4.26852) typer=3 type1=3 type2=1
t=5.73262 disrupt2 idr=84146(mr=3.12873) id1=238468(m1=1.60541):id2=84146(m2=1.59805) (r=0.764706) typer=3 type1=1 type2=2
t=5.74897 disrupt1 idr=69967(mr=2.8368) id1=69967(m1=1.59659):id2=203651(m2=1.32325) (r=0.856696) typer=3 type1=2 type2=1
t=5.76035 disrupt1 idr=59135(mr=2.77836) id1=59135(m1=1.59559):id2=205672(m2=1.27023) (r=2.751) typer=3 type1=2 type2=1
t=5.76831 disrupt1 idr=117315(mr=1.92934) id1=117315(m1=1.59488):id2=208997(m2=0.408429) (r=0.830426) typer=3 type1=2 type2=0
t=5.76912 disrupt1 idr=296678(mr=2.0094) id1=296678(m1=1.67024):id2=203297(m2=0.550934) (r=1.7284) typer=3 type1=3 type2=0
t=5.88537 disrupt1 idr=147140(mr=2.36712) id1=147140(m1=1.58465):id2=202634(m2=0.882605) (r=0.629531) typer=3 type1=2 type2=1
t=5.89126 disrupt1 idr=1455(mr=1.95744) id1=1455(m1=1.58735):id2=203874(m2=0.46351) (r=3.54911) typer=3 type1=3 type2=0
t=5.95345 disrupt1 idr=46630(mr=2.14057) id1=46630(m1=1.51041):id2=141623(m2=0.63017) (r=1.71708) typer=6 type1=1 type2=11
t=5.96266 disrupt1 idr=155950(mr=2.44421) id1=155950(m1=1.57798):id2=200515(m2=0.968552) (r=0.894533) typer=3 type1=2 type2=1
t=5.96503 disrupt1 idr=184341(mr=2.50737) id1=184341(m1=1.57775):id2=207896(m2=1.03144) (r=1.4317) typer=3 type1=2 type2=1
t=6.01655 disrupt2 idr=276215(mr=2.1983) id1=114773(m1=0.466109):id2=276215(m2=2.11945) (r=0.341505) typer=3 type1=0 type2=3
t=6.07754 disrupt1 idr=143239(mr=2.04528) id1=143239(m1=1.56837):id2=202074(m2=0.558661) (r=0.561031) typer=3 type1=2 type2=0
t=6.14228 disrupt1 idr=34461(mr=1.62232) id1=34461(m1=1.56681):id2=52712(m2=0.0841815) (r=3.13077) typer=3 type1=3 type2=0
t=6.22611 disrupt1 idr=141998(mr=1.77308) id1=141998(m1=1.55386):id2=205416(m2=0.25612) (r=1.23128) typer=2 type1=2 type2=0
t=6.22839 disrupt2 idr=205490(mr=0.0939423) id1=183974(m1=0.507817):id2=205490(m2=0.0939423) (r=2.0285) typer=0 type1=0 type2=0
t=6.22988 disrupt1 idr=167294(mr=2.97145) id1=167294(m1=1.55596):id2=209343(m2=1.473) (r=0.612717) typer=3 type1=2 type2=1
t=6.23879 disrupt2 idr=122886(mr=1.62008) id1=19327(m1=0.092546):id2=122886(m2=1.55581) (r=1.58121) typer=3 type1=0 type2=3
t=6.27167 disrupt1 idr=298133(mr=1.63614) id1=298133(m1=1.58336):id2=204733(m2=0.408917) (r=5.37032) typer=3 type1=3 type2=0
t=6.36433 disrupt1 idr=58438(mr=2.19063) id1=58438(m1=1.55969):id2=202849(m2=0.945976) (r=8.01735) typer=3 type1=3 type2=1
t=6.40421 disrupt1 idr=142415(mr=2.81064) id1=142415(m1=1.54237):id2=203243(m2=1.34282) (r=0.524846) typer=3 type1=2 type2=1
t=6.45335 disrupt1 idr=62170(mr=1.98701) id1=62170(m1=1.53862):id2=204630(m2=0.527481) (r=0.783842) typer=3 type1=2 type2=0
t=6.52124 disrupt1 idr=81261(mr=2.25827) id1=81261(m1=1.54231):id2=208626(m2=0.888528) (r=0.392637) typer=3 type1=3 type2=1
t=6.57115 disrupt1 idr=150536(mr=2.57355) id1=150536(m1=1.52978):id2=202185(m2=1.13599) (r=0.588162) typer=3 type1=2 type2=1
t=6.59058 disrupt1 idr=160792(mr=2.17973) id1=160792(m1=1.52836):id2=203093(m2=0.738947) (r=5.22873) typer=3 type1=2 type2=1
t=6.60301 disrupt1 idr=55159(mr=1.61286) id1=55159(m1=1.52542):id2=200979(m2=0.112606) (r=7.49988) typer=2 type1=2 type2=0
t=6.6631 disrupt1 idr=163681(mr=2.09802) id1=163681(m1=1.52305):id2=203526(m2=0.658095) (r=3.13222) typer=3 type1=2 type2=0
t=6.68332 disrupt1 idr=125274(mr=2.77443) id1=125274(m1=1.5216):id2=206846(m2=1.32648) (r=0.281746) typer=3 type1=2 type2=1
t=6.70426 disrupt1 idr=9780(mr=1.73911) id1=9780(m1=1.51858):id2=201980(m2=0.264239) (r=0.482472) typer=2 type1=2 type2=0
t=6.74716 disrupt1 idr=79577(mr=2.04485) id1=79577(m1=1.51701):id2=206893(m2=0.608821) (r=1.19053) typer=3 type1=2 type2=0
t=6.75725 disrupt1 idr=1255(mr=2.74456) id1=1255(m1=1.51623):id2=206051(m2=1.30388) (r=0.513106) typer=3 type1=2 type2=1
t=6.77654 disrupt1 idr=148693(mr=2.5318) id1=148693(m1=1.53036):id2=209954(m2=1.29189) (r=0.511836) typer=3 type1=3 type2=1
t=6.82472 disrupt2 idr=236451(mr=2.42954) id1=43274(m1=0.323147):id2=236451(m2=2.19975) (r=0.197445) typer=4 type1=0 type2=4
t=6.82762 disrupt2 idr=219952(mr=1.84002) id1=179305(m1=0.167081):id2=219952(m2=2.29777) (r=2.44548) typer=3 type1=0 type2=3
t=6.86155 disrupt1 idr=327561(mr=3.27191) id1=327561(m1=1.87014):id2=208905(m2=1.47283) (r=0.71237) typer=3 type1=2 type2=1
t=6.94881 disrupt1 idr=144487(mr=1.9265) id1=144487(m1=1.50313):id2=201773(m2=0.500228) (r=2.1839) typer=3 type1=3 type2=0
t=6.94922 disrupt1 idr=30759(mr=2.8802) id1=30759(m1=1.51293):id2=206592(m2=1.47404) (r=0.361715) typer=3 type1=3 type2=1
t=6.95811 disrupt1 idr=70906(mr=1.82478) id1=70906(m1=1.50236):id2=208350(m2=0.390879) (r=1.60352) typer=3 type1=3 type2=0
t=7.07789 disrupt1 idr=189238(mr=1.64414) id1=189238(m1=1.40043):id2=205334(m2=0.243712) (r=0.796406) typer=1 type1=1 type2=0
t=7.10673 disrupt1 idr=123168(mr=2.4488) id1=123168(m1=1.50807):id2=200911(m2=1.23993) (r=0.583266) typer=3 type1=3 type2=1
t=7.11879 disrupt1 idr=24731(mr=1.75477) id1=24731(m1=1.49969):id2=207695(m2=0.358178) (r=0.0792174) typer=3 type1=3 type2=0
t=7.12003 disrupt1 idr=217733(mr=1.26181) id1=217733(m1=1.02165):id2=154048(m2=1.26181) (r=0.23581) typer=13 type1=6 type2=13
t=7.14499 disrupt1 idr=39159(mr=0.931736) id1=39159(m1=0.812501):id2=186094(m2=0.119235) (r=0.0921312) typer=1 type1=1 type2=0
t=7.19841 disrupt1 idr=197070(mr=2.40743) id1=197070(m1=1.48638):id2=207168(m2=1.01634) (r=2.24841) typer=3 type1=2 type2=1
t=7.20545 disrupt1 idr=196880(mr=14.6184) id1=196880(m1=7.39299):id2=393892(m2=7.96498) (r=0.0548797) typer=14 type1=14 type2=14
t=7.22454 disrupt1 idr=227323(mr=14.3987) id1=227323(m1=7.68039):id2=248005(m2=7.44832) (r=0.1074) typer=14 type1=14 type2=14
t=7.24764 disrupt1 idr=125335(mr=16.7905) id1=125335(m1=7.58773):id2=237077(m2=10.0255) (r=0.00955972) typer=14 type1=14 type2=14
t=7.25505 disrupt1 idr=99537(mr=15.0467) id1=99537(m1=7.78646):id2=260283(m2=8.02308) (r=0.171011) typer=14 type1=14 type2=14
t=7.25543 disrupt1 idr=152125(mr=14.9753) id1=152125(m1=7.88095):id2=185079(m2=7.85385) (r=0.014565) typer=14 type1=14 type2=14
t=7.28214 disrupt1 idr=11526(mr=2.10793) id1=11526(m1=1.48256):id2=203703(m2=0.716152) (r=4.01312) typer=3 type1=3 type2=0
t=7.28287 disrupt1 idr=308561(mr=1.86497) id1=308561(m1=1.6113):id2=203516(m2=0.253665) (r=0.121907) typer=1 type1=1 type2=0
t=7.28693 disrupt1 idr=216219(mr=14.6767) id1=216219(m1=7.61672):id2=271856(m2=7.80418) (r=0.038953) typer=14 type1=14 type2=14
t=7.30109 disrupt1 idr=212776(mr=21.2163) id1=212776(m1=7.79926):id2=223965(m2=14.5783) (r=0.111332) typer=14 type1=14 type2=14
t=7.31535 disrupt1 idr=274872(mr=1.6118) id1=274872(m1=1.55562):id2=205943(m2=0.868053) (r=0.0933095) typer=3 type1=3 type2=1
t=7.35012 disrupt1 idr=184947(mr=14.85) id1=184947(m1=8.07768):id2=274738(m2=7.52375) (r=0.0194726) typer=14 type1=14 type2=14
t=7.3594 disrupt1 idr=57260(mr=1.55272) id1=57260(m1=1.26444):id2=204342(m2=0.288279) (r=3.23284) typer=1 type1=1 type2=0
t=7.36326 disrupt1 idr=164353(mr=1.55844) id1=164353(m1=1.47182):id2=200180(m2=0.106858) (r=1.72849) typer=2 type1=2 type2=0
t=7.42203 disruptboth id1=215686(m1=1.26071) id2=264298(m2=3.42707) (r=0.0092665) type1=8 type2=1
t=7.44939 disrupt2 idr=210780(mr=10.5068) id1=117997(m1=1.48531):id2=210780(m2=9.52175) (r=0.00283113) typer=3 type1=3 type2=2
t=7.44947 disrupt1 idr=214665(mr=6.20216) id1=214665(m1=6.78449):id2=170562(m2=1.0676) (r=0.00238856) typer=4 type1=4 type2=1
t=7.45618 disrupt1 idr=152463(mr=2.76394) id1=152463(m1=1.47009):id2=208810(m2=1.35685) (r=0.0403785) typer=3 type1=2 type2=1
t=7.48129 disrupt1 idr=260645(mr=2.33668) id1=260645(m1=2.26825):id2=80677(m2=1.11413) (r=0.0123204) typer=6 type1=6 type2=1
t=7.4822 disrupt1 idr=232770(mr=15.5438) id1=232770(m1=15.454):id2=160876(m2=1.00601) (r=0.00418159) typer=5 type1=5 type2=1
t=7.49377 disrupt1 idr=211764(mr=5.37983) id1=211764(m1=7.1078):id2=146781(m2=1.27221) (r=0.0109765) typer=4 type1=4 type2=12
t=7.4954 disrupt1 idr=235604(mr=4.67423) id1=235604(m1=2.16391):id2=270387(m2=2.51517) (r=0.0143561) typer=6 type1=6 type2=1
t=7.49604 disrupt2 idr=225581(mr=3.17969) id1=151725(m1=0.864104):id2=225581(m2=2.41698) (r=0.166252) typer=3 type1=1 type2=3
t=7.49771 disrupt1 idr=211785(mr=22.6888) id1=211785(m1=23.6052):id2=59559(m2=0.536897) (r=0.00306128) typer=4 type1=4 type2=0
t=7.4978 disrupt1 idr=211789(mr=19.8651) id1=211789(m1=20.7374):id2=14288(m2=1.32524) (r=0.00991058) typer=4 type1=4 type2=1
t=7.51963 disrupt1 idr=213191(mr=18.2398) id1=213191(m1=17.5317):id2=112034(m2=1.15269) (r=0.00755261) typer=4 type1=4 type2=1
t=7.5203 disrupt1 idr=213196(mr=18.834) id1=213196(m1=18.7234):id2=129002(m2=1.46466) (r=0.00541714) typer=4 type1=4 type2=2
t=7.52049 disrupt1 idr=213200(mr=12.4226) id1=213200(m1=17.7492):id2=286420(m2=2.48293) (r=0.00331347) typer=4 type1=4 type2=4
t=7.52069 disrupt1 idr=213205(mr=17.9689) id1=213205(m1=19.1797):id2=162722(m2=1.45733) (r=0.0106108) typer=4 type1=4 type2=2
t=7.52359 disrupt1 idr=213208(mr=1.14648) id1=213208(m1=3.83532):id2=332299(m2=1.30608) (r=0.0323745) typer=13 type1=8 type2=1
t=7.59451 disrupt2 idr=112589(mr=11.8031) id1=227989(m1=10.6848):id2=112589(m2=1.39168) (r=0.00310576) typer=4 type1=4 type2=5
t=7.59895 disrupt2 idr=297288(mr=3.68226) id1=125570(m1=0.63578):id2=297288(m2=3.04693) (r=0.0148699) typer=5 type1=11 type2=6
t=7.6207 disrupt2 idr=217453(mr=4.33904) id1=141779(m1=1.01762):id2=217453(m2=6.10393) (r=0.00456016) typer=6 type1=1 type2=6
t=7.65389 disrupt1 idr=233433(mr=8.66034) id1=233433(m1=6.97332):id2=236367(m2=1.72128) (r=0.0020355) typer=3 type1=3 type2=1
t=7.6787 disrupt1 idr=220831(mr=7.52091) id1=220831(m1=7.77037):id2=87759(m2=1.31571) (r=0.0117761) typer=4 type1=4 type2=12
t=7.6812 disrupt1 idr=220834(mr=10.8007) id1=220834(m1=9.73726):id2=232601(m2=2.98227) (r=0.017839) typer=4 type1=4 type2=1
t=7.86056 disrupt1 idr=210891(mr=13.0293) id1=210891(m1=15.5554):id2=307185(m2=1.88635) (r=0.00620629) typer=4 type1=4 type2=1
t=7.86486 disrupt1 idr=210904(mr=1.10787) id1=210904(m1=3.61396):id2=253836(m2=2.9891) (r=0.0377228) typer=13 type1=8 type2=1
t=7.93809 disrupt1 idr=210011(mr=11.1421) id1=210011(m1=20.8576):id2=46199(m2=0.915824) (r=0.0178778) typer=6 type1=6 type2=1
t=7.93896 disrupt1 idr=210012(mr=11.5958) id1=210012(m1=11.1197):id2=127705(m2=1.42807) (r=0.00798945) typer=5 type1=6 type2=2
t=7.93949 disrupt1 idr=210012(mr=11.326) id1=210012(m1=11.5926):id2=168686(m2=1.39848) (r=0.0054731) typer=5 type1=5 type2=1
t=7.9422 disrupt1 idr=210016(mr=11.1875) id1=210016(m1=15.2293):id2=9469(m2=1.18967) (r=0.0146509) typer=4 type1=5 type2=12
t=7.94262 disrupt1 idr=210016(mr=1.10787) id1=210016(m1=2.52505):id2=219094(m2=1.48226) (r=0.00996156) typer=13 type1=8 type2=1
t=7.99857 disrupt1 idr=210256(mr=18.0109) id1=210256(m1=20.2716):id2=116790(m2=0.874166) (r=0.0134885) typer=4 type1=4 type2=1
t=7.99876 disrupt1 idr=210258(mr=12.5666) id1=210258(m1=19.9128):id2=260503(m2=2.18899) (r=0.0144099) typer=4 type1=4 type2=3
t=7.99899 disruptboth id1=242353(m1=1.04869) id2=107785(m2=1.2135) (r=0.0689429) type1=6 type2=1
t=8.05267 disrupt1 idr=230908(mr=9.99258) id1=230908(m1=8.72876):id2=101647(m2=1.27205) (r=0.00318352) typer=3 type1=3 type2=1
t=8.13756 disrupt2 idr=276028(mr=2.30518) id1=201753(m1=0.283988):id2=276028(m2=2.12675) (r=0.0248943) typer=3 type1=0 type2=3
t=8.16731 disrupt1 idr=345823(mr=3.64932) id1=345823(m1=2.64321):id2=93250(m2=1.00611) (r=0.0247696) typer=1 type1=1 type2=1
t=8.20953 disruptboth id1=219173(m1=2.06685) id2=155283(m2=1.01868) (r=0.0457982) type1=7 type2=11
t=8.36593 disrupt1 idr=213322(mr=11.5123) id1=213322(m1=13.2153):id2=9999(m2=1.17103) (r=0.00825811) typer=4 type1=4 type2=1
t=8.36746 disrupt1 idr=213292(mr=13.618) id1=213292(m1=14.6374):id2=138574(m2=1.04804) (r=0.0119344) typer=4 type1=4 type2=1
t=8.47641 disrupt1 idr=220393(mr=1.38317) id1=220393(m1=1.43106):id2=207251(m2=0.105159) (r=0.0347425) typer=6 type1=6 type2=0
t=8.4882 disrupt1 idr=224644(mr=9.40666) id1=224644(m1=8.32868):id2=36719(m2=1.30613) (r=0.0112811) typer=4 type1=4 type2=1
t=8.51724 disrupt1 idr=215449(mr=11.9371) id1=215449(m1=10.5883):id2=135106(m2=1.37176) (r=0.00596227) typer=4 type1=4 type2=1
t=8.52744 disrupt1 idr=211906(mr=24.239) id1=211906(m1=22.0723):id2=217830(m2=3.03587) (r=0.000341429) typer=4 type1=4 type2=4
t=8.52979 disrupt1 idr=211918(mr=21.7664) id1=211918(m1=22.7876):id2=143005(m2=1.14122) (r=0.0122924) typer=4 type1=4 type2=1
t=8.52996 disrupt1 idr=211920(mr=18.0298) id1=211920(m1=20.2382):id2=268707(m2=1.37258) (r=0.00536352) typer=4 type1=4 type2=1
t=8.53277 disruptboth id1=211930(m1=1.38661) id2=276029(m2=3.3186) (r=0.035791) type1=5 type2=4
t=8.57472 disrupt2 idr=205139(mr=0.136077) id1=72743(m1=0.464107):id2=205139(m2=0.136076) (r=0.926122) typer=0 type1=0 type2=0
t=8.6438 disrupt1 idr=308359(mr=2.19494) id1=308359(m1=1.90848):id2=208461(m2=0.486865) (r=0.0639034) typer=3 type1=3 type2=0
t=8.69299 disruptboth id1=17041(m1=0.769974) id2=212527(m2=22.2396) (r=0.0257098) type1=11 type2=5
t=8.77971 disrupt2 idr=252441(mr=2.29205) id1=102232(m1=1.402):id2=252441(m2=1.67036) (r=0.068925) typer=4 type1=3 type2=5
t=8.87435 disrupt1 idr=210148(mr=5.02135) id1=210148(m1=3.65128):id2=264004(m2=1.44607) (r=0.0376319) typer=3 type1=3 type2=1
t=8.88719 disrupt1 idr=230535(mr=10.1626) id1=230535(m1=9.08723):id2=36147(m2=1.26932) (r=0.0176726) typer=4 type1=4 type2=1
t=8.88911 disrupt1 idr=230535(mr=11.3872) id1=230535(m1=10.1526):id2=39638(m2=1.37726) (r=0.0450127) typer=4 type1=4 type2=2
t=8.89466 disruptboth id1=230537(m1=1.10787) id2=276089(m2=2.67465) (r=0.0287056) type1=5 type2=1
t=8.90708 disrupt2 idr=281368(mr=3.60938) id1=12018(m1=1.37725):id2=281368(m2=2.48539) (r=0.0522779) typer=4 type1=2 type2=5
t=8.96823 disruptboth id1=143895(m1=0.614867) id2=211013(m2=4.76493) (r=0.0754757) type1=0 type2=8
t=9.10607 disrupt2 idr=218119(mr=17.6551) id1=215079(m1=2.10852):id2=218119(m2=15.5874) (r=0.0141033) typer=5 type1=1 type2=5
t=9.16128 disrupt1 idr=293469(mr=2.56341) id1=293469(m1=2.21371):id2=270569(m2=2.03666) (r=0.0189564) typer=5 type1=6 type2=2
t=9.25458 disrupt1 idr=211990(mr=19.4636) id1=211990(m1=20.4642):id2=92699(m2=1.25355) (r=0.00867237) typer=4 type1=4 type2=12
t=9.25575 disrupt1 idr=211995(mr=4.74943) id1=211995(m1=4.71218):id2=77168(m2=0.194184) (r=0.00659674) typer=7 type1=7 type2=10
t=9.42762 disrupt1 idr=275189(mr=2.54472) id1=275189(m1=2.04859):id2=72653(m2=0.573978) (r=0.0160964) typer=6 type1=6 type2=0
t=9.43842 disruptboth id1=210130(m1=1.10787) id2=123581(m2=1.11124) (r=0.0165308) type1=5 type2=1
t=9.74195 disrupt1 idr=212770(mr=25.4582) id1=212770(m1=26.0503):id2=18719(m2=1.35145) (r=0.0426715) typer=4 type1=5 type2=12
t=9.74228 disruptboth id1=195058(m1=1.37125) id2=212770(m2=25.2111) (r=0.0560257) type1=3 type2=5
t=10.273 disrupt2 idr=312581(mr=2.03724) id1=19765(m1=0.514734):id2=312581(m2=1.61638) (r=0.0280493) typer=3 type1=0 type2=3
t=10.4284 disrupt2 idr=216442(mr=3.10408) id1=19163(m1=1.04387):id2=216442(m2=13.5199) (r=0.0103072) typer=6 type1=1 type2=5
t=10.4338 disrupt1 idr=216592(mr=2.21666) id1=216592(m1=0.327359):id2=224659(m2=2.21622) (r=0.0820647) typer=13 type1=7 type2=13
t=10.5411 disrupt2 idr=174666(mr=2.28319) id1=75897(m1=1.24218):id2=174666(m2=1.34063) (r=0.039856) typer=3 type1=1 type2=3
t=10.5551 disruptboth id1=31849(m1=1.37234) id2=238542(m2=2.99616) (r=0.0303033) type1=12 type2=8
t=10.8307 disrupt2 idr=208506(mr=0.267292) id1=159971(m1=0.276768):id2=208506(m2=0.267292) (r=3.44084) typer=0 type1=0 type2=0
t=11.187 disrupt2 idr=234685(mr=10.7593) id1=40528(m1=0.681803):id2=234685(m2=10.3742) (r=0.0363344) typer=4 type1=0 type2=4
t=11.1918 disrupt2 idr=234690(mr=6.01752) id1=155301(m1=0.865817):id2=234690(m2=15.0873) (r=0.032441) typer=5 type1=1 type2=5
t=11.317 disruptboth id1=212192(m1=1.10787) id2=185452(m2=1.21651) (r=0.00863104) type1=5 type2=4
t=11.4434 disrupt2 idr=222293(mr=8.42508) id1=17328(m1=1.29244):id2=222293(m2=9.93209) (r=0.014664) typer=5 type1=3 type2=6
t=11.4451 disrupt1 idr=222295(mr=1.10787) id1=222295(m1=2.48623):id2=13736(m2=0.930147) (r=0.0394573) typer=13 type1=8 type2=1
t=11.6558 disruptboth id1=114434(m1=0.827497) id2=215484(m2=10.216) (r=0.0291332) type1=11 type2=5
t=12.7087 disrupt2 idr=210003(mr=1.10787) id1=44794(m1=1.19886):id2=210003(m2=3.3791) (r=0.0573345) typer=13 type1=1 type2=8
t=13.1725 disrupt2 idr=210004(mr=3.56558) id1=7592(m1=0.341577):id2=210004(m2=3.54101) (r=0.0349067) typer=7 type1=10 type2=8
t=13.2806 disruptboth id1=241022(m1=1.10787) id2=361643(m2=1.25543) (r=0.015045) type1=5 type2=12
t=13.366 disrupt2 idr=201883(mr=0.42004) id1=165639(m1=0.577435):id2=201883(m2=0.42004) (r=0.267371) typer=0 type1=0 type2=0
t=14.0642 disrupt2 idr=235732(mr=6.10404) id1=2730(m1=1.08749):id2=235732(m2=11.5566) (r=0.0724859) typer=6 type1=1 type2=6
t=14.3741 disrupt2 idr=204531(mr=0.141394) id1=199799(m1=0.343609):id2=204531(m2=0.141394) (r=13.4382) typer=0 type1=0 type2=0
t=14.4798 disrupt1 idr=265832(mr=4.22046) id1=265832(m1=4.88379):id2=153626(m2=1.13391) (r=0.0379072) typer=4 type1=4 type2=1
t=15.496 disrupt2 idr=200622(mr=0.10984) id1=43086(m1=0.300899):id2=200622(m2=0.10984) (r=11.4203) typer=0 type1=0 type2=0
