# time interaction_type id_merger(mass_merger) id1(m1):id2(m2):id3(m3):... (r) type_merger type1 ...
t=0.0001642 binary-single idm=2012286(mm=106.074) id1=846909(m1=0.086633):id2=332286(m2=105.988) (r=0.429002) typem=1 type1=0 type2=1 
t=0.000268898 binary-single idm=2409952(mm=10.0162) id1=729952(m1=0.483632):id2=1663312(m2=9.53256) (r=0.863331) typem=1 type1=0 type2=1 
t=0.000287357 single-single idm=1741874(mm=91.6472) id1=762753(m1=0.219001):id2=61874(m2=91.4282) (r=0.170483) typem=1 type1=0 type2=1 b[RSUN]=293.898 vinf[km/s]=49.1652
t=0.000295615 binary-single idm=1750094(mm=105.763) id1=70093(m1=0.277563):id2=2012286(m2=105.486) (r=0.297655) typem=1 type1=0 type2=1 
t=0.000313886 binary-single idm=1685343(mm=106.235) id1=5343(m1=0.896126):id2=10657(m2=105.339) (r=0.0652282) typem=1 type1=1 type2=1 
t=0.000354081 binary-single idm=1979748(mm=68.5205) id1=299748(m1=0.105949):id2=780145(m2=68.4146) (r=0.445783) typem=1 type1=0 type2=1 
t=0.000421344 single-single idm=2159886(mm=93.6759) id1=623145(m1=93.5532):id2=479886(m2=0.12273) (r=0.37618) typem=1 type1=1 type2=0 b[RSUN]=562.361 vinf[km/s]=38.791
t=0.000432642 single-single idm=2635061(mm=51.1767) id1=999735(m1=49.7081):id2=955061(m2=1.46861) (r=1.73864) typem=1 type1=1 type2=1 b[RSUN]=212.163 vinf[km/s]=37.4584
t=0.000446652 single-single idm=1875499(mm=10.1987) id1=195499(m1=0.574828):id2=1440438(m2=9.6239) (r=0.436923) typem=1 type1=0 type2=1 b[RSUN]=42.4809 vinf[km/s]=52.8108
t=0.000470874 single-single idm=2386533(mm=112.732) id1=706533(m1=127.121):id2=1400217(m2=0.106375) (r=0.734399) typem=4 type1=4 type2=0 b[RSUN]=4877.15 vinf[km/s]=65.3754
t=0.000472855 single-single idm=1914910(mm=123.93) id1=822816(m1=123.315):id2=234910(m2=0.617535) (r=0.277846) typem=4 type1=4 type2=0 b[RSUN]=6695.34 vinf[km/s]=60.0722
t=0.000475305 single-single idm=1960569(mm=104.588) id1=280569(m1=0.120948):id2=918050(m2=121.754) (r=0.579183) typem=4 type1=0 type2=4 b[RSUN]=8410.04 vinf[km/s]=27.9919
t=0.000478024 single-single idm=2667909(mm=119.148) id1=987909(m1=0.342745):id2=1404289(m2=118.807) (r=0.886643) typem=4 type1=0 type2=4 b[RSUN]=4574.58 vinf[km/s]=62.6754
t=0.000485741 single-single idm=1833678(mm=110.795) id1=264858(m1=110.43):id2=153678(m2=0.366667) (r=0.264772) typem=4 type1=4 type2=0 b[RSUN]=7011.9 vinf[km/s]=48.0208
t=0.00048787 single-single idm=1783541(mm=107.165) id1=103541(m1=1.13902):id2=510641(m2=106.029) (r=0.243457) typem=4 type1=1 type2=4 b[RSUN]=7002.87 vinf[km/s]=54.7339
t=0.000489536 single-single idm=1961701(mm=103.514) id1=281701(m1=102.357):id2=591063(m2=1.15964) (r=0.189152) typem=4 type1=4 type2=1 b[RSUN]=2822.07 vinf[km/s]=68.2238
t=0.000489536 single-single idm=1812261(mm=85.2279) id1=132261(m1=0.112348):id2=548742(m2=103.256) (r=0.511819) typem=4 type1=0 type2=4 b[RSUN]=9130.61 vinf[km/s]=19.7915
t=0.000491334 single-single idm=1854558(mm=71.21) id1=427146(m1=0.167002):id2=174558(m2=101.446) (r=0.295113) typem=4 type1=0 type2=4 b[RSUN]=3323 vinf[km/s]=52.6755
t=0.000494041 single-single idm=1887179(mm=100.783) id1=490428(m1=100.457):id2=207179(m2=0.327787) (r=0.472194) typem=4 type1=4 type2=0 b[RSUN]=8969.31 vinf[km/s]=21.1813
t=0.000499423 single-single idm=1893677(mm=95.2916) id1=213677(m1=0.481067):id2=466130(m2=94.813) (r=0.462117) typem=4 type1=0 type2=4 b[RSUN]=6327.97 vinf[km/s]=53.0264
t=0.000499423 single-single idm=2411070(mm=80.719) id1=731070(m1=0.0811872):id2=873654(m2=95.1821) (r=0.754009) typem=4 type1=0 type2=4 b[RSUN]=9866.7 vinf[km/s]=30.6637
t=0.00050691 binary-single idm=1895727(mm=67.8389) id1=727813(m1=0.146502):id2=215727(m2=67.6924) (r=0.0926517) typem=1 type1=0 type2=1 
t=0.00050691 single-single idm=1714242(mm=87.4772) id1=116950(m1=0.426775):id2=34242(m2=87.052) (r=0.131245) typem=4 type1=0 type2=4 b[RSUN]=6841.44 vinf[km/s]=15.9416
t=0.00050691 binary-single idm=1858115(mm=48.3119) id1=879095(m1=0.579487):id2=178115(m2=47.7338) (r=0.206866) typem=4 type1=0 type2=4 
t=0.000510421 single-single idm=1730661(mm=84.5815) id1=50661(m1=0.229526):id2=147898(m2=84.352) (r=0.455386) typem=1 type1=0 type2=1 b[RSUN]=443.828 vinf[km/s]=37.0911
t=0.000510421 single-single idm=1987797(mm=85.9333) id1=907696(m1=0.381464):id2=307797(m2=85.555) (r=0.457686) typem=4 type1=0 type2=4 b[RSUN]=4314.56 vinf[km/s]=58.9816
t=0.000516417 single-single idm=1986277(mm=78.5089) id1=306277(m1=0.798838):id2=482589(m2=77.7132) (r=0.434751) typem=4 type1=1 type2=4 b[RSUN]=1947.66 vinf[km/s]=25.9159
t=0.00052099 single-single idm=1799279(mm=91.7048) id1=119279(m1=69.0788):id2=263938(m2=22.7084) (r=0.363461) typem=4 type1=4 type2=1 b[RSUN]=6956.98 vinf[km/s]=34.0947
t=0.000540445 single-single idm=1776704(mm=58.3461) id1=96704(m1=0.154157):id2=409982(m2=58.193) (r=0.279298) typem=4 type1=0 type2=4 b[RSUN]=7276.91 vinf[km/s]=22.2688
t=0.000555552 single-single idm=2315863(mm=54.2682) id1=901593(m1=53.0765):id2=635863(m2=1.19526) (r=0.729743) typem=4 type1=4 type2=1 b[RSUN]=4940.13 vinf[km/s]=36.7049
t=0.000561029 single-single idm=2156731(mm=7.45906) id1=1103119(m1=1.17797):id2=476731(m2=6.28109) (r=0.434179) typem=1 type1=1 type2=1 b[RSUN]=55.0343 vinf[km/s]=38.8393
t=0.000566059 single-single idm=2220770(mm=51.098) id1=699976(m1=45.4939):id2=540770(m2=5.60409) (r=0.53566) typem=1 type1=1 type2=1 b[RSUN]=286.16 vinf[km/s]=42.7702
t=0.000570989 binary-single idm=1689425(mm=39.7139) id1=9425(m1=0.0855181):id2=497384(m2=39.6283) (r=0.0375877) typem=4 type1=0 type2=4 
t=0.000570989 single-single idm=2523273(mm=36.0154) id1=1008002(m1=35.9027):id2=843273(m2=0.113905) (r=0.162484) typem=4 type1=4 type2=0 b[RSUN]=619.945 vinf[km/s]=96.3054
t=0.000570989 binary-single idm=1684485(mm=46.0444) id1=95152(m1=0.0982563):id2=4485(m2=45.9461) (r=0.218814) typem=4 type1=0 type2=4 
t=0.000592784 binary-single idm=1717021(mm=21.8325) id1=37021(m1=0.0814134):id2=147298(m2=21.7511) (r=0.406072) typem=1 type1=0 type2=1 
t=0.000615851 single-single idm=1861437(mm=12.8803) id1=181437(m1=0.194305):id2=897499(m2=12.686) (r=0.705766) typem=1 type1=0 type2=1 b[RSUN]=200.211 vinf[km/s]=15.2963
t=0.000678174 binary-single idm=2392499(mm=81.4699) id1=712499(m1=2.35537):id2=1632815(m2=79.1145) (r=0.429554) typem=4 type1=1 type2=4 
t=0.000787411 single-single idm=1685344(mm=91.0023) id1=1685343(m1=90.747):id2=707232(m2=0.25644) (r=0.0514631) typem=4 type1=4 type2=0 b[RSUN]=1263.84 vinf[km/s]=50.5463
t=0.000787411 single-single idm=2014260(mm=18.0516) id1=340349(m1=0.307893):id2=334260(m2=17.7453) (r=0.355777) typem=4 type1=0 type2=4 b[RSUN]=3854.96 vinf[km/s]=16.8445
t=0.000844039 binary-single idm=1881618(mm=35.8306) id1=201617(m1=36.3472):id2=1626791(m2=0.139981):id3=512783(m3=0.980041) (r=0.278765) typem=4 type1=4 type2=0 type3=1 
t=0.000856819 single-single idm=2087256(mm=36.0712) id1=407256(m1=2.53509):id2=629043(m2=35.8194) (r=0.529829) typem=4 type1=1 type2=4 b[RSUN]=841.334 vinf[km/s]=51.3648
t=0.000870076 binary-single idm=2065187(mm=2.36019) id1=385187(m1=0.347274):id2=1647284(m2=2.01292) (r=0.610863) typem=1 type1=0 type2=1 
t=0.000880226 single-single idm=1693163(mm=9.31112) id1=29213(m1=9.19823):id2=13163(m2=0.112892) (r=0.126926) typem=1 type1=1 type2=0 b[RSUN]=56.4823 vinf[km/s]=41.5994
t=0.00121168 single-single idm=1820637(mm=24.1196) id1=140637(m1=24.6813):id2=1099872(m2=0.246119) (r=0.22136) typem=4 type1=4 type2=0 b[RSUN]=881.027 vinf[km/s]=64.9503
t=0.00136032 single-single idm=1859811(mm=22.8205) id1=1050955(m1=22.1171):id2=179811(m2=0.703979) (r=0.402397) typem=4 type1=4 type2=0 b[RSUN]=2530.41 vinf[km/s]=28.606
t=0.00145683 single-single idm=1809346(mm=19.2134) id1=134870(m1=18.9893):id2=129346(m2=0.224127) (r=0.32713) typem=1 type1=1 type2=0 b[RSUN]=265.162 vinf[km/s]=29.5166
t=0.00156335 single-single idm=1937107(mm=19.1703) id1=378053(m1=19.2577):id2=257107(m2=0.148346) (r=0.521446) typem=4 type1=4 type2=0 b[RSUN]=4552.67 vinf[km/s]=3.41905
t=0.00166163 single-single idm=2142882(mm=0.443545) id1=626607(m1=0.339852):id2=462882(m2=0.103693) (r=0.229923) typem=0 type1=0 type2=0 b[RSUN]=10.618 vinf[km/s]=14.9385
t=0.00174279 binary-single idm=2507448(mm=0.964969) id1=827448(m1=0.189851):id2=946905(m2=0.775119) (r=0.904373) typem=1 type1=0 type2=1 
t=0.00199363 single-single idm=1752498(mm=1.85175) id1=140547(m1=0.457013):id2=72498(m2=1.39474) (r=0.262823) typem=1 type1=0 type2=1 b[RSUN]=39.3834 vinf[km/s]=24.0901
t=0.00201559 single-single idm=1709068(mm=9.62364) id1=328325(m1=9.0562):id2=29068(m2=0.567441) (r=0.343621) typem=1 type1=1 type2=0 b[RSUN]=63.1731 vinf[km/s]=48.9017
t=0.00206794 binary-single idm=1789473(mm=16.0062) id1=109473(m1=0.58534):id2=1628503(m2=16.0062) (r=0.309481) typem=14 type1=0 type2=14 
t=0.00219872 single-single idm=1985656(mm=15.9889) id1=901242(m1=1.12694):id2=305656(m2=14.8625) (r=0.301535) typem=5 type1=1 type2=5 b[RSUN]=1059.47 vinf[km/s]=52.6455
t=0.00239448 binary-single idm=2603147(mm=0.24536) id1=923147(m1=0.156749):id2=1638744(m2=0.0886106) (r=0.600386) typem=0 type1=0 type2=0 
t=0.00270596 single-single idm=2521561(mm=6.01791) id1=857114(m1=5.85649):id2=841561(m2=0.161413) (r=0.942385) typem=1 type1=1 type2=0 b[RSUN]=35.9144 vinf[km/s]=50.568
t=0.00280113 single-single idm=1721386(mm=1.78656) id1=41386(m1=1.38773):id2=595467(m2=0.398831) (r=0.213171) typem=1 type1=1 type2=0 b[RSUN]=11.4534 vinf[km/s]=56.8371
t=0.00305749 single-single idm=2593439(mm=11.1721) id1=973760(m1=2.67848):id2=913439(m2=8.49359) (r=0.85649) typem=1 type1=1 type2=1 b[RSUN]=90.1065 vinf[km/s]=48.4927
t=0.00309707 binary-single idm=1900171(mm=1.18628) id1=361520(m1=0.0824987):id2=220171(m2=1.10378) (r=0.669119) typem=1 type1=0 type2=1 
t=0.00324031 single-single idm=1791686(mm=11.3886) id1=111686(m1=11.2694):id2=892987(m2=1.54967) (r=0.302064) typem=4 type1=4 type2=1 b[RSUN]=172.501 vinf[km/s]=52.3759
t=0.0033595 single-single idm=1682624(mm=10.9576) id1=2624(m1=0.27005):id2=306669(m2=10.9752) (r=0.468956) typem=4 type1=0 type2=4 b[RSUN]=694.914 vinf[km/s]=23.4137
t=0.00348971 single-single idm=2789434(mm=6.00464) id1=1275575(m1=0.0942932):id2=1109434(m2=5.91035) (r=1.85359) typem=1 type1=0 type2=1 b[RSUN]=96.7855 vinf[km/s]=11.4649
t=0.00359486 single-single idm=1914550(mm=7.26295) id1=760620(m1=6.65894):id2=234550(m2=0.60401) (r=0.600486) typem=1 type1=1 type2=0 b[RSUN]=18.1902 vinf[km/s]=65.783
t=0.00365448 single-single idm=1767656(mm=6.12066) id1=87656(m1=5.73725):id2=405142(m2=0.383411) (r=0.607467) typem=1 type1=1 type2=0 b[RSUN]=63.2708 vinf[km/s]=13.5713
t=0.00419669 binary-single idm=2215294(mm=1.47896) id1=535293(m1=0.614517):id2=1241535(m2=0.567314):id3=1635527(m3=0.297128) (r=0.986932) typem=1 type1=0 type2=0 type3=0 
t=0.00438628 binary-binary idm=1728795(mm=53.4481) id1=48795(m1=53.4481):id2=191890(m2=0.481103) (r=0.09621) typem=14 type1=14 type2=0 
t=0.00439393 binary-single idm=1701769(mm=8.35754) id1=21769(m1=0.45914):id2=511986(m2=7.89839) (r=0.421283) typem=1 type1=0 type2=1 
t=0.00462507 single-single idm=1691855(mm=0.506369) id1=159733(m1=0.0880256):id2=11855(m2=0.418343) (r=0.603111) typem=0 type1=0 type2=0 b[RSUN]=7.64685 vinf[km/s]=22.31
t=0.00472878 single-single idm=1712826(mm=7.78035) id1=608890(m1=1.81072):id2=32826(m2=5.96964) (r=0.322876) typem=1 type1=1 type2=1 b[RSUN]=43.0438 vinf[km/s]=27.0713
t=0.00478746 single-single idm=1713009(mm=3.6528) id1=33009(m1=1.90144):id2=216425(m2=1.75136) (r=0.515028) typem=1 type1=1 type2=1 b[RSUN]=26.9491 vinf[km/s]=28.9045
t=0.00519322 binary-single idm=1961283(mm=1.46714) id1=281283(m1=0.857825):id2=1617728(m2=0.609316) (r=0.940751) typem=1 type1=1 type2=0 
t=0.00523265 binary-single idm=2160889(mm=0.540345) id1=480889(m1=0.10281):id2=815048(m2=0.437534) (r=0.999534) typem=0 type1=0 type2=0 
t=0.00559342 binary-single idm=1724108(mm=1.08996) id1=54555(m1=0.415806):id2=44108(m2=0.674154) (r=0.579328) typem=1 type1=0 type2=0 
t=0.00581003 single-single idm=2001006(mm=2.27285) id1=321006(m1=0.833506):id2=889559(m2=1.43934) (r=0.526542) typem=1 type1=1 type2=1 b[RSUN]=12.7104 vinf[km/s]=37.4697
t=0.00606872 binary-single idm=2015234(mm=0.358639) id1=335234(m1=0.125084):id2=1674427(m2=0.233555) (r=0.771149) typem=0 type1=0 type2=0 
t=0.00606872 binary-single idm=2037872(mm=4.43633) id1=357872(m1=2.5754):id2=1612659(m2=1.86093) (r=0.779075) typem=1 type1=1 type2=1 
t=0.00637066 single-single idm=2349812(mm=6.03759) id1=669812(m1=0.478624):id2=1008999(m2=5.55897) (r=0.595619) typem=1 type1=0 type2=1 b[RSUN]=42.7232 vinf[km/s]=54.6343
t=0.00686954 single-single idm=1858186(mm=5.94028) id1=178186(m1=2.49733):id2=1469389(m2=3.44295) (r=0.611966) typem=1 type1=1 type2=1 b[RSUN]=92.7182 vinf[km/s]=10.8414
t=0.00754158 single-single idm=1843644(mm=22.8779) id1=620129(m1=22.8779):id2=163644(m2=6.79206) (r=0.129558) typem=14 type1=14 type2=4 b[RSUN]=271.005 vinf[km/s]=29.6499
t=0.0076863 binary-single idm=2098198(mm=0.654231) id1=491208(m1=0.395128):id2=418198(m2=0.259103) (r=0.935313) typem=0 type1=0 type2=0 
t=0.0078921 single-single idm=1688358(mm=3.17816) id1=175603(m1=1.58256):id2=8358(m2=1.5956) (r=0.259575) typem=1 type1=1 type2=1 b[RSUN]=30.4368 vinf[km/s]=37.6684
t=0.00853773 binary-single idm=1784589(mm=5.09832) id1=104589(m1=4.95904):id2=245712(m2=0.139282) (r=0.302749) typem=1 type1=1 type2=0 
t=0.0087753 single-single idm=1824755(mm=16.4927) id1=272199(m1=0.510734):id2=144755(m2=16.4927) (r=0.122181) typem=14 type1=0 type2=14 b[RSUN]=108.533 vinf[km/s]=15.3412
t=0.00887506 single-single idm=1744443(mm=4.74545) id1=64443(m1=1.14582):id2=90477(m2=3.59963) (r=0.221818) typem=1 type1=1 type2=1 b[RSUN]=234.66 vinf[km/s]=7.06248
t=0.00992191 single-single idm=1725865(mm=3.85649) id1=1222883(m1=0.488111):id2=45865(m2=3.36838) (r=1.1345) typem=1 type1=0 type2=1 b[RSUN]=61.4123 vinf[km/s]=24.2349
t=0.00998045 binary-single idm=1953958(mm=5.59339) id1=273958(m1=3.595):id2=1642187(m2=1.99839) (r=0.28981) typem=1 type1=1 type2=1 
t=0.00999221 binary-single idm=1760074(mm=5.36955) id1=104722(m1=1.47293):id2=80074(m2=3.89663) (r=0.0377608) typem=1 type1=1 type2=1 
t=0.0101048 single-single idm=1736256(mm=8.65879) id1=56256(m1=2.88919):id2=396273(m2=5.77055) (r=0.497422) typem=6 type1=1 type2=6 b[RSUN]=996.36 vinf[km/s]=29.2337
t=0.0102017 single-single idm=2499996(mm=4.86882) id1=819996(m1=0.208864):id2=1233695(m2=4.65996) (r=0.807724) typem=1 type1=0 type2=1 b[RSUN]=22.959 vinf[km/s]=34.8106
t=0.0102435 binary-binary idm=1900442(mm=6.53664) id1=220442(m1=3.79162):id2=1640850(m2=2.74502) (r=0.00424918) typem=1 type1=1 type2=1 
t=0.0102462 binary-single idm=1877673(mm=4.05381) id1=267887(m1=2.34745):id2=197673(m2=1.70635) (r=0.426222) typem=1 type1=1 type2=1 
t=0.0104918 binary-single idm=1977434(mm=0.632071) id1=297434(m1=0.377816):id2=1665406(m2=0.254255) (r=0.744523) typem=0 type1=0 type2=0 
t=0.0105153 binary-single idm=1757802(mm=1.11487) id1=77802(m1=0.233847):id2=209456(m2=0.881023) (r=0.465425) typem=1 type1=0 type2=1 
t=0.0105188 single-single idm=2152703(mm=18.2212) id1=529815(m1=5.70147):id2=472703(m2=18.2212) (r=0.343844) typem=14 type1=5 type2=14 b[RSUN]=1052.43 vinf[km/s]=26.925
t=0.0107503 single-single idm=1781517(mm=22.3003) id1=101517(m1=2.34683):id2=156600(m2=22.3003) (r=0.113355) typem=14 type1=1 type2=14 b[RSUN]=312.323 vinf[km/s]=10.2188
t=0.0108469 binary-single idm=1715486(mm=4.6858) id1=35486(m1=1.08838):id2=1676400(m2=3.59742) (r=0.0865402) typem=4 type1=7 type2=1 
t=0.0111266 binary-single idm=2427967(mm=2.2059) id1=747967(m1=1.46419):id2=1601273(m2=0.741719) (r=0.74175) typem=1 type1=1 type2=0 
t=0.011438 single-single idm=1829365(mm=0.936349) id1=466004(m1=0.824947):id2=149365(m2=0.111402) (r=0.914502) typem=1 type1=1 type2=0 b[RSUN]=22.6152 vinf[km/s]=23.9879
t=0.0118311 single-single idm=2079987(mm=0.747383) id1=399987(m1=0.415908):id2=816582(m2=0.331474) (r=0.793282) typem=0 type1=0 type2=0 b[RSUN]=6.03257 vinf[km/s]=43.3628
t=0.0122548 binary-single idm=1689425(mm=89.0744) id1=1812261(m1=51.6051):id2=9424(m2=41.9004) (r=0.00107824) typem=14 type1=14 type2=14 
t=0.0132609 single-single idm=1690694(mm=4.64472) id1=870288(m1=4.55659):id2=10694(m2=0.0884938) (r=0.343923) typem=6 type1=6 type2=0 b[RSUN]=783.247 vinf[km/s]=63.6135
t=0.013433 single-single idm=1775930(mm=1.70627) id1=378345(m1=0.489629):id2=95930(m2=1.21665) (r=0.649345) typem=1 type1=0 type2=1 b[RSUN]=22.7244 vinf[km/s]=32.5413
t=0.0138654 single-single idm=2250676(mm=5.10352) id1=747966(m1=4.82934):id2=570676(m2=0.385171) (r=0.236166) typem=4 type1=4 type2=0 b[RSUN]=32.8315 vinf[km/s]=31.3056
t=0.0141729 single-single idm=2310696(mm=1.08384) id1=662137(m1=0.953066):id2=630696(m2=0.130778) (r=0.354419) typem=1 type1=1 type2=0 b[RSUN]=98.3248 vinf[km/s]=4.45
t=0.0143206 binary-single idm=2055794(mm=40.5) id1=375794(m1=40.5):id2=948025(m2=0.851285) (r=0.0129512) typem=14 type1=14 type2=1 
t=0.0144118 single-single idm=1807215(mm=1.32461) id1=127215(m1=0.891299):id2=445394(m2=0.43331) (r=0.398272) typem=1 type1=1 type2=0 b[RSUN]=21.6798 vinf[km/s]=32.5902
t=0.0145432 binary-binary idm=2774563(mm=79.2258) id1=1094563(m1=42.7387):id2=1249127(m2=40.5) (r=0.00228469) typem=14 type1=14 type2=14 
t=0.0147456 single-single idm=1780809(mm=29.4146) id1=242366(m1=0.677635):id2=100809(m2=29.4146) (r=0.239423) typem=14 type1=0 type2=14 b[RSUN]=42.6271 vinf[km/s]=43.6583
t=0.0149995 single-single idm=2103989(mm=1.68439) id1=423989(m1=0.787504):id2=454648(m2=0.896887) (r=0.751166) typem=1 type1=1 type2=1 b[RSUN]=9.3509 vinf[km/s]=25.091
t=0.0150882 binary-single idm=2252475(mm=0.228763) id1=572475(m1=0.137723):id2=1601275(m2=0.0910399) (r=1.1134) typem=0 type1=0 type2=0 
t=0.0156651 single-single idm=2304349(mm=1.58187) id1=1093673(m1=1.33223):id2=624349(m2=0.249648) (r=0.93842) typem=1 type1=1 type2=0 b[RSUN]=33.5041 vinf[km/s]=10.9736
t=0.0158981 binary-single idm=1986838(mm=1.05658) id1=306838(m1=0.488641):id2=1644222(m2=0.567935) (r=0.962062) typem=1 type1=0 type2=0 
t=0.016091 single-single idm=1765741(mm=4.95196) id1=176266(m1=0.339226):id2=85741(m2=4.61291) (r=0.220535) typem=5 type1=0 type2=5 b[RSUN]=419.767 vinf[km/s]=39.9801
t=0.0165929 single-single idm=1716222(mm=2.01976) id1=317204(m1=1.79028):id2=36222(m2=0.229476) (r=0.234828) typem=1 type1=1 type2=0 b[RSUN]=22.1576 vinf[km/s]=41.965
t=0.0170369 single-single idm=1870194(mm=4.4759) id1=1134138(m1=0.0979427):id2=190194(m2=4.49016) (r=0.623802) typem=4 type1=0 type2=4 b[RSUN]=275.46 vinf[km/s]=19.9157
t=0.017194 single-single idm=2205360(mm=3.17133) id1=1121624(m1=0.306849):id2=525360(m2=2.86448) (r=0.761463) typem=1 type1=0 type2=1 b[RSUN]=18.2025 vinf[km/s]=16.9872
t=0.017534 binary-single idm=1823681(mm=1.34618) id1=143681(m1=0.0895551):id2=916649(m2=1.25663) (r=1.06594) typem=1 type1=0 type2=1 
t=0.0178647 single-single idm=1714543(mm=4.23011) id1=615195(m1=0.160971):id2=34543(m2=4.06966) (r=0.475205) typem=6 type1=0 type2=6 b[RSUN]=611.647 vinf[km/s]=28.3279
t=0.0181056 binary-binary idm=1705709(mm=5.93376) id1=25709(m1=3.15303):id2=1662767(m2=2.78073) (r=0.858593) typem=1 type1=1 type2=1 
t=0.0184367 single-single idm=1716433(mm=0.23779) id1=36433(m1=0.0836033):id2=591231(m2=0.154186) (r=0.157046) typem=0 type1=0 type2=0 b[RSUN]=1.22219 vinf[km/s]=55.2065
t=0.0188374 single-single idm=1826231(mm=1.98377) id1=146231(m1=1.24812):id2=248416(m2=4.121) (r=0.504524) typem=4 type1=1 type2=4 b[RSUN]=190.804 vinf[km/s]=30.9245
t=0.0190677 single-single idm=2411817(mm=1.08139) id1=731817(m1=0.257791):id2=963769(m2=0.823601) (r=0.270671) typem=1 type1=0 type2=1 b[RSUN]=5.44146 vinf[km/s]=54.8105
t=0.0193136 binary-single idm=2147457(mm=5.70101) id1=1226105(m1=4.24141):id2=1638304(m2=0.275479):id3=467456(m3=2.89288) (r=0.312339) typem=4 type1=4 type2=0 type3=1 
t=0.0196456 binary-single idm=1789474(mm=27.6043) id1=310669(m1=12.9707):id2=1789473(m2=16.0062) (r=0.0153357) typem=14 type1=14 type2=14 
t=0.0205558 binary-binary idm=1728796(mm=53.4481) id1=592938(m1=0.268135):id2=1728795(m2=53.4481) (r=0.00403555) typem=14 type1=0 type2=14 
t=0.0206762 single-single idm=2106448(mm=4.15724) id1=426448(m1=4.06396):id2=604634(m2=0.164573) (r=0.521162) typem=4 type1=4 type2=0 b[RSUN]=73.9186 vinf[km/s]=34.9535
t=0.0210506 binary-single idm=1728797(mm=53.4481) id1=1728796(m1=53.4481):id2=397256(m2=0.192574) (r=0.0081796) typem=14 type1=14 type2=0 
t=0.0214677 single-single idm=2019022(mm=18.2212) id1=2152703(m1=18.2212):id2=339021(m2=0.610278) (r=0.0688309) typem=14 type1=14 type2=0 b[RSUN]=22.4092 vinf[km/s]=26.8702
t=0.02169 single-single idm=2560300(mm=40.5) id1=880300(m1=40.5):id2=1605309(m2=4.74799) (r=0.0708318) typem=14 type1=14 type2=4 b[RSUN]=1087.43 vinf[km/s]=19.8084
t=0.0223797 single-single idm=1768726(mm=3.42221) id1=173000(m1=0.0982276):id2=88726(m2=3.82622) (r=0.545737) typem=4 type1=0 type2=4 b[RSUN]=163.933 vinf[km/s]=47.0547
t=0.0234988 single-single idm=2423307(mm=3.84548) id1=821410(m1=3.75871):id2=743307(m2=0.17487) (r=0.88007) typem=4 type1=4 type2=0 b[RSUN]=166.848 vinf[km/s]=31.2555
t=0.0237399 single-single idm=2008642(mm=2.52408) id1=328642(m1=0.368454):id2=381918(m2=2.15562) (r=0.722659) typem=1 type1=0 type2=1 b[RSUN]=19.2513 vinf[km/s]=40.9078
t=0.024855 single-single idm=1836070(mm=1.94639) id1=156070(m1=0.606469):id2=1176186(m2=1.33992) (r=0.886718) typem=1 type1=0 type2=1 b[RSUN]=40.6431 vinf[km/s]=19.6357
t=0.0251047 binary-single idm=2256035(mm=4.22189) id1=731638(m1=3.69035):id2=576034(m2=0.439915):id3=1675779(m3=0.274539) (r=0.866456) typem=4 type1=4 type2=0 type3=0 
t=0.0252108 single-single idm=2018253(mm=0.231429) id1=1136005(m1=0.104341):id2=338253(m2=0.127087) (r=0.726913) typem=0 type1=0 type2=0 b[RSUN]=2.58814 vinf[km/s]=42.0752
t=0.0258747 single-single idm=1694253(mm=2.79286) id1=14253(m1=0.0901682):id2=466037(m2=2.70269) (r=0.230091) typem=1 type1=0 type2=1 b[RSUN]=26.0525 vinf[km/s]=19.5632
t=0.0258837 single-single idm=1832617(mm=28.3555) id1=158421(m1=0.0924204):id2=152617(m2=28.3555) (r=0.105042) typem=14 type1=0 type2=14 b[RSUN]=24.297 vinf[km/s]=23.2135
t=0.0258967 binary-single idm=2645329(mm=0.801622) id1=965329(m1=0.68989):id2=1628465(m2=0.111732) (r=0.235367) typem=1 type1=0 type2=0 
t=0.0259653 single-single idm=1960656(mm=0.395687) id1=1488125(m1=0.305297):id2=280656(m2=0.0903893) (r=2.47276) typem=0 type1=0 type2=0 b[RSUN]=8.87447 vinf[km/s]=27.8775
t=0.0260487 binary-single idm=1752153(mm=3.16543) id1=72153(m1=0.112707):id2=584923(m2=3.05272) (r=1.15671) typem=1 type1=0 type2=1 
t=0.026135 single-single idm=2755154(mm=0.185191) id1=1075154(m1=0.0828295):id2=1553596(m2=0.102361) (r=2.15054) typem=0 type1=0 type2=0 b[RSUN]=6.28227 vinf[km/s]=21.8548
t=0.0262206 single-single idm=1937580(mm=2.78523) id1=257580(m1=0.529746):id2=1004935(m2=2.25548) (r=1.09885) typem=1 type1=0 type2=1 b[RSUN]=12.4264 vinf[km/s]=39.3203
t=0.026604 single-single idm=2129793(mm=3.6929) id1=1326098(m1=0.101913):id2=449793(m2=3.65034) (r=0.747803) typem=4 type1=0 type2=4 b[RSUN]=151.845 vinf[km/s]=19.1578
t=0.026651 single-single idm=2760702(mm=0.460196) id1=1261805(m1=0.345045):id2=1080702(m2=0.115151) (r=1.31425) typem=0 type1=0 type2=0 b[RSUN]=16.174 vinf[km/s]=17.0556
t=0.0266585 single-single idm=1853631(mm=5.07256) id1=231415(m1=4.99132):id2=173631(m2=0.0813275) (r=0.441594) typem=6 type1=6 type2=0 b[RSUN]=1067.96 vinf[km/s]=14.3291
t=0.0269173 binary-single idm=1681569(mm=0.820234) id1=1569(m1=0.624122):id2=248349(m2=0.196112) (r=1.55262) typem=1 type1=0 type2=0 
t=0.0273314 binary-single idm=1777260(mm=0.879039) id1=97260(m1=0.134503):id2=1663835(m2=0.744537) (r=0.126323) typem=1 type1=0 type2=0 
t=0.0279314 single-single idm=2186982(mm=2.25471) id1=1065318(m1=2.08245):id2=506982(m2=0.172256) (r=0.702957) typem=1 type1=1 type2=0 b[RSUN]=10.3568 vinf[km/s]=36.3892
t=0.0280972 single-single idm=2189400(mm=2.91811) id1=1000681(m1=3.43729):id2=509400(m2=0.222197) (r=1.29424) typem=4 type1=4 type2=0 b[RSUN]=520.281 vinf[km/s]=8.8778
t=0.0281906 single-single idm=1768881(mm=2.37037) id1=882188(m1=3.10183):id2=88881(m2=0.203612) (r=0.453387) typem=4 type1=4 type2=0 b[RSUN]=161.099 vinf[km/s]=22.5182
t=0.031169 single-single idm=1942410(mm=3.48953) id1=262410(m1=3.39727):id2=1356695(m2=0.162942) (r=0.57968) typem=4 type1=4 type2=0 b[RSUN]=71.9539 vinf[km/s]=51.9456
t=0.0314755 single-single idm=1718031(mm=1.79398) id1=38031(m1=1.71039):id2=359866(m2=0.0835925) (r=1.16638) typem=1 type1=1 type2=0 b[RSUN]=30.6893 vinf[km/s]=14.1016
t=0.032536 single-single idm=3111416(mm=1.22704) id1=1431416(m1=0.321293):id2=1435176(m2=0.905743) (r=3.95304) typem=1 type1=0 type2=1 b[RSUN]=44.255 vinf[km/s]=15.6714
t=0.0328997 single-single idm=2101419(mm=3.31588) id1=421419(m1=3.25477):id2=548347(m2=0.11914) (r=0.506576) typem=4 type1=4 type2=0 b[RSUN]=17.0586 vinf[km/s]=41.3657
t=0.0330717 single-single idm=2383776(mm=2.98169) id1=703776(m1=3.22665):id2=894192(m2=0.0906427) (r=1.91345) typem=4 type1=4 type2=0 b[RSUN]=348.161 vinf[km/s]=17.1183
t=0.0331678 single-single idm=1705181(mm=3.26992) id1=259051(m1=3.11858):id2=25181(m2=0.151335) (r=0.797907) typem=1 type1=1 type2=0 b[RSUN]=314.095 vinf[km/s]=4.32284
t=0.0331841 binary-single idm=2411071(mm=72.5617) id1=2411070(m1=40.5):id2=1382507(m2=35.716) (r=0.00334615) typem=14 type1=14 type2=14 
t=0.0335382 single-single idm=2287464(mm=3.4226) id1=607464(m1=0.369253):id2=962802(m2=3.05375) (r=0.368054) typem=6 type1=0 type2=6 b[RSUN]=269.183 vinf[km/s]=47.071
t=0.0351181 single-single idm=2144987(mm=3.55535) id1=464987(m1=3.2513):id2=517709(m2=0.54775) (r=0.356993) typem=4 type1=4 type2=0 b[RSUN]=205.314 vinf[km/s]=24.6451
t=0.0364778 binary-single idm=2202372(mm=1.02111) id1=522372(m1=0.875487):id2=1662747(m2=0.14562) (r=1.40484) typem=1 type1=1 type2=0 
t=0.0379076 single-single idm=2531824(mm=0.244693) id1=852731(m1=0.118822):id2=851824(m2=0.125871) (r=1.40485) typem=0 type1=0 type2=0 b[RSUN]=4.80045 vinf[km/s]=26.346
t=0.0380094 binary-single idm=2519969(mm=2.02182) id1=839969(m1=1.03779):id2=1667407(m2=0.984029) (r=0.0179638) typem=1 type1=1 type2=1 
t=0.0381103 single-single idm=1725777(mm=1.55923) id1=45777(m1=1.24979):id2=533709(m2=0.309432) (r=0.889514) typem=1 type1=1 type2=0 b[RSUN]=33.0827 vinf[km/s]=25.2203
t=0.0383535 single-single idm=2900775(mm=0.895552) id1=1584937(m1=0.16053):id2=1220775(m2=0.735023) (r=3.82159) typem=1 type1=0 type2=0 b[RSUN]=19.2323 vinf[km/s]=18.7314
t=0.0387846 binary-single idm=1690124(mm=4.53206) id1=10124(m1=2.42326):id2=1663497(m2=2.1088) (r=0.686414) typem=1 type1=1 type2=1 
t=0.039224 single-single idm=2109613(mm=40.5) id1=1075823(m1=0.384808):id2=429613(m2=40.5) (r=0.0775429) typem=14 type1=0 type2=14 b[RSUN]=46.624 vinf[km/s]=21.0314
t=0.0401534 single-single idm=1867228(mm=0.309746) id1=1249421(m1=0.142627):id2=187228(m2=0.16712) (r=1.03027) typem=0 type1=0 type2=0 b[RSUN]=11.1811 vinf[km/s]=15.0776
t=0.0401815 single-single idm=1801925(mm=26.9496) id1=121925(m1=26.9496):id2=611725(m2=0.787381) (r=0.0627375) typem=14 type1=14 type2=1 b[RSUN]=135.317 vinf[km/s]=16.2838
t=0.0402717 single-single idm=1900707(mm=0.226159) id1=381026(m1=0.0845524):id2=220707(m2=0.141607) (r=2.02953) typem=0 type1=0 type2=0 b[RSUN]=2.59441 vinf[km/s]=23.6671
t=0.0403997 single-single idm=2262052(mm=0.25761) id1=582052(m1=0.0942066):id2=1574455(m2=0.163403) (r=1.21365) typem=0 type1=0 type2=0 b[RSUN]=1.21347 vinf[km/s]=43.7931
t=0.0411889 single-single idm=2021637(mm=1.14125) id1=767064(m1=0.710239):id2=341637(m2=0.431009) (r=1.22862) typem=1 type1=0 type2=0 b[RSUN]=37.8336 vinf[km/s]=16.3213
t=0.0416255 single-single idm=2154222(mm=0.956698) id1=474222(m1=0.181368):id2=1542773(m2=0.77533) (r=4.20478) typem=1 type1=0 type2=1 b[RSUN]=14.3334 vinf[km/s]=23.0465
t=0.0425618 binary-single idm=2072098(mm=2.21915) id1=1131572(m1=0.461983):id2=392098(m2=1.75717) (r=0.0244284) typem=1 type1=0 type2=1 
t=0.0425852 single-single idm=2455746(mm=1.71145) id1=775746(m1=0.0809193):id2=838581(m2=1.63053) (r=1.21046) typem=1 type1=0 type2=1 b[RSUN]=31.9942 vinf[km/s]=24.1352
t=0.0428894 binary-single idm=2449204(mm=5.42087) id1=769203(m1=0.779704):id2=854077(m2=2.77512):id3=1675152(m3=1.86604) (r=0.841947) typem=1 type1=1 type2=1 type3=1 
t=0.0434747 binary-single idm=2546214(mm=1.27054) id1=866214(m1=0.823171):id2=1649959(m2=0.447371) (r=0.0174588) typem=1 type1=1 type2=0 
t=0.0442287 binary-binary idm=2042838(mm=28.6548) id1=1329564(m1=0.415699):id2=362838(m2=28.6548) (r=0.0251418) typem=14 type1=0 type2=14 
t=0.045431 single-single idm=1796797(mm=2.36137) id1=116797(m1=0.405308):id2=1221518(m2=2.80836) (r=0.812104) typem=4 type1=0 type2=4 b[RSUN]=186.453 vinf[km/s]=13.451
t=0.0461363 single-single idm=2187412(mm=0.212557) id1=507412(m1=0.103317):id2=582303(m2=0.10924) (r=0.224841) typem=0 type1=0 type2=0 b[RSUN]=1.4102 vinf[km/s]=75.2083
t=0.0461654 single-single idm=1912407(mm=0.538855) id1=284309(m1=0.419906):id2=232407(m2=0.11895) (r=1.55243) typem=0 type1=0 type2=0 b[RSUN]=2.66283 vinf[km/s]=50.9727
t=0.0476748 single-single idm=2802514(mm=0.993653) id1=1122514(m1=0.667265):id2=1271930(m2=0.326388) (r=1.72005) typem=1 type1=0 type2=0 b[RSUN]=11.2275 vinf[km/s]=43.8413
t=0.0478032 single-single idm=2027031(mm=0.595501) id1=885151(m1=0.104953):id2=347031(m2=0.490548) (r=0.853434) typem=0 type1=0 type2=0 b[RSUN]=27.4885 vinf[km/s]=6.27228
t=0.0478564 single-single idm=1845645(mm=2.45509) id1=220253(m1=0.0958536):id2=165645(m2=2.35924) (r=0.968529) typem=1 type1=0 type2=1 b[RSUN]=24.4754 vinf[km/s]=32.7145
t=0.0479686 single-single idm=1935689(mm=0.338641) id1=1517231(m1=0.199277):id2=255689(m2=0.139364) (r=2.57262) typem=0 type1=0 type2=0 b[RSUN]=7.09048 vinf[km/s]=26.4688
t=0.048008 binary-single idm=2206806(mm=2.51641) id1=526806(m1=0.0904799):id2=1601621(m2=2.42593) (r=0.590541) typem=1 type1=0 type2=1 
t=0.0515883 single-single idm=2614596(mm=2.90297) id1=938485(m1=0.2035):id2=934596(m2=2.69988) (r=0.898086) typem=6 type1=0 type2=6 b[RSUN]=647.045 vinf[km/s]=20.7066
t=0.0518359 single-single idm=1974515(mm=1.61245) id1=294515(m1=1.26556):id2=1111688(m2=0.346894) (r=0.927399) typem=1 type1=1 type2=0 b[RSUN]=27.6732 vinf[km/s]=22.084
t=0.0522303 single-single idm=1905495(mm=2.96885) id1=225495(m1=0.356268):id2=1305680(m2=2.69755) (r=1.65316) typem=4 type1=0 type2=4 b[RSUN]=34.5923 vinf[km/s]=24.1209
t=0.0529284 single-single idm=2398882(mm=1.82705) id1=926307(m1=0.668346):id2=718882(m2=1.15871) (r=2.14508) typem=1 type1=0 type2=1 b[RSUN]=107.907 vinf[km/s]=3.42984
t=0.0532168 single-single idm=2049491(mm=1.2003) id1=454265(m1=0.439738):id2=369491(m2=0.760561) (r=0.615201) typem=1 type1=0 type2=1 b[RSUN]=22.7422 vinf[km/s]=27.7069
t=0.0535532 single-single idm=2299146(mm=3.12648) id1=619146(m1=1.32301):id2=1131214(m2=1.80347) (r=1.09348) typem=1 type1=1 type2=1 b[RSUN]=27.1321 vinf[km/s]=28.3476
t=0.0579834 binary-single idm=2507415(mm=2.35938) id1=827415(m1=2.06958):id2=1603731(m2=0.289799) (r=1.214) typem=1 type1=1 type2=0 
t=0.0579971 binary-single idm=2359937(mm=4.61629) id1=1050581(m1=2.58629):id2=1649575(m2=1.00999):id3=679936(m3=1.2603) (r=0.902123) typem=4 type1=4 type2=1 type3=1 
t=0.059099 single-single idm=2181081(mm=2.72562) id1=501081(m1=0.194661):id2=924248(m2=2.61644) (r=1.69552) typem=4 type1=0 type2=4 b[RSUN]=58.9773 vinf[km/s]=40.511
t=0.0595335 single-single idm=1828353(mm=1.74948) id1=148353(m1=0.700369):id2=1124036(m2=1.04911) (r=1.00429) typem=1 type1=0 type2=1 b[RSUN]=8.55309 vinf[km/s]=49.8531
t=0.0599488 single-single idm=2175165(mm=0.403857) id1=495165(m1=0.204701):id2=1206997(m2=0.199155) (r=0.582054) typem=0 type1=0 type2=0 b[RSUN]=8.29406 vinf[km/s]=29.9969
t=0.060138 binary-single idm=1695112(mm=2.35144) id1=15112(m1=0.487154):id2=910617(m2=1.86428) (r=0.731746) typem=1 type1=0 type2=1 
t=0.0613932 binary-single idm=2475000(mm=0.174988) id1=795000(m1=0.0915926):id2=1608786(m2=0.0833955) (r=1.3637) typem=0 type1=0 type2=0 
t=0.0644451 single-single idm=2519173(mm=1.92318) id1=1544294(m1=0.508884):id2=839173(m2=1.41429) (r=0.863154) typem=1 type1=0 type2=1 b[RSUN]=13.2823 vinf[km/s]=55.4318
t=0.0648421 single-single idm=1805467(mm=2.45278) id1=590449(m1=0.165518):id2=125467(m2=2.28792) (r=0.409873) typem=6 type1=0 type2=6 b[RSUN]=612.122 vinf[km/s]=31.5597
t=0.0687536 single-single idm=2118075(mm=0.695695) id1=438075(m1=0.517348):id2=1247400(m2=0.178347) (r=2.66596) typem=0 type1=0 type2=0 b[RSUN]=27.3823 vinf[km/s]=14.6386
t=0.0687974 single-single idm=2280805(mm=2.56724) id1=600805(m1=0.198567):id2=977575(m2=2.4693) (r=1.38773) typem=4 type1=0 type2=4 b[RSUN]=58.3272 vinf[km/s]=37.5453
t=0.0695154 binary-single idm=1873967(mm=0.672514) id1=193967(m1=0.0848234):id2=351108(m2=0.58769) (r=1.94696) typem=0 type1=0 type2=0 
t=0.0695463 binary-single idm=3021291(mm=0.393344) id1=1341291(m1=0.139089):id2=1633586(m2=0.254254) (r=2.71759) typem=0 type1=0 type2=0 
t=0.0699796 single-single idm=1796648(mm=2.61332) id1=697241(m1=0.257718):id2=116648(m2=2.43574) (r=0.589146) typem=4 type1=0 type2=4 b[RSUN]=93.5991 vinf[km/s]=22.2354
t=0.0706615 single-single idm=2361456(mm=17.9067) id1=681456(m1=17.9067):id2=1209366(m2=0.669922) (r=0.301801) typem=14 type1=14 type2=0 b[RSUN]=68.2541 vinf[km/s]=13.9487
t=0.0711453 single-single idm=1686058(mm=1.48051) id1=1397954(m1=0.897402):id2=6058(m2=0.583104) (r=0.664401) typem=1 type1=1 type2=0 b[RSUN]=9.42051 vinf[km/s]=34.4176
t=0.0720395 single-single idm=2505718(mm=2.06026) id1=825718(m1=2.43348):id2=1404371(m2=0.118039) (r=0.889965) typem=4 type1=4 type2=0 b[RSUN]=164.297 vinf[km/s]=13.4582
t=0.0728545 single-single idm=1752869(mm=2.16766) id1=1194889(m1=0.116941):id2=72869(m2=2.05072) (r=0.63638) typem=1 type1=0 type2=1 b[RSUN]=32.5817 vinf[km/s]=32.7852
t=0.0738092 single-single idm=1933244(mm=2.15826) id1=253244(m1=1.09251):id2=311126(m2=1.06575) (r=1.14314) typem=1 type1=1 type2=1 b[RSUN]=10.059 vinf[km/s]=32.3586
t=0.0753918 single-single idm=2066816(mm=0.42094) id1=386816(m1=0.174253):id2=1510231(m2=0.246688) (r=0.881136) typem=0 type1=0 type2=0 b[RSUN]=6.72102 vinf[km/s]=37.2188
t=0.0759618 binary-single idm=1807725(mm=2.27028) id1=127725(m1=1.95927):id2=1662720(m2=0.311014) (r=1.11244) typem=1 type1=1 type2=0 
t=0.076263 single-single idm=2529398(mm=3.38071) id1=849398(m1=2.38075):id2=1149689(m2=1.00008) (r=1.48316) typem=4 type1=4 type2=1 b[RSUN]=185.328 vinf[km/s]=34.798
t=0.0790419 binary-single idm=2598030(mm=1.35759) id1=918030(m1=0.818718):id2=1413608(m2=0.53887) (r=2.19136) typem=1 type1=1 type2=0 
t=0.0790429 single-single idm=2733485(mm=2.01692) id1=1259460(m1=0.185331):id2=1053485(m2=1.83207) (r=1.6703) typem=6 type1=0 type2=6 b[RSUN]=548.903 vinf[km/s]=28.7021
t=0.0792443 single-single idm=1769503(mm=2.1094) id1=568928(m1=2.24995):id2=89503(m2=0.416587) (r=0.690565) typem=4 type1=4 type2=0 b[RSUN]=958.239 vinf[km/s]=2.47942
t=0.0794821 binary-binary idm=2182789(mm=108.195) id1=502789(m1=34.4169):id2=1071193(m2=77.0901) (r=0.00110845) typem=14 type1=14 type2=14 
t=0.0814454 single-single idm=1914502(mm=0.28983) id1=399256(m1=0.125942):id2=234502(m2=0.163888) (r=3.67663) typem=0 type1=0 type2=0 b[RSUN]=21.3287 vinf[km/s]=7.92468
t=0.0821053 single-single idm=2435422(mm=0.762679) id1=755422(m1=0.191152):id2=1527743(m2=0.571527) (r=3.67044) typem=1 type1=0 type2=0 b[RSUN]=26.5543 vinf[km/s]=14.989
t=0.0828024 single-single idm=1704077(mm=40.5) id1=842968(m1=40.5):id2=24077(m2=0.549065) (r=0.0238278) typem=14 type1=14 type2=0 b[RSUN]=106.433 vinf[km/s]=19.3703
t=0.0828536 single-single idm=1848260(mm=2.00224) id1=168260(m1=0.0851385):id2=1367802(m2=1.9171) (r=0.528672) typem=1 type1=0 type2=1 b[RSUN]=23.1657 vinf[km/s]=37.8312
t=0.0836066 single-single idm=2857051(mm=1.23501) id1=1177051(m1=0.38676):id2=1569429(m2=0.848254) (r=1.75189) typem=1 type1=0 type2=1 b[RSUN]=15.9847 vinf[km/s]=38.4627
t=0.0867751 single-single idm=2597997(mm=2.72806) id1=1059731(m1=1.5671):id2=917997(m2=1.16095) (r=0.873024) typem=1 type1=1 type2=1 b[RSUN]=144.984 vinf[km/s]=9.10431
t=0.0871494 single-single idm=1917205(mm=2.43439) id1=927250(m1=0.282038):id2=237205(m2=2.22967) (r=1.01098) typem=4 type1=0 type2=4 b[RSUN]=204.597 vinf[km/s]=11.6325
t=0.0873156 binary-single idm=1844800(mm=0.741405) id1=164800(m1=0.620732):id2=1134454(m2=0.120673) (r=1.24733) typem=0 type1=0 type2=0 
t=0.0885665 binary-single idm=1953648(mm=0.657859) id1=951000(m1=0.38275):id2=273648(m2=0.275109) (r=1.0385) typem=0 type1=0 type2=0 
t=0.0893215 single-single idm=1991466(mm=2.32965) id1=311466(m1=2.23785):id2=860151(m2=0.0918649) (r=1.80825) typem=5 type1=5 type2=0 b[RSUN]=284.177 vinf[km/s]=17.2446
t=0.090376 binary-single idm=2305631(mm=3.13215) id1=625631(m1=1.80705):id2=1600939(m2=1.3251) (r=1.07104) typem=1 type1=1 type2=1 
t=0.0922084 single-single idm=1723033(mm=27.2257) id1=244983(m1=27.2257):id2=43033(m2=2.12396) (r=0.119198) typem=14 type1=14 type2=4 b[RSUN]=1227.96 vinf[km/s]=7.68655
t=0.0935523 single-single idm=2635354(mm=1.37435) id1=955354(m1=0.742321):id2=1336656(m2=0.632028) (r=2.30541) typem=1 type1=0 type2=0 b[RSUN]=2.72505 vinf[km/s]=25.9992
t=0.0951098 single-single idm=1880685(mm=18.3105) id1=2220770(m1=18.3105):id2=200684(m2=0.507286) (r=1.1621) typem=14 type1=14 type2=0 b[RSUN]=43.1398 vinf[km/s]=26.1437
t=0.095945 binary-single idm=2643343(mm=0.598207) id1=963343(m1=0.41252):id2=1668362(m2=0.185687) (r=2.86473) typem=0 type1=0 type2=0 
t=0.0961101 single-single idm=2151044(mm=1.42745) id1=1375785(m1=0.786852):id2=471044(m2=0.6406) (r=2.73603) typem=1 type1=1 type2=0 b[RSUN]=52.7104 vinf[km/s]=7.59932
t=0.0966524 single-single idm=2001578(mm=0.621588) id1=321578(m1=0.45898):id2=1294629(m2=0.162608) (r=2.56705) typem=0 type1=0 type2=0 b[RSUN]=10.5801 vinf[km/s]=28.6535
t=0.0970393 binary-single idm=2603219(mm=0.686036) id1=923219(m1=0.382047):id2=1623454(m2=0.303989) (r=1.12472) typem=0 type1=0 type2=0 
t=0.0971098 binary-single idm=2150496(mm=28.7829) id1=470496(m1=28.7829):id2=545399(m2=0.383886) (r=0.0280802) typem=14 type1=14 type2=0 
t=0.0980606 single-single idm=1790390(mm=2.22507) id1=110390(m1=2.11896):id2=951314(m2=0.156136) (r=0.581645) typem=4 type1=4 type2=0 b[RSUN]=56.3437 vinf[km/s]=39.8291
t=0.100643 binary-single idm=2892449(mm=0.552925) id1=1212449(m1=0.3036):id2=1628926(m2=0.249325) (r=2.27824) typem=0 type1=0 type2=0 
t=0.101344 single-single idm=2049013(mm=2.11941) id1=401070(m1=2.13583):id2=369013(m2=0.0887767) (r=1.46151) typem=4 type1=4 type2=0 b[RSUN]=179.068 vinf[km/s]=11.7925
t=0.103687 single-single idm=1730503(mm=2.15056) id1=1059425(m1=0.690096):id2=50503(m2=1.46047) (r=1.98379) typem=1 type1=0 type2=1 b[RSUN]=49.7456 vinf[km/s]=18.8321
t=0.104348 binary-single idm=2679702(mm=1.32904) id1=999702(m1=1.23866):id2=1669587(m2=0.0903738) (r=1.22807) typem=1 type1=1 type2=0 
t=0.104454 single-single idm=2910513(mm=0.385035) id1=1479590(m1=0.130356):id2=1230513(m2=0.254679) (r=2.23173) typem=0 type1=0 type2=0 b[RSUN]=2.71345 vinf[km/s]=45.1113
t=0.104708 binary-single idm=3219173(mm=0.331866) id1=1539173(m1=0.111885):id2=1677556(m2=0.219981) (r=2.17553) typem=0 type1=0 type2=0 
t=0.105213 binary-single idm=2939958(mm=0.556368) id1=1259958(m1=0.335054):id2=1631664(m2=0.221313) (r=1.23622) typem=0 type1=0 type2=0 
t=0.105452 single-single idm=1831545(mm=2.0468) id1=1037284(m1=0.993283):id2=151545(m2=1.05351) (r=0.924605) typem=6 type1=11 type2=1 b[RSUN]=6.4515 vinf[km/s]=11.9512
t=0.106816 binary-single idm=2299442(mm=1.39501) id1=619442(m1=0.848435):id2=1631090(m2=0.546572) (r=0.943438) typem=1 type1=1 type2=0 
t=0.108753 single-single idm=1764158(mm=0.936087) id1=840362(m1=0.579321):id2=84158(m2=0.356766) (r=2.27342) typem=1 type1=0 type2=0 b[RSUN]=16.6581 vinf[km/s]=31.8459
t=0.110574 single-single idm=1899935(mm=3.29072) id1=1325613(m1=1.66576):id2=219935(m2=1.62699) (r=1.59308) typem=6 type1=6 type2=1 b[RSUN]=374.192 vinf[km/s]=28.1448
t=0.11079 binary-single idm=2483852(mm=0.90246) id1=901741(m1=0.0871609):id2=803852(m2=0.815299) (r=1.05152) typem=1 type1=0 type2=1 
t=0.112279 single-single idm=2390489(mm=2.01559) id1=710489(m1=0.157799):id2=918157(m2=1.85837) (r=1.11025) typem=6 type1=0 type2=6 b[RSUN]=1545.1 vinf[km/s]=7.5604
t=0.113109 single-single idm=1944604(mm=2.07073) id1=264604(m1=2.04904):id2=316418(m2=0.13534) (r=0.356232) typem=4 type1=4 type2=0 b[RSUN]=6.86176 vinf[km/s]=37.6006
t=0.113327 binary-single idm=2661647(mm=73.7898) id1=981647(m1=37.0188):id2=1017264(m2=40.5) (r=0.00474958) typem=14 type1=14 type2=14 
t=0.113969 binary-binary idm=1886583(mm=0.68626) id1=206583(m1=0.532812):id2=1593755(m2=0.153449) (r=2.81126) typem=0 type1=0 type2=0 
t=0.113969 binary-binary idm=3284254(mm=0.544086) id1=1675507(m1=0.437991):id2=1604254(m2=0.106095) (r=2.81126) typem=0 type1=0 type2=0 
t=0.114742 binary-single idm=3116288(mm=1.1069) id1=1436288(m1=0.58033):id2=1630349(m2=0.526574) (r=1.79483) typem=1 type1=0 type2=0 
t=0.11552 single-single idm=1918733(mm=0.758273) id1=238733(m1=0.648694):id2=1195627(m2=0.109579) (r=1.50119) typem=1 type1=0 type2=0 b[RSUN]=9.00829 vinf[km/s]=40.2907
t=0.117003 single-single idm=2321864(mm=0.994666) id1=641864(m1=0.62745):id2=863869(m2=0.367216) (r=0.833359) typem=1 type1=0 type2=0 b[RSUN]=8.51677 vinf[km/s]=21.7755
t=0.117442 binary-binary idm=2002615(mm=0.562676) id1=1617120(m1=0.123719):id2=322615(m2=0.438956) (r=0.968264) typem=0 type1=0 type2=0 
t=0.119529 single-single idm=1682263(mm=1.35676) id1=1105937(m1=1.26084):id2=2263(m2=0.0959206) (r=0.413736) typem=1 type1=1 type2=0 b[RSUN]=18.6401 vinf[km/s]=23.3881
t=0.119994 single-single idm=2847880(mm=2.13148) id1=1167880(m1=1.70162):id2=1259881(m2=0.429862) (r=1.526) typem=1 type1=1 type2=0 b[RSUN]=54.4829 vinf[km/s]=12.9604
t=0.119996 single-single idm=1762874(mm=18.2186) id1=82874(m1=18.2186):id2=1378177(m2=1.91561) (r=0.322261) typem=14 type1=14 type2=4 b[RSUN]=355.958 vinf[km/s]=22.786
t=0.120982 single-single idm=2436804(mm=0.967241) id1=756804(m1=0.137603):id2=802545(m2=0.829638) (r=2.31199) typem=1 type1=0 type2=1 b[RSUN]=24.4103 vinf[km/s]=22.2574
t=0.121309 binary-single idm=2070990(mm=1.72218) id1=390990(m1=1.35265):id2=1117803(m2=0.369525) (r=1.98381) typem=1 type1=1 type2=0 
t=0.121386 single-single idm=1750525(mm=1.09792) id1=629683(m1=0.567104):id2=70525(m2=0.530816) (r=1.15519) typem=1 type1=0 type2=0 b[RSUN]=16.4159 vinf[km/s]=30.6606
t=0.121551 binary-single idm=1776690(mm=0.670429) id1=96690(m1=0.381175):id2=1621783(m2=0.289254) (r=0.588507) typem=0 type1=0 type2=0 
t=0.125266 binary-single idm=1711307(mm=0.390983) id1=31307(m1=0.13377):id2=1619671(m2=0.257213) (r=1.16615) typem=0 type1=0 type2=0 
t=0.125636 binary-single idm=2829079(mm=0.337952) id1=1149079(m1=0.0867827):id2=1678699(m2=0.25117) (r=1.46455) typem=0 type1=0 type2=0 
t=0.125717 binary-single idm=2028278(mm=0.986664) id1=348278(m1=0.448472):id2=1661992(m2=0.538192) (r=3.38442) typem=1 type1=0 type2=0 
t=0.128043 single-single idm=1787354(mm=0.515426) id1=395102(m1=0.111939):id2=107354(m2=0.403487) (r=0.826817) typem=0 type1=0 type2=0 b[RSUN]=9.18933 vinf[km/s]=33.9548
t=0.128596 binary-single idm=2394607(mm=0.874394) id1=714607(m1=0.110428):id2=1674297(m2=0.763966) (r=1.17554) typem=1 type1=0 type2=1 
t=0.132352 binary-single idm=2871595(mm=0.615941) id1=1191595(m1=0.271231):id2=1674546(m2=0.34471) (r=0.444233) typem=0 type1=0 type2=0 
t=0.13249 single-single idm=3014496(mm=0.639052) id1=1334496(m1=0.539026):id2=1528476(m2=0.100026) (r=4.33545) typem=0 type1=0 type2=0 b[RSUN]=19.9259 vinf[km/s]=17.686
t=0.133172 single-single idm=1692750(mm=0.501174) id1=12750(m1=0.0921888):id2=414232(m2=0.408985) (r=2.77697) typem=0 type1=0 type2=0 b[RSUN]=38.6888 vinf[km/s]=7.63038
t=0.134153 binary-single idm=2491751(mm=0.509297) id1=811751(m1=0.223772):id2=922204(m2=0.285524) (r=0.624091) typem=0 type1=0 type2=0 
t=0.137376 single-single idm=2300888(mm=19.0291) id1=791990(m1=19.0291):id2=620888(m2=1.12708) (r=0.324013) typem=14 type1=14 type2=1 b[RSUN]=4.22306 vinf[km/s]=24.6933
t=0.139112 binary-single idm=2130831(mm=2.83045) id1=450831(m1=1.26686):id2=1672128(m2=1.56359) (r=1.36855) typem=1 type1=1 type2=1 
t=0.143744 binary-single idm=2032997(mm=1.12797) id1=352997(m1=0.161446):id2=1616323(m2=0.966523) (r=0.964586) typem=1 type1=0 type2=1 
t=0.145898 single-single idm=1742669(mm=1.90753) id1=62669(m1=0.130061):id2=411362(m2=1.82552) (r=0.906487) typem=4 type1=0 type2=4 b[RSUN]=154.124 vinf[km/s]=11.3308
t=0.147852 single-single idm=2030098(mm=1.88903) id1=350098(m1=0.0822864):id2=810235(m2=1.83375) (r=0.564528) typem=4 type1=0 type2=4 b[RSUN]=60.8861 vinf[km/s]=21.6808
t=0.15043 single-single idm=2463548(mm=0.561917) id1=783548(m1=0.324127):id2=868053(m2=0.23779) (r=0.754547) typem=0 type1=0 type2=0 b[RSUN]=8.58537 vinf[km/s]=33.5838
t=0.154529 binary-single idm=1944658(mm=0.837048) id1=264658(m1=0.219119):id2=885806(m2=0.617929) (r=1.11973) typem=1 type1=0 type2=0 
t=0.155584 binary-single idm=1949639(mm=0.922771) id1=1504019(m1=0.392094):id2=269639(m2=0.530677) (r=2.13851) typem=1 type1=0 type2=0 
t=0.156034 single-single idm=2158546(mm=1.91784) id1=957641(m1=1.79343):id2=478546(m2=0.220098) (r=1.14548) typem=4 type1=4 type2=0 b[RSUN]=77.4721 vinf[km/s]=33.8883
t=0.157334 binary-single idm=2060007(mm=56.0642) id1=380007(m1=29.5458):id2=1329604(m2=29.3618) (r=0.0192118) typem=14 type1=14 type2=14 
t=0.157507 single-single idm=2423667(mm=0.440693) id1=1481318(m1=0.150736):id2=743667(m2=0.289957) (r=2.0531) typem=0 type1=0 type2=0 b[RSUN]=4.0194 vinf[km/s]=30.984
t=0.15752 single-single idm=2773021(mm=0.283162) id1=1208022(m1=0.093593):id2=1093021(m2=0.189569) (r=1.54994) typem=0 type1=0 type2=0 b[RSUN]=6.70456 vinf[km/s]=15.4716
t=0.157677 single-single idm=2039734(mm=0.62068) id1=397783(m1=0.0932759):id2=359734(m2=0.527405) (r=1.33263) typem=0 type1=0 type2=0 b[RSUN]=5.24992 vinf[km/s]=22.5953
t=0.158072 binary-single idm=2413638(mm=0.914214) id1=733638(m1=0.554031):id2=1609232(m2=0.360183) (r=1.93705) typem=1 type1=0 type2=0 
t=0.159081 binary-binary idm=1803308(mm=1.97062) id1=123308(m1=0.470217):id2=797225(m2=1.5004) (r=0.491325) typem=1 type1=0 type2=1 
t=0.161721 single-single idm=2412017(mm=1.65803) id1=732017(m1=0.187564):id2=938717(m2=1.47047) (r=2.02835) typem=1 type1=0 type2=1 b[RSUN]=33.3922 vinf[km/s]=18.2098
t=0.16218 binary-single idm=2124541(mm=1.58371) id1=1471039(m1=0.349115):id2=444540(m2=0.958175):id3=1609210(m3=0.276417) (r=0.978218) typem=1 type1=0 type2=1 type3=0 
t=0.162702 binary-single idm=1865827(mm=14.2535) id1=185827(m1=14.2535):id2=1628399(m2=0.291013) (r=0.643554) typem=14 type1=14 type2=0 
t=0.166335 binary-single idm=2439981(mm=0.81968) id1=759981(m1=0.358633):id2=1611332(m2=0.461047) (r=0.638563) typem=1 type1=0 type2=0 
t=0.166683 binary-single idm=3231480(mm=0.654003) id1=1551480(m1=0.55841):id2=1647586(m2=0.0955936) (r=3.34086) typem=0 type1=0 type2=0 
t=0.167468 single-single idm=1962616(mm=0.347004) id1=1323970(m1=0.248336):id2=282616(m2=0.0986682) (r=5.08024) typem=0 type1=0 type2=0 b[RSUN]=40.8383 vinf[km/s]=5.50094
t=0.171072 binary-binary idm=2444226(mm=2.13245) id1=764226(m1=1.24773):id2=1646785(m2=0.884717) (r=0.225534) typem=1 type1=1 type2=1 
t=0.171922 single-single idm=3131206(mm=0.970683) id1=1451206(m1=0.427993):id2=1555919(m2=0.54269) (r=4.01996) typem=1 type1=0 type2=0 b[RSUN]=11.9118 vinf[km/s]=29.3018
t=0.174762 single-single idm=2162597(mm=0.443902) id1=1492991(m1=0.154848):id2=482597(m2=0.289054) (r=2.27656) typem=0 type1=0 type2=0 b[RSUN]=41.5003 vinf[km/s]=6.48833
t=0.175236 binary-single idm=3208588(mm=23.8683) id1=1528588(m1=23.8683):id2=1618213(m2=1.44812) (r=0.021724) typem=14 type1=14 type2=1 
t=0.176206 binary-single idm=1956781(mm=0.269449) id1=276781(m1=0.139504):id2=1623282(m2=0.129945) (r=0.0644375) typem=0 type1=0 type2=0 
t=0.180701 single-single idm=2205157(mm=1.18191) id1=525157(m1=0.835873):id2=616633(m2=0.346039) (r=1.15948) typem=1 type1=1 type2=0 b[RSUN]=22.6023 vinf[km/s]=4.68764
t=0.182231 single-single idm=2423921(mm=1.74607) id1=1501859(m1=1.12386):id2=743921(m2=0.622206) (r=1.77802) typem=1 type1=1 type2=0 b[RSUN]=13.791 vinf[km/s]=32.1036
t=0.18621 binary-single idm=2372144(mm=75.668) id1=692144(m1=49.1182):id2=1425451(m2=29.9074) (r=0.00107822) typem=14 type1=14 type2=14 
t=0.18729 single-single idm=1866798(mm=0.935027) id1=1193611(m1=0.837514):id2=186798(m2=0.0975135) (r=3.48842) typem=1 type1=1 type2=0 b[RSUN]=25.2482 vinf[km/s]=21.2658
t=0.187813 single-single idm=2060818(mm=0.941845) id1=380818(m1=0.62829):id2=385915(m2=0.313555) (r=1.98002) typem=1 type1=0 type2=0 b[RSUN]=43.7016 vinf[km/s]=6.90191
t=0.189921 single-single idm=1906217(mm=1.00409) id1=226217(m1=0.160266):id2=774737(m2=0.84382) (r=1.82967) typem=1 type1=0 type2=1 b[RSUN]=31.7783 vinf[km/s]=16.601
t=0.1985 binary-single idm=1924470(mm=0.51899) id1=244470(m1=0.299636):id2=1639830(m2=0.219354) (r=0.396707) typem=0 type1=0 type2=0 
t=0.201739 single-single idm=2174513(mm=1.42852) id1=494513(m1=1.05282):id2=1088994(m2=0.375696) (r=0.860465) typem=1 type1=1 type2=0 b[RSUN]=16.5747 vinf[km/s]=40.1253
t=0.201763 single-single idm=2375935(mm=1.84528) id1=695935(m1=1.59203):id2=908599(m2=0.552563) (r=0.815069) typem=3 type1=4 type2=0 b[RSUN]=58.5003 vinf[km/s]=22.0368
t=0.201911 single-single idm=2016587(mm=1.48594) id1=587843(m1=1.05448):id2=336587(m2=0.431463) (r=0.121959) typem=1 type1=1 type2=0 b[RSUN]=25.6582 vinf[km/s]=27.9935
t=0.202547 single-single idm=2350641(mm=1.73163) id1=670641(m1=1.57263):id2=939717(m2=0.159251) (r=0.971803) typem=5 type1=5 type2=0 b[RSUN]=174.255 vinf[km/s]=19.776
t=0.203242 single-single idm=2100680(mm=0.317114) id1=1568315(m1=0.234592):id2=420680(m2=0.0825212) (r=1.71029) typem=0 type1=0 type2=0 b[RSUN]=7.41612 vinf[km/s]=18.3663
t=0.203435 single-single idm=1780036(mm=0.585202) id1=100036(m1=0.363243):id2=796007(m2=0.221959) (r=1.60459) typem=0 type1=0 type2=0 b[RSUN]=25.4572 vinf[km/s]=10.1175
t=0.206275 binary-single idm=2061923(mm=18.3393) id1=381923(m1=0.343026):id2=414660(m2=18.3393) (r=0.051638) typem=14 type1=0 type2=14 
t=0.211211 single-single idm=2794431(mm=0.333066) id1=1114431(m1=0.148498):id2=1271183(m2=0.184567) (r=1.83531) typem=0 type1=0 type2=0 b[RSUN]=6.48359 vinf[km/s]=30.0791
t=0.211423 single-single idm=1805333(mm=1.362) id1=645402(m1=1.16779):id2=125333(m2=0.194208) (r=0.416561) typem=1 type1=1 type2=0 b[RSUN]=14.2681 vinf[km/s]=25.3101
t=0.211656 binary-single idm=2981135(mm=1.30638) id1=1301135(m1=0.875003):id2=1630453(m2=0.43138) (r=1.69985) typem=1 type1=1 type2=0 
t=0.212983 binary-single idm=2183727(mm=55.9737) id1=1574736(m1=29.2104):id2=503727(m2=29.6019) (r=0.0116017) typem=14 type1=14 type2=14 
t=0.213089 single-single idm=2501548(mm=0.328624) id1=821548(m1=0.0937715):id2=1281107(m2=0.234852) (r=2.23487) typem=0 type1=0 type2=0 b[RSUN]=4.43302 vinf[km/s]=41.8653
t=0.213222 binary-single idm=3007365(mm=1.01721) id1=1327365(m1=0.886789):id2=1601294(m2=0.130425) (r=2.27944) typem=1 type1=1 type2=0 
t=0.21524 single-single idm=1834849(mm=1.0698) id1=154849(m1=0.52666):id2=681159(m2=0.543139) (r=2.56959) typem=1 type1=0 type2=0 b[RSUN]=26.3041 vinf[km/s]=13.4498
t=0.217628 single-single idm=2299477(mm=1.21366) id1=690154(m1=0.384079):id2=619477(m2=0.829579) (r=2.55554) typem=6 type1=0 type2=11 b[RSUN]=11.7243 vinf[km/s]=22.43
t=0.218291 binary-single idm=2165575(mm=0.330668) id1=485575(m1=0.217739):id2=1677324(m2=0.112929) (r=1.86645) typem=0 type1=0 type2=0 
t=0.218676 binary-single idm=1872953(mm=0.419696) id1=192953(m1=0.137813):id2=566504(m2=0.281882) (r=1.2857) typem=0 type1=0 type2=0 
t=0.219343 binary-single idm=2455801(mm=1.60591) id1=775801(m1=0.0833484):id2=1255720(m2=1.53142) (r=2.39845) typem=2 type1=0 type2=2 
t=0.220623 single-single idm=1692334(mm=0.21619) id1=12334(m1=0.12439):id2=868405(m2=0.0917996) (r=1.22677) typem=0 type1=0 type2=0 b[RSUN]=8.49925 vinf[km/s]=16.4275
t=0.222042 single-single idm=2226560(mm=1.15392) id1=1143115(m1=0.994453):id2=546560(m2=0.159462) (r=0.589426) typem=1 type1=1 type2=0 b[RSUN]=12.2458 vinf[km/s]=46.5833
t=0.222166 single-single idm=2202351(mm=1.9084) id1=522351(m1=1.19007):id2=859627(m2=0.718331) (r=1.62386) typem=1 type1=1 type2=0 b[RSUN]=21.6319 vinf[km/s]=23.7076
t=0.222298 single-single idm=2420484(mm=0.25427) id1=740484(m1=0.0948902):id2=1024033(m2=0.15938) (r=1.30311) typem=0 type1=0 type2=0 b[RSUN]=7.14624 vinf[km/s]=14.1511
t=0.227398 single-single idm=2792120(mm=0.611072) id1=1112120(m1=0.522277):id2=1591016(m2=0.0887949) (r=4.31364) typem=0 type1=0 type2=0 b[RSUN]=8.36214 vinf[km/s]=18.5629
t=0.230213 single-single idm=2850052(mm=1.98784) id1=1170052(m1=1.65271):id2=1252821(m2=0.335613) (r=1.59228) typem=6 type1=6 type2=0 b[RSUN]=604.489 vinf[km/s]=13.6776
t=0.232188 binary-binary idm=1998153(mm=0.331284) id1=318153(m1=0.1825):id2=1619534(m2=0.148784) (r=0.0221285) typem=0 type1=0 type2=0 
t=0.23588 binary-single idm=2884803(mm=1.07699) id1=1204803(m1=0.392542):id2=1628464(m2=0.684451) (r=1.95559) typem=1 type1=0 type2=0 
t=0.236815 binary-single idm=1737393(mm=51.7364) id1=57393(m1=29.7372):id2=1463990(m2=24.581) (r=0.0238024) typem=14 type1=14 type2=14 
t=0.237053 single-single idm=2379098(mm=1.01971) id1=699098(m1=0.740055):id2=1278535(m2=0.279657) (r=2.80301) typem=1 type1=0 type2=0 b[RSUN]=25.8581 vinf[km/s]=9.82797
t=0.238937 single-single idm=2013902(mm=0.274108) id1=333902(m1=0.129491):id2=1511670(m2=0.144617) (r=2.27151) typem=0 type1=0 type2=0 b[RSUN]=4.79791 vinf[km/s]=28.5611
t=0.239152 single-single idm=1923922(mm=0.751735) id1=1586197(m1=0.0979443):id2=243922(m2=0.653791) (r=4.44845) typem=0 type1=0 type2=0 b[RSUN]=75.082 vinf[km/s]=3.32978
t=0.239209 binary-single idm=2059483(mm=29.8244) id1=379483(m1=1.33488):id2=999897(m2=29.8244) (r=0.00917145) typem=14 type1=1 type2=14 
t=0.245405 single-single idm=2201117(mm=2.04636) id1=521117(m1=1.27847):id2=586226(m2=0.768883) (r=1.06439) typem=6 type1=6 type2=1 b[RSUN]=849.144 vinf[km/s]=13.4225
t=0.247873 binary-single idm=2112284(mm=0.733588) id1=432284(m1=0.39471):id2=1605223(m2=0.338879) (r=2.59027) typem=0 type1=0 type2=0 
t=0.249073 single-single idm=2600256(mm=1.0252) id1=925619(m1=0.175115):id2=920256(m2=0.850081) (r=1.02065) typem=1 type1=0 type2=1 b[RSUN]=14.9426 vinf[km/s]=30.9195
t=0.249117 single-single idm=1718258(mm=0.322788) id1=467537(m1=0.138131):id2=38258(m2=0.184656) (r=1.73689) typem=0 type1=0 type2=0 b[RSUN]=9.4534 vinf[km/s]=20.7718
t=0.249399 binary-binary idm=1801014(mm=57.3138) id1=121014(m1=25.5917):id2=159815(m2=34.5155) (r=0.010907) typem=14 type1=14 type2=14 
t=0.251012 single-single idm=1979365(mm=0.690988) id1=493989(m1=0.250983):id2=299365(m2=0.440005) (r=3.20215) typem=0 type1=0 type2=0 b[RSUN]=10.8607 vinf[km/s]=18.612
t=0.253254 single-single idm=1720106(mm=1.17948) id1=169355(m1=0.17764):id2=40106(m2=1.00184) (r=2.4663) typem=6 type1=0 type2=11 b[RSUN]=18.5989 vinf[km/s]=14.5368
t=0.254636 binary-single idm=2062260(mm=15.2789) id1=382260(m1=0.657769):id2=1526203(m2=15.2789) (r=0.417811) typem=14 type1=0 type2=14 
t=0.25575 single-single idm=1713370(mm=1.72116) id1=775776(m1=0.506242):id2=33370(m2=1.21491) (r=1.79186) typem=1 type1=0 type2=1 b[RSUN]=36.751 vinf[km/s]=21.7208
t=0.258044 binary-single idm=2865164(mm=55.0006) id1=1185164(m1=26.5254):id2=1338966(m2=31.2317) (r=0.0234057) typem=14 type1=14 type2=14 
t=0.258986 binary-single idm=2345318(mm=1.43974) id1=987475(m1=0.108699):id2=665318(m2=1.33104) (r=1.1663) typem=1 type1=0 type2=1 
t=0.259391 single-single idm=2262348(mm=0.789841) id1=582348(m1=0.395584):id2=1153905(m2=0.394258) (r=1.69945) typem=1 type1=0 type2=0 b[RSUN]=109.465 vinf[km/s]=3.1591
t=0.259796 binary-single idm=2413921(mm=0.544455) id1=733921(m1=0.109532):id2=1601497(m2=0.434924) (r=2.2931) typem=0 type1=0 type2=0 
t=0.263937 single-single idm=1745251(mm=2.63358) id1=108474(m1=1.42237):id2=65251(m2=1.21121) (r=1.21941) typem=1 type1=1 type2=1 b[RSUN]=295.138 vinf[km/s]=6.16209
t=0.264314 binary-single idm=2048342(mm=2.01431) id1=368342(m1=0.866153):id2=1675080(m2=1.14816) (r=2.0564) typem=1 type1=1 type2=1 
t=0.266595 single-single idm=2460157(mm=0.515635) id1=780157(m1=0.102035):id2=1309162(m2=0.4136) (r=2.85777) typem=0 type1=0 type2=0 b[RSUN]=12.0496 vinf[km/s]=21.1741
t=0.275406 binary-binary idm=2553373(mm=1.1439) id1=873373(m1=0.327438):id2=1678088(m2=0.816466) (r=0.0425683) typem=3 type1=10 type2=1 
t=0.277024 binary-single idm=2888608(mm=1.60393) id1=1208608(m1=1.3272):id2=1678730(m2=0.276735) (r=1.40501) typem=1 type1=1 type2=0 
t=0.280328 single-single idm=1818725(mm=1.242) id1=138725(m1=1.242):id2=676158(m2=0.0972011) (r=1.60517) typem=13 type1=13 type2=0 b[RSUN]=5.49894 vinf[km/s]=23.8105
t=0.281216 single-single idm=2091917(mm=1.74508) id1=411917(m1=0.642313):id2=1290685(m2=1.38564) (r=1.51328) typem=4 type1=0 type2=4 b[RSUN]=60.9549 vinf[km/s]=19.436
t=0.282494 binary-binary idm=2087242(mm=32.7732) id1=407242(m1=32.7732):id2=1638168(m2=0.148322) (r=0.0316298) typem=14 type1=14 type2=0 
t=0.285457 single-single idm=1742488(mm=0.995642) id1=62488(m1=0.91322):id2=627956(m2=0.0824225) (r=2.69813) typem=6 type1=11 type2=0 b[RSUN]=4.3105 vinf[km/s]=30.3666
t=0.285844 single-single idm=2087688(mm=0.928309) id1=407688(m1=0.430385):id2=789257(m2=0.497924) (r=2.75384) typem=1 type1=0 type2=0 b[RSUN]=28.6764 vinf[km/s]=18.1378
t=0.288034 single-single idm=1960611(mm=1.17829) id1=280611(m1=0.90049):id2=471464(m2=0.277804) (r=2.77819) typem=1 type1=1 type2=0 b[RSUN]=27.6095 vinf[km/s]=11.1956
t=0.28825 binary-binary idm=2016365(mm=1.17572) id1=336365(m1=0.667765):id2=1603137(m2=0.507957) (r=1.38518) typem=1 type1=0 type2=0 
t=0.29488 binary-single idm=1947834(mm=0.457231) id1=267834(m1=0.333711):id2=1659649(m2=0.12352) (r=0.215813) typem=0 type1=0 type2=0 
t=0.295526 single-single idm=1772599(mm=2.44423) id1=556830(m1=1.39028):id2=92599(m2=1.05401) (r=1.19033) typem=3 type1=3 type2=1 b[RSUN]=92.44 vinf[km/s]=21.2696
t=0.296383 single-single idm=1947417(mm=0.910869) id1=267417(m1=0.776463):id2=316615(m2=0.13611) (r=1.42884) typem=6 type1=6 type2=0 b[RSUN]=232.785 vinf[km/s]=40.5851
t=0.301626 single-single idm=2608310(mm=0.227358) id1=928310(m1=0.143989):id2=1517055(m2=0.0833689) (r=3.75587) typem=0 type1=0 type2=0 b[RSUN]=3.49461 vinf[km/s]=25.4511
t=0.310621 binary-single idm=1913360(mm=0.165481) id1=233360(m1=0.084292):id2=1671951(m2=0.081189) (r=1.36097) typem=0 type1=0 type2=0 
t=0.31102 single-single idm=1694466(mm=0.954003) id1=275365(m1=0.831288):id2=14466(m2=0.122715) (r=4.81721) typem=6 type1=11 type2=0 b[RSUN]=1.74525 vinf[km/s]=24.3895
t=0.314366 binary-single idm=1691230(mm=0.535319) id1=11230(m1=0.100062):id2=178618(m2=0.435257) (r=3.27638) typem=0 type1=0 type2=0 
t=0.316216 single-single idm=1745364(mm=0.606512) id1=65364(m1=0.126871):id2=335446(m2=0.479641) (r=2.22003) typem=0 type1=0 type2=0 b[RSUN]=9.34974 vinf[km/s]=26.482
t=0.318682 single-single idm=1750474(mm=0.60567) id1=70474(m1=0.210704):id2=299190(m2=0.394966) (r=6.8992) typem=0 type1=0 type2=0 b[RSUN]=29.2192 vinf[km/s]=9.46466
t=0.320203 single-single idm=2127151(mm=1.31529) id1=1295699(m1=0.977023):id2=447151(m2=0.338264) (r=3.9901) typem=1 type1=1 type2=0 b[RSUN]=57.8808 vinf[km/s]=9.22491
t=0.321944 binary-single idm=2142784(mm=0.574734) id1=1316259(m1=0.0879205):id2=462784(m2=0.486814) (r=2.10379) typem=0 type1=0 type2=0 
t=0.322052 binary-single idm=2697299(mm=0.52737) id1=1017299(m1=0.421726):id2=1667397(m2=0.105643) (r=1.65572) typem=0 type1=0 type2=0 
t=0.322914 single-single idm=1685831(mm=1.11857) id1=5831(m1=1.00894):id2=1072663(m2=0.109637) (r=3.2652) typem=6 type1=11 type2=0 b[RSUN]=4.43524 vinf[km/s]=25.8595
t=0.327661 binary-single idm=1897640(mm=0.312942) id1=217640(m1=0.110159):id2=1677439(m2=0.202783) (r=0.87278) typem=0 type1=0 type2=0 
t=0.335606 single-single idm=2697412(mm=0.362661) id1=1017412(m1=0.182118):id2=1276223(m2=0.180543) (r=3.74275) typem=0 type1=0 type2=0 b[RSUN]=9.71136 vinf[km/s]=13.2476
t=0.338643 single-single idm=2132326(mm=1.83134) id1=1052294(m1=1.30512):id2=452326(m2=0.526464) (r=1.93167) typem=3 type1=3 type2=0 b[RSUN]=330.902 vinf[km/s]=15.1506
t=0.33885 single-single idm=2439088(mm=0.94378) id1=759088(m1=0.742159):id2=1204364(m2=0.201622) (r=1.99122) typem=6 type1=11 type2=0 b[RSUN]=6.86761 vinf[km/s]=30.9974
t=0.340648 binary-single idm=1966371(mm=0.32149) id1=286371(m1=0.204746):id2=1635203(m2=0.116745) (r=1.38671) typem=0 type1=0 type2=0 
t=0.341448 single-single idm=2006417(mm=2.07497) id1=326417(m1=1.55376):id2=836042(m2=0.521257) (r=1.53196) typem=3 type1=3 type2=0 b[RSUN]=95.8559 vinf[km/s]=9.87467
t=0.345886 single-single idm=2242806(mm=1.34377) id1=562806(m1=1.02019):id2=918416(m2=0.323574) (r=1.54883) typem=6 type1=11 type2=0 b[RSUN]=11.8072 vinf[km/s]=33.0553
t=0.34902 single-single idm=1828034(mm=0.529109) id1=148034(m1=0.163737):id2=566918(m2=0.365372) (r=0.86429) typem=0 type1=0 type2=0 b[RSUN]=6.5986 vinf[km/s]=47.3913
t=0.352169 binary-single idm=2137658(mm=0.788704) id1=457658(m1=0.682162):id2=1620067(m2=0.106542) (r=1.49513) typem=1 type1=0 type2=0 
t=0.353204 single-single idm=2553416(mm=0.321634) id1=873416(m1=0.212638):id2=1555141(m2=0.108996) (r=2.14989) typem=0 type1=0 type2=0 b[RSUN]=5.07067 vinf[km/s]=31.427
t=0.354664 binary-single idm=1709414(mm=1.26902) id1=1347349(m1=0.994854):id2=1637026(m2=0.12355):id3=29413(m3=0.150612) (r=1.09294) typem=1 type1=1 type2=0 type3=0 
t=0.356528 binary-single idm=2743213(mm=1.94188) id1=1063213(m1=1.19722):id2=1617264(m2=0.744659) (r=0.911395) typem=1 type1=1 type2=0 
t=0.360492 binary-single idm=2728671(mm=0.273358) id1=1048671(m1=0.170891):id2=1634482(m2=0.102467) (r=1.54525) typem=0 type1=0 type2=0 
t=0.364348 single-single idm=2655217(mm=1.50086) id1=1225756(m1=0.301585):id2=975217(m2=1.19991) (r=1.29552) typem=6 type1=0 type2=6 b[RSUN]=1262.41 vinf[km/s]=6.18879
t=0.370446 single-single idm=1854465(mm=1.27764) id1=174465(m1=1.24465):id2=1018400(m2=0.174339) (r=1.06437) typem=4 type1=4 type2=0 b[RSUN]=113.545 vinf[km/s]=15.9674
t=0.377089 single-single idm=1898583(mm=0.88538) id1=476402(m1=0.413458):id2=218583(m2=0.471921) (r=2.56916) typem=1 type1=0 type2=0 b[RSUN]=17.0942 vinf[km/s]=14.3165
t=0.37986 single-single idm=1861505(mm=0.767162) id1=181505(m1=0.407901):id2=809881(m2=0.359261) (r=0.887658) typem=1 type1=0 type2=0 b[RSUN]=9.49967 vinf[km/s]=40.4293
t=0.388746 single-single idm=1791553(mm=0.442302) id1=1159765(m1=0.170321):id2=111553(m2=0.271982) (r=3.36216) typem=0 type1=0 type2=0 b[RSUN]=19.3956 vinf[km/s]=12.047
t=0.394199 binary-single idm=2115787(mm=0.726565) id1=435786(m1=0.147482):id2=1200113(m2=0.433257):id3=1673536(m3=0.145826) (r=2.83422) typem=0 type1=0 type2=0 type3=0 
t=0.402654 single-single idm=2382967(mm=1.17267) id1=702967(m1=0.878823):id2=905952(m2=0.294896) (r=1.16427) typem=6 type1=6 type2=0 b[RSUN]=419.849 vinf[km/s]=20.6895
t=0.403813 binary-single idm=2021170(mm=1.46879) id1=341170(m1=0.458992):id2=1058199(m2=1.00979) (r=1.40483) typem=1 type1=0 type2=1 
t=0.419896 binary-single idm=2510147(mm=1.13394) id1=830147(m1=0.986884):id2=1640910(m2=0.147056) (r=2.06729) typem=1 type1=1 type2=0 
t=0.424997 single-single idm=2669213(mm=1.16389) id1=1270320(m1=0.116295):id2=989213(m2=1.0476) (r=1.49863) typem=1 type1=0 type2=1 b[RSUN]=10.8022 vinf[km/s]=33.9678
t=0.429803 single-single idm=1929424(mm=15.0237) id1=249424(m1=0.16519):id2=758664(m2=15.0237) (r=0.0350858) typem=14 type1=0 type2=14 b[RSUN]=31.425 vinf[km/s]=24.7938
t=0.440014 single-single idm=2813817(mm=0.568998) id1=1183418(m1=0.194654):id2=1133817(m2=0.374343) (r=2.1816) typem=0 type1=0 type2=0 b[RSUN]=0.551409 vinf[km/s]=15.4763
t=0.440874 single-single idm=1696381(mm=1.18821) id1=80332(m1=0.179792):id2=16381(m2=1.00842) (r=1.33396) typem=6 type1=0 type2=11 b[RSUN]=4.45854 vinf[km/s]=24.4222
t=0.445763 binary-single idm=3124028(mm=0.397195) id1=1444028(m1=0.215674):id2=1647552(m2=0.181521) (r=1.14306) typem=0 type1=0 type2=0 
t=0.446876 single-single idm=2514956(mm=1.28547) id1=834956(m1=0.615861):id2=934131(m2=0.669606) (r=1.79426) typem=1 type1=0 type2=0 b[RSUN]=103.055 vinf[km/s]=5.2876
t=0.451059 single-single idm=2851254(mm=1.258) id1=1171254(m1=1.16049):id2=1241781(m2=0.0975085) (r=2.83433) typem=1 type1=1 type2=0 b[RSUN]=25.0035 vinf[km/s]=11.2225
t=0.452291 single-single idm=2509255(mm=0.854568) id1=829255(m1=0.76277):id2=1479487(m2=0.0917988) (r=2.32882) typem=6 type1=11 type2=0 b[RSUN]=15.0549 vinf[km/s]=14.2714
t=0.452633 binary-binary idm=2067321(mm=1.00893) id1=387321(m1=0.204963):id2=1648436(m2=0.803968) (r=1.12816) typem=1 type1=0 type2=1 
t=0.454884 single-single idm=2003803(mm=0.218978) id1=323803(m1=0.0948352):id2=1290781(m2=0.124143) (r=1.80311) typem=0 type1=0 type2=0 b[RSUN]=16.1611 vinf[km/s]=3.84654
t=0.459991 binary-single idm=2091502(mm=0.49487) id1=497254(m1=0.249638):id2=411502(m2=0.245232) (r=1.49789) typem=0 type1=0 type2=0 
t=0.461478 binary-single idm=2680065(mm=0.858696) id1=1000065(m1=0.186541):id2=1661384(m2=0.672155) (r=2.15403) typem=1 type1=0 type2=0 
t=0.464215 single-single idm=1987335(mm=0.290311) id1=653215(m1=0.0958257):id2=307335(m2=0.194486) (r=6.76833) typem=0 type1=0 type2=0 b[RSUN]=27.227 vinf[km/s]=5.22476
t=0.464405 single-single idm=2515127(mm=0.26025) id1=1190141(m1=0.0905497):id2=835127(m2=0.1697) (r=1.30353) typem=0 type1=0 type2=0 b[RSUN]=10.7617 vinf[km/s]=15.6377
t=0.475948 single-single idm=2873652(mm=0.353544) id1=1338881(m1=0.240606):id2=1193652(m2=0.112938) (r=3.51027) typem=0 type1=0 type2=0 b[RSUN]=4.7817 vinf[km/s]=25.6837
t=0.480548 single-single idm=1933848(mm=0.688517) id1=253848(m1=0.159557):id2=1121062(m2=0.52896) (r=11.8363) typem=0 type1=0 type2=0 b[RSUN]=59.8896 vinf[km/s]=3.0845
t=0.481563 binary-single idm=1692261(mm=1.11738) id1=12261(m1=0.174654):id2=534358(m2=0.942724) (r=1.38479) typem=1 type1=0 type2=1 
t=0.482635 binary-single idm=3192853(mm=0.528538) id1=1512853(m1=0.381938):id2=1626590(m2=0.1466) (r=1.53856) typem=0 type1=0 type2=0 
t=0.483426 binary-single idm=3214543(mm=17.8383) id1=1534543(m1=17.8383):id2=1603973(m2=0.114795) (r=0.0582216) typem=14 type1=14 type2=0 
t=0.484963 single-single idm=1989584(mm=0.290907) id1=309584(m1=0.157725):id2=601766(m2=0.133182) (r=0.749093) typem=0 type1=0 type2=0 b[RSUN]=5.64426 vinf[km/s]=19.2383
t=0.492061 binary-single idm=2203003(mm=0.548748) id1=523003(m1=0.21929):id2=1277603(m2=0.329458) (r=1.67123) typem=0 type1=0 type2=0 
t=0.495516 single-single idm=1860389(mm=0.496451) id1=1222135(m1=0.382745):id2=180389(m2=0.113706) (r=3.65163) typem=0 type1=0 type2=0 b[RSUN]=15.1069 vinf[km/s]=17.1101
t=0.496731 single-single idm=1885788(mm=0.533328) id1=1514737(m1=0.442586):id2=205788(m2=0.0907417) (r=4.33582) typem=0 type1=0 type2=0 b[RSUN]=6.84115 vinf[km/s]=16.9068
t=0.504464 binary-single idm=2327592(mm=0.567143) id1=647592(m1=0.434179):id2=1650505(m2=0.132964) (r=1.1117) typem=0 type1=0 type2=0 
t=0.506179 single-single idm=2352738(mm=1.24521) id1=672738(m1=1.10802):id2=802103(m2=0.137189) (r=3.52124) typem=1 type1=1 type2=0 b[RSUN]=54.5688 vinf[km/s]=14.3041
t=0.512715 single-single idm=1838857(mm=1.03411) id1=158857(m1=0.792275):id2=313145(m2=0.241839) (r=2.34043) typem=6 type1=11 type2=0 b[RSUN]=23.0321 vinf[km/s]=10.8839
t=0.515821 single-single idm=2612155(mm=0.361147) id1=932155(m1=0.277425):id2=1144590(m2=0.0837218) (r=2.41557) typem=0 type1=0 type2=0 b[RSUN]=19.2274 vinf[km/s]=12.1932
t=0.518158 single-single idm=3043089(mm=0.415791) id1=1517525(m1=0.21884):id2=1363089(m2=0.196951) (r=3.44991) typem=0 type1=0 type2=0 b[RSUN]=2.36149 vinf[km/s]=17.2557
t=0.519485 binary-binary idm=2280154(mm=53.1945) id1=600154(m1=29.3037):id2=676488(m2=26.5772) (r=0.00862235) typem=14 type1=14 type2=14 
t=0.521548 single-single idm=2934134(mm=0.271751) id1=1439486(m1=0.18523):id2=1254134(m2=0.0865212) (r=3.48243) typem=0 type1=0 type2=0 b[RSUN]=12.5902 vinf[km/s]=5.44723
t=0.522327 single-single idm=2265095(mm=1.26071) id1=585095(m1=0.877993):id2=625629(m2=0.675152) (r=1.66131) typem=13 type1=11 type2=6 b[RSUN]=247.525 vinf[km/s]=26.0195
t=0.525894 binary-single idm=2904834(mm=27.9701) id1=1224834(m1=0.882984):id2=1618654(m2=27.9701) (r=0.0269363) typem=14 type1=1 type2=14 
t=0.528528 single-single idm=2078633(mm=0.637244) id1=398633(m1=0.453437):id2=726795(m2=0.183807) (r=17.7368) typem=0 type1=0 type2=0 b[RSUN]=22.7859 vinf[km/s]=3.59085
t=0.534205 single-single idm=1751480(mm=0.876332) id1=602304(m1=0.709804):id2=71480(m2=0.166528) (r=1.382) typem=1 type1=0 type2=0 b[RSUN]=12.3418 vinf[km/s]=17.52
t=0.538463 single-single idm=2754087(mm=0.301046) id1=1074087(m1=0.182408):id2=1437071(m2=0.118638) (r=3.10318) typem=0 type1=0 type2=0 b[RSUN]=42.6782 vinf[km/s]=0.62848
t=0.54212 single-single idm=1919013(mm=0.902696) id1=1584815(m1=0.0914958):id2=239013(m2=0.8112) (r=0.538004) typem=1 type1=0 type2=1 b[RSUN]=6.56871 vinf[km/s]=26.2216
t=0.556812 binary-single idm=1758318(mm=1.70535) id1=1905495(m1=1.02601):id2=78317(m2=0.679338) (r=1.12315) typem=6 type1=11 type2=0 
t=0.572824 single-single idm=2331334(mm=0.27295) id1=1192210(m1=0.133177):id2=651334(m2=0.139773) (r=1.87229) typem=0 type1=0 type2=0 b[RSUN]=7.97274 vinf[km/s]=18.7433
t=0.574654 single-single idm=2105524(mm=0.989799) id1=425524(m1=1.03636):id2=1465115(m2=0.175621) (r=28.2218) typem=4 type1=4 type2=0 b[RSUN]=1149.78 vinf[km/s]=0.941744
t=0.581487 binary-single idm=2107624(mm=0.219524) id1=427624(m1=0.0831591):id2=1039917(m2=0.136365) (r=2.19656) typem=0 type1=0 type2=0 
t=0.581777 binary-single idm=2058642(mm=0.503233) id1=378642(m1=0.146751):id2=1668642(m2=0.356482) (r=0.602486) typem=0 type1=0 type2=0 
t=0.583797 binary-single idm=3273403(mm=0.505892) id1=1593403(m1=0.396495):id2=1609804(m2=0.109397) (r=2.79681) typem=0 type1=0 type2=0 
t=0.585138 single-single idm=1763347(mm=0.318113) id1=114646(m1=0.225738):id2=83347(m2=0.0923754) (r=1.18882) typem=0 type1=0 type2=0 b[RSUN]=5.58242 vinf[km/s]=29.7711
t=0.600966 single-single idm=2331736(mm=1.95902) id1=651736(m1=0.848766):id2=1034238(m2=1.11048) (r=1.4921) typem=5 type1=11 type2=3 b[RSUN]=203.93 vinf[km/s]=13.5557
t=0.603864 binary-single idm=2543727(mm=0.307398) id1=863727(m1=0.216694):id2=1661957(m2=0.0907042) (r=2.83237) typem=0 type1=0 type2=0 
t=0.608011 single-single idm=2138961(mm=1.55816) id1=1157602(m1=0.55658):id2=458961(m2=1.00173) (r=2.80674) typem=3 type1=0 type2=4 b[RSUN]=101.071 vinf[km/s]=28.8122
t=0.621288 single-single idm=1700868(mm=0.505237) id1=20868(m1=0.249774):id2=292675(m2=0.255463) (r=3.00174) typem=0 type1=0 type2=0 b[RSUN]=11.2489 vinf[km/s]=15.9845
t=0.628865 binary-single idm=1967366(mm=0.819967) id1=287366(m1=0.0803336):id2=560046(m2=0.739633) (r=3.58144) typem=1 type1=0 type2=0 
t=0.635139 single-single idm=2097791(mm=1.00855) id1=651607(m1=0.92138):id2=417791(m2=0.0871727) (r=2.01747) typem=1 type1=1 type2=0 b[RSUN]=21.8724 vinf[km/s]=23.4358
t=0.647991 binary-binary idm=1870702(mm=0.282958) id1=1039323(m1=0.106644):id2=190702(m2=0.176314) (r=1.48579) typem=0 type1=0 type2=0 
t=0.648621 single-single idm=2696467(mm=0.65752) id1=1016467(m1=0.164486):id2=1523362(m2=0.493034) (r=3.35675) typem=0 type1=0 type2=0 b[RSUN]=31.7512 vinf[km/s]=11.6351
t=0.657871 single-single idm=1846317(mm=0.522002) id1=1400816(m1=0.195597):id2=166317(m2=0.326405) (r=5.0945) typem=0 type1=0 type2=0 b[RSUN]=16.6074 vinf[km/s]=11.5938
t=0.664727 binary-single idm=2902185(mm=1.48081) id1=1222185(m1=1.00813):id2=1634636(m2=0.472676) (r=0.213725) typem=1 type1=1 type2=0 
t=0.669331 single-single idm=1886239(mm=2.02425) id1=1036788(m1=1.05089):id2=206239(m2=0.973362) (r=1.60584) typem=6 type1=1 type2=11 b[RSUN]=65.8591 vinf[km/s]=14.6886
t=0.676951 single-single idm=2078780(mm=1.3416) id1=1085088(m1=0.249743):id2=398780(m2=1.09186) (r=2.32026) typem=6 type1=0 type2=11 b[RSUN]=24.9072 vinf[km/s]=10.7517
t=0.685866 single-single idm=2870162(mm=0.292353) id1=1482890(m1=0.0877112):id2=1190162(m2=0.204642) (r=4.78008) typem=0 type1=0 type2=0 b[RSUN]=20.9544 vinf[km/s]=8.88134
t=0.686115 binary-single idm=2520859(mm=42.8962) id1=1483236(m1=19.2357):id2=840859(m2=25.7552) (r=0.0247463) typem=14 type1=14 type2=14 
t=0.697774 single-single idm=2135275(mm=0.912886) id1=852016(m1=0.686644):id2=455275(m2=0.226242) (r=3.66871) typem=6 type1=11 type2=0 b[RSUN]=9.39585 vinf[km/s]=26.6022
t=0.700038 single-single idm=1947876(mm=0.268072) id1=1065679(m1=0.0890975):id2=267876(m2=0.178975) (r=7.58605) typem=0 type1=0 type2=0 b[RSUN]=93.1791 vinf[km/s]=1.97081
t=0.702309 single-single idm=2202586(mm=0.444025) id1=522586(m1=0.314103):id2=1111126(m2=0.129923) (r=4.28016) typem=0 type1=0 type2=0 b[RSUN]=10.1474 vinf[km/s]=22.0673
t=0.706823 single-single idm=2351082(mm=1.29766) id1=671082(m1=0.349322):id2=1034081(m2=0.948339) (r=2.34062) typem=6 type1=0 type2=11 b[RSUN]=31.5626 vinf[km/s]=6.81558
t=0.707542 binary-single idm=2749061(mm=0.989521) id1=1069061(m1=0.644456):id2=1644003(m2=0.345064) (r=2.52009) typem=1 type1=0 type2=0 
t=0.715459 binary-single idm=3259481(mm=1.08485) id1=1579481(m1=0.364067):id2=1672241(m2=0.720781) (r=2.53739) typem=1 type1=0 type2=0 
t=0.722064 binary-binary idm=2252153(mm=46.4749) id1=1489361(m1=22.4475):id2=572153(m2=26.3576) (r=0.0212345) typem=14 type1=14 type2=14 
t=0.729403 single-single idm=2255748(mm=0.263436) id1=1308376(m1=0.182177):id2=575748(m2=0.0812588) (r=5.77068) typem=0 type1=0 type2=0 b[RSUN]=18.9055 vinf[km/s]=7.27957
t=0.732605 single-single idm=1934371(mm=1.0597) id1=983283(m1=0.108124):id2=254371(m2=0.951581) (r=1.01967) typem=1 type1=0 type2=1 b[RSUN]=34.187 vinf[km/s]=20.296
t=0.734686 single-single idm=2034257(mm=0.800983) id1=354257(m1=0.14044):id2=901567(m2=0.660542) (r=1.83532) typem=1 type1=0 type2=0 b[RSUN]=9.12383 vinf[km/s]=31.5908
t=0.743607 single-single idm=2465245(mm=0.353239) id1=904411(m1=0.204029):id2=785245(m2=0.149209) (r=3.09261) typem=0 type1=0 type2=0 b[RSUN]=7.88217 vinf[km/s]=22.9085
t=0.743794 binary-single idm=2299183(mm=0.323746) id1=619183(m1=0.22778):id2=1609303(m2=0.0959664) (r=0.463255) typem=0 type1=0 type2=0 
t=0.746586 single-single idm=2112425(mm=0.266317) id1=432425(m1=0.0844538):id2=1355313(m2=0.181863) (r=4.76929) typem=0 type1=0 type2=0 b[RSUN]=4.51248 vinf[km/s]=21.5718
t=0.746715 binary-single idm=1743111(mm=35.9632) id1=605297(m1=18.5267):id2=63111(m2=19.2593) (r=0.004861) typem=14 type1=14 type2=14 
t=0.748603 single-single idm=2409786(mm=0.455864) id1=729786(m1=0.0943776):id2=762614(m2=0.361486) (r=3.471) typem=0 type1=0 type2=0 b[RSUN]=14.8223 vinf[km/s]=18.8884
t=0.756554 single-single idm=2632820(mm=0.842146) id1=952820(m1=0.105175):id2=1395343(m2=0.73697) (r=1.71658) typem=1 type1=0 type2=0 b[RSUN]=46.6197 vinf[km/s]=10.1965
t=0.764549 single-single idm=1918554(mm=0.462311) id1=1087649(m1=0.266656):id2=238554(m2=0.195655) (r=1.72575) typem=0 type1=0 type2=0 b[RSUN]=3.50967 vinf[km/s]=20.979
t=0.766276 binary-single idm=1785612(mm=0.868616) id1=105612(m1=0.672192):id2=1606398(m2=0.196425) (r=3.55631) typem=1 type1=0 type2=0 
t=0.775433 single-single idm=1690290(mm=0.616473) id1=25324(m1=0.513847):id2=10290(m2=0.102626) (r=7.59691) typem=0 type1=0 type2=0 b[RSUN]=3.63387 vinf[km/s]=10.0126
t=0.777566 binary-single idm=2145711(mm=0.306543) id1=465711(m1=0.212295):id2=1212729(m2=0.094248) (r=4.39271) typem=0 type1=0 type2=0 
t=0.782115 single-single idm=2617873(mm=0.830504) id1=1188057(m1=0.304161):id2=937873(m2=0.919045) (r=2.42954) typem=4 type1=0 type2=4 b[RSUN]=248.925 vinf[km/s]=5.23548
t=0.79624 single-single idm=2509803(mm=0.824981) id1=841973(m1=0.918364):id2=829803(m2=0.233591) (r=2.07947) typem=4 type1=4 type2=0 b[RSUN]=103.236 vinf[km/s]=16.4898
t=0.812541 single-single idm=1784511(mm=0.2578) id1=814899(m1=0.0957988):id2=104511(m2=0.162001) (r=3.00989) typem=0 type1=0 type2=0 b[RSUN]=18.9211 vinf[km/s]=9.10541
t=0.81262 single-single idm=3091188(mm=1.21075) id1=1470904(m1=0.991314):id2=1411188(m2=0.219431) (r=6.37419) typem=6 type1=11 type2=0 b[RSUN]=21.715 vinf[km/s]=9.12458
t=0.812983 binary-single idm=2105685(mm=43.5401) id1=425685(m1=17.6045):id2=1345498(m2=27.9453) (r=0.0110701) typem=14 type1=14 type2=14 
t=0.830628 single-single idm=2603242(mm=0.601543) id1=1591279(m1=0.494703):id2=923242(m2=0.106839) (r=3.1019) typem=0 type1=0 type2=0 b[RSUN]=24.8694 vinf[km/s]=7.27255
t=0.831757 binary-single idm=2414044(mm=0.757329) id1=1367216(m1=0.354942):id2=734044(m2=0.402388) (r=0.941929) typem=1 type1=0 type2=0 
t=0.839794 single-single idm=2185316(mm=0.742683) id1=1032126(m1=0.543301):id2=505316(m2=0.199382) (r=7.08626) typem=0 type1=0 type2=0 b[RSUN]=1.70944 vinf[km/s]=13.5588
t=0.842184 binary-single idm=2652683(mm=0.343042) id1=972683(m1=0.197694):id2=1617126(m2=0.145348) (r=2.45051) typem=0 type1=0 type2=0 
t=0.848916 single-single idm=1852990(mm=0.406512) id1=172990(m1=0.325317):id2=373052(m2=0.0811953) (r=0.385884) typem=0 type1=0 type2=0 b[RSUN]=11.0132 vinf[km/s]=22.6679
t=0.849715 single-single idm=2046062(mm=0.549765) id1=1454762(m1=0.0806646):id2=366062(m2=0.4691) (r=1.57895) typem=0 type1=0 type2=0 b[RSUN]=15.5911 vinf[km/s]=11.2382
t=0.853299 single-single idm=2589810(mm=1.08325) id1=909810(m1=0.985118):id2=1003737(m2=0.0981671) (r=2.91712) typem=3 type1=3 type2=0 b[RSUN]=298.256 vinf[km/s]=8.91812
t=0.853426 binary-single idm=2320762(mm=1.4802) id1=640762(m1=0.560341):id2=1041359(m2=0.919863) (r=2.37175) typem=1 type1=0 type2=1 
t=0.8583 binary-single idm=2172571(mm=1.30548) id1=492571(m1=0.847933):id2=851418(m2=0.457548) (r=1.00834) typem=1 type1=1 type2=0 
t=0.872915 single-single idm=2482793(mm=1.62441) id1=1286263(m1=0.677416):id2=802793(m2=0.946993) (r=1.79894) typem=6 type1=0 type2=11 b[RSUN]=82.3909 vinf[km/s]=5.29247
t=0.873721 single-single idm=2082790(mm=0.733721) id1=402790(m1=0.566333):id2=1133617(m2=0.167388) (r=3.67078) typem=0 type1=0 type2=0 b[RSUN]=7.99594 vinf[km/s]=24.3432
t=0.875597 single-single idm=2154337(mm=0.270558) id1=818010(m1=0.123004):id2=474337(m2=0.147554) (r=4.89114) typem=0 type1=0 type2=0 b[RSUN]=31.3957 vinf[km/s]=4.19808
t=0.898496 binary-single idm=1841717(mm=1.91849) id1=161717(m1=1.02722):id2=1479959(m2=0.891273) (r=1.60983) typem=6 type1=11 type2=1 
t=0.913176 single-single idm=2049710(mm=0.97246) id1=1069966(m1=0.769805):id2=369710(m2=0.202655) (r=5.08577) typem=1 type1=1 type2=0 b[RSUN]=38.6083 vinf[km/s]=8.65663
t=0.913589 single-single idm=2547436(mm=0.435086) id1=867436(m1=0.0977905):id2=1007160(m2=0.337296) (r=2.45847) typem=0 type1=0 type2=0 b[RSUN]=10.6341 vinf[km/s]=21.814
t=0.919529 binary-single idm=2848080(mm=0.383611) id1=1313898(m1=0.255539):id2=1168080(m2=0.128071) (r=1.09964) typem=0 type1=0 type2=0 
t=0.924788 binary-single idm=1697106(mm=1.10743) id1=17106(m1=0.664495):id2=1667102(m2=0.442936) (r=3.48189) typem=1 type1=0 type2=0 
t=0.932491 single-single idm=1746152(mm=1.01715) id1=66152(m1=0.235998):id2=349086(m2=0.781155) (r=1.60793) typem=6 type1=0 type2=11 b[RSUN]=8.75166 vinf[km/s]=30.742
t=0.952129 single-single idm=1757159(mm=0.661423) id1=77159(m1=0.520615):id2=1583675(m2=0.140808) (r=2.14545) typem=0 type1=0 type2=0 b[RSUN]=35.6012 vinf[km/s]=6.52531
t=0.960387 single-single idm=1700391(mm=0.575324) id1=862904(m1=0.148043):id2=20391(m2=0.427281) (r=4.95115) typem=0 type1=0 type2=0 b[RSUN]=34.2498 vinf[km/s]=8.02844
t=0.965198 single-single idm=1692333(mm=0.302792) id1=1441944(m1=0.16408):id2=12333(m2=0.138713) (r=1.93419) typem=0 type1=0 type2=0 b[RSUN]=4.81106 vinf[km/s]=28.2692
t=0.969177 single-single idm=2426351(mm=1.44399) id1=870744(m1=0.542639):id2=746351(m2=0.901354) (r=1.42303) typem=1 type1=0 type2=1 b[RSUN]=45.6241 vinf[km/s]=15.5161
t=0.976881 single-single idm=2440699(mm=1.242) id1=760699(m1=1.242):id2=1512704(m2=0.54267) (r=3.57057) typem=13 type1=13 type2=0 b[RSUN]=38.9576 vinf[km/s]=10.821
t=0.977896 single-single idm=2201302(mm=1.242) id1=1202058(m1=1.00166):id2=521302(m2=0.843015) (r=2.03663) typem=13 type1=11 type2=11 b[RSUN]=4.7604 vinf[km/s]=21.4924
t=0.977946 single-single idm=2360734(mm=0.848075) id1=680734(m1=0.0927313):id2=1369282(m2=0.755344) (r=4.13322) typem=1 type1=0 type2=1 b[RSUN]=32.7408 vinf[km/s]=15.4622
t=0.989394 binary-single idm=2023149(mm=0.512541) id1=343149(m1=0.385253):id2=1601075(m2=0.127288) (r=2.23491) typem=0 type1=0 type2=0 
t=0.991039 single-single idm=1747112(mm=0.721633) id1=114076(m1=0.497009):id2=67112(m2=0.224624) (r=2.59353) typem=0 type1=0 type2=0 b[RSUN]=18.8857 vinf[km/s]=20.468
t=1.0223 binary-single idm=2145670(mm=0.376975) id1=1339146(m1=0.112109):id2=465670(m2=0.264866) (r=1.00065) typem=0 type1=0 type2=0 
t=1.02962 single-single idm=3043421(mm=0.888554) id1=1509739(m1=0.542622):id2=1363421(m2=0.345932) (r=4.52581) typem=1 type1=0 type2=0 b[RSUN]=10.1899 vinf[km/s]=19.493
t=1.0482 single-single idm=2465299(mm=0.938805) id1=1571100(m1=0.82681):id2=785299(m2=0.111995) (r=2.2336) typem=1 type1=1 type2=0 b[RSUN]=101.188 vinf[km/s]=5.16579
t=1.0513 single-single idm=2734980(mm=1.00809) id1=1054980(m1=0.878784):id2=1503297(m2=0.129303) (r=1.45681) typem=6 type1=11 type2=0 b[RSUN]=44.9132 vinf[km/s]=4.97612
t=1.05252 binary-single idm=2714483(mm=1.42488) id1=1034483(m1=1.00042):id2=1384932(m2=0.424456) (r=0.362747) typem=6 type1=11 type2=0 
t=1.08788 binary-single idm=1773598(mm=1.32284) id1=93597(m1=0.935093):id2=1646489(m2=0.461713):id3=157390(m3=0.502224) (r=0.951965) typem=3 type1=3 type2=0 type3=0 
t=1.09291 single-single idm=1684707(mm=0.76328) id1=1050414(m1=0.660444):id2=4707(m2=0.102836) (r=1.58729) typem=1 type1=0 type2=0 b[RSUN]=65.9252 vinf[km/s]=2.63939
t=1.09437 binary-single idm=2411518(mm=0.786359) id1=731518(m1=0.454102):id2=1663519(m2=0.332256) (r=1.85878) typem=1 type1=0 type2=0 
t=1.0974 binary-single idm=2122870(mm=0.244814) id1=442870(m1=0.142103):id2=1655455(m2=0.10271) (r=2.81143) typem=0 type1=0 type2=0 
t=1.12631 binary-single idm=1813212(mm=0.428921) id1=133212(m1=0.089675):id2=734719(m2=0.339246) (r=1.66019) typem=0 type1=0 type2=0 
t=1.1373 single-single idm=1838875(mm=0.803178) id1=158875(m1=0.297993):id2=1354692(m2=0.505185) (r=17.1258) typem=1 type1=0 type2=0 b[RSUN]=71.3204 vinf[km/s]=6.24067
t=1.13786 binary-single idm=1806749(mm=0.690731) id1=126749(m1=0.125544):id2=162519(m2=0.565187) (r=1.09906) typem=0 type1=0 type2=0 
t=1.1412 single-single idm=2499444(mm=0.930398) id1=819444(m1=0.830081):id2=1400127(m2=0.100317) (r=8.54285) typem=1 type1=1 type2=0 b[RSUN]=25.4303 vinf[km/s]=13.8115
t=1.14188 binary-single idm=2842298(mm=0.948939) id1=1162298(m1=0.503352):id2=1603520(m2=0.445587) (r=0.973697) typem=1 type1=0 type2=0 
t=1.14255 single-single idm=1794110(mm=0.584461) id1=114110(m1=0.367019):id2=1425697(m2=0.217442) (r=2.30004) typem=0 type1=0 type2=0 b[RSUN]=19.1207 vinf[km/s]=14.627
t=1.14435 single-single idm=2304311(mm=0.466357) id1=752058(m1=0.112837):id2=624311(m2=0.35352) (r=0.863905) typem=0 type1=0 type2=0 b[RSUN]=9.48397 vinf[km/s]=26.4941
t=1.14679 single-single idm=2129765(mm=0.858468) id1=449765(m1=0.592563):id2=606917(m2=0.265906) (r=1.48965) typem=6 type1=11 type2=0 b[RSUN]=9.09507 vinf[km/s]=22.526
t=1.14704 single-single idm=1965482(mm=0.1986) id1=285482(m1=0.115356):id2=719900(m2=0.0832445) (r=3.56885) typem=0 type1=0 type2=0 b[RSUN]=3.89699 vinf[km/s]=17.6715
t=1.14764 single-single idm=2794379(mm=0.856974) id1=1114379(m1=0.219066):id2=1156588(m2=0.637908) (r=3.43161) typem=1 type1=0 type2=0 b[RSUN]=25.2207 vinf[km/s]=17.4262
t=1.14795 binary-binary idm=2444601(mm=40.1345) id1=764601(m1=18.6608):id2=1320632(m2=23.4623) (r=0.0250282) typem=14 type1=14 type2=14 
t=1.15058 single-single idm=2102130(mm=0.831383) id1=1034063(m1=0.147276):id2=422130(m2=0.684106) (r=0.87993) typem=1 type1=0 type2=0 b[RSUN]=41.5287 vinf[km/s]=9.86754
t=1.15232 binary-single idm=2743063(mm=1.59512) id1=1520145(m1=0.798257):id2=1063063(m2=0.796863) (r=0.862334) typem=6 type1=11 type2=1 
t=1.16266 single-single idm=2334120(mm=0.614317) id1=1069823(m1=0.110585):id2=654120(m2=0.503733) (r=4.97117) typem=0 type1=0 type2=0 b[RSUN]=22.517 vinf[km/s]=7.77013
t=1.16432 single-single idm=1684185(mm=0.2624) id1=4185(m1=0.165089):id2=1112334(m2=0.0973108) (r=11.9537) typem=0 type1=0 type2=0 b[RSUN]=17.9161 vinf[km/s]=7.7162
t=1.16462 single-single idm=1799911(mm=1.11002) id1=1047692(m1=0.543555):id2=119911(m2=0.566461) (r=1.95054) typem=1 type1=0 type2=0 b[RSUN]=4.82778 vinf[km/s]=24.949
t=1.19116 single-single idm=1799162(mm=1.54473) id1=119162(m1=0.778027):id2=1006265(m2=0.766877) (r=0.376711) typem=4 type1=4 type2=11 b[RSUN]=80.3303 vinf[km/s]=15.7345
t=1.19831 single-single idm=2209576(mm=0.801073) id1=529576(m1=0.166517):id2=569570(m2=0.634556) (r=3.60727) typem=6 type1=0 type2=11 b[RSUN]=68.2176 vinf[km/s]=3.1641
t=1.20627 single-single idm=3044649(mm=0.488807) id1=1502524(m1=0.0839994):id2=1364649(m2=0.404807) (r=4.57852) typem=0 type1=0 type2=0 b[RSUN]=14.2595 vinf[km/s]=19.6595
t=1.21365 binary-single idm=3156495(mm=0.297524) id1=1476495(m1=0.159827):id2=1619480(m2=0.137696) (r=2.9414) typem=0 type1=0 type2=0 
t=1.2145 single-single idm=2312536(mm=0.364487) id1=632536(m1=0.265844):id2=1098696(m2=0.0986434) (r=5.66482) typem=0 type1=0 type2=0 b[RSUN]=11.0784 vinf[km/s]=14.6545
t=1.22351 single-single idm=2438907(mm=0.502783) id1=758907(m1=0.247913):id2=873874(m2=0.25487) (r=3.41751) typem=0 type1=0 type2=0 b[RSUN]=13.1588 vinf[km/s]=20.7949
t=1.22961 binary-single idm=1998019(mm=0.369868) id1=318019(m1=0.280642):id2=1627763(m2=0.0892259) (r=0.746022) typem=0 type1=0 type2=0 
t=1.23112 binary-single idm=3164000(mm=0.912085) id1=1484000(m1=0.555545):id2=1628737(m2=0.356539) (r=3.1986) typem=1 type1=0 type2=0 
t=1.23195 single-single idm=1855414(mm=0.175583) id1=1318844(m1=0.0816093):id2=175414(m2=0.0939739) (r=0.725998) typem=0 type1=0 type2=0 b[RSUN]=1.35366 vinf[km/s]=20.1792
t=1.26311 single-single idm=2327336(mm=0.862539) id1=776233(m1=0.710559):id2=647336(m2=0.151979) (r=2.62677) typem=1 type1=0 type2=0 b[RSUN]=17.088 vinf[km/s]=23.4349
t=1.26549 single-single idm=2197184(mm=0.809398) id1=546150(m1=0.084064):id2=517184(m2=0.725334) (r=2.67074) typem=1 type1=0 type2=0 b[RSUN]=14.6034 vinf[km/s]=25.6189
t=1.27921 single-single idm=1975402(mm=1.36294) id1=295402(m1=1.11789):id2=1547534(m2=0.24505) (r=2.98666) typem=6 type1=11 type2=0 b[RSUN]=38.8884 vinf[km/s]=8.96925
t=1.28433 single-single idm=2599673(mm=0.98479) id1=919673(m1=0.593706):id2=1086153(m2=0.391084) (r=3.04365) typem=1 type1=0 type2=0 b[RSUN]=13.3976 vinf[km/s]=10.3734
t=1.28674 single-single idm=1815106(mm=1.61642) id1=135106(m1=0.723174):id2=696258(m2=0.893357) (r=1.84493) typem=5 type1=11 type2=3 b[RSUN]=76.2395 vinf[km/s]=23.3197
t=1.28918 single-single idm=1976843(mm=0.578181) id1=296843(m1=0.476299):id2=1068775(m2=0.101882) (r=9.45938) typem=0 type1=0 type2=0 b[RSUN]=30.9466 vinf[km/s]=8.47059
t=1.29693 binary-single idm=2154402(mm=1.25154) id1=691876(m1=0.374192):id2=474402(m2=0.877348) (r=2.82058) typem=1 type1=0 type2=1 
t=1.302 binary-single idm=3342615(mm=14.474) id1=1662615(m1=14.474):id2=1666468(m2=0.137877) (r=0.205392) typem=14 type1=14 type2=0 
t=1.31153 single-single idm=1887837(mm=0.385266) id1=207837(m1=0.301713):id2=965505(m2=0.0835531) (r=6.08978) typem=0 type1=0 type2=0 b[RSUN]=19.0288 vinf[km/s]=10.3198
t=1.3225 single-single idm=1937046(mm=0.585806) id1=257046(m1=0.409025):id2=1343810(m2=0.176781) (r=14.0661) typem=0 type1=0 type2=0 b[RSUN]=22.4249 vinf[km/s]=6.81554
t=1.33111 binary-single idm=2364776(mm=38.2189) id1=684776(m1=21.7276):id2=1172574(m2=18.4061) (r=0.0360014) typem=14 type1=14 type2=14 
t=1.33781 binary-single idm=1769821(mm=1.15758) id1=89821(m1=0.64721):id2=1605079(m2=0.510367) (r=1.50429) typem=1 type1=0 type2=0 
t=1.34184 single-single idm=1803327(mm=0.889327) id1=1065695(m1=0.883363):id2=123327(m2=0.164528) (r=2.49491) typem=3 type1=3 type2=0 b[RSUN]=80.0822 vinf[km/s]=14.8431
t=1.36864 single-single idm=2033496(mm=0.750127) id1=353496(m1=0.628213):id2=1160887(m2=0.121914) (r=4.28184) typem=6 type1=11 type2=0 b[RSUN]=8.04874 vinf[km/s]=14.1673
t=1.36892 binary-single idm=2822371(mm=0.188292) id1=1142371(m1=0.10512):id2=1604162(m2=0.0831724) (r=5.12813) typem=0 type1=0 type2=0 
t=1.38672 binary-single idm=2614660(mm=18.5828) id1=934660(m1=0.221948):id2=1504749(m2=18.5828) (r=0.0479654) typem=14 type1=0 type2=14 
t=1.44604 binary-single idm=2289833(mm=0.698417) id1=678718(m1=0.136403):id2=609833(m2=0.562014) (r=1.11797) typem=0 type1=0 type2=0 
t=1.44625 single-single idm=2678155(mm=15.2232) id1=998155(m1=0.3199):id2=1473343(m2=15.2232) (r=0.0424176) typem=14 type1=0 type2=14 b[RSUN]=42.7716 vinf[km/s]=21.9632
t=1.46835 single-single idm=2036694(mm=0.985704) id1=468854(m1=0.528982):id2=356694(m2=0.456723) (r=3.06704) typem=1 type1=0 type2=0 b[RSUN]=23.2809 vinf[km/s]=14.5562
t=1.47011 binary-binary idm=2060354(mm=0.787628) id1=380354(m1=0.7074):id2=1672075(m2=0.0802279) (r=2.18086) typem=1 type1=0 type2=0 
t=1.47293 single-single idm=1731875(mm=0.533562) id1=954410(m1=0.268029):id2=51875(m2=0.265533) (r=3.72443) typem=0 type1=0 type2=0 b[RSUN]=13.0142 vinf[km/s]=18.1224
t=1.49567 single-single idm=1760668(mm=0.305225) id1=80668(m1=0.211941):id2=1243322(m2=0.0932837) (r=3.40976) typem=0 type1=0 type2=0 b[RSUN]=14.867 vinf[km/s]=5.07902
t=1.50758 binary-single idm=1694447(mm=0.269813) id1=14447(m1=0.184709):id2=1648004(m2=0.0851047) (r=2.52409) typem=0 type1=0 type2=0 
t=1.51033 single-single idm=1969215(mm=0.400975) id1=1273431(m1=0.0911153):id2=289215(m2=0.30986) (r=3.56052) typem=0 type1=0 type2=0 b[RSUN]=15.8532 vinf[km/s]=9.76562
t=1.52867 single-single idm=2315501(mm=0.308405) id1=635501(m1=0.15419):id2=1343942(m2=0.154215) (r=3.71257) typem=0 type1=0 type2=0 b[RSUN]=9.58858 vinf[km/s]=14.455
t=1.5302 single-single idm=2070763(mm=1.08419) id1=992573(m1=0.89962):id2=390763(m2=0.184566) (r=11.2391) typem=6 type1=11 type2=0 b[RSUN]=10.9379 vinf[km/s]=8.06685
t=1.55318 single-single idm=1950912(mm=20.0847) id1=270912(m1=0.509249):id2=890933(m2=20.0847) (r=0.0704814) typem=14 type1=0 type2=14 b[RSUN]=65.4329 vinf[km/s]=18.1123
t=1.56659 single-single idm=2754473(mm=0.734445) id1=1250383(m1=0.173433):id2=1074473(m2=0.561012) (r=0.521202) typem=0 type1=0 type2=0 b[RSUN]=13.7871 vinf[km/s]=29.5355
t=1.56731 binary-single idm=2917313(mm=0.625041) id1=1237313(m1=0.458893):id2=1626474(m2=0.166148) (r=2.754) typem=0 type1=0 type2=0 
t=1.60278 binary-single idm=2187213(mm=0.367031) id1=507213(m1=0.124834):id2=1610589(m2=0.242197) (r=3.45434) typem=0 type1=0 type2=0 
t=1.60392 single-single idm=2124331(mm=0.388004) id1=444331(m1=0.210336):id2=1099695(m2=0.177669) (r=4.5607) typem=0 type1=0 type2=0 b[RSUN]=10.5307 vinf[km/s]=20.1408
t=1.61104 single-single idm=1784320(mm=0.780521) id1=1019095(m1=0.394359):id2=104320(m2=0.386162) (r=3.36181) typem=1 type1=0 type2=0 b[RSUN]=18.1897 vinf[km/s]=20.7488
t=1.61919 binary-binary idm=1725553(mm=0.791878) id1=45553(m1=0.534566):id2=1638619(m2=0.257313) (r=1.08596) typem=1 type1=0 type2=0 
t=1.62179 binary-binary idm=3245705(mm=1.02434) id1=1565705(m1=0.72818):id2=1649595(m2=0.296155) (r=1.11757) typem=1 type1=0 type2=0 
t=1.63285 single-single idm=1808146(mm=1.3028) id1=438530(m1=0.650229):id2=128146(m2=0.652576) (r=0.580924) typem=1 type1=0 type2=0 b[RSUN]=50.9167 vinf[km/s]=12.0044
t=1.64157 binary-single idm=2428144(mm=1.49675) id1=1422389(m1=0.83961):id2=748144(m2=0.65714) (r=1.85301) typem=6 type1=11 type2=0 
t=1.64446 single-single idm=1815872(mm=0.591918) id1=135872(m1=0.164023):id2=662315(m2=0.427895) (r=4.5325) typem=0 type1=0 type2=0 b[RSUN]=15.82 vinf[km/s]=20.6051
t=1.67598 single-single idm=2790020(mm=0.813434) id1=1378925(m1=0.614975):id2=1110020(m2=0.198459) (r=2.57558) typem=1 type1=0 type2=0 b[RSUN]=49.5419 vinf[km/s]=8.63118
t=1.67776 binary-single idm=2106658(mm=0.917946) id1=521138(m1=0.435629):id2=426658(m2=0.482318) (r=1.62334) typem=1 type1=0 type2=0 
t=1.68159 binary-binary idm=3045155(mm=0.405951) id1=1365155(m1=0.182364):id2=1536337(m2=0.223587) (r=4.35629) typem=0 type1=0 type2=0 
t=1.73545 single-single idm=1856325(mm=0.765373) id1=176325(m1=0.60162):id2=1357811(m2=0.163753) (r=2.26506) typem=1 type1=0 type2=0 b[RSUN]=16.2156 vinf[km/s]=17.5546
t=1.74743 single-single idm=2536915(mm=0.233079) id1=856915(m1=0.141547):id2=1525862(m2=0.0915318) (r=4.89822) typem=0 type1=0 type2=0 b[RSUN]=6.66557 vinf[km/s]=18.5183
t=1.78881 single-single idm=2287316(mm=0.753002) id1=607316(m1=0.575788):id2=1158057(m2=0.177214) (r=3.19677) typem=6 type1=11 type2=0 b[RSUN]=12.4565 vinf[km/s]=18.5336
t=1.79275 binary-single idm=1721684(mm=0.511841) id1=41684(m1=0.105074):id2=342038(m2=0.406767) (r=4.35634) typem=0 type1=0 type2=0 
t=1.80103 single-single idm=1793107(mm=0.263909) id1=113107(m1=0.155357):id2=237284(m2=0.108551) (r=6.80482) typem=0 type1=0 type2=0 b[RSUN]=12.0237 vinf[km/s]=11.58
t=1.80979 single-single idm=2944120(mm=0.790223) id1=1472956(m1=0.15427):id2=1264120(m2=0.635953) (r=1.89799) typem=6 type1=0 type2=11 b[RSUN]=6.62627 vinf[km/s]=12.4197
t=1.81182 binary-single idm=3110152(mm=1.2281) id1=1430152(m1=0.808704):id2=1656061(m2=0.419394) (r=2.17703) typem=1 type1=1 type2=0 
t=1.81492 single-single idm=2498562(mm=0.945488) id1=1573421(m1=0.402755):id2=818562(m2=0.542732) (r=12.7908) typem=1 type1=0 type2=0 b[RSUN]=70.1799 vinf[km/s]=7.02064
t=1.82441 single-single idm=2857806(mm=0.270866) id1=1177806(m1=0.15796):id2=1355828(m2=0.112907) (r=6.97062) typem=0 type1=0 type2=0 b[RSUN]=23.7208 vinf[km/s]=2.95494
t=1.82955 binary-binary idm=1703718(mm=34.4282) id1=23718(m1=18.2907):id2=1028252(m2=17.8832) (r=0.031684) typem=14 type1=14 type2=14 
t=1.8339 binary-single idm=2761634(mm=0.558695) id1=1081634(m1=0.459184):id2=1677875(m2=0.0995115) (r=1.16368) typem=0 type1=0 type2=0 
t=1.86785 binary-single idm=2206993(mm=0.868867) id1=526993(m1=0.728147):id2=1666258(m2=0.14072) (r=0.235435) typem=1 type1=0 type2=0 
t=1.87732 single-single idm=2606245(mm=0.263461) id1=926245(m1=0.0849615):id2=1380003(m2=0.178499) (r=7.36367) typem=0 type1=0 type2=0 b[RSUN]=8.22656 vinf[km/s]=10.2511
t=1.89237 single-single idm=2132945(mm=0.197835) id1=1557253(m1=0.103835):id2=452945(m2=0.0940005) (r=9.88016) typem=0 type1=0 type2=0 b[RSUN]=8.13153 vinf[km/s]=12.3267
t=1.91405 binary-binary idm=1844300(mm=18.6609) id1=164300(m1=18.6609):id2=1578495(m2=0.55637) (r=0.0278189) typem=14 type1=14 type2=0 
t=1.93987 single-single idm=2145429(mm=1.01004) id1=465429(m1=0.34394):id2=524750(m2=0.666099) (r=3.22439) typem=1 type1=0 type2=0 b[RSUN]=63.9835 vinf[km/s]=7.95427
t=1.95512 single-single idm=2245343(mm=1.39155) id1=565343(m1=0.112929):id2=851535(m2=1.27862) (r=5.84813) typem=6 type1=0 type2=12 b[RSUN]=14.6638 vinf[km/s]=16.6529
t=1.95564 single-single idm=2563226(mm=0.742264) id1=883226(m1=0.365344):id2=1417702(m2=0.37692) (r=2.46969) typem=0 type1=0 type2=0 b[RSUN]=4.39248 vinf[km/s]=17.4728
t=1.95779 single-single idm=1846347(mm=13.644) id1=166347(m1=0.620163):id2=839719(m2=13.644) (r=0.15921) typem=14 type1=0 type2=14 b[RSUN]=74.2999 vinf[km/s]=20.2496
