# time interaction_type id_merger(mass_merger) id1(m1):id2(m2):id3(m3):... (r) type_merger type1 ...
t=8.1566e-05 single-single idm=1851419(mm=14.8986) id1=171419(m1=0.0952747):id2=232945(m2=14.8034) (r=0.265143) typem=1 type1=0 type2=1 b[RSUN]=54.5897 vinf[km/s]=53.672
t=0.0001278 binary-single idm=1701330(mm=147.741) id1=21330(m1=2.47151):id2=62090(m2=145.27) (r=0.139073) typem=1 type1=1 type2=1 
t=0.000229646 single-single idm=2300708(mm=25.732) id1=740894(m1=0.327369):id2=620708(m2=25.4046) (r=0.467357) typem=1 type1=0 type2=1 b[RSUN]=76.9326 vinf[km/s]=47.834
t=0.000241409 binary-single idm=1781523(mm=0.947526) id1=101523(m1=0.496351):id2=1602701(m2=0.451175) (r=0.191584) typem=1 type1=0 type2=0 
t=0.000368381 single-single idm=2193093(mm=108.653) id1=905704(m1=108.223):id2=513093(m2=0.429315) (r=0.544088) typem=1 type1=1 type2=0 b[RSUN]=300.527 vinf[km/s]=57.3571
t=0.000472145 single-single idm=1753235(mm=123.702) id1=264858(m1=123.163):id2=73235(m2=0.540199) (r=0.240675) typem=4 type1=4 type2=0 b[RSUN]=8977.84 vinf[km/s]=42.7113
t=0.000476033 binary-single idm=1728796(mm=121.188) id1=113412(m1=4.90377):id2=48795(m2=115.893):id3=50706(m3=0.393177) (r=0.0696788) typem=4 type1=1 type2=4 type3=0 
t=0.000485724 single-single idm=2170428(mm=83.0077) id1=490428(m1=107.198):id2=795827(m2=0.145915) (r=0.0622817) typem=4 type1=4 type2=0 b[RSUN]=2223.5 vinf[km/s]=61.643
t=0.000485724 binary-binary idm=1720381(mm=66.4114) id1=40380(m1=66.2339):id2=1607308(m2=0.0814659):id3=112059(m3=0.0970852) (r=0.156057) typem=4 type1=4 type2=0 type3=0 
t=0.000485724 single-single idm=1745533(mm=111.823) id1=994317(m1=109.416):id2=65533(m2=2.41328) (r=0.580955) typem=4 type1=4 type2=1 b[RSUN]=10158.2 vinf[km/s]=30.7235
t=0.000485724 single-single idm=2625528(mm=94.6837) id1=945528(m1=107.903):id2=1130440(m2=0.0923245) (r=1.81426) typem=4 type1=4 type2=0 b[RSUN]=14018.8 vinf[km/s]=5.92096
t=0.000492718 single-single idm=1817626(mm=102.347) id1=137626(m1=0.617698):id2=510641(m2=101.732) (r=0.239554) typem=4 type1=0 type2=4 b[RSUN]=11786.7 vinf[km/s]=26.8748
t=0.000492718 single-single idm=2151498(mm=103.411) id1=754768(m1=102.022):id2=471498(m2=1.39319) (r=0.45823) typem=4 type1=4 type2=1 b[RSUN]=9660.5 vinf[km/s]=33.767
t=0.000497379 single-single idm=1685129(mm=58.4115) id1=5129(m1=0.153773):id2=34504(m2=58.2596) (r=0.124559) typem=4 type1=0 type2=4 b[RSUN]=5145.65 vinf[km/s]=13.7963
t=0.000497379 single-single idm=1984044(mm=96.5706) id1=920191(m1=96.3039):id2=304044(m2=0.26828) (r=0.314283) typem=4 type1=4 type2=0 b[RSUN]=3249.65 vinf[km/s]=63.4504
t=0.000500753 single-single idm=1900595(mm=75.782) id1=220595(m1=93.2527):id2=261334(m2=0.0905829) (r=0.220167) typem=4 type1=4 type2=0 b[RSUN]=12045.2 vinf[km/s]=18.3044
t=0.000502609 single-single idm=2024445(mm=70.9096) id1=803521(m1=0.0931843):id2=344445(m2=88.7385) (r=0.0649165) typem=4 type1=0 type2=4 b[RSUN]=2137.25 vinf[km/s]=60.0333
t=0.000502609 single-single idm=1847232(mm=89.2711) id1=281701(m1=88.6841):id2=167232(m2=0.589012) (r=0.400978) typem=4 type1=4 type2=0 b[RSUN]=12654 vinf[km/s]=21.6094
t=0.000502609 single-single idm=1922773(mm=74.9808) id1=242773(m1=0.0882804):id2=658959(m2=92.3271) (r=0.602058) typem=4 type1=0 type2=4 b[RSUN]=3573.63 vinf[km/s]=46.2242
t=0.000503729 single-single idm=2901393(mm=87.3344) id1=1221393(m1=0.622359):id2=1305236(m2=86.7185) (r=0.727588) typem=5 type1=0 type2=5 b[RSUN]=6537.58 vinf[km/s]=65.2289
t=0.000507592 binary-single idm=1681230(mm=86.7564) id1=1113367(m1=0.85833):id2=1230(m2=85.898) (r=0.218367) typem=4 type1=1 type2=4 
t=0.000509625 single-single idm=1689424(mm=68.6185) id1=9424(m1=84.332):id2=1448424(m2=0.10436) (r=0.958989) typem=4 type1=4 type2=0 b[RSUN]=4622.34 vinf[km/s]=46.1143
t=0.000510547 single-single idm=1755885(mm=79.7763) id1=75885(m1=0.162434):id2=688588(m2=79.6148) (r=0.219923) typem=4 type1=0 type2=4 b[RSUN]=4833 vinf[km/s]=65.9074
t=0.000516647 single-single idm=1730494(mm=41.4542) id1=50494(m1=0.173939):id2=261806(m2=76.4275) (r=0.0754161) typem=4 type1=0 type2=4 b[RSUN]=8648.55 vinf[km/s]=29.6274
t=0.000518773 single-single idm=1868681(mm=48.6054) id1=265082(m1=72.4619):id2=188681(m2=0.111115) (r=0.246959) typem=4 type1=4 type2=0 b[RSUN]=10251.5 vinf[km/s]=18.6666
t=0.000520816 single-single idm=1772882(mm=70.194) id1=92882(m1=69.9671):id2=392115(m2=0.228455) (r=0.162239) typem=4 type1=4 type2=0 b[RSUN]=6314.88 vinf[km/s]=41.4194
t=0.000525827 binary-single idm=1704985(mm=72.6962) id1=24985(m1=0.0847016):id2=259495(m2=72.6115) (r=0.221682) typem=4 type1=0 type2=4 
t=0.000534431 single-single idm=1728757(mm=59.3841) id1=48757(m1=59.2962):id2=168711(m2=0.0886601) (r=0.18805) typem=4 type1=4 type2=0 b[RSUN]=7191.48 vinf[km/s]=19.7182
t=0.000534431 single-single idm=2109613(mm=60.8219) id1=429613(m1=58.7694):id2=524497(m2=2.06373) (r=0.409286) typem=4 type1=4 type2=1 b[RSUN]=3725.26 vinf[km/s]=54.6116
t=0.000541402 binary-single idm=2104319(mm=55.6308) id1=424319(m1=0.524499):id2=955466(m2=55.1063) (r=0.294805) typem=1 type1=0 type2=1 
t=0.000541402 single-single idm=1945243(mm=55.3369) id1=409982(m1=55.2133):id2=265243(m2=0.124534) (r=0.422525) typem=4 type1=4 type2=0 b[RSUN]=7140.93 vinf[km/s]=17.0415
t=0.000546723 single-single idm=1940455(mm=56.2317) id1=260455(m1=0.102912):id2=334111(m2=56.1294) (r=0.173876) typem=4 type1=0 type2=4 b[RSUN]=3947.49 vinf[km/s]=51.9025
t=0.000558523 binary-single idm=1777203(mm=51.3339) id1=97203(m1=0.470839):id2=497384(m2=50.863) (r=0.112548) typem=4 type1=0 type2=4 
t=0.00056136 single-single idm=1780414(mm=49.197) id1=115918(m1=47.6082):id2=100414(m2=1.59443) (r=0.34959) typem=4 type1=4 type2=1 b[RSUN]=14040.5 vinf[km/s]=6.82021
t=0.000572942 single-single idm=1915378(mm=36.7185) id1=349544(m1=0.702068):id2=235378(m2=36.0214) (r=0.186901) typem=4 type1=0 type2=4 b[RSUN]=4575.47 vinf[km/s]=24.9685
t=0.000580962 single-single idm=1872135(mm=48.2228) id1=192135(m1=3.04443):id2=724519(m2=45.1865) (r=0.836107) typem=4 type1=1 type2=4 b[RSUN]=1203.25 vinf[km/s]=32.0194
t=0.000582899 single-single idm=1704013(mm=42.5224) id1=540782(m1=0.241356):id2=24013(m2=42.2826) (r=0.249993) typem=4 type1=0 type2=4 b[RSUN]=2154.74 vinf[km/s]=84.3746
t=0.000592022 single-single idm=2441923(mm=32.0125) id1=1142001(m1=0.240461):id2=761923(m2=31.7746) (r=1.28099) typem=4 type1=0 type2=4 b[RSUN]=4025 vinf[km/s]=35.1427
t=0.000597573 single-single idm=1939790(mm=34.0717) id1=259790(m1=0.14511):id2=371012(m2=33.9278) (r=0.236717) typem=4 type1=0 type2=4 b[RSUN]=4066.16 vinf[km/s]=35.6169
t=0.000604338 binary-single idm=1914580(mm=29.0023) id1=593128(m1=0.336869):id2=234580(m2=28.6654) (r=0.0936003) typem=4 type1=0 type2=4 
t=0.000688539 single-single idm=1684040(mm=13.1684) id1=4040(m1=12.9507):id2=935848(m2=0.217679) (r=0.34304) typem=1 type1=1 type2=0 b[RSUN]=57.8699 vinf[km/s]=55.663
t=0.000737103 binary-single idm=1779120(mm=0.370847) id1=99120(m1=0.240665):id2=1676682(m2=0.130182) (r=0.324597) typem=0 type1=0 type2=0 
t=0.000786457 binary-single idm=2081518(mm=69.1172) id1=401518(m1=0.148209):id2=1673310(m2=68.9689) (r=0.604247) typem=4 type1=0 type2=4 
t=0.000831217 single-single idm=2108525(mm=1.15362) id1=428525(m1=0.787409):id2=578165(m2=0.366207) (r=0.770399) typem=1 type1=1 type2=0 b[RSUN]=155.362 vinf[km/s]=1.12663
t=0.00092108 single-single idm=1865318(mm=6.29536) id1=513245(m1=4.73259):id2=185318(m2=1.56276) (r=0.506509) typem=1 type1=1 type2=1 b[RSUN]=25.7257 vinf[km/s]=35.3472
t=0.000976419 single-single idm=1744587(mm=6.05965) id1=311821(m1=5.85423):id2=64587(m2=0.205417) (r=0.367811) typem=1 type1=1 type2=0 b[RSUN]=30.3682 vinf[km/s]=49.469
t=0.00139887 single-single idm=1944279(mm=0.381288) id1=264279(m1=0.196561):id2=407125(m2=0.184728) (r=0.380975) typem=0 type1=0 type2=0 b[RSUN]=3.40773 vinf[km/s]=63.7348
t=0.00144766 binary-single idm=1710956(mm=0.47954) id1=30956(m1=0.320941):id2=1642612(m2=0.158599) (r=0.206382) typem=0 type1=0 type2=0 
t=0.00170126 single-single idm=1755129(mm=17.4061) id1=111914(m1=18.114):id2=75129(m2=0.418234) (r=0.30759) typem=4 type1=4 type2=0 b[RSUN]=2006.2 vinf[km/s]=22.7571
t=0.00174568 binary-binary idm=2266551(mm=4.6724) id1=1601735(m1=2.53583):id2=1635968(m2=0.338869):id3=586550(m3=1.7977) (r=0.325108) typem=1 type1=1 type2=0 type3=1 
t=0.00179767 binary-single idm=2386136(mm=1.0103) id1=706136(m1=0.176225):id2=1608611(m2=0.834071) (r=0.415137) typem=1 type1=0 type2=1 
t=0.00179767 binary-single idm=2934853(mm=3.95121) id1=1254853(m1=1.34007):id2=1377354(m2=2.61114) (r=2.1184) typem=1 type1=1 type2=1 
t=0.001922 single-single idm=1754594(mm=7.53107) id1=423253(m1=0.084692):id2=74594(m2=7.44638) (r=0.416961) typem=1 type1=0 type2=1 b[RSUN]=40.2052 vinf[km/s]=27.5636
t=0.00199864 binary-single idm=2050629(mm=2.25446) id1=370629(m1=2.10801):id2=1647433(m2=0.146446) (r=0.483238) typem=1 type1=1 type2=0 
t=0.00258977 single-single idm=2813352(mm=11.9412) id1=1133352(m1=0.130741):id2=1555247(m2=11.8105) (r=0.678964) typem=1 type1=0 type2=1 b[RSUN]=11.2501 vinf[km/s]=82.8539
t=0.00263176 single-single idm=1743620(mm=0.661364) id1=103424(m1=0.544372):id2=63620(m2=0.116992) (r=0.222741) typem=0 type1=0 type2=0 b[RSUN]=4.43601 vinf[km/s]=51.9407
t=0.0027485 single-single idm=2336541(mm=12.0818) id1=656541(m1=0.167897):id2=1008706(m2=11.9954) (r=0.90978) typem=4 type1=0 type2=4 b[RSUN]=118.575 vinf[km/s]=48.885
t=0.00331479 single-single idm=2174661(mm=4.11189) id1=494661(m1=0.0900179):id2=883145(m2=4.02187) (r=0.799132) typem=1 type1=0 type2=1 b[RSUN]=24.7756 vinf[km/s]=31.8054
t=0.00341889 single-single idm=2433817(mm=1.96757) id1=846561(m1=1.58396):id2=753817(m2=0.383615) (r=0.647779) typem=1 type1=1 type2=0 b[RSUN]=10.2682 vinf[km/s]=37.5927
t=0.0036073 single-single idm=1982683(mm=6.70343) id1=302683(m1=6.35826):id2=562452(m2=0.345163) (r=0.658999) typem=1 type1=1 type2=0 b[RSUN]=120.382 vinf[km/s]=17.714
t=0.00383942 binary-single idm=2057467(mm=0.654093) id1=596282(m1=0.0853866):id2=377467(m2=0.568706) (r=0.681829) typem=0 type1=0 type2=0 
t=0.00423387 single-single idm=2381264(mm=6.03897) id1=817703(m1=5.92102):id2=701264(m2=0.117949) (r=0.42863) typem=1 type1=1 type2=0 b[RSUN]=21.3654 vinf[km/s]=69.3729
t=0.00462301 single-single idm=2015159(mm=7.05326) id1=335159(m1=6.42659):id2=739798(m2=0.626671) (r=0.709561) typem=1 type1=1 type2=0 b[RSUN]=119.756 vinf[km/s]=23.7332
t=0.00502182 binary-single idm=1714600(mm=0.230435) id1=34600(m1=0.128132):id2=1617215(m2=0.102304) (r=0.172437) typem=0 type1=0 type2=0 
t=0.00503972 binary-single idm=2088206(mm=2.40354) id1=408206(m1=0.65239):id2=600275(m2=1.75115) (r=0.485395) typem=1 type1=0 type2=1 
t=0.00512733 single-single idm=1907665(mm=4.70996) id1=227665(m1=0.38624):id2=500283(m2=4.32372) (r=0.538576) typem=1 type1=0 type2=1 b[RSUN]=104.9 vinf[km/s]=17.3322
t=0.00517615 single-single idm=1704771(mm=3.56357) id1=84953(m1=0.107694):id2=24771(m2=3.45588) (r=0.229142) typem=1 type1=0 type2=1 b[RSUN]=20.2717 vinf[km/s]=41.3975
t=0.00537446 binary-single idm=1804372(mm=4.11953) id1=124372(m1=0.83703):id2=242193(m2=3.2825) (r=0.420143) typem=1 type1=1 type2=1 
t=0.00555382 single-single idm=2392087(mm=1.62358) id1=712087(m1=0.359359):id2=1076621(m2=1.26422) (r=0.995936) typem=1 type1=0 type2=1 b[RSUN]=10.6826 vinf[km/s]=39.5895
t=0.00568835 binary-single idm=1963475(mm=29.5616) id1=658790(m1=0.346529):id2=283475(m2=29.5616) (r=0.111204) typem=14 type1=0 type2=14 
t=0.00598655 single-single idm=2130813(mm=7.3924) id1=575085(m1=7.35694):id2=450813(m2=0.227774) (r=0.605783) typem=4 type1=4 type2=0 b[RSUN]=775.448 vinf[km/s]=18.2839
t=0.00634163 binary-single idm=2771959(mm=0.211241) id1=1091959(m1=0.121937):id2=1610460(m2=0.089304) (r=1.18529) typem=0 type1=0 type2=0 
t=0.00650536 single-single idm=1745250(mm=6.48307) id1=182133(m1=0.65011):id2=65250(m2=5.83296) (r=0.428136) typem=1 type1=0 type2=1 b[RSUN]=64.7555 vinf[km/s]=30.9405
t=0.00674395 single-single idm=1958684(mm=1.26359) id1=794776(m1=1.08539):id2=278684(m2=0.178201) (r=0.742348) typem=1 type1=1 type2=0 b[RSUN]=4.68424 vinf[km/s]=37.1312
t=0.00735145 single-single idm=2423811(mm=5.53062) id1=763357(m1=0.093996):id2=743811(m2=6.56265) (r=0.571468) typem=4 type1=0 type2=4 b[RSUN]=274.939 vinf[km/s]=35.1926
t=0.00740387 binary-single idm=2402992(mm=0.87091) id1=722992(m1=0.0945774):id2=1340101(m2=0.776332) (r=1.94537) typem=1 type1=0 type2=1 
t=0.00749682 single-single idm=1817546(mm=6.78524) id1=137546(m1=0.122027):id2=923432(m2=6.77708) (r=1.00733) typem=4 type1=0 type2=4 b[RSUN]=182.69 vinf[km/s]=28.9095
t=0.0075268 single-single idm=2149407(mm=6.62209) id1=469407(m1=6.56838):id2=1577050(m2=0.120628) (r=0.870892) typem=4 type1=4 type2=0 b[RSUN]=42.1557 vinf[km/s]=47.6122
t=0.00788715 single-single idm=1912511(mm=4.34702) id1=890577(m1=0.599437):id2=232511(m2=3.74758) (r=0.306757) typem=1 type1=0 type2=1 b[RSUN]=22.2016 vinf[km/s]=35.2041
t=0.00818068 single-single idm=2143409(mm=4.89252) id1=567937(m1=0.276886):id2=463409(m2=6.50457) (r=0.347686) typem=4 type1=0 type2=4 b[RSUN]=340.366 vinf[km/s]=25.3483
t=0.00827292 single-single idm=1737626(mm=19.3518) id1=326747(m1=0.0930628):id2=57626(m2=19.3518) (r=0.267379) typem=14 type1=0 type2=14 b[RSUN]=81.7629 vinf[km/s]=5.11225
t=0.00835529 binary-single idm=1807082(mm=1.36177) id1=127082(m1=0.403726):id2=380125(m2=0.95804) (r=0.255817) typem=1 type1=0 type2=1 
t=0.00836137 single-single idm=1709169(mm=1.88334) id1=371894(m1=1.75454):id2=29169(m2=0.128802) (r=0.71789) typem=1 type1=1 type2=0 b[RSUN]=44.7853 vinf[km/s]=15.0429
t=0.00841996 single-single idm=2398264(mm=2.09702) id1=718264(m1=1.17272):id2=933911(m2=0.9243) (r=1.63956) typem=1 type1=1 type2=1 b[RSUN]=47.4793 vinf[km/s]=21.8431
t=0.00881453 single-single idm=2638350(mm=3.19693) id1=1105079(m1=2.15743):id2=958350(m2=1.0395) (r=1.23634) typem=1 type1=1 type2=1 b[RSUN]=38.4433 vinf[km/s]=24.1583
t=0.00904681 binary-single idm=1757048(mm=52.789) id1=77047(m1=0.876006):id2=2170428(m2=52.789) (r=0.0301965) typem=14 type1=1 type2=14 
t=0.00939902 binary-single idm=1917089(mm=0.368945) id1=237089(m1=0.271533):id2=252338(m2=0.0974127) (r=0.66993) typem=0 type1=0 type2=0 
t=0.00941706 binary-single idm=1863159(mm=1.13734) id1=183159(m1=0.332356):id2=999693(m2=0.804985) (r=0.512185) typem=1 type1=0 type2=1 
t=0.009659 single-single idm=2185626(mm=6.42449) id1=1097636(m1=1.02708):id2=505626(m2=5.39741) (r=0.59599) typem=1 type1=1 type2=1 b[RSUN]=155.667 vinf[km/s]=12.9181
t=0.00997776 single-single idm=2044857(mm=4.97502) id1=487540(m1=5.60743):id2=364857(m2=0.0843598) (r=0.596283) typem=4 type1=4 type2=0 b[RSUN]=907.844 vinf[km/s]=14.1283
t=0.0099913 single-single idm=1695286(mm=6.274) id1=15286(m1=5.73905):id2=1033438(m2=0.675365) (r=0.607824) typem=4 type1=4 type2=0 b[RSUN]=36.049 vinf[km/s]=46.9855
t=0.0101914 single-single idm=2009051(mm=3.84413) id1=834807(m1=1.05036):id2=329051(m2=2.79377) (r=0.926397) typem=1 type1=1 type2=1 b[RSUN]=24.3235 vinf[km/s]=14.8348
t=0.0103183 single-single idm=2682376(mm=3.00633) id1=1554583(m1=0.405912):id2=1002376(m2=2.60042) (r=0.844434) typem=1 type1=0 type2=1 b[RSUN]=12.4399 vinf[km/s]=68.8069
t=0.0104077 single-single idm=1903370(mm=0.26455) id1=223370(m1=0.126856):id2=657043(m2=0.137694) (r=0.382541) typem=0 type1=0 type2=0 b[RSUN]=1.281 vinf[km/s]=63.3773
t=0.0111402 binary-single idm=1802929(mm=3.37642) id1=210107(m1=0.56209):id2=122929(m2=2.81433) (r=0.260395) typem=1 type1=0 type2=1 
t=0.0112678 binary-single idm=2095205(mm=4.264) id1=415205(m1=0.144015):id2=605964(m2=4.11999) (r=0.828331) typem=5 type1=0 type2=5 
t=0.0113487 binary-single idm=1874505(mm=1.66214) id1=905589(m1=0.0907245):id2=194505(m2=1.57141) (r=0.507248) typem=1 type1=0 type2=1 
t=0.0119453 binary-single idm=2060841(mm=1.5387) id1=844675(m1=0.818405):id2=380841(m2=0.720296) (r=1.07956) typem=1 type1=1 type2=0 
t=0.0120748 binary-single idm=2196529(mm=0.648583) id1=516529(m1=0.326193):id2=1658893(m2=0.32239) (r=0.52652) typem=0 type1=0 type2=0 
t=0.0124533 single-single idm=2089641(mm=2.53409) id1=1023684(m1=5.00137):id2=409641(m2=0.828901) (r=0.965383) typem=4 type1=4 type2=1 b[RSUN]=164.965 vinf[km/s]=16.4945
t=0.0125385 binary-single idm=2445075(mm=2.53553) id1=765075(m1=2.20928):id2=1621959(m2=0.326258) (r=0.665183) typem=1 type1=1 type2=0 
t=0.0128639 single-single idm=2019103(mm=5.53221) id1=339103(m1=0.587819):id2=807961(m2=4.94476) (r=0.845861) typem=6 type1=0 type2=6 b[RSUN]=594.887 vinf[km/s]=36.5597
t=0.0128668 single-single idm=2306486(mm=0.693297) id1=1383207(m1=0.102967):id2=626486(m2=0.59033) (r=1.48822) typem=0 type1=0 type2=0 b[RSUN]=8.98749 vinf[km/s]=35.7881
t=0.012895 binary-binary idm=2386885(mm=40.5) id1=846855(m1=0.261484):id2=706885(m2=40.5) (r=0.0265045) typem=14 type1=0 type2=14 
t=0.0129654 single-single idm=1695937(mm=34.0943) id1=147898(m1=34.0943):id2=15937(m2=1.05933) (r=0.155292) typem=14 type1=14 type2=1 b[RSUN]=83.3725 vinf[km/s]=36.0294
t=0.0130059 single-single idm=2206542(mm=4.87009) id1=526542(m1=0.135736):id2=550912(m2=4.73436) (r=0.850009) typem=1 type1=0 type2=1 b[RSUN]=138.26 vinf[km/s]=11.4949
t=0.0132435 single-single idm=1729891(mm=1.03817) id1=983771(m1=0.369325):id2=49891(m2=0.668847) (r=0.630722) typem=1 type1=0 type2=0 b[RSUN]=1.62846 vinf[km/s]=59.6965
t=0.0133931 single-single idm=1742829(mm=1.62536) id1=62829(m1=0.271446):id2=254530(m2=1.35391) (r=0.703086) typem=1 type1=0 type2=1 b[RSUN]=31.9234 vinf[km/s]=21.0755
t=0.0135098 single-single idm=1702279(mm=40.5) id1=22279(m1=0.493231):id2=1049556(m2=40.5) (r=0.00661366) typem=14 type1=0 type2=14 b[RSUN]=92.6092 vinf[km/s]=26.1823
t=0.0135403 single-single idm=1754984(mm=1.16076) id1=210928(m1=0.78046):id2=74984(m2=0.380297) (r=0.629151) typem=1 type1=1 type2=0 b[RSUN]=36.3386 vinf[km/s]=10.1457
t=0.0137675 binary-single idm=2425198(mm=1.50684) id1=968607(m1=0.167399):id2=745198(m2=1.33944) (r=0.979576) typem=1 type1=0 type2=1 
t=0.0137678 single-single idm=2420962(mm=1.16285) id1=1391152(m1=0.817187):id2=740962(m2=0.345661) (r=1.23895) typem=1 type1=1 type2=0 b[RSUN]=20.749 vinf[km/s]=25.9839
t=0.0142188 single-single idm=1793128(mm=1.29115) id1=113128(m1=0.115101):id2=419568(m2=1.17605) (r=0.493) typem=1 type1=0 type2=1 b[RSUN]=35.2974 vinf[km/s]=19.9094
t=0.0149574 single-single idm=2124348(mm=29.2362) id1=444348(m1=0.979747):id2=524685(m2=29.2362) (r=0.281229) typem=14 type1=1 type2=14 b[RSUN]=77.6359 vinf[km/s]=34.3279
t=0.0152083 binary-single idm=1830339(mm=0.182304) id1=150339(m1=0.0994174):id2=1649110(m2=0.0828866) (r=0.237626) typem=0 type1=0 type2=0 
t=0.0153814 binary-binary idm=2108069(mm=1.44883) id1=428069(m1=0.863519):id2=1648588(m2=0.585311) (r=0.670783) typem=1 type1=1 type2=0 
t=0.0155972 binary-single idm=2129403(mm=1.55969) id1=449403(m1=0.12335):id2=1653734(m2=1.43634) (r=0.0914429) typem=1 type1=0 type2=1 
t=0.0159584 single-single idm=2085300(mm=0.8954) id1=492980(m1=0.653087):id2=405300(m2=0.242313) (r=0.981562) typem=1 type1=0 type2=0 b[RSUN]=4.76542 vinf[km/s]=57.89
t=0.0161703 binary-single idm=1753101(mm=29.4371) id1=73101(m1=2.54574):id2=100809(m2=29.4371) (r=0.0207892) typem=14 type1=1 type2=14 
t=0.0161748 single-single idm=1888527(mm=1.10787) id1=353164(m1=4.55323):id2=208527(m2=1.36036) (r=0.702021) typem=13 type1=6 type2=12 b[RSUN]=468.607 vinf[km/s]=31.7537
t=0.0163075 single-single idm=1875386(mm=4.5751) id1=195386(m1=4.43243):id2=305809(m2=0.292484) (r=1.07441) typem=4 type1=4 type2=0 b[RSUN]=420.084 vinf[km/s]=9.63897
t=0.0165486 binary-single idm=2630308(mm=0.386424) id1=950308(m1=0.250701):id2=1630730(m2=0.135723) (r=0.865928) typem=0 type1=0 type2=0 
t=0.016552 single-single idm=2033167(mm=4.77973) id1=353167(m1=0.260817):id2=1282884(m2=4.51927) (r=1.42708) typem=6 type1=0 type2=6 b[RSUN]=335.296 vinf[km/s]=46.6965
t=0.01656 single-single idm=2039138(mm=3.83504) id1=359138(m1=0.274671):id2=469574(m2=3.56037) (r=0.392442) typem=1 type1=0 type2=1 b[RSUN]=35.8345 vinf[km/s]=44.5185
t=0.0171454 binary-binary idm=1854558(mm=78.4097) id1=174558(m1=40.5):id2=1074776(m2=41.8844) (r=0.00380584) typem=14 type1=14 type2=14 
t=0.01759 single-single idm=1738355(mm=4.43875) id1=72747(m1=4.40296):id2=58355(m2=0.0871624) (r=0.701519) typem=4 type1=4 type2=0 b[RSUN]=208.747 vinf[km/s]=17.8284
t=0.0182403 binary-single idm=2135846(mm=2.60936) id1=996258(m1=2.46607):id2=455846(m2=0.143292) (r=0.686045) typem=1 type1=1 type2=0 
t=0.0186051 binary-binary idm=2456666(mm=40.5) id1=776666(m1=0.126213):id2=839503(m2=40.5) (r=0.0143882) typem=14 type1=0 type2=14 
t=0.0187052 single-single idm=2031798(mm=2.5546) id1=351798(m1=0.254275):id2=767227(m2=2.30033) (r=0.0751334) typem=1 type1=0 type2=1 b[RSUN]=16.3151 vinf[km/s]=36.9868
t=0.018928 binary-binary idm=1969196(mm=38.4597) id1=623145(m1=38.4597):id2=289196(m2=0.32049) (r=0.209308) typem=14 type1=14 type2=0 
t=0.0195643 single-single idm=1942345(mm=0.163398) id1=262345(m1=0.0831026):id2=703654(m2=0.0802953) (r=1.26521) typem=0 type1=0 type2=0 b[RSUN]=3.79181 vinf[km/s]=31.7472
t=0.0195814 single-single idm=2174870(mm=2.74191) id1=682684(m1=4.05442):id2=494870(m2=0.63927) (r=0.673693) typem=4 type1=4 type2=0 b[RSUN]=351.663 vinf[km/s]=22.1245
t=0.019885 single-single idm=1746897(mm=24.2831) id1=66897(m1=24.2831):id2=84073(m2=0.410515) (r=0.022533) typem=14 type1=14 type2=0 b[RSUN]=49.2436 vinf[km/s]=31.7219
t=0.020008 binary-single idm=1773711(mm=1.15848) id1=93711(m1=0.190521):id2=711689(m2=0.967959) (r=0.682773) typem=1 type1=0 type2=1 
t=0.0200315 single-single idm=1719532(mm=0.561549) id1=39532(m1=0.084193):id2=584887(m2=0.477356) (r=0.826642) typem=0 type1=0 type2=0 b[RSUN]=5.152 vinf[km/s]=27.6459
t=0.0201648 binary-single idm=2061768(mm=4.87534) id1=391330(m1=1.36391):id2=381768(m2=3.51144) (r=0.333906) typem=1 type1=1 type2=1 
t=0.0207701 single-single idm=1864897(mm=0.661063) id1=184897(m1=0.533051):id2=410369(m2=0.128012) (r=1.15132) typem=0 type1=0 type2=0 b[RSUN]=12.6478 vinf[km/s]=19.4896
t=0.0210198 binary-single idm=1714243(mm=78.4019) id1=1868681(m1=41.8763):id2=34242(m2=40.5) (r=0.00371641) typem=14 type1=14 type2=14 
t=0.021103 binary-single idm=1767365(mm=1.16792) id1=558376(m1=1.08228):id2=87365(m2=0.0856415) (r=0.596578) typem=1 type1=1 type2=0 
t=0.0216141 single-single idm=2116105(mm=2.19013) id1=580662(m1=0.941495):id2=436105(m2=1.24863) (r=0.74143) typem=1 type1=1 type2=1 b[RSUN]=110.221 vinf[km/s]=9.51574
t=0.0221537 binary-binary idm=1720382(mm=87.2965) id1=149723(m1=40.5):id2=1720381(m2=51.1182) (r=0.00155285) typem=14 type1=14 type2=14 
t=0.0222092 binary-binary idm=3248883(mm=1.04146) id1=1568883(m1=0.908091):id2=1625002(m2=0.133369) (r=1.5462) typem=1 type1=1 type2=0 
t=0.0222239 binary-single idm=2221394(mm=1.30626) id1=541394(m1=0.696816):id2=1601129(m2=0.609439) (r=0.0164) typem=1 type1=0 type2=0 
t=0.022648 binary-single idm=1887665(mm=2.99754) id1=552103(m1=0.265415):id2=207665(m2=2.73212) (r=0.490531) typem=1 type1=0 type2=1 
t=0.0226515 binary-single idm=1809488(mm=4.37059) id1=129488(m1=0.219129):id2=1674623(m2=4.15146) (r=0.613862) typem=1 type1=0 type2=1 
t=0.0226925 binary-single idm=3063182(mm=2.19207) id1=1383182(m1=1.79798):id2=1612099(m2=0.394095) (r=0.776455) typem=1 type1=1 type2=0 
t=0.0232246 binary-single idm=1788561(mm=38.2051) id1=295028(m1=38.2051):id2=108561(m2=0.598737) (r=0.0112163) typem=14 type1=14 type2=0 
t=0.0232657 single-single idm=1770707(mm=5.64489) id1=90707(m1=4.70205):id2=765287(m2=0.942982) (r=0.256408) typem=5 type1=5 type2=1 b[RSUN]=233.704 vinf[km/s]=29.1669
t=0.0233125 single-single idm=1681646(mm=4.0543) id1=1646(m1=0.623783):id2=625245(m2=3.43052) (r=0.373112) typem=1 type1=0 type2=1 b[RSUN]=43.4854 vinf[km/s]=36.2506
t=0.0237561 single-single idm=2293919(mm=0.492042) id1=907231(m1=0.143334):id2=613919(m2=0.348708) (r=0.575394) typem=0 type1=0 type2=0 b[RSUN]=2.39145 vinf[km/s]=42.4669
t=0.0247105 binary-single idm=1720383(mm=87.2965) id1=315077(m1=0.743604):id2=1720382(m2=87.2965) (r=0.0195271) typem=14 type1=0 type2=14 
t=0.0251122 binary-single idm=2187681(mm=40.5) id1=507681(m1=0.478928):id2=1326431(m2=40.5) (r=0.0283167) typem=14 type1=0 type2=14 
t=0.0254935 single-single idm=2187985(mm=3.29375) id1=1314350(m1=3.15084):id2=507985(m2=0.142909) (r=0.248623) typem=1 type1=1 type2=0 b[RSUN]=25.342 vinf[km/s]=52.1602
t=0.0258541 binary-binary idm=2576048(mm=0.875668) id1=896048(m1=0.627529):id2=1642564(m2=0.248139) (r=0.695932) typem=1 type1=0 type2=0 
t=0.0263207 single-single idm=2491139(mm=3.45539) id1=811139(m1=0.0993195):id2=1452665(m2=3.68932) (r=1.76965) typem=4 type1=0 type2=4 b[RSUN]=77.4547 vinf[km/s]=35.8898
t=0.0272839 binary-single idm=1714244(mm=113.064) id1=873654(m1=40.5):id2=1714243(m2=78.4019) (r=0.0428678) typem=14 type1=14 type2=14 
t=0.0274263 single-single idm=2559837(mm=0.91037) id1=1260898(m1=0.38756):id2=879837(m2=0.52281) (r=2.31726) typem=1 type1=0 type2=0 b[RSUN]=15.4561 vinf[km/s]=15.968
t=0.0278978 single-single idm=2346312(mm=1.17465) id1=939142(m1=0.790931):id2=666312(m2=0.383714) (r=1.21694) typem=1 type1=1 type2=0 b[RSUN]=15.8481 vinf[km/s]=23.5364
t=0.0282466 binary-single idm=1756221(mm=3.21018) id1=76221(m1=3.02765):id2=170181(m2=0.182527) (r=1.2397) typem=1 type1=1 type2=0 
t=0.0286529 binary-single idm=2246159(mm=1.7835) id1=712223(m1=0.59339):id2=566159(m2=1.19011) (r=0.966531) typem=1 type1=0 type2=1 
t=0.0288824 single-single idm=2457516(mm=0.542798) id1=777516(m1=0.149394):id2=1079143(m2=0.393405) (r=1.44099) typem=0 type1=0 type2=0 b[RSUN]=6.5049 vinf[km/s]=21.8258
t=0.0290134 binary-single idm=2691483(mm=1.63956) id1=1011483(m1=0.103807):id2=1661150(m2=1.53575) (r=0.922408) typem=1 type1=0 type2=1 
t=0.0291919 binary-single idm=1869272(mm=3.6586) id1=189272(m1=0.433233):id2=225726(m2=3.22537) (r=0.0324151) typem=1 type1=0 type2=1 
t=0.0294248 single-single idm=2757847(mm=0.926395) id1=1077847(m1=0.83281):id2=1436316(m2=0.093585) (r=1.57026) typem=1 type1=1 type2=0 b[RSUN]=11.4244 vinf[km/s]=48.3862
t=0.0310377 single-single idm=2103338(mm=0.793544) id1=821562(m1=0.671671):id2=423338(m2=0.121874) (r=0.587305) typem=1 type1=0 type2=0 b[RSUN]=6.58619 vinf[km/s]=25.5507
t=0.031814 single-single idm=1943380(mm=0.687759) id1=263380(m1=0.211331):id2=648773(m2=0.476428) (r=1.11724) typem=0 type1=0 type2=0 b[RSUN]=8.67611 vinf[km/s]=18.7509
t=0.0318244 binary-single idm=2197227(mm=0.464637) id1=517227(m1=0.285136):id2=621463(m2=0.1795) (r=0.337577) typem=0 type1=0 type2=0 
t=0.0323268 single-single idm=1969966(mm=0.580519) id1=1202780(m1=0.087088):id2=289966(m2=0.493431) (r=2.11829) typem=0 type1=0 type2=0 b[RSUN]=12.6444 vinf[km/s]=21.1469
t=0.0328855 single-single idm=1706440(mm=0.961225) id1=26440(m1=0.571343):id2=191946(m2=0.389883) (r=0.445204) typem=1 type1=0 type2=0 b[RSUN]=7.6245 vinf[km/s]=41.1433
t=0.0328997 single-single idm=1761405(mm=0.171675) id1=81405(m1=0.0836681):id2=688535(m2=0.0880067) (r=0.430777) typem=0 type1=0 type2=0 b[RSUN]=3.11822 vinf[km/s]=41.4116
t=0.0329268 single-single idm=1708283(mm=40.5) id1=28283(m1=0.194037):id2=111187(m2=40.5) (r=0.325696) typem=14 type1=0 type2=14 b[RSUN]=256.108 vinf[km/s]=5.94157
t=0.0330955 single-single idm=2531840(mm=0.995914) id1=911448(m1=0.604631):id2=851840(m2=0.391282) (r=1.38772) typem=1 type1=0 type2=0 b[RSUN]=12.3177 vinf[km/s]=46.1368
t=0.0332598 single-single idm=2018502(mm=4.86426) id1=458105(m1=0.385857):id2=338502(m2=4.47905) (r=0.585192) typem=6 type1=0 type2=6 b[RSUN]=634.686 vinf[km/s]=29.786
t=0.0335241 single-single idm=2205820(mm=0.601135) id1=858693(m1=0.498928):id2=525820(m2=0.102207) (r=0.570447) typem=0 type1=0 type2=0 b[RSUN]=7.02843 vinf[km/s]=39.8712
t=0.0338116 single-single idm=1895124(mm=2.92379) id1=215124(m1=2.82746):id2=289840(m2=0.0968309) (r=0.322965) typem=6 type1=6 type2=0 b[RSUN]=721.157 vinf[km/s]=25.5187
t=0.0342637 binary-single idm=2080923(mm=1.02086) id1=400923(m1=0.872418):id2=504196(m2=0.148439) (r=0.749492) typem=1 type1=1 type2=0 
t=0.0345835 single-single idm=2385381(mm=2.50546) id1=705381(m1=3.15219):id2=1053397(m2=0.476522) (r=1.51667) typem=4 type1=4 type2=0 b[RSUN]=197.704 vinf[km/s]=27.6598
t=0.0355979 single-single idm=2158011(mm=1.09197) id1=478011(m1=0.130736):id2=763465(m2=0.961236) (r=0.585506) typem=1 type1=0 type2=1 b[RSUN]=12.2971 vinf[km/s]=46.5183
t=0.0356501 single-single idm=1905903(mm=34.9558) id1=1394115(m1=34.9558):id2=225903(m2=0.0812705) (r=0.00399928) typem=14 type1=14 type2=0 b[RSUN]=29.2208 vinf[km/s]=34.1258
t=0.035783 single-single idm=1782676(mm=3.33079) id1=102676(m1=3.20567):id2=431994(m2=0.125368) (r=0.931024) typem=6 type1=6 type2=0 b[RSUN]=6171.83 vinf[km/s]=2.18738
t=0.0359341 single-single idm=1907915(mm=0.431726) id1=730413(m1=0.306703):id2=227915(m2=0.125023) (r=0.719784) typem=0 type1=0 type2=0 b[RSUN]=7.52175 vinf[km/s]=30.592
t=0.0360249 binary-single idm=2152815(mm=1.79851) id1=472815(m1=1.13808):id2=1663392(m2=0.660436) (r=1.24113) typem=1 type1=1 type2=0 
t=0.036451 binary-single idm=2458597(mm=0.752627) id1=778597(m1=0.463974):id2=1619842(m2=0.288653) (r=0.404978) typem=0 type1=0 type2=0 
t=0.036871 binary-single idm=2704790(mm=1.35892) id1=1024790(m1=1.14218):id2=1635947(m2=0.216739) (r=1.52) typem=1 type1=1 type2=0 
t=0.0372087 binary-single idm=1997753(mm=1.43094) id1=317753(m1=0.519526):id2=1617083(m2=0.911417) (r=1.13115) typem=1 type1=0 type2=1 
t=0.0373188 binary-single idm=1899798(mm=0.944934) id1=1143287(m1=0.597819):id2=219798(m2=0.347115) (r=1.23166) typem=1 type1=0 type2=0 
t=0.0373389 binary-single idm=2612188(mm=3.47106) id1=932187(m1=3.13989):id2=1388396(m2=0.248166):id3=1678027(m3=0.242176) (r=1.14074) typem=4 type1=4 type2=0 type3=0 
t=0.0374026 binary-single idm=1882754(mm=1.12999) id1=202754(m1=0.237019):id2=1177136(m2=0.892975) (r=0.818268) typem=1 type1=0 type2=1 
t=0.0385721 single-single idm=1831118(mm=40.5) id1=151118(m1=0.0807009):id2=723688(m2=40.5) (r=0.0103963) typem=14 type1=0 type2=14 b[RSUN]=107.555 vinf[km/s]=11.9902
t=0.0387269 single-single idm=2148858(mm=1.57268) id1=914893(m1=0.822457):id2=468858(m2=0.750221) (r=0.986837) typem=1 type1=1 type2=0 b[RSUN]=31.5608 vinf[km/s]=14.8899
t=0.0397181 single-single idm=2495194(mm=0.853988) id1=815194(m1=0.428772):id2=840653(m2=0.425216) (r=3.77868) typem=1 type1=0 type2=0 b[RSUN]=29.1045 vinf[km/s]=14.6372
t=0.0399484 single-single idm=2009523(mm=0.397787) id1=329523(m1=0.0837685):id2=764690(m2=0.314019) (r=1.49627) typem=0 type1=0 type2=0 b[RSUN]=2.79091 vinf[km/s]=43.2311
t=0.0399493 binary-single idm=2139616(mm=1.05985) id1=459616(m1=0.307346):id2=1188348(m2=0.752508) (r=0.771792) typem=1 type1=0 type2=0 
t=0.0402508 single-single idm=2271929(mm=0.697156) id1=591929(m1=0.222802):id2=1097845(m2=0.474354) (r=1.112) typem=0 type1=0 type2=0 b[RSUN]=2.80685 vinf[km/s]=41.7369
t=0.040535 binary-binary idm=1715715(mm=0.834909) id1=35715(m1=0.194328):id2=248706(m2=0.640581) (r=1.66806) typem=1 type1=0 type2=0 
t=0.0408342 single-single idm=2087616(mm=1.61027) id1=1193630(m1=1.37204):id2=407616(m2=0.238223) (r=0.620644) typem=1 type1=1 type2=0 b[RSUN]=81.8283 vinf[km/s]=6.78948
t=0.0410886 single-single idm=2500722(mm=0.239954) id1=820722(m1=0.130469):id2=1464161(m2=0.109484) (r=1.91434) typem=0 type1=0 type2=0 b[RSUN]=2.97578 vinf[km/s]=20.2549
t=0.0417686 binary-single idm=2106635(mm=0.626215) id1=426635(m1=0.384291):id2=1674491(m2=0.241924) (r=0.642146) typem=0 type1=0 type2=0 
t=0.0421543 single-single idm=2194134(mm=3.21257) id1=514134(m1=0.784837):id2=763065(m2=2.42773) (r=1.59243) typem=1 type1=1 type2=1 b[RSUN]=54.7934 vinf[km/s]=27.4698
t=0.0430347 binary-binary idm=1990574(mm=70.1559) id1=310574(m1=33.151):id2=770008(m2=40.5) (r=0.00355629) typem=14 type1=14 type2=14 
t=0.0434843 single-single idm=2354258(mm=0.72698) id1=674258(m1=0.208101):id2=1160230(m2=0.518879) (r=0.845362) typem=0 type1=0 type2=0 b[RSUN]=9.12746 vinf[km/s]=41.4731
t=0.043968 single-single idm=1793987(mm=0.722428) id1=665933(m1=0.0879428):id2=113987(m2=0.634485) (r=0.36527) typem=0 type1=0 type2=0 b[RSUN]=7.84089 vinf[km/s]=49.6608
t=0.0452629 binary-single idm=2489200(mm=0.708534) id1=1099312(m1=0.096194):id2=809200(m2=0.612341) (r=1.60115) typem=0 type1=0 type2=0 
t=0.0463761 single-single idm=1695018(mm=3.79601) id1=762687(m1=2.77916):id2=15018(m2=1.01715) (r=0.765334) typem=4 type1=4 type2=11 b[RSUN]=298.302 vinf[km/s]=19.5233
t=0.0466023 single-single idm=3097146(mm=0.882398) id1=1417146(m1=0.17702):id2=1475356(m2=0.705378) (r=2.58385) typem=1 type1=0 type2=0 b[RSUN]=3.64282 vinf[km/s]=35.6235
t=0.0469464 single-single idm=2370492(mm=2.6556) id1=854679(m1=1.75276):id2=690492(m2=2.886) (r=0.604341) typem=4 type1=1 type2=4 b[RSUN]=328.007 vinf[km/s]=19.2861
t=0.0474804 single-single idm=1713683(mm=0.506049) id1=730075(m1=0.242795):id2=33683(m2=0.263254) (r=0.966441) typem=0 type1=0 type2=0 b[RSUN]=15.2367 vinf[km/s]=19.2176
t=0.0477188 single-single idm=1763009(mm=1.61014) id1=283008(m1=0.787572):id2=83009(m2=0.822565) (r=0.869315) typem=1 type1=1 type2=1 b[RSUN]=23.688 vinf[km/s]=35.8488
t=0.0477358 single-single idm=2251728(mm=2.77089) id1=581692(m1=0.770817):id2=571728(m2=2.00007) (r=0.678711) typem=1 type1=1 type2=1 b[RSUN]=62.7686 vinf[km/s]=19.6031
t=0.0491474 single-single idm=2596326(mm=0.405966) id1=1422365(m1=0.088175):id2=916326(m2=0.317791) (r=1.6691) typem=0 type1=0 type2=0 b[RSUN]=6.08619 vinf[km/s]=34.2731
t=0.0496267 binary-binary idm=2876755(mm=2.11871) id1=1196755(m1=1.9789):id2=1661726(m2=0.1398) (r=1.09143) typem=1 type1=1 type2=0 
t=0.0499437 single-single idm=1862180(mm=0.275994) id1=1032137(m1=0.153226):id2=182180(m2=0.122767) (r=0.905764) typem=0 type1=0 type2=0 b[RSUN]=10.1263 vinf[km/s]=17.6487
t=0.0507387 binary-binary idm=3202758(mm=77.0901) id1=1522758(m1=40.5):id2=1581761(m2=40.5) (r=0.00841086) typem=14 type1=14 type2=14 
t=0.0510125 binary-single idm=1755886(mm=56.4167) id1=1353842(m1=18.0816):id2=1755885(m2=40.5) (r=0.0126061) typem=14 type1=14 type2=14 
t=0.0516205 binary-single idm=1759157(mm=3.05432) id1=79157(m1=1.115):id2=1612739(m2=1.93932) (r=1.06929) typem=1 type1=1 type2=1 
t=0.0526681 single-single idm=2912677(mm=0.39545) id1=1264537(m1=0.232802):id2=1232677(m2=0.162648) (r=2.76216) typem=0 type1=0 type2=0 b[RSUN]=9.38754 vinf[km/s]=26.7162
t=0.052996 single-single idm=2118877(mm=0.300319) id1=1246699(m1=0.126816):id2=438877(m2=0.173503) (r=1.96266) typem=0 type1=0 type2=0 b[RSUN]=3.87464 vinf[km/s]=25.3199
t=0.0543429 binary-single idm=2531941(mm=40.5) id1=851941(m1=40.5):id2=1173056(m2=2.4434) (r=0.0294208) typem=14 type1=14 type2=1 
t=0.0550065 single-single idm=2926293(mm=1.77316) id1=1246293(m1=1.45572):id2=1312144(m2=0.317447) (r=0.932729) typem=1 type1=1 type2=0 b[RSUN]=17.3754 vinf[km/s]=11.9711
t=0.0573263 single-single idm=2968606(mm=0.234053) id1=1288606(m1=0.14753):id2=1558901(m2=0.0865233) (r=2.88151) typem=0 type1=0 type2=0 b[RSUN]=5.89954 vinf[km/s]=23.0094
t=0.0576678 single-single idm=2107335(mm=0.848449) id1=697460(m1=0.322027):id2=427335(m2=0.526422) (r=1.32817) typem=1 type1=0 type2=0 b[RSUN]=7.81831 vinf[km/s]=15.5504
t=0.0587572 binary-single idm=1953915(mm=2.55044) id1=273915(m1=1.92958):id2=1674662(m2=0.62086) (r=0.737849) typem=1 type1=1 type2=0 
t=0.0591133 single-single idm=2388491(mm=2.42051) id1=1097404(m1=2.50932):id2=708491(m2=0.0929283) (r=0.506788) typem=3 type1=3 type2=0 b[RSUN]=120.413 vinf[km/s]=20.9404
t=0.059425 single-single idm=1801104(mm=0.347262) id1=428112(m1=0.090073):id2=121104(m2=0.257189) (r=1.45917) typem=0 type1=0 type2=0 b[RSUN]=8.72085 vinf[km/s]=22.5412
t=0.0595641 single-single idm=1718140(mm=0.310286) id1=38140(m1=0.104395):id2=751882(m2=0.205891) (r=1.22861) typem=0 type1=0 type2=0 b[RSUN]=11.8433 vinf[km/s]=16.7773
t=0.0598576 binary-single idm=1759158(mm=5.28315) id1=661249(m1=2.22884):id2=1759157(m2=3.05432) (r=0.581177) typem=1 type1=1 type2=1 
t=0.0600379 single-single idm=2013595(mm=2.52695) id1=333595(m1=2.52403):id2=430320(m2=0.0918984) (r=1.45342) typem=4 type1=4 type2=0 b[RSUN]=184.468 vinf[km/s]=20.3218
t=0.0600506 single-single idm=1708616(mm=1.4785) id1=586826(m1=1.2924):id2=28616(m2=0.186104) (r=0.0917468) typem=1 type1=1 type2=0 b[RSUN]=36.8214 vinf[km/s]=17.6286
t=0.0600553 single-single idm=2550281(mm=2.76215) id1=870281(m1=2.61418):id2=1163908(m2=0.148038) (r=1.34368) typem=5 type1=5 type2=0 b[RSUN]=493.485 vinf[km/s]=5.36776
t=0.060268 binary-single idm=2212042(mm=0.871759) id1=1094785(m1=0.333121):id2=532042(m2=0.538638) (r=0.862573) typem=1 type1=0 type2=0 
t=0.0646847 single-single idm=1828356(mm=28.5439) id1=537828(m1=28.5439):id2=148356(m2=0.166023) (r=0.589381) typem=14 type1=14 type2=0 b[RSUN]=85.5923 vinf[km/s]=14.6222
t=0.0656478 single-single idm=2069711(mm=1.45264) id1=389711(m1=1.11933):id2=1366263(m2=0.333318) (r=0.859328) typem=1 type1=1 type2=0 b[RSUN]=140.174 vinf[km/s]=4.66271
t=0.066863 binary-single idm=1772674(mm=0.717016) id1=92674(m1=0.3308):id2=1085454(m2=0.386215) (r=1.1982) typem=0 type1=0 type2=0 
t=0.0683109 single-single idm=2264650(mm=1.83899) id1=584650(m1=1.54482):id2=600764(m2=0.29417) (r=0.34283) typem=1 type1=1 type2=0 b[RSUN]=11.7945 vinf[km/s]=40.5094
t=0.0684889 single-single idm=1907547(mm=2.22913) id1=227547(m1=2.3782):id2=1459706(m2=0.108245) (r=1.51656) typem=4 type1=4 type2=0 b[RSUN]=192.835 vinf[km/s]=13.9272
t=0.0687044 binary-single idm=2166831(mm=0.335726) id1=968110(m1=0.0858296):id2=486831(m2=0.249896) (r=1.4974) typem=0 type1=0 type2=0 
t=0.0687775 binary-binary idm=1684485(mm=62.5593) id1=4485(m1=28.6215):id2=1418585(m2=37.0185) (r=0.00414377) typem=14 type1=14 type2=14 
t=0.0691655 single-single idm=1697846(mm=2.21712) id1=142450(m1=2.37048):id2=17846(m2=0.547) (r=0.660296) typem=4 type1=4 type2=0 b[RSUN]=75.4004 vinf[km/s]=39.9529
t=0.0691799 single-single idm=1764516(mm=0.810043) id1=84516(m1=0.664938):id2=996679(m2=0.145105) (r=1.16095) typem=1 type1=0 type2=0 b[RSUN]=18.9925 vinf[km/s]=17.9524
t=0.0702905 single-single idm=1689129(mm=0.235287) id1=9129(m1=0.13067):id2=1377734(m2=0.104617) (r=1.68041) typem=0 type1=0 type2=0 b[RSUN]=2.167 vinf[km/s]=44.9905
t=0.0705802 binary-single idm=1735207(mm=1.1792) id1=55207(m1=0.664355):id2=1610767(m2=0.514844) (r=0.62099) typem=1 type1=0 type2=0 
t=0.0707019 binary-single idm=2094121(mm=0.554179) id1=931806(m1=0.468085):id2=414121(m2=0.086094) (r=0.95274) typem=0 type1=0 type2=0 
t=0.0722305 single-single idm=1864270(mm=0.476203) id1=184270(m1=0.32951):id2=815945(m2=0.146693) (r=1.24301) typem=0 type1=0 type2=0 b[RSUN]=6.02007 vinf[km/s]=38.7512
t=0.072469 single-single idm=1737837(mm=1.46246) id1=57837(m1=0.0980009):id2=1079434(m2=1.36446) (r=0.697031) typem=1 type1=0 type2=1 b[RSUN]=26.6835 vinf[km/s]=29.4403
t=0.0741125 single-single idm=3109569(mm=0.584412) id1=1429569(m1=0.41075):id2=1482713(m2=0.173662) (r=3.1979) typem=0 type1=0 type2=0 b[RSUN]=27.927 vinf[km/s]=12.1821
t=0.074144 binary-single idm=2394571(mm=1.0346) id1=714571(m1=0.381471):id2=1221713(m2=0.653131) (r=0.312458) typem=1 type1=0 type2=0 
t=0.0754197 single-single idm=2344236(mm=0.991305) id1=918362(m1=0.318889):id2=664236(m2=0.672416) (r=2.18576) typem=1 type1=0 type2=0 b[RSUN]=34.5995 vinf[km/s]=16.8082
t=0.0773563 single-single idm=2765597(mm=2.87281) id1=1594090(m1=2.23941):id2=1085597(m2=0.6334) (r=1.50821) typem=1 type1=1 type2=0 b[RSUN]=23.9144 vinf[km/s]=39.4536
t=0.0788448 single-single idm=2318550(mm=1.45504) id1=1179686(m1=0.699765):id2=638550(m2=0.75527) (r=1.01246) typem=1 type1=0 type2=1 b[RSUN]=12.1469 vinf[km/s]=25.6139
t=0.0802631 binary-single idm=1988682(mm=1.59327) id1=917575(m1=0.0864334):id2=308682(m2=1.50684) (r=0.484183) typem=1 type1=0 type2=1 
t=0.081101 single-single idm=2211401(mm=0.616265) id1=1177401(m1=0.119309):id2=531401(m2=0.496956) (r=6.99537) typem=0 type1=0 type2=0 b[RSUN]=33.7805 vinf[km/s]=10.5502
t=0.0811842 binary-single idm=1686361(mm=0.87788) id1=6361(m1=0.655309):id2=1677189(m2=0.22257) (r=1.31997) typem=1 type1=0 type2=0 
t=0.0855077 single-single idm=1782614(mm=1.94895) id1=102614(m1=0.526528):id2=769659(m2=1.42242) (r=0.33117) typem=1 type1=0 type2=1 b[RSUN]=35.5662 vinf[km/s]=25.1834
t=0.0861077 binary-single idm=2048043(mm=0.64217) id1=368043(m1=0.402354):id2=1603610(m2=0.239817) (r=0.764815) typem=0 type1=0 type2=0 
t=0.0862389 binary-single idm=2189611(mm=1.83889) id1=509611(m1=0.1413):id2=1651540(m2=1.69759) (r=1.23344) typem=1 type1=0 type2=1 
t=0.0867249 single-single idm=2534378(mm=2.21316) id1=854378(m1=2.09512):id2=944863(m2=0.118046) (r=1.49873) typem=1 type1=1 type2=0 b[RSUN]=16.5415 vinf[km/s]=38.7892
t=0.0885772 single-single idm=2690868(mm=2.16548) id1=1240478(m1=1.87668):id2=1010868(m2=0.288792) (r=2.06933) typem=1 type1=1 type2=0 b[RSUN]=22.6812 vinf[km/s]=26.6089
t=0.0886465 binary-single idm=2235520(mm=1.33368) id1=555519(m1=1.1535):id2=1644021(m2=0.0899962):id3=955266(m3=0.0901811) (r=1.62557) typem=1 type1=1 type2=0 type3=0 
t=0.0887234 binary-binary idm=2552560(mm=76.8782) id1=872560(m1=43.7132):id2=896292(m2=37.0163) (r=0.00386679) typem=14 type1=14 type2=14 
t=0.0889057 single-single idm=1876061(mm=2.58945) id1=196061(m1=1.06174):id2=291120(m2=1.52771) (r=1.49808) typem=1 type1=1 type2=1 b[RSUN]=161.28 vinf[km/s]=6.96174
t=0.0897073 single-single idm=1848553(mm=0.751749) id1=1062109(m1=0.191937):id2=168553(m2=0.559812) (r=2.00013) typem=0 type1=0 type2=0 b[RSUN]=8.81434 vinf[km/s]=40.4446
t=0.0915476 single-single idm=2019479(mm=2.21366) id1=1418598(m1=2.14753):id2=339479(m2=0.0968245) (r=1.40294) typem=4 type1=4 type2=0 b[RSUN]=71.0297 vinf[km/s]=19.2836
t=0.0927383 single-single idm=1986084(mm=0.496614) id1=455155(m1=0.0885405):id2=306084(m2=0.408073) (r=1.41779) typem=0 type1=0 type2=0 b[RSUN]=6.74409 vinf[km/s]=23.4381
t=0.0929825 binary-single idm=1947045(mm=2.54992) id1=267045(m1=0.503218):id2=811336(m2=2.0467) (r=1.07946) typem=1 type1=0 type2=1 
t=0.0934731 single-single idm=2040632(mm=0.714547) id1=360632(m1=0.126338):id2=459535(m2=0.588209) (r=1.291) typem=0 type1=0 type2=0 b[RSUN]=7.45566 vinf[km/s]=27.8788
t=0.0946148 single-single idm=2097454(mm=0.9359) id1=969394(m1=0.707605):id2=417454(m2=0.228295) (r=0.878882) typem=1 type1=0 type2=0 b[RSUN]=8.42884 vinf[km/s]=39.1927
t=0.0958205 single-single idm=2070538(mm=1.32764) id1=390538(m1=0.0945557):id2=453230(m2=1.23309) (r=0.953245) typem=1 type1=0 type2=1 b[RSUN]=62.8627 vinf[km/s]=11.9679
t=0.0961581 binary-single idm=2183910(mm=2.02829) id1=503910(m1=2.07364):id2=1670192(m2=0.282205) (r=0.485347) typem=3 type1=3 type2=0 
t=0.0990442 binary-single idm=2850567(mm=73.829) id1=1170567(m1=40.5):id2=1484293(m2=37.0603) (r=0.0266132) typem=14 type1=14 type2=14 
t=0.100761 single-single idm=2214580(mm=1.66074) id1=534580(m1=0.705642):id2=731413(m2=0.955101) (r=0.888165) typem=6 type1=0 type2=11 b[RSUN]=28.0353 vinf[km/s]=15.8636
t=0.103059 single-single idm=2294098(mm=1.54696) id1=635072(m1=1.39984):id2=614098(m2=0.147121) (r=1.62544) typem=1 type1=1 type2=0 b[RSUN]=87.9611 vinf[km/s]=9.06309
t=0.103324 binary-single idm=2598050(mm=63.4835) id1=1500649(m1=25.9327):id2=918050(m2=40.5) (r=0.0193084) typem=14 type1=14 type2=14 
t=0.103348 binary-single idm=2455017(mm=1.65194) id1=775017(m1=1.33772):id2=1615265(m2=0.314215) (r=1.84328) typem=1 type1=1 type2=0 
t=0.103607 binary-single idm=2425936(mm=1.28514) id1=745936(m1=0.281802):id2=1634964(m2=1.00334) (r=0.856557) typem=1 type1=0 type2=1 
t=0.103636 single-single idm=1849117(mm=1.16604) id1=169117(m1=1.04088):id2=169182(m2=0.125163) (r=1.66675) typem=1 type1=1 type2=0 b[RSUN]=30.1054 vinf[km/s]=12.4366
t=0.10507 single-single idm=2072592(mm=1.19747) id1=809534(m1=0.0860924):id2=392592(m2=1.11138) (r=0.939797) typem=1 type1=0 type2=1 b[RSUN]=148.864 vinf[km/s]=4.5703
t=0.105556 binary-single idm=1890458(mm=1.25795) id1=210458(m1=0.278338):id2=1527411(m2=0.979607) (r=1.13334) typem=1 type1=0 type2=1 
t=0.105728 binary-single idm=2131242(mm=0.938585) id1=451242(m1=0.665067):id2=1642926(m2=0.273518) (r=0.585074) typem=1 type1=0 type2=0 
t=0.106549 single-single idm=2875102(mm=2.65385) id1=1195102(m1=1.49856):id2=1339200(m2=1.15738) (r=2.15069) typem=6 type1=6 type2=1 b[RSUN]=546.074 vinf[km/s]=15.2993
t=0.106659 binary-single idm=2053312(mm=2.12114) id1=373312(m1=0.507556):id2=1650554(m2=1.61359) (r=0.645374) typem=1 type1=0 type2=1 
t=0.106993 single-single idm=1811914(mm=0.500782) id1=131914(m1=0.248103):id2=680467(m2=0.252679) (r=1.61794) typem=0 type1=0 type2=0 b[RSUN]=7.59196 vinf[km/s]=16.3658
t=0.107072 single-single idm=3038896(mm=0.737842) id1=1358896(m1=0.163359):id2=1536097(m2=0.574482) (r=2.59696) typem=0 type1=0 type2=0 b[RSUN]=11.6769 vinf[km/s]=30.5755
t=0.109955 binary-single idm=2070251(mm=1.84088) id1=604773(m1=1.62216):id2=390251(m2=0.218718) (r=0.758685) typem=1 type1=1 type2=0 
t=0.113166 binary-single idm=1810011(mm=1.90617) id1=130011(m1=0.183924):id2=345243(m2=1.72224) (r=1.03913) typem=1 type1=0 type2=1 
t=0.113974 single-single idm=1946499(mm=2.02505) id1=785760(m1=1.96315):id2=266499(m2=0.0985161) (r=2.26447) typem=4 type1=4 type2=0 b[RSUN]=71.009 vinf[km/s]=20.5035
t=0.114574 single-single idm=2156438(mm=1.42203) id1=476438(m1=0.317056):id2=1048777(m2=1.10498) (r=1.51963) typem=1 type1=0 type2=1 b[RSUN]=28.955 vinf[km/s]=19.758
t=0.117421 binary-single idm=1782470(mm=1.62739) id1=102470(m1=0.126494):id2=811306(m2=1.50089) (r=0.35404) typem=1 type1=0 type2=1 
t=0.11858 binary-single idm=2776023(mm=0.327673) id1=1096023(m1=0.188733):id2=1653135(m2=0.138941) (r=1.21606) typem=0 type1=0 type2=0 
t=0.119008 binary-single idm=2209531(mm=0.645177) id1=529531(m1=0.407462):id2=1605703(m2=0.237715) (r=0.613627) typem=0 type1=0 type2=0 
t=0.119703 binary-single idm=2186856(mm=0.623199) id1=506856(m1=0.139133):id2=614216(m2=0.484066) (r=1.29926) typem=0 type1=0 type2=0 
t=0.122371 single-single idm=2105061(mm=0.854106) id1=1546750(m1=0.374769):id2=425061(m2=0.479337) (r=3.01879) typem=1 type1=0 type2=0 b[RSUN]=10.5125 vinf[km/s]=28.1742
t=0.122492 single-single idm=2264190(mm=1.13548) id1=1467691(m1=0.712954):id2=584190(m2=0.422528) (r=0.912931) typem=1 type1=0 type2=0 b[RSUN]=15.7781 vinf[km/s]=33.9941
t=0.122677 binary-single idm=1984914(mm=0.8166) id1=304914(m1=0.449751):id2=1602456(m2=0.366849) (r=0.69067) typem=1 type1=0 type2=0 
t=0.123312 single-single idm=1826359(mm=2.18699) id1=295001(m1=2.08955):id2=146359(m2=0.152622) (r=0.979856) typem=4 type1=4 type2=0 b[RSUN]=19.362 vinf[km/s]=36.3369
t=0.12334 single-single idm=2578301(mm=0.218269) id1=898301(m1=0.114014):id2=1086592(m2=0.104255) (r=3.86951) typem=0 type1=0 type2=0 b[RSUN]=3.56903 vinf[km/s]=12.222
t=0.1237 single-single idm=2661352(mm=0.682338) id1=981352(m1=0.126028):id2=1542290(m2=0.55631) (r=2.02402) typem=0 type1=0 type2=0 b[RSUN]=8.4614 vinf[km/s]=43.0319
t=0.124527 single-single idm=1805341(mm=2.63174) id1=1057112(m1=1.26937):id2=125341(m2=1.36237) (r=0.936553) typem=1 type1=1 type2=1 b[RSUN]=52.1392 vinf[km/s]=22.1652
t=0.129466 binary-single idm=2397420(mm=18.6263) id1=717420(m1=18.6263):id2=1658446(m2=0.203167) (r=0.214101) typem=14 type1=14 type2=0 
t=0.129794 single-single idm=2260775(mm=0.40745) id1=867750(m1=0.264647):id2=580775(m2=0.142803) (r=1.87494) typem=0 type1=0 type2=0 b[RSUN]=2.98032 vinf[km/s]=33.9104
t=0.130598 binary-single idm=2959273(mm=0.319926) id1=1279273(m1=0.196387):id2=1640721(m2=0.123539) (r=1.59868) typem=0 type1=0 type2=0 
t=0.130891 single-single idm=3013574(mm=0.326263) id1=1353806(m1=0.22201):id2=1333574(m2=0.104252) (r=2.05266) typem=0 type1=0 type2=0 b[RSUN]=5.83413 vinf[km/s]=26.9379
t=0.132492 single-single idm=2544249(mm=1.30871) id1=864249(m1=0.179236):id2=931533(m2=1.12948) (r=1.04709) typem=1 type1=0 type2=1 b[RSUN]=6.47231 vinf[km/s]=42.5233
t=0.137458 binary-single idm=1689481(mm=0.643023) id1=894632(m1=0.329267):id2=9481(m2=0.313756) (r=2.02245) typem=0 type1=0 type2=0 
t=0.138796 single-single idm=1993975(mm=0.957861) id1=313975(m1=0.336697):id2=1495506(m2=0.621164) (r=4.1867) typem=1 type1=0 type2=0 b[RSUN]=223.169 vinf[km/s]=1.46257
t=0.139014 binary-binary idm=2180877(mm=0.507591) id1=1334592(m1=0.184301):id2=500877(m2=0.323291) (r=1.78811) typem=0 type1=0 type2=0 
t=0.139116 single-single idm=1944280(mm=0.587391) id1=1213951(m1=0.206103):id2=1944279(m2=0.381288) (r=1.77746) typem=0 type1=0 type2=0 b[RSUN]=14.3298 vinf[km/s]=19.9234
t=0.140503 single-single idm=1804822(mm=2.02602) id1=301273(m1=1.8877):id2=124822(m2=0.259249) (r=1.15104) typem=4 type1=4 type2=0 b[RSUN]=19.6103 vinf[km/s]=23.4877
t=0.140596 single-single idm=2031970(mm=1.09754) id1=545597(m1=0.781945):id2=351970(m2=0.315596) (r=0.0843833) typem=1 type1=1 type2=0 b[RSUN]=13.4508 vinf[km/s]=42.4372
t=0.144216 single-single idm=1994791(mm=1.38946) id1=713813(m1=0.356377):id2=314791(m2=1.03308) (r=2.62931) typem=1 type1=0 type2=1 b[RSUN]=44.3275 vinf[km/s]=10.9558
t=0.144823 single-single idm=2021431(mm=1.78928) id1=743757(m1=0.246087):id2=341431(m2=1.5432) (r=0.564187) typem=1 type1=0 type2=1 b[RSUN]=5.83485 vinf[km/s]=39.4471
t=0.14586 single-single idm=2890737(mm=1.35716) id1=1210737(m1=0.0990622):id2=1427206(m2=1.2581) (r=1.10282) typem=6 type1=0 type2=12 b[RSUN]=1.62313 vinf[km/s]=50.9025
t=0.145987 single-single idm=2082934(mm=0.290608) id1=402934(m1=0.205574):id2=1297390(m2=0.0850348) (r=2.77914) typem=0 type1=0 type2=0 b[RSUN]=7.0737 vinf[km/s]=25.6464
t=0.149768 single-single idm=2356179(mm=1.58628) id1=1327199(m1=1.13887):id2=676179(m2=0.447411) (r=2.83377) typem=1 type1=1 type2=0 b[RSUN]=130.776 vinf[km/s]=3.46256
t=0.154726 binary-single idm=1848311(mm=20.4436) id1=168311(m1=0.788401):id2=951614(m2=20.4436) (r=0.0100291) typem=14 type1=1 type2=14 
t=0.157481 single-single idm=1950877(mm=1.7705) id1=270877(m1=1.4523):id2=756296(m2=0.318197) (r=0.60831) typem=1 type1=1 type2=0 b[RSUN]=16.9332 vinf[km/s]=13.4568
t=0.159793 single-single idm=2162389(mm=0.616811) id1=482389(m1=0.440191):id2=1031868(m2=0.176619) (r=1.37872) typem=0 type1=0 type2=0 b[RSUN]=1.51204 vinf[km/s]=37.4736
t=0.161218 single-single idm=2860006(mm=19.4103) id1=1180006(m1=0.14904):id2=1470644(m2=19.4103) (r=0.15689) typem=14 type1=0 type2=14 b[RSUN]=21.3316 vinf[km/s]=29.2651
t=0.161621 single-single idm=1896533(mm=17.4241) id1=216533(m1=0.25079):id2=328792(m2=17.4241) (r=0.377044) typem=14 type1=0 type2=14 b[RSUN]=34.9094 vinf[km/s]=23.5394
t=0.165863 single-single idm=2660591(mm=0.825778) id1=1243146(m1=0.190238):id2=980591(m2=0.63554) (r=0.949632) typem=1 type1=0 type2=0 b[RSUN]=5.33576 vinf[km/s]=48.872
t=0.166239 single-single idm=2022596(mm=1.64807) id1=508096(m1=0.245091):id2=342596(m2=1.74113) (r=1.77645) typem=3 type1=0 type2=4 b[RSUN]=37.5493 vinf[km/s]=37.7836
t=0.168858 single-single idm=1784481(mm=0.487609) id1=425019(m1=0.171769):id2=104481(m2=0.315839) (r=4.50038) typem=0 type1=0 type2=0 b[RSUN]=21.887 vinf[km/s]=12.4835
t=0.169271 single-single idm=1694291(mm=1.36097) id1=14291(m1=1.27161):id2=1317464(m2=0.089358) (r=0.574564) typem=1 type1=1 type2=0 b[RSUN]=14.1304 vinf[km/s]=23.6553
t=0.171403 binary-single idm=2091328(mm=0.32004) id1=411328(m1=0.1974):id2=1605382(m2=0.122641) (r=2.14215) typem=0 type1=0 type2=0 
t=0.172342 single-single idm=2422652(mm=17.8063) id1=742652(m1=0.0822981):id2=1439388(m2=17.8063) (r=0.423365) typem=14 type1=0 type2=14 b[RSUN]=184.571 vinf[km/s]=5.21576
t=0.172674 single-single idm=2828039(mm=0.763334) id1=1375915(m1=0.341202):id2=1148039(m2=0.422132) (r=2.91741) typem=1 type1=0 type2=0 b[RSUN]=27.8272 vinf[km/s]=15.3262
t=0.173234 single-single idm=1766977(mm=1.89823) id1=598849(m1=1.68583):id2=86977(m2=0.32668) (r=0.54564) typem=4 type1=4 type2=0 b[RSUN]=63.3079 vinf[km/s]=23.3216
t=0.174718 single-single idm=2024922(mm=2.07245) id1=1287460(m1=1.61892):id2=344922(m2=0.453529) (r=0.557084) typem=1 type1=1 type2=0 b[RSUN]=35.9468 vinf[km/s]=25.0742
t=0.176063 binary-single idm=2915275(mm=0.301484) id1=1235275(m1=0.1567):id2=1671293(m2=0.144784) (r=1.32284) typem=0 type1=0 type2=0 
t=0.177477 binary-single idm=2123602(mm=0.558136) id1=443602(m1=0.375967):id2=657348(m2=0.182169) (r=2.69477) typem=0 type1=0 type2=0 
t=0.178927 single-single idm=1795622(mm=1.33102) id1=373091(m1=1.18802):id2=115622(m2=0.143003) (r=0.611126) typem=1 type1=1 type2=0 b[RSUN]=8.83699 vinf[km/s]=32.2773
t=0.179016 single-single idm=2713624(mm=0.686059) id1=1427054(m1=0.562009):id2=1033624(m2=0.124049) (r=0.831507) typem=0 type1=0 type2=0 b[RSUN]=7.98075 vinf[km/s]=29.8558
t=0.179202 binary-single idm=2579608(mm=1.14533) id1=1161869(m1=0.392042):id2=899608(m2=0.753293) (r=1.33945) typem=1 type1=0 type2=0 
t=0.179745 binary-single idm=2671387(mm=19.6008) id1=991387(m1=19.6008):id2=1667635(m2=0.515525) (r=0.0951038) typem=14 type1=14 type2=0 
t=0.183213 single-single idm=2178242(mm=2.13974) id1=498242(m1=2.37207):id2=1274114(m2=0.188791) (r=0.281925) typem=3 type1=3 type2=0 b[RSUN]=81.1914 vinf[km/s]=28.1207
t=0.184113 single-single idm=2164361(mm=1.68289) id1=923439(m1=1.65638):id2=484361(m2=0.131055) (r=1.91112) typem=3 type1=4 type2=0 b[RSUN]=76.3004 vinf[km/s]=15.9205
t=0.18674 single-single idm=2099418(mm=0.346559) id1=419418(m1=0.10395):id2=758853(m2=0.24261) (r=7.81879) typem=0 type1=0 type2=0 b[RSUN]=29.1657 vinf[km/s]=7.35249
t=0.189784 single-single idm=1926660(mm=30.0534) id1=246660(m1=30.0534):id2=1492082(m2=0.114962) (r=0.0192503) typem=14 type1=14 type2=0 b[RSUN]=59.2784 vinf[km/s]=20.9351
t=0.190708 single-single idm=1766634(mm=0.639111) id1=86634(m1=0.285662):id2=1177795(m2=0.353449) (r=2.61845) typem=0 type1=0 type2=0 b[RSUN]=9.33475 vinf[km/s]=28.9887
t=0.190903 single-single idm=1759910(mm=1.30066) id1=79910(m1=0.973351):id2=219026(m2=0.327307) (r=4.20323) typem=1 type1=1 type2=0 b[RSUN]=28.9622 vinf[km/s]=10.3675
t=0.194887 single-single idm=2175172(mm=1.24574) id1=1295775(m1=0.570692):id2=495172(m2=0.675044) (r=1.02079) typem=1 type1=0 type2=0 b[RSUN]=18.4126 vinf[km/s]=25.1304
t=0.195461 binary-single idm=2169071(mm=0.672219) id1=555162(m1=0.0958947):id2=489071(m2=0.576324) (r=1.7225) typem=0 type1=0 type2=0 
t=0.197031 single-single idm=1695177(mm=1.69114) id1=15177(m1=0.900685):id2=691499(m2=0.790452) (r=0.799811) typem=6 type1=11 type2=1 b[RSUN]=20.406 vinf[km/s]=30.3627
t=0.197672 single-single idm=2872692(mm=0.709115) id1=1547970(m1=0.109465):id2=1192692(m2=0.59965) (r=4.56537) typem=0 type1=0 type2=0 b[RSUN]=25.6129 vinf[km/s]=13.8451
t=0.199926 binary-single idm=1693540(mm=1.85166) id1=13540(m1=0.798982):id2=1652850(m2=1.05268) (r=0.736703) typem=1 type1=1 type2=1 
t=0.207206 binary-single idm=1743111(mm=19.2588) id1=63111(m1=19.2588):id2=326363(m2=0.415092) (r=0.28873) typem=14 type1=14 type2=0 
t=0.207373 single-single idm=2946486(mm=0.404704) id1=1499183(m1=0.101503):id2=1266486(m2=0.303201) (r=4.44816) typem=0 type1=0 type2=0 b[RSUN]=10.365 vinf[km/s]=12.1648
t=0.209686 single-single idm=1956567(mm=1.61103) id1=456573(m1=1.55202):id2=276567(m2=0.150899) (r=1.37449) typem=4 type1=4 type2=0 b[RSUN]=329.89 vinf[km/s]=7.60682
t=0.209913 binary-single idm=1800774(mm=0.838283) id1=120774(m1=0.354346):id2=1650236(m2=0.483937) (r=1.37938) typem=1 type1=0 type2=0 
t=0.209985 binary-single idm=3061992(mm=1.8674) id1=1381992(m1=0.971217):id2=1661210(m2=0.896185) (r=3.82212) typem=1 type1=1 type2=1 
t=0.210696 binary-binary idm=2435145(mm=58.2022) id1=755145(m1=30.7505):id2=869335(m2=30.4034) (r=0.0066286) typem=14 type1=14 type2=14 
t=0.21176 binary-single idm=2433016(mm=0.779776) id1=753016(m1=0.435548):id2=1634783(m2=0.344228) (r=2.30767) typem=1 type1=0 type2=0 
t=0.216197 binary-single idm=1949181(mm=0.258215) id1=269181(m1=0.167047):id2=1661341(m2=0.0911676) (r=2.69986) typem=0 type1=0 type2=0 
t=0.217976 single-single idm=2055787(mm=0.543014) id1=753784(m1=0.302191):id2=375787(m2=0.240823) (r=2.49407) typem=0 type1=0 type2=0 b[RSUN]=13.0405 vinf[km/s]=13.4083
t=0.218103 single-single idm=2170924(mm=0.75711) id1=490924(m1=0.551631):id2=897088(m2=0.205479) (r=0.399529) typem=1 type1=0 type2=0 b[RSUN]=10.3587 vinf[km/s]=28.1691
t=0.221574 binary-binary idm=2498981(mm=29.3702) id1=818981(m1=29.3702):id2=847393(m2=0.393655) (r=0.00284121) typem=14 type1=14 type2=0 
t=0.225954 single-single idm=2272365(mm=0.194747) id1=592365(m1=0.0961708):id2=970609(m2=0.0985763) (r=1.89623) typem=0 type1=0 type2=0 b[RSUN]=0.437875 vinf[km/s]=25.4895
t=0.226265 binary-binary idm=3312186(mm=0.73394) id1=1639552(m1=0.514102):id2=1632186(m2=0.219838) (r=1.53223) typem=0 type1=0 type2=0 
t=0.226388 single-single idm=1732368(mm=0.960832) id1=52368(m1=0.481191):id2=381489(m2=0.47964) (r=1.60828) typem=1 type1=0 type2=0 b[RSUN]=10.3836 vinf[km/s]=33.7486
t=0.228471 binary-single idm=1946594(mm=1.03677) id1=266594(m1=0.619349):id2=1653147(m2=0.417416) (r=2.11163) typem=1 type1=0 type2=0 
t=0.231345 binary-single idm=3112995(mm=0.532153) id1=1432995(m1=0.259337):id2=1600467(m2=0.272816) (r=0.793735) typem=0 type1=0 type2=0 
t=0.237567 binary-single idm=2173251(mm=0.568354) id1=493251(m1=0.437494):id2=1610124(m2=0.130861) (r=2.18032) typem=0 type1=0 type2=0 
t=0.237588 single-single idm=2585999(mm=20.2618) id1=905999(m1=1.49742):id2=1241887(m2=20.2618) (r=0.103706) typem=14 type1=3 type2=14 b[RSUN]=137.242 vinf[km/s]=30.4443
t=0.240655 single-single idm=2013233(mm=0.841759) id1=333233(m1=0.255049):id2=1120330(m2=0.58671) (r=2.62585) typem=1 type1=0 type2=0 b[RSUN]=65.1226 vinf[km/s]=6.44879
t=0.241366 single-single idm=1803066(mm=0.666364) id1=667030(m1=0.0995908):id2=123066(m2=0.566773) (r=0.616544) typem=0 type1=0 type2=0 b[RSUN]=11.0884 vinf[km/s]=33.5131
t=0.242511 binary-single idm=1699511(mm=30.0861) id1=19510(m1=0.52383):id2=1915378(m2=30.0861) (r=0.0241323) typem=14 type1=0 type2=14 
t=0.24612 single-single idm=1873413(mm=1.10865) id1=193413(m1=0.578014):id2=1109860(m2=0.530635) (r=0.833733) typem=1 type1=0 type2=0 b[RSUN]=24.0991 vinf[km/s]=15.4883
t=0.251971 single-single idm=2159081(mm=1.03353) id1=479081(m1=0.782552):id2=493989(m2=0.250983) (r=2.39964) typem=1 type1=1 type2=0 b[RSUN]=16.2337 vinf[km/s]=21.3296
t=0.252363 single-single idm=2059811(mm=1.08728) id1=379811(m1=0.862349):id2=441884(m2=0.224935) (r=0.474861) typem=6 type1=11 type2=0 b[RSUN]=11.5263 vinf[km/s]=24.1687
t=0.257507 single-single idm=1811808(mm=1.76274) id1=131808(m1=1.32942):id2=920545(m2=0.433325) (r=2.19036) typem=1 type1=1 type2=0 b[RSUN]=38.6197 vinf[km/s]=19.2574
t=0.258726 single-single idm=1925038(mm=0.658255) id1=1551294(m1=0.178719):id2=245038(m2=0.479536) (r=2.61507) typem=0 type1=0 type2=0 b[RSUN]=16.7335 vinf[km/s]=21.8332
t=0.260137 binary-single idm=2069824(mm=1.39796) id1=1565942(m1=0.114131):id2=389824(m2=1.28383) (r=1.29818) typem=1 type1=0 type2=1 
t=0.261761 binary-single idm=1780415(mm=45.4465) id1=177060(m1=16.6941):id2=1780414(m2=30.7122) (r=0.0172895) typem=14 type1=14 type2=14 
t=0.26334 binary-single idm=2544975(mm=1.32189) id1=1404218(m1=0.824623):id2=864975(m2=0.497268) (r=3.71742) typem=1 type1=1 type2=0 
t=0.264243 single-single idm=2190999(mm=1.11106) id1=1071310(m1=0.101874):id2=510999(m2=1.00919) (r=0.569545) typem=6 type1=0 type2=11 b[RSUN]=10.4885 vinf[km/s]=17.9269
t=0.266064 binary-single idm=2279581(mm=0.729646) id1=599581(m1=0.152875):id2=1610264(m2=0.576771) (r=1.52933) typem=0 type1=0 type2=0 
t=0.268055 binary-single idm=1838831(mm=1.23504) id1=158831(m1=0.6197):id2=1648062(m2=0.615342) (r=0.44429) typem=1 type1=0 type2=0 
t=0.273472 binary-single idm=2309891(mm=1.25789) id1=629891(m1=0.416918):id2=1659885(m2=0.840971) (r=0.221798) typem=1 type1=0 type2=1 
t=0.278032 single-single idm=1790213(mm=1.44591) id1=338673(m1=0.305128):id2=110213(m2=1.14079) (r=2.20674) typem=1 type1=0 type2=1 b[RSUN]=37.5725 vinf[km/s]=9.16298
t=0.281845 single-single idm=2260336(mm=0.337518) id1=580336(m1=0.090921):id2=875731(m2=0.246597) (r=1.88124) typem=0 type1=0 type2=0 b[RSUN]=6.45707 vinf[km/s]=25.0008
t=0.285536 binary-binary idm=1759930(mm=0.990294) id1=79930(m1=0.902578):id2=1651884(m2=0.0877159) (r=0.45996) typem=1 type1=1 type2=0 
t=0.290724 single-single idm=2099770(mm=0.596742) id1=419770(m1=0.0929189):id2=1166974(m2=0.503823) (r=3.07514) typem=0 type1=0 type2=0 b[RSUN]=23.7393 vinf[km/s]=14.6395
t=0.291121 binary-single idm=1945244(mm=55.6708) id1=766513(m1=22.1142):id2=1945243(m2=36.0967) (r=0.0100022) typem=14 type1=14 type2=14 
t=0.296268 binary-single idm=2079944(mm=0.889493) id1=399944(m1=0.772081):id2=1606282(m2=0.117412) (r=1.17041) typem=1 type1=1 type2=0 
t=0.30152 single-single idm=2221046(mm=0.403735) id1=1077093(m1=0.271977):id2=541046(m2=0.131757) (r=5.0567) typem=0 type1=0 type2=0 b[RSUN]=14.6135 vinf[km/s]=16.4459
t=0.304785 single-single idm=2933316(mm=0.321723) id1=1253316(m1=0.0900478):id2=1371188(m2=0.231675) (r=2.09028) typem=0 type1=0 type2=0 b[RSUN]=23.7367 vinf[km/s]=5.08486
t=0.315151 single-single idm=2440137(mm=0.526027) id1=1514138(m1=0.122215):id2=760137(m2=0.403811) (r=3.06589) typem=0 type1=0 type2=0 b[RSUN]=17.7657 vinf[km/s]=11.6762
t=0.316105 binary-single idm=2380526(mm=1.00654) id1=700526(m1=0.705917):id2=1654444(m2=0.300621) (r=1.47718) typem=1 type1=0 type2=0 
t=0.321711 single-single idm=2388592(mm=0.32386) id1=1342959(m1=0.142787):id2=708592(m2=0.181073) (r=3.05116) typem=0 type1=0 type2=0 b[RSUN]=14.7167 vinf[km/s]=13.2209
t=0.322864 single-single idm=1889032(mm=0.810548) id1=609004(m1=0.135914):id2=209032(m2=0.674634) (r=1.26646) typem=1 type1=0 type2=0 b[RSUN]=10.8722 vinf[km/s]=32.5583
t=0.325472 single-single idm=2130004(mm=1.12364) id1=450004(m1=1.30869):id2=1095387(m2=0.539961) (r=1.01391) typem=4 type1=4 type2=0 b[RSUN]=4.25645 vinf[km/s]=12.5619
t=0.326693 single-single idm=2000633(mm=1.45741) id1=964288(m1=1.30531):id2=320633(m2=0.899128) (r=0.601135) typem=3 type1=4 type2=1 b[RSUN]=95.5071 vinf[km/s]=27.9469
t=0.337788 single-single idm=1877555(mm=0.828181) id1=1332197(m1=0.597038):id2=197555(m2=0.231143) (r=3.90448) typem=1 type1=0 type2=0 b[RSUN]=69.7978 vinf[km/s]=2.88298
t=0.341234 binary-single idm=2428917(mm=0.703563) id1=748917(m1=0.374966):id2=1616386(m2=0.328597) (r=0.913506) typem=0 type1=0 type2=0 
t=0.350558 single-single idm=1919033(mm=0.623181) id1=1393176(m1=0.113844):id2=239033(m2=0.509336) (r=10.4534) typem=0 type1=0 type2=0 b[RSUN]=70.3719 vinf[km/s]=4.22271
t=0.363282 binary-single idm=2876413(mm=0.689621) id1=1196413(m1=0.521682):id2=1625032(m2=0.167939) (r=1.36672) typem=0 type1=0 type2=0 
t=0.363343 binary-single idm=1944628(mm=2) id1=264627(m1=0.556513):id2=1601572(m2=0.480542):id3=1502058(m3=0.962945) (r=1.39899) typem=1 type1=0 type2=0 type3=1 
t=0.363605 single-single idm=2232851(mm=1.42091) id1=552851(m1=0.814419):id2=782724(m2=0.606494) (r=4.65654) typem=1 type1=1 type2=0 b[RSUN]=106.933 vinf[km/s]=6.96795
t=0.366056 single-single idm=2610749(mm=0.585245) id1=930749(m1=0.263244):id2=1041429(m2=1.29632) (r=1.33987) typem=3 type1=0 type2=3 b[RSUN]=338.789 vinf[km/s]=8.7947
t=0.37565 single-single idm=2345266(mm=0.486503) id1=665266(m1=0.101782):id2=968954(m2=0.384721) (r=0.847837) typem=0 type1=0 type2=0 b[RSUN]=10.8842 vinf[km/s]=25.0866
t=0.388735 binary-single idm=2041404(mm=0.400088) id1=361404(m1=0.263857):id2=1677433(m2=0.136231) (r=1.64362) typem=0 type1=0 type2=0 
t=0.394523 binary-binary idm=3333000(mm=0.559573) id1=1674740(m1=0.0945604):id2=1653000(m2=0.465013) (r=1.98601) typem=0 type1=0 type2=0 
t=0.396945 binary-single idm=2180145(mm=19.6973) id1=1430011(m1=19.6973):id2=500145(m2=0.493861) (r=0.0486193) typem=14 type1=14 type2=0 
t=0.404077 single-single idm=1708630(mm=1.24799) id1=28630(m1=0.20001):id2=503951(m2=1.04798) (r=0.941874) typem=1 type1=0 type2=1 b[RSUN]=10.3864 vinf[km/s]=10.6702
t=0.404244 binary-single idm=2711741(mm=1.30158) id1=1031741(m1=1.01657):id2=1650863(m2=0.285006) (r=1.58197) typem=1 type1=1 type2=0 
t=0.410877 single-single idm=1920339(mm=1.43317) id1=680212(m1=0.250698):id2=240339(m2=1.18247) (r=0.695242) typem=1 type1=0 type2=1 b[RSUN]=34.4184 vinf[km/s]=22.6275
t=0.412234 binary-single idm=2619670(mm=2.17538) id1=1273553(m1=0.437159):id2=1677673(m2=0.863989):id3=939669(m3=0.874236) (r=1.29018) typem=1 type1=0 type2=1 type3=1 
t=0.415961 binary-single idm=1965055(mm=1.01933) id1=285055(m1=0.60044):id2=1606700(m2=0.418887) (r=1.70337) typem=1 type1=0 type2=0 
t=0.417486 single-single idm=1765185(mm=0.777559) id1=85185(m1=0.106164):id2=1413005(m2=0.671395) (r=1.24587) typem=1 type1=0 type2=0 b[RSUN]=30.3467 vinf[km/s]=14.0779
t=0.43476 binary-single idm=2217847(mm=1.18389) id1=537847(m1=0.13302):id2=787511(m2=1.05087) (r=2.79393) typem=1 type1=0 type2=1 
t=0.441744 single-single idm=2016120(mm=0.344085) id1=551295(m1=0.220216):id2=336120(m2=0.123868) (r=1.55465) typem=0 type1=0 type2=0 b[RSUN]=3.18012 vinf[km/s]=35.09
t=0.444083 single-single idm=2280693(mm=1.51288) id1=1453820(m1=1.21761):id2=600693(m2=0.734203) (r=2.98845) typem=3 type1=3 type2=0 b[RSUN]=209.711 vinf[km/s]=6.54555
t=0.446041 binary-single idm=3002344(mm=0.997319) id1=1322344(m1=0.529374):id2=1601514(m2=0.467945) (r=0.541297) typem=1 type1=0 type2=0 
t=0.446587 single-single idm=1982301(mm=0.401225) id1=857961(m1=0.238112):id2=302301(m2=0.163113) (r=2.84438) typem=0 type1=0 type2=0 b[RSUN]=7.54148 vinf[km/s]=15.9295
t=0.452849 single-single idm=1957897(mm=19.6963) id1=277897(m1=19.6963):id2=612650(m2=0.27551) (r=0.117763) typem=14 type1=14 type2=0 b[RSUN]=42.8525 vinf[km/s]=26.0602
t=0.453046 binary-single idm=2005363(mm=49.3029) id1=325363(m1=24.1895):id2=767076(m2=27.5947) (r=0.00542304) typem=14 type1=14 type2=14 
t=0.455705 single-single idm=2169714(mm=1.30127) id1=1064957(m1=0.782981):id2=489714(m2=0.518288) (r=1.28926) typem=1 type1=1 type2=0 b[RSUN]=17.4306 vinf[km/s]=29.492
t=0.456034 binary-single idm=2222609(mm=1.73448) id1=542609(m1=1.14716):id2=1248712(m2=0.587325) (r=1.56527) typem=1 type1=1 type2=0 
t=0.461265 binary-single idm=2562131(mm=1.2803) id1=882131(m1=1.00806):id2=1628697(m2=0.272236) (r=2.60945) typem=1 type1=1 type2=0 
t=0.469025 binary-single idm=2917364(mm=0.718914) id1=1237364(m1=0.427206):id2=1602262(m2=0.291708) (r=1.22802) typem=0 type1=0 type2=0 
t=0.470726 single-single idm=2596356(mm=0.797015) id1=1077867(m1=0.477259):id2=916356(m2=0.319756) (r=2.76486) typem=1 type1=0 type2=0 b[RSUN]=41.9237 vinf[km/s]=8.02682
t=0.491994 single-single idm=2052844(mm=0.223691) id1=372844(m1=0.110386):id2=902932(m2=0.113305) (r=0.768739) typem=0 type1=0 type2=0 b[RSUN]=3.7827 vinf[km/s]=22.8921
t=0.495494 binary-single idm=2191561(mm=1.23691) id1=511561(m1=0.186189):id2=912516(m2=1.05073) (r=0.728727) typem=1 type1=0 type2=1 
t=0.502997 single-single idm=2322374(mm=1.09938) id1=642374(m1=0.638782):id2=1301943(m2=0.4606) (r=2.54133) typem=1 type1=0 type2=0 b[RSUN]=29.9037 vinf[km/s]=18.2745
t=0.515205 binary-single idm=1991698(mm=1.29176) id1=1183179(m1=0.461614):id2=311698(m2=0.830144) (r=0.113443) typem=1 type1=0 type2=1 
t=0.520464 single-single idm=2174180(mm=0.240841) id1=813314(m1=0.146315):id2=494180(m2=0.0945255) (r=3.03612) typem=0 type1=0 type2=0 b[RSUN]=35.4418 vinf[km/s]=3.76835
t=0.521968 binary-single idm=2784595(mm=1.52139) id1=1104595(m1=0.853258):id2=1636986(m2=0.668131) (r=2.03566) typem=1 type1=1 type2=0 
t=0.52987 binary-single idm=2653691(mm=1.2907) id1=973691(m1=0.83077):id2=1540105(m2=0.459934) (r=4.12732) typem=1 type1=1 type2=0 
t=0.544535 single-single idm=1713511(mm=1.29396) id1=33511(m1=0.176354):id2=1024647(m2=1.11761) (r=0.120866) typem=1 type1=0 type2=1 b[RSUN]=21.495 vinf[km/s]=24.2023
t=0.545384 binary-single idm=2373580(mm=0.678698) id1=693580(m1=0.376076):id2=1604167(m2=0.302622) (r=1.5314) typem=0 type1=0 type2=0 
t=0.546712 binary-single idm=1975753(mm=0.184308) id1=295753(m1=0.0915085):id2=1625224(m2=0.0927992) (r=11.0787) typem=0 type1=0 type2=0 
t=0.551412 binary-single idm=1772218(mm=0.593796) id1=1127951(m1=0.18675):id2=92218(m2=0.407046) (r=1.7495) typem=0 type1=0 type2=0 
t=0.560483 single-single idm=2069096(mm=0.711044) id1=425277(m1=0.0867104):id2=389096(m2=0.624334) (r=1.83433) typem=0 type1=0 type2=0 b[RSUN]=28.381 vinf[km/s]=13.5006
t=0.562392 binary-single idm=2485523(mm=0.220381) id1=805523(m1=0.0865339):id2=1604989(m2=0.133848) (r=1.35989) typem=0 type1=0 type2=0 
t=0.575179 single-single idm=2326421(mm=0.732855) id1=646421(m1=0.0833503):id2=892362(m2=0.649504) (r=0.964005) typem=0 type1=0 type2=0 b[RSUN]=9.57127 vinf[km/s]=35.3737
t=0.58857 single-single idm=2547049(mm=0.857439) id1=918205(m1=0.0931975):id2=867049(m2=0.764242) (r=4.14206) typem=6 type1=0 type2=11 b[RSUN]=38.7298 vinf[km/s]=5.69782
t=0.598053 single-single idm=2149880(mm=0.685196) id1=469880(m1=0.254544):id2=1116392(m2=0.430652) (r=3.3699) typem=0 type1=0 type2=0 b[RSUN]=34.1387 vinf[km/s]=10.6892
t=0.599287 binary-single idm=1864365(mm=0.473544) id1=440123(m1=0.0950511):id2=184365(m2=0.378492) (r=2.23512) typem=0 type1=0 type2=0 
t=0.602061 binary-single idm=1999859(mm=0.474417) id1=319859(m1=0.263429):id2=1651947(m2=0.210988) (r=2.00535) typem=0 type1=0 type2=0 
t=0.608497 single-single idm=1771520(mm=0.997827) id1=1195763(m1=0.23253):id2=91520(m2=0.765297) (r=3.77526) typem=1 type1=0 type2=1 b[RSUN]=57.2604 vinf[km/s]=7.12924
t=0.609044 single-single idm=1978856(mm=18.0418) id1=298856(m1=0.161578):id2=750468(m2=18.0418) (r=0.0165325) typem=14 type1=0 type2=14 b[RSUN]=77.432 vinf[km/s]=11.1472
t=0.612973 binary-single idm=1828366(mm=0.781859) id1=148366(m1=0.438047):id2=1677349(m2=0.343812) (r=0.92194) typem=1 type1=0 type2=0 
t=0.61523 single-single idm=2979287(mm=0.756962) id1=1299287(m1=0.65658):id2=1414101(m2=0.100382) (r=0.971682) typem=1 type1=0 type2=0 b[RSUN]=14.135 vinf[km/s]=22.4603
t=0.615755 binary-binary idm=1882678(mm=50.3137) id1=202678(m1=29.0698):id2=771267(m2=23.7496) (r=0.0064574) typem=14 type1=14 type2=14 
t=0.615768 single-single idm=2901608(mm=0.772263) id1=1221608(m1=0.0988673):id2=1594149(m2=0.673396) (r=2.81467) typem=6 type1=0 type2=11 b[RSUN]=5.06215 vinf[km/s]=24.2834
t=0.61769 single-single idm=1881210(mm=0.305062) id1=1153502(m1=0.140752):id2=201210(m2=0.16431) (r=8.51234) typem=0 type1=0 type2=0 b[RSUN]=31.4798 vinf[km/s]=6.22588
t=0.628886 binary-single idm=3192596(mm=0.399458) id1=1580721(m1=0.18901):id2=1512596(m2=0.210448) (r=2.38479) typem=0 type1=0 type2=0 
t=0.629096 single-single idm=2632417(mm=22.9488) id1=952417(m1=0.318958):id2=1358333(m2=22.9488) (r=0.03348) typem=14 type1=0 type2=14 b[RSUN]=438.766 vinf[km/s]=3.62921
t=0.642406 binary-single idm=3073233(mm=0.739562) id1=1393233(m1=0.144599):id2=1620621(m2=0.594963) (r=0.442458) typem=0 type1=0 type2=0 
t=0.651522 single-single idm=2055026(mm=1.62227) id1=375026(m1=1.00254):id2=1099340(m2=0.675948) (r=1.34766) typem=6 type1=6 type2=11 b[RSUN]=232.958 vinf[km/s]=5.76575
t=0.651687 single-single idm=2152990(mm=0.650081) id1=1283771(m1=0.240833):id2=472990(m2=0.409247) (r=4.1189) typem=0 type1=0 type2=0 b[RSUN]=60.4836 vinf[km/s]=5.05431
t=0.652383 binary-single idm=2335811(mm=1.04799) id1=655811(m1=0.947325):id2=1603576(m2=0.100665) (r=1.98693) typem=1 type1=1 type2=0 
t=0.659967 single-single idm=1913914(mm=1.36188) id1=233914(m1=0.41118):id2=1064347(m2=1.07449) (r=1.51868) typem=2 type1=0 type2=2 b[RSUN]=103.24 vinf[km/s]=9.6284
t=0.663814 single-single idm=1750752(mm=0.948936) id1=1179862(m1=0.758123):id2=70752(m2=0.190813) (r=1.71803) typem=1 type1=1 type2=0 b[RSUN]=281.803 vinf[km/s]=1.68626
t=0.66945 binary-binary idm=1919250(mm=37.4601) id1=239250(m1=18.7811):id2=1496953(m2=20.5719) (r=0.013914) typem=14 type1=14 type2=14 
t=0.676439 single-single idm=2313523(mm=0.186344) id1=745192(m1=0.0880157):id2=633523(m2=0.0983284) (r=0.964819) typem=0 type1=0 type2=0 b[RSUN]=3.82346 vinf[km/s]=30.3473
t=0.684958 binary-single idm=1689719(mm=0.867848) id1=532751(m1=0.765667):id2=9719(m2=0.102181) (r=1.83839) typem=1 type1=1 type2=0 
t=0.689018 single-single idm=1953551(mm=0.255508) id1=273551(m1=0.104845):id2=430116(m2=0.150663) (r=1.75527) typem=0 type1=0 type2=0 b[RSUN]=7.0526 vinf[km/s]=19.7753
t=0.691729 single-single idm=2999240(mm=0.254336) id1=1319240(m1=0.152403):id2=1522719(m2=0.101933) (r=3.48857) typem=0 type1=0 type2=0 b[RSUN]=6.06441 vinf[km/s]=27.2361
t=0.700249 single-single idm=2575924(mm=0.344442) id1=895924(m1=0.103958):id2=1165030(m2=0.240484) (r=3.93393) typem=0 type1=0 type2=0 b[RSUN]=7.59139 vinf[km/s]=19.3881
t=0.700454 single-single idm=1862829(mm=0.503184) id1=210094(m1=0.0853955):id2=182829(m2=0.417788) (r=3.45216) typem=0 type1=0 type2=0 b[RSUN]=20.8342 vinf[km/s]=12.9469
t=0.707564 single-single idm=1908064(mm=1.00719) id1=228064(m1=0.230042):id2=952592(m2=0.777149) (r=2.24978) typem=1 type1=0 type2=1 b[RSUN]=93.3765 vinf[km/s]=3.49983
t=0.722611 binary-binary idm=1739481(mm=38.5531) id1=59481(m1=22.6775):id2=143944(m2=17.7801) (r=0.0166609) typem=14 type1=14 type2=14 
t=0.722889 single-single idm=1751292(mm=0.953828) id1=1435341(m1=0.616802):id2=71292(m2=0.337026) (r=0.642866) typem=1 type1=0 type2=0 b[RSUN]=44.1749 vinf[km/s]=7.76353
t=0.728926 binary-single idm=2256200(mm=0.485822) id1=576200(m1=0.28063):id2=1679938(m2=0.205192) (r=2.85362) typem=0 type1=0 type2=0 
t=0.729581 binary-single idm=3011537(mm=1.81778) id1=1331537(m1=0.95603):id2=1670627(m2=0.861745) (r=0.700617) typem=1 type1=1 type2=1 
t=0.73878 single-single idm=1891108(mm=0.999319) id1=211108(m1=0.791289):id2=1171372(m2=0.20803) (r=2.12384) typem=1 type1=1 type2=0 b[RSUN]=52.0016 vinf[km/s]=11.4833
t=0.741458 binary-single idm=2751040(mm=0.493143) id1=1071040(m1=0.14279):id2=1605031(m2=0.350352) (r=1.36884) typem=0 type1=0 type2=0 
t=0.742338 binary-single idm=2293184(mm=1.5575) id1=613183(m1=1.02854):id2=1367949(m2=0.296585):id3=1630619(m3=0.23251) (r=1.76271) typem=3 type1=3 type2=0 type3=0 
t=0.743132 binary-single idm=2209304(mm=0.832398) id1=805415(m1=0.205299):id2=529304(m2=0.627099) (r=1.50677) typem=1 type1=0 type2=0 
t=0.744185 single-single idm=1908907(mm=0.351878) id1=228907(m1=0.132972):id2=906361(m2=0.218907) (r=2.00437) typem=0 type1=0 type2=0 b[RSUN]=17.4797 vinf[km/s]=9.09586
t=0.744426 single-single idm=2911417(mm=0.302021) id1=1294478(m1=0.213309):id2=1231417(m2=0.0887114) (r=1.35297) typem=0 type1=0 type2=0 b[RSUN]=11.9573 vinf[km/s]=10.7859
t=0.750866 binary-single idm=2418519(mm=1.01768) id1=738519(m1=0.49724):id2=999452(m2=0.520443) (r=1.8667) typem=1 type1=0 type2=0 
t=0.760127 single-single idm=1707166(mm=0.488758) id1=1551240(m1=0.192495):id2=27166(m2=0.296263) (r=2.11038) typem=0 type1=0 type2=0 b[RSUN]=15.4846 vinf[km/s]=18.1384
t=0.761341 single-single idm=2787293(mm=0.216242) id1=1107293(m1=0.134198):id2=1375081(m2=0.0820444) (r=3.24887) typem=0 type1=0 type2=0 b[RSUN]=6.83839 vinf[km/s]=20.4217
t=0.780458 single-single idm=2901304(mm=0.603116) id1=1221304(m1=0.0902194):id2=1496618(m2=0.512896) (r=4.0371) typem=0 type1=0 type2=0 b[RSUN]=97.6046 vinf[km/s]=3.10832
t=0.783016 single-single idm=2484173(mm=1.94255) id1=804173(m1=1.00084):id2=851577(m2=0.941714) (r=1.36754) typem=6 type1=1 type2=11 b[RSUN]=48.5706 vinf[km/s]=20.2344
t=0.810135 single-single idm=2001855(mm=0.304819) id1=670101(m1=0.147992):id2=321855(m2=0.156827) (r=1.39229) typem=0 type1=0 type2=0 b[RSUN]=0.807967 vinf[km/s]=35.397
t=0.811026 binary-single idm=2039834(mm=18.3659) id1=359834(m1=18.3659):id2=1616018(m2=0.0811863) (r=0.0472813) typem=14 type1=14 type2=0 
t=0.821836 single-single idm=2694152(mm=18.2957) id1=1014152(m1=0.468999):id2=1397739(m2=18.2957) (r=0.0727255) typem=14 type1=0 type2=14 b[RSUN]=71.9062 vinf[km/s]=19.1502
t=0.82604 single-single idm=1772788(mm=0.814056) id1=1517007(m1=0.178463):id2=92788(m2=0.907218) (r=1.32943) typem=4 type1=0 type2=4 b[RSUN]=56.0802 vinf[km/s]=16.4391
t=0.830487 single-single idm=2266009(mm=0.283158) id1=586009(m1=0.104323):id2=1529259(m2=0.178835) (r=4.35714) typem=0 type1=0 type2=0 b[RSUN]=5.43817 vinf[km/s]=17.7511
t=0.830889 single-single idm=1758146(mm=0.671301) id1=78146(m1=0.419354):id2=666757(m2=0.251947) (r=4.43583) typem=0 type1=0 type2=0 b[RSUN]=13.9038 vinf[km/s]=9.41897
t=0.847175 single-single idm=2885110(mm=0.657259) id1=1347014(m1=0.121724):id2=1205110(m2=0.535535) (r=2.34363) typem=0 type1=0 type2=0 b[RSUN]=48.3472 vinf[km/s]=7.69347
t=0.848659 single-single idm=1691614(mm=0.970643) id1=11614(m1=0.295138):id2=558430(m2=0.675505) (r=0.48206) typem=1 type1=0 type2=0 b[RSUN]=38.0078 vinf[km/s]=13.7055
t=0.851019 binary-binary idm=1893283(mm=39.9176) id1=1139105(m1=18.8287):id2=213283(m2=23.0764) (r=0.0190423) typem=14 type1=14 type2=14 
t=0.856162 binary-single idm=2290102(mm=0.257198) id1=610102(m1=0.130393):id2=1605848(m2=0.126805) (r=2.46835) typem=0 type1=0 type2=0 
t=0.857517 binary-single idm=1727684(mm=1.07028) id1=47684(m1=0.60941):id2=1632152(m2=0.460872) (r=0.892079) typem=1 type1=0 type2=0 
t=0.857576 single-single idm=1820763(mm=0.613168) id1=140763(m1=0.468501):id2=578978(m2=0.144667) (r=2.23313) typem=0 type1=0 type2=0 b[RSUN]=17.1432 vinf[km/s]=20.1742
t=0.880202 single-single idm=1978637(mm=0.40734) id1=298637(m1=0.275031):id2=1370976(m2=0.132309) (r=4.41791) typem=0 type1=0 type2=0 b[RSUN]=12.655 vinf[km/s]=14.8781
t=0.889099 binary-single idm=2631774(mm=39.3164) id1=1440510(m1=21.7194):id2=951774(m2=19.5815) (r=0.0154994) typem=14 type1=14 type2=14 
t=0.889351 single-single idm=2406664(mm=0.747644) id1=726664(m1=0.500749):id2=1391810(m2=0.246895) (r=1.96971) typem=0 type1=0 type2=0 b[RSUN]=74.581 vinf[km/s]=2.19572
t=0.89763 single-single idm=2101604(mm=1.76158) id1=421604(m1=1.34592):id2=671205(m2=0.415661) (r=2.78129) typem=6 type1=12 type2=0 b[RSUN]=28.7834 vinf[km/s]=15.7286
t=0.904822 single-single idm=2795848(mm=0.408477) id1=1426782(m1=0.0994177):id2=1115848(m2=0.309059) (r=2.66689) typem=0 type1=0 type2=0 b[RSUN]=12.9659 vinf[km/s]=19.8184
t=0.905111 single-single idm=2153440(mm=0.442979) id1=1301672(m1=0.198496):id2=473440(m2=0.244483) (r=3.33957) typem=0 type1=0 type2=0 b[RSUN]=13.7118 vinf[km/s]=9.04838
t=0.915309 single-single idm=3203834(mm=0.563037) id1=1531218(m1=0.218943):id2=1523834(m2=0.344094) (r=1.22906) typem=0 type1=0 type2=0 b[RSUN]=11.4135 vinf[km/s]=29.7661
t=0.932859 single-single idm=2909473(mm=0.186433) id1=1229473(m1=0.0952365):id2=1335221(m2=0.0911967) (r=3.45736) typem=0 type1=0 type2=0 b[RSUN]=5.78402 vinf[km/s]=16.5286
t=0.95938 single-single idm=2416516(mm=0.371791) id1=736516(m1=0.0926532):id2=880419(m2=0.279138) (r=1.89412) typem=0 type1=0 type2=0 b[RSUN]=6.71975 vinf[km/s]=28.9079
t=0.96151 binary-single idm=1814142(mm=39.4415) id1=134142(m1=20.6545):id2=1336155(m2=20.7874) (r=0.0166571) typem=14 type1=14 type2=14 
t=0.980442 binary-single idm=2555607(mm=0.802802) id1=875607(m1=0.388306):id2=1600928(m2=0.414496) (r=4.5197) typem=1 type1=0 type2=0 
t=0.989347 binary-single idm=2607546(mm=1.78869) id1=927546(m1=1.02152):id2=1654020(m2=0.767168) (r=4.63764) typem=6 type1=11 type2=1 
t=0.993425 binary-single idm=2223830(mm=0.182313) id1=543830(m1=0.0946482):id2=1603635(m2=0.0876652) (r=4.33462) typem=0 type1=0 type2=0 
t=0.995621 single-single idm=2507145(mm=1.10453) id1=1424201(m1=0.601889):id2=827145(m2=0.502637) (r=2.58804) typem=1 type1=0 type2=0 b[RSUN]=14.5622 vinf[km/s]=27.4868
t=1.00164 single-single idm=2577916(mm=0.740529) id1=1177443(m1=0.303938):id2=897916(m2=0.436591) (r=4.02642) typem=0 type1=0 type2=0 b[RSUN]=10.4426 vinf[km/s]=7.79685
t=1.00315 single-single idm=2447881(mm=0.987155) id1=930713(m1=0.490275):id2=767881(m2=0.49688) (r=2.66523) typem=1 type1=0 type2=0 b[RSUN]=15.475 vinf[km/s]=18.8464
t=1.00929 binary-single idm=2442686(mm=0.513872) id1=762686(m1=0.389399):id2=1623586(m2=0.124473) (r=2.65943) typem=0 type1=0 type2=0 
t=1.00967 binary-binary idm=3016162(mm=1.08448) id1=1336162(m1=0.576816):id2=1668640(m2=0.507662) (r=0.347468) typem=1 type1=0 type2=0 
t=1.01927 single-single idm=1826469(mm=0.668274) id1=146469(m1=0.534219):id2=1424402(m2=0.134056) (r=5.21778) typem=0 type1=0 type2=0 b[RSUN]=5.37486 vinf[km/s]=17.29
t=1.0246 binary-single idm=1796460(mm=1.77538) id1=116460(m1=0.869556):id2=1482464(m2=0.905823) (r=1.26197) typem=6 type1=11 type2=1 
t=1.02965 single-single idm=1921962(mm=0.58641) id1=241962(m1=0.501498):id2=1037088(m2=0.0849126) (r=2.18028) typem=0 type1=0 type2=0 b[RSUN]=8.8398 vinf[km/s]=14.3945
t=1.03949 single-single idm=2242682(mm=1.12736) id1=1221821(m1=0.204614):id2=562682(m2=0.922743) (r=3.22769) typem=1 type1=0 type2=1 b[RSUN]=59.9511 vinf[km/s]=8.44804
t=1.03992 binary-single idm=2095762(mm=1.62255) id1=415762(m1=0.697411):id2=1413229(m2=0.925136) (r=2.68109) typem=6 type1=11 type2=1 
t=1.05952 binary-single idm=1908400(mm=1.4289) id1=228400(m1=0.58256):id2=407725(m2=0.846336) (r=0.88535) typem=1 type1=0 type2=1 
t=1.06112 single-single idm=2501374(mm=0.465899) id1=1298832(m1=0.290756):id2=821374(m2=0.175143) (r=7.34829) typem=0 type1=0 type2=0 b[RSUN]=16.3237 vinf[km/s]=13.0516
t=1.07666 binary-single idm=2293370(mm=0.73937) id1=613370(m1=0.333808):id2=1674258(m2=0.405562) (r=5.10158) typem=0 type1=0 type2=0 
t=1.08166 binary-single idm=2954860(mm=33.5372) id1=1274860(m1=17.5702):id2=1552432(m2=17.6679) (r=0.0154031) typem=14 type1=14 type2=14 
t=1.09342 single-single idm=1880381(mm=0.650445) id1=1298474(m1=0.121496):id2=200381(m2=0.52895) (r=1.27865) typem=0 type1=0 type2=0 b[RSUN]=12.8501 vinf[km/s]=22.0734
t=1.10982 binary-single idm=2071731(mm=0.849169) id1=391731(m1=0.736106):id2=1673893(m2=0.113063) (r=1.76774) typem=1 type1=0 type2=0 
t=1.11579 single-single idm=1736486(mm=1.55351) id1=78540(m1=0.561134):id2=56486(m2=0.992373) (r=2.82086) typem=6 type1=0 type2=11 b[RSUN]=15.6528 vinf[km/s]=13.1993
t=1.12267 binary-single idm=2177084(mm=0.740125) id1=497084(m1=0.108198):id2=1056574(m2=0.631927) (r=1.41512) typem=0 type1=0 type2=0 
t=1.13456 single-single idm=2660799(mm=0.210711) id1=1186845(m1=0.084582):id2=980799(m2=0.126129) (r=3.02032) typem=0 type1=0 type2=0 b[RSUN]=3.25157 vinf[km/s]=24.5489
t=1.13862 single-single idm=2023475(mm=0.539726) id1=1488614(m1=0.263841):id2=343475(m2=0.275886) (r=5.24198) typem=0 type1=0 type2=0 b[RSUN]=12.1449 vinf[km/s]=9.2287
t=1.14239 single-single idm=2168604(mm=0.190625) id1=949082(m1=0.11009):id2=488604(m2=0.0805348) (r=4.4668) typem=0 type1=0 type2=0 b[RSUN]=10.4011 vinf[km/s]=11.0903
t=1.14533 binary-single idm=1913141(mm=0.754962) id1=1378097(m1=0.537968):id2=233141(m2=0.216994) (r=1.90882) typem=0 type1=0 type2=0 
t=1.16064 binary-single idm=2340098(mm=0.196103) id1=660098(m1=0.0985185):id2=1600242(m2=0.0975843) (r=2.63304) typem=0 type1=0 type2=0 
t=1.19594 binary-binary idm=2433879(mm=37.6626) id1=753879(m1=19.0193):id2=1216509(m2=20.5483) (r=0.00462496) typem=14 type1=14 type2=14 
t=1.20389 single-single idm=2866179(mm=0.308282) id1=1296479(m1=0.128376):id2=1186179(m2=0.179906) (r=6.82972) typem=0 type1=0 type2=0 b[RSUN]=13.3246 vinf[km/s]=10.2952
t=1.20824 single-single idm=2664504(mm=0.750858) id1=984504(m1=0.0842165):id2=1134535(m2=0.666641) (r=4.67981) typem=6 type1=0 type2=11 b[RSUN]=18.3815 vinf[km/s]=8.40346
t=1.21151 binary-single idm=2698689(mm=1.32474) id1=1018689(m1=0.433245):id2=1634068(m2=0.891499) (r=1.82236) typem=3 type1=10 type2=1 
t=1.21739 binary-single idm=1857925(mm=1.18354) id1=215738(m1=0.514051):id2=177925(m2=0.669484) (r=0.924289) typem=1 type1=0 type2=0 
t=1.24491 binary-single idm=2540229(mm=0.856039) id1=860229(m1=0.708714):id2=1567964(m2=0.147325) (r=1.88642) typem=1 type1=0 type2=0 
t=1.25494 binary-single idm=1924147(mm=0.415349) id1=244147(m1=0.143345):id2=1638982(m2=0.272005) (r=1.0018) typem=0 type1=0 type2=0 
t=1.27073 single-single idm=1846094(mm=0.991287) id1=1049391(m1=0.745966):id2=166094(m2=0.245321) (r=1.84163) typem=1 type1=0 type2=0 b[RSUN]=17.3291 vinf[km/s]=25.118
t=1.27104 single-single idm=1868360(mm=0.83594) id1=1184791(m1=0.639108):id2=188360(m2=0.196832) (r=8.06224) typem=1 type1=0 type2=0 b[RSUN]=29.5063 vinf[km/s]=12.9189
t=1.28186 binary-single idm=2685657(mm=14.1716) id1=1005657(m1=0.69038):id2=1445237(m2=14.1716) (r=0.0598982) typem=14 type1=0 type2=14 
t=1.30957 single-single idm=2421761(mm=1.242) id1=768921(m1=0.79538):id2=741761(m2=0.674853) (r=7.73049) typem=13 type1=11 type2=11 b[RSUN]=5.85691 vinf[km/s]=7.75388
t=1.32318 binary-single idm=1685046(mm=0.978993) id1=5046(m1=0.795408):id2=1659297(m2=0.183585) (r=1.73046) typem=1 type1=1 type2=0 
t=1.32935 single-single idm=1887109(mm=18.6685) id1=207109(m1=18.6685):id2=845870(m2=0.164529) (r=0.263459) typem=14 type1=14 type2=0 b[RSUN]=27.8771 vinf[km/s]=27.3554
t=1.36883 single-single idm=2067143(mm=0.677308) id1=1066023(m1=0.161453):id2=387143(m2=0.515855) (r=1.60721) typem=0 type1=0 type2=0 b[RSUN]=16.0016 vinf[km/s]=25.1183
t=1.37055 binary-single idm=3215891(mm=0.254327) id1=1535891(m1=0.155812):id2=1678706(m2=0.0985149) (r=0.967162) typem=0 type1=0 type2=0 
t=1.39212 binary-single idm=2408069(mm=1.42808) id1=964296(m1=0.579392):id2=728069(m2=0.848693) (r=1.12762) typem=6 type1=11 type2=1 
t=1.3932 single-single idm=2267922(mm=0.665102) id1=587922(m1=0.531539):id2=642055(m2=0.133563) (r=1.6312) typem=0 type1=0 type2=0 b[RSUN]=12.0253 vinf[km/s]=22.8742
t=1.41169 binary-single idm=2757314(mm=0.52532) id1=1077314(m1=0.300155):id2=1631139(m2=0.225165) (r=0.85611) typem=0 type1=0 type2=0 
t=1.42232 single-single idm=1771326(mm=1.37713) id1=91326(m1=0.809229):id2=664324(m2=0.5679) (r=3.69546) typem=1 type1=1 type2=0 b[RSUN]=86.0049 vinf[km/s]=7.49078
t=1.44205 binary-binary idm=1998325(mm=1.1619) id1=318325(m1=0.659893):id2=955809(m2=0.502005) (r=1.49766) typem=1 type1=0 type2=0 
t=1.45838 binary-single idm=2324382(mm=0.478901) id1=644382(m1=0.244957):id2=1604617(m2=0.233944) (r=3.5278) typem=0 type1=0 type2=0 
t=1.47623 binary-single idm=1703251(mm=1.05595) id1=23251(m1=0.857831):id2=1607113(m2=0.19812) (r=1.26779) typem=1 type1=1 type2=0 
t=1.47702 single-single idm=2291911(mm=0.269468) id1=1581416(m1=0.088574):id2=611911(m2=0.180894) (r=5.88901) typem=0 type1=0 type2=0 b[RSUN]=9.30509 vinf[km/s]=19.4634
t=1.47845 single-single idm=2233338(mm=0.753421) id1=553338(m1=0.58068):id2=1127648(m2=0.172742) (r=3.09853) typem=6 type1=11 type2=0 b[RSUN]=15.6301 vinf[km/s]=14.7885
t=1.49141 single-single idm=2309843(mm=0.431123) id1=629843(m1=0.214849):id2=1494170(m2=0.216273) (r=1.29845) typem=0 type1=0 type2=0 b[RSUN]=13.2737 vinf[km/s]=12.5841
t=1.50207 single-single idm=1941269(mm=1.48551) id1=261269(m1=0.406243):id2=924751(m2=1.07927) (r=2.88142) typem=6 type1=0 type2=11 b[RSUN]=28.1262 vinf[km/s]=9.5958
t=1.53311 single-single idm=1748583(mm=15.6197) id1=68583(m1=15.6197):id2=1220120(m2=0.105135) (r=0.0964846) typem=14 type1=14 type2=0 b[RSUN]=92.2215 vinf[km/s]=6.09391
t=1.54177 binary-single idm=1812854(mm=0.494075) id1=132854(m1=0.376787):id2=1634690(m2=0.117288) (r=1.90479) typem=0 type1=0 type2=0 
t=1.54902 single-single idm=2160097(mm=0.352108) id1=1545157(m1=0.135225):id2=480097(m2=0.216884) (r=4.73793) typem=0 type1=0 type2=0 b[RSUN]=1.8381 vinf[km/s]=20.4828
t=1.57536 binary-single idm=1957898(mm=32.8929) id1=1365313(m1=14.8054):id2=1957897(m2=19.6963) (r=0.044556) typem=14 type1=14 type2=14 
t=1.60349 single-single idm=2821104(mm=0.406288) id1=1141104(m1=0.0844918):id2=1472578(m2=0.321796) (r=6.12789) typem=0 type1=0 type2=0 b[RSUN]=21.5477 vinf[km/s]=8.08229
t=1.63015 single-single idm=2836214(mm=0.489962) id1=1214792(m1=0.398112):id2=1156214(m2=0.0918499) (r=8.69899) typem=0 type1=0 type2=0 b[RSUN]=11.6557 vinf[km/s]=13.8483
t=1.63784 binary-single idm=2728847(mm=0.871538) id1=1048847(m1=0.11976):id2=1058516(m2=0.751778) (r=3.18235) typem=1 type1=0 type2=0 
t=1.65866 binary-single idm=2878731(mm=1.60292) id1=1198731(m1=0.611267):id2=1528558(m2=0.991652) (r=1.66766) typem=6 type1=0 type2=11 
t=1.67914 single-single idm=2033833(mm=0.198302) id1=353833(m1=0.083403):id2=1222215(m2=0.114899) (r=3.90604) typem=0 type1=0 type2=0 b[RSUN]=2.51681 vinf[km/s]=12.6422
t=1.69488 binary-single idm=2378547(mm=1.10219) id1=698547(m1=0.675637):id2=1631053(m2=0.426557) (r=2.06837) typem=1 type1=0 type2=0 
t=1.70848 binary-single idm=3257991(mm=1.59647) id1=1577991(m1=0.802909):id2=1608083(m2=0.793561) (r=5.21495) typem=1 type1=1 type2=1 
t=1.74277 single-single idm=1972751(mm=0.650451) id1=292751(m1=0.569639):id2=859241(m2=0.0808115) (r=1.52623) typem=6 type1=11 type2=0 b[RSUN]=22.1292 vinf[km/s]=7.32458
t=1.75169 binary-binary idm=1809843(mm=0.562049) id1=129843(m1=0.433625):id2=1612841(m2=0.128424) (r=2.28364) typem=0 type1=0 type2=0 
t=1.75202 binary-single idm=2782930(mm=0.747818) id1=1256385(m1=0.129031):id2=1102930(m2=0.618788) (r=0.968926) typem=0 type1=0 type2=0 
t=1.76828 single-single idm=2593248(mm=0.935569) id1=1223572(m1=0.42531):id2=913248(m2=0.510259) (r=1.85884) typem=1 type1=0 type2=0 b[RSUN]=29.6798 vinf[km/s]=12.5883
t=1.78986 binary-single idm=2931855(mm=1.31089) id1=1251855(m1=0.722433):id2=1671196(m2=0.588461) (r=0.543474) typem=1 type1=0 type2=0 
t=1.8175 binary-single idm=1998677(mm=0.698982) id1=318677(m1=0.303567):id2=993684(m2=0.395415) (r=3.55747) typem=0 type1=0 type2=0 
t=1.82173 single-single idm=2728000(mm=0.966915) id1=1428798(m1=0.294048):id2=1048000(m2=0.814305) (r=1.95245) typem=3 type1=0 type2=3 b[RSUN]=23.3774 vinf[km/s]=4.9789
t=1.83233 binary-single idm=2406336(mm=0.615208) id1=1173437(m1=0.155861):id2=726336(m2=0.459347) (r=2.44889) typem=0 type1=0 type2=0 
t=1.83393 binary-single idm=1838083(mm=0.910289) id1=158083(m1=0.800885):id2=1661162(m2=0.109405) (r=0.560936) typem=1 type1=1 type2=0 
t=1.84008 single-single idm=2848990(mm=1.13412) id1=1519631(m1=0.477559):id2=1168990(m2=0.656563) (r=1.94164) typem=6 type1=0 type2=11 b[RSUN]=22.6979 vinf[km/s]=12.3951
t=1.84204 single-single idm=2437366(mm=0.237548) id1=1518974(m1=0.101643):id2=757366(m2=0.135906) (r=1.25435) typem=0 type1=0 type2=0 b[RSUN]=11.0974 vinf[km/s]=7.4582
t=1.86475 single-single idm=2868377(mm=0.277598) id1=1213028(m1=0.153819):id2=1188377(m2=0.123778) (r=4.92335) typem=0 type1=0 type2=0 b[RSUN]=7.73557 vinf[km/s]=16.2296
t=1.88093 single-single idm=2346643(mm=0.973236) id1=853909(m1=0.487902):id2=666643(m2=0.485334) (r=3.01559) typem=1 type1=0 type2=0 b[RSUN]=61.9143 vinf[km/s]=8.42983
t=1.88606 single-single idm=1982243(mm=0.966756) id1=950816(m1=0.396812):id2=302243(m2=0.569944) (r=1.7211) typem=6 type1=0 type2=11 b[RSUN]=5.09937 vinf[km/s]=25.0782
t=1.95331 single-single idm=2321952(mm=0.612142) id1=641952(m1=0.426978):id2=1509088(m2=0.185164) (r=3.70022) typem=0 type1=0 type2=0 b[RSUN]=8.68137 vinf[km/s]=19.8158
t=1.97817 binary-single idm=1956297(mm=0.76115) id1=276297(m1=0.126297):id2=345302(m2=0.634853) (r=2.67166) typem=1 type1=0 type2=0 
