# time interaction_type id_merger(mass_merger) id1(m1):id2(m2):id3(m3):... (r) type_merger type1 ...
t=0.000285853 single-single idm=864013(mm=25.4942) id1=24013(m1=25.3987):id2=367535(m2=0.0969378) (r=0.467772) typem=4 type1=4 type2=0 b[RSUN]=6002.26 vinf[km/s]=26.345
t=0.000620969 single-single idm=1003317(mm=20.419) id1=163317(m1=20.2703):id2=691607(m2=0.14913) (r=0.394999) typem=4 type1=4 type2=0 b[RSUN]=4225.71 vinf[km/s]=22.7835
t=0.0012975 binary-single idm=940527(mm=9.04391) id1=100527(m1=0.127922):id2=108024(m2=8.91599) (r=0.433284) typem=1 type1=0 type2=1 
t=0.0012975 binary-single idm=961892(mm=2.17115) id1=203225(m1=0.55304):id2=121892(m2=1.61811) (r=0.473491) typem=1 type1=0 type2=1 
t=0.00184243 single-single idm=1185253(mm=9.99054) id1=345253(m1=9.73543):id2=396427(m2=0.255103) (r=0.620126) typem=1 type1=1 type2=0 b[RSUN]=165.312 vinf[km/s]=25.2645
t=0.00262925 single-single idm=885778(mm=9.68538) id1=171529(m1=9.12722):id2=45778(m2=0.558448) (r=0.200632) typem=4 type1=4 type2=0 b[RSUN]=1849.2 vinf[km/s]=9.0941
t=0.00374192 binary-single idm=1356795(mm=0.933121) id1=516795(m1=0.484057):id2=834582(m2=0.449064) (r=1.04284) typem=1 type1=0 type2=0 
t=0.00590936 single-single idm=873301(mm=5.52597) id1=210757(m1=0.100745):id2=33301(m2=5.42522) (r=0.610466) typem=1 type1=0 type2=1 b[RSUN]=255.81 vinf[km/s]=12.2728
t=0.00711332 single-single idm=842392(mm=3.77297) id1=8770(m1=0.0998771):id2=2392(m2=4.59663) (r=0.136575) typem=4 type1=0 type2=4 b[RSUN]=708.659 vinf[km/s]=11.2215
t=0.00816352 single-single idm=1120264(mm=3.15948) id1=280264(m1=2.74035):id2=462078(m2=0.419123) (r=0.526929) typem=1 type1=1 type2=0 b[RSUN]=43.6372 vinf[km/s]=20.5693
t=0.00816352 binary-single idm=957831(mm=0.484331) id1=117831(m1=0.308133):id2=832048(m2=0.176198) (r=0.785003) typem=0 type1=0 type2=0 
t=0.0090157 single-single idm=841556(mm=1.89443) id1=35605(m1=0.618551):id2=1556(m2=1.27588) (r=0.20432) typem=1 type1=0 type2=1 b[RSUN]=57.4964 vinf[km/s]=12.9572
t=0.0090157 single-single idm=890081(mm=4.9555) id1=94981(m1=4.60372):id2=50081(m2=0.351779) (r=0.308172) typem=1 type1=1 type2=0 b[RSUN]=95.2652 vinf[km/s]=13.8682
t=0.0090157 binary-single idm=859910(mm=1.21391) id1=19910(m1=0.681837):id2=833036(m2=0.532071) (r=0.589942) typem=1 type1=0 type2=0 
t=0.0106271 single-single idm=923927(mm=4.27597) id1=391391(m1=4.40622):id2=83927(m2=0.139885) (r=0.307967) typem=4 type1=4 type2=0 b[RSUN]=3597.18 vinf[km/s]=1.71287
t=0.0106271 binary-single idm=1242002(mm=2.20603) id1=402002(m1=1.20312):id2=800195(m2=1.00291) (r=0.845189) typem=1 type1=1 type2=1 
t=0.014392 single-single idm=897747(mm=1.81311) id1=57747(m1=1.66573):id2=58544(m2=0.147373) (r=0.388981) typem=1 type1=1 type2=0 b[RSUN]=21.5315 vinf[km/s]=20.3023
t=0.0171213 binary-single idm=1314201(mm=2.38337) id1=474201(m1=1.37696):id2=828315(m2=1.00642) (r=1.54197) typem=1 type1=1 type2=1 
t=0.0190076 binary-single idm=959946(mm=1.45515) id1=221041(m1=0.0926264):id2=119946(m2=1.36252) (r=1.13449) typem=1 type1=0 type2=1 
t=0.0195924 binary-single idm=886613(mm=4.07441) id1=299966(m1=3.43805):id2=46612(m2=0.667644):id3=833558(m3=0.451228) (r=0.575075) typem=4 type1=4 type2=0 type3=0 
t=0.0205953 binary-single idm=867792(mm=3.6961) id1=27792(m1=3.37681):id2=116155(m2=0.539324) (r=0.374975) typem=4 type1=4 type2=0 
t=0.0213686 single-single idm=1144475(mm=1.50947) id1=703827(m1=1.30132):id2=304475(m2=0.208145) (r=0.911741) typem=1 type1=1 type2=0 b[RSUN]=27.377 vinf[km/s]=23.9959
t=0.0225188 single-single idm=874150(mm=3.2063) id1=34150(m1=0.15354):id2=385699(m2=3.22154) (r=1.03132) typem=4 type1=0 type2=4 b[RSUN]=222.297 vinf[km/s]=15.9079
t=0.0250604 single-single idm=850244(mm=2.22299) id1=10244(m1=0.338181):id2=141505(m2=3.23995) (r=0.723792) typem=5 type1=0 type2=5 b[RSUN]=366.044 vinf[km/s]=14.9445
t=0.0257849 binary-single idm=896521(mm=0.927616) id1=56521(m1=0.573454):id2=826232(m2=0.354162) (r=0.775675) typem=1 type1=0 type2=0 
t=0.0271998 single-single idm=1083737(mm=1.3713) id1=457961(m1=1.19914):id2=243737(m2=0.172154) (r=0.958713) typem=1 type1=1 type2=0 b[RSUN]=89.1956 vinf[km/s]=8.18086
t=0.0286856 single-single idm=1053579(mm=0.977167) id1=261188(m1=0.685114):id2=213579(m2=0.292053) (r=0.496024) typem=1 type1=0 type2=0 b[RSUN]=32.7174 vinf[km/s]=17.7653
t=0.0292531 binary-single idm=1014441(mm=1.13604) id1=174441(m1=0.41196):id2=650418(m2=0.724081) (r=0.433378) typem=1 type1=0 type2=1 
t=0.029841 binary-single idm=927482(mm=3.29752) id1=538962(m1=0.502246):id2=87482(m2=2.79528) (r=0.350587) typem=1 type1=0 type2=1 
t=0.0313566 binary-single idm=971474(mm=0.280273) id1=131474(m1=0.158497):id2=837815(m2=0.121776) (r=0.313083) typem=0 type1=0 type2=0 
t=0.0319952 binary-single idm=977775(mm=3.54666) id1=137775(m1=1.79245):id2=839989(m2=1.75421) (r=0.225553) typem=1 type1=1 type2=1 
t=0.0342412 single-single idm=1058477(mm=2.17717) id1=242327(m1=1.51276):id2=218477(m2=0.664412) (r=1.04014) typem=1 type1=1 type2=0 b[RSUN]=183.081 vinf[km/s]=6.68135
t=0.0346299 binary-single idm=843476(mm=1.43867) id1=109243(m1=0.825175):id2=3476(m2=0.613494) (r=0.569087) typem=1 type1=1 type2=0 
t=0.0359648 binary-single idm=873236(mm=2.68109) id1=55063(m1=2.51034):id2=33236(m2=0.170749) (r=0.735465) typem=1 type1=1 type2=0 
t=0.0574707 binary-single idm=1144974(mm=0.81567) id1=304974(m1=0.15337):id2=379189(m2=0.6623) (r=1.03746) typem=1 type1=0 type2=0 
t=0.058559 single-single idm=843669(mm=1.83683) id1=3669(m1=0.415814):id2=416377(m2=1.42101) (r=0.863215) typem=1 type1=0 type2=1 b[RSUN]=16.0376 vinf[km/s]=25.7127
t=0.0600078 single-single idm=864175(mm=2.01231) id1=30210(m1=1.9237):id2=24175(m2=0.0886135) (r=1.14002) typem=1 type1=1 type2=0 b[RSUN]=212.839 vinf[km/s]=3.66357
t=0.0601288 single-single idm=1456988(mm=0.388817) id1=682302(m1=0.227733):id2=616988(m2=0.161084) (r=2.22973) typem=0 type1=0 type2=0 b[RSUN]=24.3801 vinf[km/s]=5.23196
t=0.0619461 binary-single idm=1367214(mm=0.68734) id1=527214(m1=0.594485):id2=838240(m2=0.0928549) (r=0.861732) typem=0 type1=0 type2=0 
t=0.0624374 single-single idm=929155(mm=1.94694) id1=241979(m1=0.364106):id2=89155(m2=1.58284) (r=0.174284) typem=1 type1=0 type2=1 b[RSUN]=181.247 vinf[km/s]=6.09996
t=0.0634246 single-single idm=896110(mm=1.971) id1=56110(m1=1.88129):id2=534859(m2=0.0897117) (r=0.642787) typem=1 type1=1 type2=0 b[RSUN]=1.51277 vinf[km/s]=10.6514
t=0.0690687 single-single idm=1063825(mm=7.69683) id1=223825(m1=7.69683):id2=255828(m2=2.18048) (r=0.138245) typem=14 type1=14 type2=4 b[RSUN]=883.073 vinf[km/s]=6.32244
t=0.0698229 binary-single idm=1377264(mm=2.30915) id1=537264(m1=2.14422):id2=803013(m2=0.228137) (r=1.16539) typem=4 type1=4 type2=0 
t=0.0754368 binary-binary idm=1245786(mm=0.419062) id1=405786(m1=0.213299):id2=809663(m2=0.205763) (r=0.563729) typem=0 type1=0 type2=0 
t=0.0758632 binary-single idm=849160(mm=0.927128) id1=9160(m1=0.126403):id2=170259(m2=0.800725) (r=0.400321) typem=1 type1=0 type2=1 
t=0.079348 binary-single idm=1469757(mm=0.885315) id1=629757(m1=0.442901):id2=827822(m2=0.442414) (r=1.05833) typem=1 type1=0 type2=0 
t=0.0802094 single-single idm=1209746(mm=1.22142) id1=369746(m1=0.261972):id2=466443(m2=0.95945) (r=0.381173) typem=1 type1=0 type2=1 b[RSUN]=55.957 vinf[km/s]=8.60084
t=0.0806319 single-single idm=861187(mm=2.12216) id1=74970(m1=0.0936145):id2=21187(m2=2.10128) (r=0.580379) typem=4 type1=0 type2=4 b[RSUN]=154.451 vinf[km/s]=16.9124
t=0.0824729 single-single idm=959832(mm=1.28372) id1=119832(m1=0.370572):id2=258876(m2=0.913151) (r=0.573345) typem=1 type1=0 type2=1 b[RSUN]=102.633 vinf[km/s]=5.5541
t=0.0845461 binary-single idm=1139509(mm=3.17505) id1=396265(m1=1.88493):id2=299509(m2=1.29012) (r=1.09416) typem=1 type1=1 type2=1 
t=0.0863415 single-single idm=933109(mm=1.21277) id1=93109(m1=1.06573):id2=630376(m2=0.147045) (r=0.647862) typem=1 type1=1 type2=0 b[RSUN]=28.1432 vinf[km/s]=8.47119
t=0.0869693 single-single idm=863862(mm=1.96728) id1=23862(m1=0.0946543):id2=488123(m2=1.87263) (r=0.619278) typem=1 type1=0 type2=1 b[RSUN]=88.4403 vinf[km/s]=13.4846
t=0.0885219 single-single idm=864146(mm=2.25614) id1=461431(m1=0.787727):id2=24146(m2=1.46842) (r=0.848145) typem=1 type1=1 type2=1 b[RSUN]=44.8405 vinf[km/s]=15.0612
t=0.0906503 single-single idm=1016403(mm=1.84696) id1=455385(m1=0.165978):id2=176403(m2=1.68098) (r=0.246829) typem=1 type1=0 type2=1 b[RSUN]=54.4009 vinf[km/s]=21.5365
t=0.0960987 binary-binary idm=870051(mm=0.433001) id1=803992(m1=0.211392):id2=30051(m2=0.221609) (r=0.428706) typem=0 type1=0 type2=0 
t=0.0970139 single-single idm=950281(mm=1.98603) id1=110281(m1=1.87609):id2=117649(m2=0.205717) (r=0.701005) typem=4 type1=4 type2=0 b[RSUN]=185.531 vinf[km/s]=9.82124
t=0.0973791 binary-single idm=1061766(mm=0.668012) id1=221766(m1=0.341432):id2=803131(m2=0.32658) (r=1.44577) typem=0 type1=0 type2=0 
t=0.0978329 single-single idm=938044(mm=2.3411) id1=110238(m1=0.375643):id2=98044(m2=1.96567) (r=0.525693) typem=5 type1=0 type2=5 b[RSUN]=1031.97 vinf[km/s]=7.01326
t=0.0999432 single-single idm=986638(mm=2.35823) id1=675100(m1=0.820626):id2=146638(m2=1.5376) (r=0.88265) typem=6 type1=11 type2=1 b[RSUN]=84.8048 vinf[km/s]=11.5676
t=0.106726 binary-single idm=994589(mm=8.00024) id1=154589(m1=8.00024):id2=367696(m2=1.71039) (r=0.201238) typem=14 type1=14 type2=1 
t=0.108648 binary-single idm=860009(mm=0.933692) id1=20009(m1=0.46851):id2=828948(m2=0.465183) (r=0.132934) typem=1 type1=0 type2=0 
t=0.114258 binary-single idm=968561(mm=1.07625) id1=128561(m1=0.214236):id2=367970(m2=0.862013) (r=0.701429) typem=1 type1=0 type2=1 
t=0.114313 binary-single idm=954869(mm=1.45141) id1=200177(m1=0.220267):id2=114869(m2=1.23114) (r=0.0829447) typem=1 type1=0 type2=1 
t=0.120086 binary-single idm=1168023(mm=1.15714) id1=371499(m1=0.779674):id2=328023(m2=0.377467) (r=0.710719) typem=1 type1=1 type2=0 
t=0.121484 binary-binary idm=864087(mm=25.3768) id1=24087(m1=12.0811):id2=565202(m2=14.5629) (r=0.00483777) typem=14 type1=14 type2=14 
t=0.123889 single-single idm=1046391(mm=2.59009) id1=343182(m1=1.70228):id2=206391(m2=1.27733) (r=0.365575) typem=4 type1=4 type2=1 b[RSUN]=160.511 vinf[km/s]=13.5194
t=0.125078 single-single idm=868349(mm=2.12392) id1=364788(m1=0.844138):id2=28349(m2=1.27979) (r=0.447537) typem=1 type1=1 type2=1 b[RSUN]=86.2809 vinf[km/s]=10.6212
t=0.126056 binary-binary idm=1099495(mm=26.1967) id1=259495(m1=12.5757):id2=362931(m2=14.9322) (r=0.00549025) typem=14 type1=14 type2=14 
t=0.13062 binary-single idm=1285322(mm=1.77345) id1=731115(m1=0.515198):id2=445322(m2=1.25825) (r=1.9099) typem=1 type1=0 type2=1 
t=0.141517 binary-single idm=986063(mm=2.15875) id1=146063(m1=1.61336):id2=164100(m2=0.545392) (r=0.180017) typem=1 type1=1 type2=0 
t=0.142775 single-single idm=1000085(mm=11.9983) id1=160085(m1=0.176999):id2=602458(m2=11.9983) (r=0.0637438) typem=14 type1=0 type2=14 b[RSUN]=54.2564 vinf[km/s]=16.5869
t=0.143945 single-single idm=1299726(mm=0.880347) id1=459726(m1=0.610844):id2=470185(m2=0.269503) (r=2.97817) typem=1 type1=0 type2=0 b[RSUN]=118.212 vinf[km/s]=4.15127
t=0.144438 binary-single idm=957248(mm=1.27375) id1=117248(m1=0.759933):id2=832934(m2=0.513813) (r=1.30863) typem=1 type1=1 type2=0 
t=0.147115 binary-binary idm=1406095(mm=0.922162) id1=811253(m1=0.22868):id2=566095(m2=0.693482) (r=0.754161) typem=1 type1=0 type2=0 
t=0.14777 binary-single idm=1456526(mm=1.11908) id1=616526(m1=0.16851):id2=834012(m2=0.950566) (r=0.583378) typem=1 type1=0 type2=1 
t=0.149552 single-single idm=912972(mm=0.701119) id1=72972(m1=0.615488):id2=544558(m2=0.0856307) (r=1.54013) typem=0 type1=0 type2=0 b[RSUN]=10.253 vinf[km/s]=17.4903
t=0.169597 binary-binary idm=938190(mm=2.54873) id1=98190(m1=1.35261):id2=808982(m2=1.19612) (r=0.20374) typem=1 type1=1 type2=1 
t=0.170222 binary-single idm=953181(mm=2.57372) id1=147940(m1=1.51819):id2=810404(m2=0.483662):id3=113180(m3=1.34986) (r=0.0403529) typem=4 type1=4 type2=0 type3=1 
t=0.173541 binary-single idm=1033984(mm=0.738278) id1=344682(m1=0.259416):id2=193984(m2=0.478862) (r=1.06888) typem=1 type1=0 type2=0 
t=0.175591 single-single idm=908434(mm=1.33941) id1=579977(m1=1.06125):id2=68434(m2=0.278154) (r=0.564055) typem=1 type1=1 type2=0 b[RSUN]=25.6167 vinf[km/s]=14.7996
t=0.17633 binary-binary idm=931819(mm=0.355415) id1=802240(m1=0.0881027):id2=91819(m2=0.267313) (r=0.578226) typem=0 type1=0 type2=0 
t=0.179992 binary-single idm=1037856(mm=1.08283) id1=197856(m1=0.495811):id2=823059(m2=0.58702) (r=0.540835) typem=1 type1=0 type2=0 
t=0.185359 single-single idm=1252562(mm=1.10282) id1=412562(m1=0.842326):id2=570006(m2=0.260489) (r=0.598738) typem=1 type1=1 type2=0 b[RSUN]=54.0419 vinf[km/s]=9.5588
t=0.190866 single-single idm=1046845(mm=0.250724) id1=206845(m1=0.0981399):id2=372457(m2=0.152584) (r=0.946343) typem=0 type1=0 type2=0 b[RSUN]=4.2801 vinf[km/s]=21.0598
t=0.196769 binary-binary idm=1172286(mm=27.1856) id1=332286(m1=14.2351):id2=688588(m2=14.3293) (r=0.00722275) typem=14 type1=14 type2=14 
t=0.197459 single-single idm=1067182(mm=1.36485) id1=227182(m1=0.102222):id2=547983(m2=1.26314) (r=0.530264) typem=6 type1=0 type2=6 b[RSUN]=609.439 vinf[km/s]=12.0336
t=0.198775 single-single idm=1292858(mm=2.11352) id1=452858(m1=1.33134):id2=593906(m2=0.782179) (r=0.418061) typem=1 type1=1 type2=1 b[RSUN]=93.2131 vinf[km/s]=8.59525
t=0.213275 single-single idm=1039514(mm=2.20854) id1=199514(m1=1.30604):id2=298254(m2=0.902505) (r=0.668784) typem=1 type1=1 type2=1 b[RSUN]=91.9574 vinf[km/s]=10.3205
t=0.219766 single-single idm=1094851(mm=1.56604) id1=254851(m1=0.300493):id2=305898(m2=1.26554) (r=2.53953) typem=1 type1=0 type2=1 b[RSUN]=36.7491 vinf[km/s]=6.90355
t=0.222179 binary-single idm=882604(mm=14.9729) id1=42604(m1=0.734923):id2=754768(m2=14.9729) (r=0.0180252) typem=14 type1=1 type2=14 
t=0.226777 single-single idm=960112(mm=0.70513) id1=606242(m1=0.0946269):id2=120112(m2=0.610503) (r=0.804289) typem=6 type1=0 type2=11 b[RSUN]=15.1251 vinf[km/s]=12.3815
t=0.242776 single-single idm=854346(mm=1.36337) id1=14346(m1=0.787665):id2=754489(m2=0.575705) (r=0.638344) typem=1 type1=1 type2=0 b[RSUN]=60.1494 vinf[km/s]=13.3435
t=0.24597 binary-single idm=908177(mm=0.39732) id1=634187(m1=0.155684):id2=68177(m2=0.241636) (r=0.586157) typem=0 type1=0 type2=0 
t=0.253982 binary-single idm=1418348(mm=7.62989) id1=578348(m1=7.62989):id2=808525(m2=0.612226) (r=0.0452567) typem=14 type1=14 type2=0 
t=0.257154 binary-binary idm=1449254(mm=27.6836) id1=609254(m1=14.9359):id2=658428(m2=14.1499) (r=0.0163301) typem=14 type1=14 type2=14 
t=0.264369 single-single idm=1286154(mm=0.572016) id1=446154(m1=0.318263):id2=526761(m2=0.253753) (r=1.40831) typem=0 type1=0 type2=0 b[RSUN]=29.0038 vinf[km/s]=7.20063
t=0.26778 binary-single idm=1151739(mm=0.264079) id1=767272(m1=0.180643):id2=311739(m2=0.0834364) (r=4.04799) typem=0 type1=0 type2=0 
t=0.272505 binary-single idm=857620(mm=0.896082) id1=17620(m1=0.204063):id2=395010(m2=0.692018) (r=0.459871) typem=1 type1=0 type2=0 
t=0.280875 binary-single idm=1000137(mm=2.05293) id1=160136(m1=1.33317):id2=377916(m2=0.596983):id3=813659(m3=0.99461) (r=0.428535) typem=4 type1=3 type2=11 type3=1 
t=0.293325 binary-single idm=996729(mm=1.12724) id1=156729(m1=0.243179):id2=595273(m2=0.884066) (r=0.253083) typem=1 type1=0 type2=1 
t=0.295018 binary-single idm=1108120(mm=1.19252) id1=530576(m1=0.121647):id2=268120(m2=1.07087) (r=1.12076) typem=1 type1=0 type2=1 
t=0.300512 binary-single idm=1546273(mm=1.43023) id1=774366(m1=0.660702):id2=706273(m2=0.769528) (r=1.17306) typem=1 type1=0 type2=1 
t=0.341621 single-single idm=890739(mm=1.9222) id1=50739(m1=0.857253):id2=546317(m2=1.06495) (r=0.395941) typem=1 type1=1 type2=1 b[RSUN]=497.545 vinf[km/s]=2.32281
t=0.369178 single-single idm=860134(mm=0.74168) id1=609967(m1=0.302312):id2=20134(m2=0.439368) (r=2.50826) typem=1 type1=0 type2=0 b[RSUN]=18.3906 vinf[km/s]=17.7076
t=0.37141 single-single idm=859747(mm=8.16286) id1=19747(m1=0.854982):id2=370212(m2=8.16286) (r=0.095313) typem=14 type1=1 type2=14 b[RSUN]=253.646 vinf[km/s]=5.27634
t=0.3764 single-single idm=1499222(mm=1.37572) id1=659222(m1=0.900735):id2=680578(m2=0.474987) (r=2.59028) typem=1 type1=1 type2=0 b[RSUN]=33.6082 vinf[km/s]=12.2741
t=0.381928 binary-single idm=1463602(mm=0.851638) id1=623602(m1=0.426568):id2=831888(m2=0.42507) (r=0.974903) typem=1 type1=0 type2=0 
t=0.387086 binary-binary idm=1651464(mm=1.13624) id1=818360(m1=0.695861):id2=811464(m2=0.440378) (r=1.86864) typem=1 type1=0 type2=0 
t=0.412437 binary-single idm=905781(mm=0.570724) id1=486790(m1=0.0910442):id2=65781(m2=0.47968) (r=0.836133) typem=0 type1=0 type2=0 
t=0.412481 binary-single idm=1171829(mm=0.576735) id1=331829(m1=0.0904397):id2=740446(m2=0.486296) (r=0.936417) typem=0 type1=0 type2=0 
t=0.412637 single-single idm=1484838(mm=1.30969) id1=759237(m1=0.8136):id2=644838(m2=0.496089) (r=0.344231) typem=1 type1=1 type2=0 b[RSUN]=28.7313 vinf[km/s]=16.4971
t=0.41289 binary-single idm=1414235(mm=0.563275) id1=574235(m1=0.119794):id2=819284(m2=0.443481) (r=0.719885) typem=0 type1=0 type2=0 
t=0.413997 binary-binary idm=874301(mm=2.54417) id1=253702(m1=1.11361):id2=828840(m2=1.11209):id3=34300(m3=0.318464) (r=0.422574) typem=3 type1=1 type2=1 type3=10 
t=0.422753 binary-single idm=1013878(mm=0.870087) id1=173878(m1=0.516059):id2=830411(m2=0.354027) (r=0.491598) typem=1 type1=0 type2=0 
t=0.428718 single-single idm=923272(mm=1.22868) id1=83272(m1=0.117125):id2=361534(m2=1.17912) (r=1.28422) typem=3 type1=0 type2=3 b[RSUN]=125.333 vinf[km/s]=5.67342
t=0.43854 single-single idm=1153001(mm=1.72352) id1=313001(m1=0.584073):id2=381195(m2=1.13945) (r=1.06039) typem=6 type1=11 type2=1 b[RSUN]=207.673 vinf[km/s]=3.67517
t=0.446642 single-single idm=1160320(mm=8.08205) id1=320320(m1=0.57074):id2=484503(m2=8.08205) (r=0.357957) typem=14 type1=0 type2=14 b[RSUN]=169.457 vinf[km/s]=5.82895
t=0.452465 binary-single idm=1104144(mm=0.514486) id1=264144(m1=0.287922):id2=816994(m2=0.226564) (r=2.0299) typem=0 type1=0 type2=0 
t=0.45723 binary-binary idm=920793(mm=1.53604) id1=80793(m1=1.02346):id2=805796(m2=0.512582) (r=0.391484) typem=1 type1=1 type2=0 
t=0.47309 binary-single idm=897627(mm=0.672229) id1=57627(m1=0.568837):id2=827875(m2=0.103392) (r=1.80244) typem=0 type1=0 type2=0 
t=0.481431 single-single idm=899501(mm=0.886341) id1=504519(m1=0.30151):id2=59501(m2=0.58483) (r=1.59876) typem=1 type1=0 type2=0 b[RSUN]=48.396 vinf[km/s]=10.2436
t=0.488023 binary-single idm=1078896(mm=1.48505) id1=238896(m1=0.943516):id2=805359(m2=0.541539) (r=0.0121062) typem=1 type1=1 type2=0 
t=0.490581 single-single idm=1436516(mm=0.338506) id1=596516(m1=0.0931446):id2=796264(m2=0.245361) (r=13.5734) typem=0 type1=0 type2=0 b[RSUN]=71.2103 vinf[km/s]=3.12936
t=0.492669 binary-single idm=1438227(mm=0.46873) id1=598227(m1=0.24415):id2=836123(m2=0.22458) (r=0.538253) typem=0 type1=0 type2=0 
t=0.493305 binary-single idm=1139203(mm=1.21949) id1=299203(m1=0.208333):id2=804420(m2=1.01115) (r=0.480387) typem=1 type1=0 type2=1 
t=0.495948 binary-single idm=1446819(mm=1.9502) id1=606819(m1=1.02991):id2=820302(m2=0.920287) (r=0.466404) typem=1 type1=1 type2=1 
t=0.496645 binary-binary idm=1651423(mm=0.613516) id1=816788(m1=0.511356):id2=811423(m2=0.10216) (r=0.925994) typem=0 type1=0 type2=0 
t=0.499168 single-single idm=1181603(mm=1.22022) id1=741761(m1=1.01716):id2=341603(m2=0.203052) (r=3.08682) typem=1 type1=1 type2=0 b[RSUN]=40.7553 vinf[km/s]=8.26124
t=0.507567 binary-single idm=1242056(mm=1.10476) id1=402056(m1=0.984816):id2=827467(m2=0.119947) (r=0.905015) typem=1 type1=1 type2=0 
t=0.519205 binary-binary idm=892857(mm=0.980379) id1=52857(m1=0.589016):id2=809084(m2=0.391363) (r=0.836421) typem=1 type1=0 type2=0 
t=0.540239 single-single idm=913201(mm=1.73195) id1=261128(m1=0.637156):id2=73201(m2=1.09533) (r=0.51336) typem=5 type1=11 type2=3 b[RSUN]=39.7248 vinf[km/s]=7.2752
t=0.547656 single-single idm=1387392(mm=8.09264) id1=547392(m1=8.09264):id2=755620(m2=1.04278) (r=0.0660283) typem=14 type1=14 type2=1 b[RSUN]=180.435 vinf[km/s]=8.7617
t=0.558095 binary-single idm=928108(mm=1.24149) id1=186957(m1=0.774796):id2=88108(m2=0.466698) (r=1.72441) typem=1 type1=1 type2=0 
t=0.56322 binary-single idm=930738(mm=2.24669) id1=90737(m1=1.07918):id2=1139203(m2=1.21949) (r=0.574721) typem=2 type1=2 type2=1 
t=0.577233 single-single idm=1136083(mm=0.684663) id1=445221(m1=0.578188):id2=296083(m2=0.106474) (r=1.15373) typem=6 type1=11 type2=0 b[RSUN]=34.3082 vinf[km/s]=4.5085
t=0.587992 single-single idm=1090771(mm=1.06916) id1=492761(m1=0.55221):id2=250771(m2=0.516953) (r=0.385835) typem=6 type1=11 type2=0 b[RSUN]=18.4078 vinf[km/s]=18.8981
t=0.60386 binary-binary idm=1072955(mm=1.23197) id1=232955(m1=0.551681):id2=571110(m2=0.680288) (r=0.0187751) typem=1 type1=0 type2=0 
t=0.608802 single-single idm=849972(mm=0.25467) id1=9972(m1=0.171544):id2=723413(m2=0.0831257) (r=8.21213) typem=0 type1=0 type2=0 b[RSUN]=27.5552 vinf[km/s]=4.72171
t=0.610725 single-single idm=974487(mm=0.314179) id1=150380(m1=0.0999481):id2=134487(m2=0.21423) (r=5.30769) typem=0 type1=0 type2=0 b[RSUN]=22.7049 vinf[km/s]=4.37362
t=0.623134 binary-single idm=1173910(mm=1.09039) id1=333910(m1=0.582391):id2=839496(m2=0.507997) (r=0.60175) typem=1 type1=0 type2=0 
t=0.639851 binary-single idm=1044567(mm=1.13649) id1=506715(m1=0.476925):id2=204567(m2=0.659565) (r=1.01165) typem=1 type1=0 type2=0 
t=0.647312 single-single idm=1178770(mm=1.49521) id1=338770(m1=0.532642):id2=672447(m2=0.962568) (r=0.986654) typem=1 type1=0 type2=1 b[RSUN]=230.24 vinf[km/s]=1.71067
t=0.656872 binary-single idm=1010537(mm=0.931755) id1=170537(m1=0.2279):id2=292501(m2=0.703855) (r=0.632429) typem=1 type1=0 type2=0 
t=0.659272 single-single idm=1023892(mm=7.94269) id1=183892(m1=7.94269):id2=219665(m2=0.304791) (r=0.0741636) typem=14 type1=14 type2=0 b[RSUN]=67.0356 vinf[km/s]=12.3567
t=0.664702 binary-single idm=850503(mm=1.14079) id1=10503(m1=0.183428):id2=474503(m2=0.957361) (r=0.661286) typem=1 type1=0 type2=1 
t=0.679303 single-single idm=859453(mm=0.948973) id1=19453(m1=0.499425):id2=671589(m2=0.449548) (r=2.26327) typem=1 type1=0 type2=0 b[RSUN]=184.926 vinf[km/s]=2.50467
t=0.687206 binary-single idm=1146176(mm=0.759962) id1=306176(m1=0.460297):id2=825202(m2=0.299666) (r=0.0687826) typem=1 type1=0 type2=0 
t=0.689382 binary-single idm=960484(mm=0.539098) id1=120484(m1=0.318214):id2=822790(m2=0.220884) (r=0.0402292) typem=0 type1=0 type2=0 
t=0.748898 binary-single idm=991205(mm=1.1723) id1=151205(m1=0.878961):id2=834156(m2=0.293335) (r=0.429237) typem=1 type1=1 type2=0 
t=0.753355 binary-single idm=1179850(mm=7.72361) id1=339850(m1=7.72361):id2=817029(m2=0.476965) (r=0.218735) typem=14 type1=14 type2=0 
t=0.791383 binary-binary idm=865114(mm=1.32918) id1=25113(m1=0.495724):id2=825570(m2=0.365533):id3=810408(m3=0.467927) (r=0.777726) typem=1 type1=0 type2=0 type3=0 
t=0.793029 single-single idm=1270721(mm=1.24262) id1=430721(m1=0.413417):id2=542892(m2=0.829203) (r=0.494357) typem=1 type1=0 type2=1 b[RSUN]=90.6213 vinf[km/s]=8.27702
t=0.81653 single-single idm=904199(mm=0.475893) id1=226446(m1=0.108192):id2=64199(m2=0.367701) (r=5.66141) typem=0 type1=0 type2=0 b[RSUN]=115.221 vinf[km/s]=2.54768
t=0.840164 binary-binary idm=1601341(mm=0.804977) id1=761341(m1=0.350314):id2=820064(m2=0.454663) (r=1.11217) typem=1 type1=0 type2=0 
t=0.840536 single-single idm=968907(mm=1.41604) id1=128907(m1=0.544727):id2=703120(m2=0.871318) (r=1.65438) typem=6 type1=11 type2=1 b[RSUN]=132.981 vinf[km/s]=3.91003
t=0.866202 binary-single idm=966779(mm=1.38859) id1=213201(m1=0.536987):id2=126779(m2=0.971886) (r=0.743985) typem=5 type1=11 type2=3 
t=0.868059 binary-single idm=961110(mm=0.589771) id1=121110(m1=0.12051):id2=838766(m2=0.46926) (r=0.469394) typem=0 type1=0 type2=0 
t=0.878622 binary-single idm=981946(mm=1.49989) id1=141946(m1=0.546348):id2=692697(m2=0.960947) (r=0.158756) typem=2 type1=0 type2=2 
t=0.894731 binary-single idm=1257941(mm=0.878608) id1=417941(m1=0.48128):id2=819896(m2=0.397329) (r=0.324716) typem=1 type1=0 type2=0 
t=0.895675 single-single idm=1052252(mm=1.16409) id1=212252(m1=0.318498):id2=336920(m2=0.845592) (r=0.7548) typem=6 type1=0 type2=11 b[RSUN]=32.8621 vinf[km/s]=7.83071
