# time interaction_type id_rem(mass_rem) id1(m1):id2(m2) (r)
t=3.46003e-05 disrupt1 idr=7823(mr=39.4764) id1=7823(m1=39.3073):id2=5435(m2=0.170557) (r=0.365866) typer=1 type1=1 type2=0
t=0.00039136 disrupt1 idr=51333(mr=90.5689) id1=51333(m1=94.964):id2=78107(m2=0.195133) (r=0.494928) typer=4 type1=1 type2=0
t=0.000399306 disruptboth id1=73525(m1=40.5) id2=4341(m2=0.130548) (r=0.612619) type1=5 type2=0
t=0.000404855 disruptboth id1=40380(m1=40.5) id2=167131(m2=0.243312) (r=0.132013) type1=5 type2=0
t=0.000419725 disrupt2 idr=59411(mr=60.3109) id1=22067(m1=1.68177):id2=59411(m2=79.1082) (r=0.380157) typer=4 type1=1 type2=1
t=0.000419725 disrupt1 idr=161709(mr=70.4123) id1=161709(m1=77.6136):id2=204653(m2=5.64911) (r=1.60428) typer=4 type1=1 type2=1
t=0.000553038 disrupt1 idr=57888(mr=34.167) id1=57888(m1=45.4104):id2=202377(m2=5.84756) (r=0.82011) typer=4 type1=4 type2=1
t=0.000756072 disrupt2 idr=201391(mr=9.61942) id1=175769(m1=9.61819):id2=201391(m2=50.3428) (r=7.18716) typer=14 type1=14 type2=4
t=0.000779756 disruptboth id1=86848(m1=8.56003) id2=203034(m2=22.5891) (r=0.751157) type1=4 type2=1
t=0.000848657 disrupt2 idr=55732(mr=8.2302) id1=42763(m1=0.099661):id2=55732(m2=28.2567) (r=0.565179) typer=14 type1=0 type2=4
t=0.000848657 disruptboth id1=37014(m1=9.01445) id2=208454(m2=21.4234) (r=0.672595) type1=4 type2=1
t=0.00089121 disrupt1 idr=9348(mr=24.9146) id1=9348(m1=25.8983):id2=204050(m2=3.25666) (r=0.332032) typer=4 type1=4 type2=1
t=0.000897827 disrupt1 idr=39421(mr=25.8975) id1=39421(m1=25.5841):id2=203827(m2=1.36537) (r=0.661145) typer=4 type1=4 type2=1
t=0.00112437 disrupt1 idr=139643(mr=19.0158) id1=139643(m1=21.36):id2=203090(m2=4.19874) (r=1.45397) typer=14 type1=4 type2=1
t=0.00116124 disrupt1 idr=185677(mr=22.6664) id1=185677(m1=19.9175):id2=204523(m2=5.16147) (r=2.80951) typer=4 type1=4 type2=1
t=0.00118507 disrupt1 idr=196880(mr=19.7398) id1=196880(m1=20.0163):id2=203145(m2=3.95507) (r=2.54457) typer=4 type1=4 type2=1
t=0.00132094 disruptboth id1=19306(m1=1.69998) id2=208460(m2=10.0523) (r=0.154277) type1=4 type2=1
t=0.00132094 disruptboth id1=81411(m1=2.03182) id2=206913(m2=6.81985) (r=0.478211) type1=4 type2=1
t=0.00132094 disrupt1 idr=111914(mr=15.4367) id1=111914(m1=18.191):id2=204525(m2=5.31877) (r=0.655454) typer=4 type1=4 type2=1
t=0.00142844 disruptboth id1=563(m1=1.62098) id2=2603(m2=0.187025) (r=0.152703) type1=4 type2=0
t=0.00146478 disruptboth id1=32027(m1=1.88738) id2=205497(m2=11.9375) (r=0.675933) type1=4 type2=1
t=0.0014803 disruptboth id1=148951(m1=1.8658) id2=207572(m2=16.1333) (r=1.4704) type1=8 type2=1
t=0.0015083 disrupt1 idr=35168(mr=16.0402) id1=35168(m1=16.2279):id2=201304(m2=0.21255) (r=0.393493) typer=4 type1=4 type2=0
t=0.0015652 disrupt1 idr=185332(mr=15.5811) id1=185332(m1=15.6655):id2=203209(m2=0.162409) (r=1.65657) typer=4 type1=4 type2=0
t=0.00166501 disruptboth id1=23355(m1=13.905) id2=205885(m2=16.728) (r=0.28344) type1=14 type2=4
t=0.00176614 disrupt1 idr=196887(mr=12.6927) id1=196887(m1=14.4965):id2=201574(m2=3.76504) (r=2.87006) typer=4 type1=4 type2=1
t=0.00180425 disruptboth id1=58454(m1=1.70339) id2=204775(m2=17.2034) (r=0.297314) type1=8 type2=1
t=0.00184051 disrupt1 idr=180743(mr=14.4272) id1=180743(m1=13.9953):id2=201315(m2=2.67622) (r=1.76489) typer=4 type1=4 type2=1
t=0.00190265 disruptboth id1=2487(m1=1.65049) id2=207192(m2=16.7138) (r=0.245309) type1=8 type2=1
t=0.00191841 disruptboth id1=110964(m1=1.66926) id2=204457(m2=12.6396) (r=0.67307) type1=8 type2=1
t=0.00191841 disrupt1 idr=121643(mr=15.8259) id1=121643(m1=13.4308):id2=206068(m2=4.46682) (r=1.21652) typer=4 type1=4 type2=1
t=0.00196872 disruptboth id1=22350(m1=1.64762) id2=207626(m2=15.608) (r=0.183205) type1=4 type2=1
t=0.00209874 disruptboth id1=127179(m1=1.29476) id2=204992(m2=15.9165) (r=0.920822) type1=5 type2=1
t=0.0021543 disruptboth id1=50556(m1=1.57557) id2=200061(m2=12.4719) (r=0.367812) type1=4 type2=1
t=0.00217515 disrupt1 idr=182191(mr=12.9283) id1=182191(m1=12.4135):id2=208210(m2=2.35514) (r=2.0172) typer=4 type1=4 type2=1
t=0.00222577 disruptboth id1=147266(m1=1.56791) id2=205748(m2=10.7435) (r=1.0224) type1=4 type2=1
t=0.00243319 disruptboth id1=157709(m1=1.19843) id2=208687(m2=7.70801) (r=0.815015) type1=4 type2=1
t=0.00247226 disrupt1 idr=143684(mr=11.3869) id1=143684(m1=11.4629):id2=204650(m2=0.308368) (r=0.929101) typer=4 type1=4 type2=0
t=0.00252031 disruptboth id1=175555(m1=1.49785) id2=207165(m2=4.47056) (r=1.52876) type1=8 type2=1
t=0.00256369 disruptboth id1=51573(m1=1.48686) id2=209137(m2=16.2375) (r=0.511015) type1=4 type2=1
t=0.00264711 disrupt1 idr=109691(mr=12.2519) id1=109691(m1=10.9715):id2=203063(m2=8.41001) (r=2.23543) typer=4 type1=4 type2=1
t=0.00269788 disrupt1 idr=64743(mr=11.311) id1=64743(m1=10.8145):id2=203391(m2=2.04813) (r=0.819413) typer=4 type1=4 type2=1
t=0.00269788 disruptboth id1=123447(m1=1.14483) id2=205502(m2=14.2182) (r=1.28128) type1=4 type2=1
t=0.00274446 disruptboth id1=77074(m1=1.44485) id2=205470(m2=8.63212) (r=0.990414) type1=4 type2=1
t=0.00282488 disruptboth id1=155682(m1=1.43489) id2=207779(m2=11.6969) (r=1.48148) type1=8 type2=1
t=0.00291981 disrupt1 idr=146494(mr=10.9819) id1=146494(m1=10.2287):id2=203570(m2=2.05945) (r=1.0112) typer=4 type1=4 type2=1
t=0.00307516 disruptboth id1=154048(m1=1.26071) id2=207832(m2=10.5459) (r=1.39922) type1=8 type2=1
t=0.00312407 disrupt1 idr=136158(mr=10.3974) id1=136158(m1=9.84077):id2=202867(m2=2.15851) (r=0.18686) typer=4 type1=4 type2=1
t=0.00312407 disruptboth id1=101705(m1=1.26071) id2=200475(m2=3.44249) (r=0.839534) type1=8 type2=1
t=0.0031949 disruptboth id1=78946(m1=1.26071) id2=204842(m2=10.7267) (r=0.595458) type1=7 type2=1
t=0.00320434 disrupt2 idr=204911(mr=1.63396) id1=9401(m1=1.63392):id2=204911(m2=16.0682) (r=0.962077) typer=13 type1=13 type2=4
t=0.00322069 disrupt1 idr=70274(mr=1.10787) id1=70274(m1=3.52159):id2=208372(m2=3.19758) (r=1.59208) typer=13 type1=7 type2=1
t=0.00324184 disrupt1 idr=91620(mr=10.4976) id1=91620(m1=9.59632):id2=208683(m2=2.79531) (r=0.787705) typer=4 type1=4 type2=1
t=0.0033279 disruptboth id1=4493(m1=1.26071) id2=209057(m2=8.40143) (r=0.947901) type1=8 type2=1
t=0.00340753 disruptboth id1=51230(m1=1.10787) id2=204188(m2=10.5456) (r=0.462212) type1=4 type2=1
t=0.00340753 disruptboth id1=157614(m1=1.10787) id2=207223(m2=10.9184) (r=0.785632) type1=4 type2=1
t=0.00347881 disrupt1 idr=187126(mr=9.33143) id1=187126(m1=8.71911):id2=207983(m2=0.935164) (r=2.26353) typer=4 type1=2 type2=1
t=0.00357899 disruptboth id1=190641(m1=1.10787) id2=201658(m2=1.01786) (r=2.23207) type1=4 type2=1
t=0.00369501 disruptboth id1=132598(m1=1.10787) id2=202284(m2=12.7563) (r=1.35673) type1=5 type2=1
t=0.00369501 disruptboth id1=164882(m1=16.9403) id2=208903(m2=8.92219) (r=1.50501) type1=14 type2=5
t=0.0038305 disruptboth id1=159407(m1=1.26071) id2=205129(m2=12.3465) (r=1.17611) type1=8 type2=1
t=0.0041888 disruptboth id1=980(m1=1.10787) id2=206193(m2=12.802) (r=0.158163) type1=5 type2=1
t=0.00435554 disruptboth id1=20945(m1=1.26071) id2=200255(m2=8.65623) (r=0.44531) type1=8 type2=1
t=0.0043918 disruptboth id1=165960(m1=1.26071) id2=200618(m2=11.6118) (r=1.69537) type1=8 type2=1
t=0.00451477 disrupt1 idr=40469(mr=7.94606) id1=40469(m1=7.48278):id2=209389(m2=0.738348) (r=0.849881) typer=2 type1=1 type2=0
t=0.00475242 disrupt1 idr=8383(mr=7.71987) id1=8383(m1=7.28603):id2=201850(m2=0.809918) (r=0.192103) typer=4 type1=2 type2=1
t=0.00480274 disruptboth id1=40515(m1=1.26071) id2=205975(m2=9.31888) (r=0.383003) type1=8 type2=1
t=0.00492199 disruptboth id1=127146(m1=1.26071) id2=206793(m2=5.49117) (r=1.23774) type1=8 type2=1
t=0.00507255 disrupt1 idr=80687(mr=5.1634) id1=80687(m1=7.01616):id2=202381(m2=3.43392) (r=0.444533) typer=4 type1=2 type2=1
t=0.00511394 disruptboth id1=168856(m1=1.10787) id2=205448(m2=12.1628) (r=1.73171) type1=5 type2=1
t=0.00513534 disruptboth id1=122970(m1=1.26071) id2=201704(m2=10.7033) (r=0.860949) type1=8 type2=1
t=0.00534169 disrupt1 idr=108604(mr=7.95936) id1=108604(m1=6.8117):id2=209193(m2=1.58334) (r=1.58465) typer=2 type1=2 type2=1
t=0.00540657 disrupt1 idr=139891(mr=4.25358) id1=139891(m1=2.4926):id2=203088(m2=1.81337) (r=1.26247) typer=6 type1=8 type2=1
t=0.00576265 disrupt1 idr=6825(mr=7.49073) id1=6825(m1=6.54325):id2=205537(m2=1.30118) (r=0.368064) typer=4 type1=2 type2=1
t=0.00576265 disrupt1 idr=191132(mr=1.10787) id1=191132(m1=2.41452):id2=202998(m2=2.15355) (r=2.09323) typer=13 type1=8 type2=1
t=0.0058586 disruptboth id1=151637(m1=1.26071) id2=207666(m2=8.64501) (r=1.14428) type1=8 type2=1
t=0.00599368 disrupt1 idr=13618(mr=4.99674) id1=13618(m1=6.40348):id2=206789(m2=0.421736) (r=1.09516) typer=4 type1=2 type2=0
t=0.00616446 disrupt1 idr=34404(mr=3.17121) id1=34404(m1=6.30837):id2=203303(m2=0.730194) (r=0.639757) typer=4 type1=2 type2=0
t=0.00657234 disruptboth id1=3034(m1=1.242) id2=206246(m2=5.84464) (r=0.692181) type1=8 type2=1
t=0.00711895 disrupt1 idr=186961(mr=5.7955) id1=186961(m1=5.84739):id2=207144(m2=0.211285) (r=2.49443) typer=2 type1=2 type2=0
t=0.00739902 disrupt1 idr=114968(mr=2.31902) id1=114968(m1=5.73379):id2=204077(m2=0.651833) (r=1.8277) typer=4 type1=4 type2=0
t=0.00743102 disrupt1 idr=109119(mr=4.47761) id1=109119(m1=5.71928):id2=202241(m2=1.61937) (r=0.807205) typer=2 type1=2 type2=1
t=0.0075055 disruptboth id1=186938(m1=1.26071) id2=206850(m2=9.76447) (r=2.51168) type1=9 type2=1
t=0.00845125 disrupt1 idr=33666(mr=4.11702) id1=33666(m1=5.35783):id2=201791(m2=0.83929) (r=0.347899) typer=4 type1=2 type2=1
t=0.00846935 disrupt2 idr=201666(mr=6.57022) id1=10983(m1=1.12541):id2=201666(m2=5.67132) (r=0.939143) typer=4 type1=8 type2=2
t=0.00858094 disrupt1 idr=109303(mr=2.31983) id1=109303(m1=1.8464):id2=201620(m2=1.24351) (r=1.02455) typer=6 type1=8 type2=1
t=0.00892135 disrupt1 idr=59895(mr=2.64215) id1=59895(m1=5.16902):id2=207131(m2=1.39033) (r=0.85634) typer=3 type1=2 type2=1
t=0.00900267 disrupt1 idr=139216(mr=5.26397) id1=139216(m1=5.19058):id2=206002(m2=0.718293) (r=0.82193) typer=4 type1=2 type2=0
t=0.00905842 disrupt1 idr=178855(mr=9.16131) id1=178855(m1=5.17382):id2=206600(m2=5.17042) (r=1.06221) typer=4 type1=2 type2=2
t=0.00916133 disrupt1 idr=172204(mr=5.3479) id1=172204(m1=5.14479):id2=204347(m2=0.670954) (r=2.19031) typer=3 type1=2 type2=0
t=0.00953781 disrupt1 idr=85480(mr=4.68457) id1=85480(m1=5.04297):id2=206684(m2=1.08273) (r=1.21473) typer=2 type1=2 type2=1
t=0.00954306 disrupt2 idr=202584(mr=6.41856) id1=162155(m1=0.839765):id2=202584(m2=5.94871) (r=1.64156) typer=5 type1=11 type2=2
t=0.00968092 disrupt1 idr=83991(mr=3.84283) id1=83991(m1=5.00673):id2=204177(m2=0.703493) (r=0.956184) typer=3 type1=2 type2=0
t=0.00969445 disrupt1 idr=133924(mr=4.16169) id1=133924(m1=5.00323):id2=202982(m2=0.741746) (r=2.64012) typer=3 type1=2 type2=0
t=0.0100284 disrupt2 idr=206561(mr=5.83834) id1=35514(m1=0.827951):id2=206561(m2=5.301) (r=0.23179) typer=5 type1=11 type2=2
t=0.0101013 disrupt1 idr=147524(mr=5.71651) id1=147524(m1=4.87849):id2=208247(m2=4.8648) (r=1.67185) typer=3 type1=2 type2=1
t=0.0102255 disrupt2 idr=202352(mr=5.80455) id1=2305(m1=1.00413):id2=202352(m2=4.94806) (r=0.344201) typer=4 type1=8 type2=2
t=0.0104073 disrupt1 idr=187362(mr=4.28204) id1=187362(m1=4.83199):id2=202544(m2=0.210404) (r=2.37033) typer=2 type1=2 type2=0
t=0.0109816 disrupt1 idr=56904(mr=4.07874) id1=56904(m1=4.70792):id2=207694(m2=0.999703) (r=0.676353) typer=3 type1=2 type2=1
t=0.0113889 disrupt1 idr=192855(mr=2.57563) id1=192855(m1=1.63709):id2=201185(m2=1.23188) (r=3.12533) typer=6 type1=8 type2=1
t=0.0115818 disrupt2 idr=205771(mr=5.30204) id1=2029(m1=0.872221):id2=205771(m2=4.57729) (r=0.498241) typer=4 type1=7 type2=2
t=0.0117107 disrupt1 idr=156245(mr=1.64742) id1=156245(m1=4.77428):id2=209492(m2=0.256288) (r=1.80379) typer=6 type1=5 type2=0
t=0.0128135 disrupt1 idr=180915(mr=4.19909) id1=180915(m1=4.37349):id2=207785(m2=0.623539) (r=2.02789) typer=2 type1=2 type2=0
t=0.0130019 disrupt2 idr=205676(mr=5.08946) id1=149220(m1=1.02598):id2=205676(m2=5.05366) (r=1.35703) typer=5 type1=11 type2=2
t=0.0132002 disrupt1 idr=25970(mr=4.05257) id1=25970(m1=4.31274):id2=207363(m2=0.118243) (r=0.955863) typer=2 type1=2 type2=0
t=0.013246 disrupt2 idr=206074(mr=5.5525) id1=28881(m1=0.840907):id2=206074(m2=5.07474) (r=0.326707) typer=5 type1=11 type2=2
t=0.0132699 disrupt2 idr=203091(mr=5.22709) id1=84064(m1=0.845587):id2=203091(m2=4.70431) (r=1.29652) typer=5 type1=11 type2=2
t=0.0133476 disrupt2 idr=206466(mr=5.3991) id1=173905(m1=0.880045):id2=206466(m2=4.9303) (r=1.54745) typer=5 type1=11 type2=2
t=0.0134031 disrupt2 idr=209586(mr=5.21115) id1=16582(m1=0.976335):id2=209586(m2=5.05689) (r=0.544258) typer=5 type1=11 type2=2
t=0.0135674 disrupt1 idr=13903(mr=4.86075) id1=13903(m1=4.25786):id2=208088(m2=4.16483) (r=0.295055) typer=3 type1=2 type2=1
t=0.0139062 disrupt1 idr=139043(mr=3.70005) id1=139043(m1=4.20915):id2=202303(m2=1.1764) (r=0.75293) typer=3 type1=2 type2=1
t=0.0141375 disrupt1 idr=94384(mr=3.78471) id1=94384(m1=4.17687):id2=204080(m2=0.412428) (r=0.723639) typer=3 type1=2 type2=0
t=0.0141563 disrupt1 idr=160961(mr=1.77711) id1=160961(m1=1.41175):id2=202190(m2=0.411902) (r=0.695435) typer=6 type1=8 type2=0
t=0.0143268 disrupt1 idr=195295(mr=1.84829) id1=195295(m1=1.44822):id2=201366(m2=0.41396) (r=4.03457) typer=6 type1=8 type2=0
t=0.0144544 disrupt1 idr=170332(mr=4.76744) id1=170332(m1=4.13324):id2=208214(m2=0.962823) (r=1.43325) typer=2 type1=2 type2=1
t=0.0148256 disrupt1 idr=163584(mr=4.56498) id1=163584(m1=4.08465):id2=204037(m2=3.90599) (r=0.965692) typer=3 type1=2 type2=1
t=0.0148515 disrupt2 idr=201710(mr=4.87384) id1=84103(m1=0.814094):id2=201710(m2=4.31587) (r=0.54134) typer=5 type1=11 type2=2
t=0.0151191 disrupt2 idr=205397(mr=4.85566) id1=67422(m1=0.826533):id2=205397(m2=4.30147) (r=0.709515) typer=5 type1=11 type2=2
t=0.0152368 disrupt2 idr=207754(mr=4.80095) id1=126458(m1=0.962516):id2=207754(m2=4.70864) (r=1.07618) typer=5 type1=11 type2=2
t=0.0152617 disrupt1 idr=70575(mr=3.70177) id1=70575(m1=4.03165):id2=206530(m2=0.27465) (r=0.56041) typer=2 type1=2 type2=0
t=0.0161263 disrupt2 idr=208684(mr=2.40102) id1=153986(m1=0.926257):id2=208684(m2=4.5364) (r=1.14904) typer=5 type1=11 type2=2
t=0.0170111 disrupt1 idr=128467(mr=3.72131) id1=128467(m1=3.83687):id2=208599(m2=3.11487) (r=0.681372) typer=3 type1=2 type2=1
t=0.0171422 disrupt2 idr=207018(mr=4.54991) id1=28519(m1=0.782904):id2=207018(m2=3.96034) (r=0.529737) typer=5 type1=11 type2=2
t=0.0172487 disrupt2 idr=204113(mr=4.86402) id1=50337(m1=0.791673):id2=204113(m2=4.32757) (r=0.799464) typer=5 type1=11 type2=2
t=0.0174332 disrupt2 idr=202121(mr=4.35656) id1=112158(m1=0.690368):id2=202121(m2=3.78379) (r=1.87145) typer=4 type1=7 type2=2
t=0.0175697 disrupt1 idr=181937(mr=3.65224) id1=181937(m1=3.78118):id2=206190(m2=0.0998282) (r=1.95451) typer=2 type1=2 type2=0
t=0.0175976 disrupt1 idr=80208(mr=2.67705) id1=80208(m1=3.73075):id2=208989(m2=2.0799) (r=0.724526) typer=3 type1=2 type2=1
t=0.0178523 disrupt1 idr=56666(mr=3.33963) id1=56666(m1=3.75432):id2=200140(m2=0.549983) (r=0.639296) typer=3 type1=2 type2=0
t=0.0182027 disrupt1 idr=9091(mr=2.2286) id1=9091(m1=1.28283):id2=206406(m2=0.959219) (r=0.398565) typer=6 type1=8 type2=1
t=0.0185833 disrupt1 idr=90190(mr=4.34351) id1=90190(m1=3.68642):id2=202082(m2=3.52534) (r=1.71653) typer=3 type1=2 type2=1
t=0.0186642 disrupt2 idr=201529(mr=4.45926) id1=199193(m1=0.893687):id2=201529(m2=4.20694) (r=2.95091) typer=5 type1=11 type2=2
t=0.0187749 disrupt1 idr=161227(mr=1.46947) id1=161227(m1=3.8382):id2=200353(m2=0.503522) (r=1.40721) typer=6 type1=5 type2=0
t=0.0187902 disrupt1 idr=90455(mr=3.59959) id1=90455(m1=3.66906):id2=204200(m2=3.02763) (r=0.161731) typer=3 type1=2 type2=1
t=0.0193934 disrupt1 idr=1936(mr=2.68361) id1=1936(m1=3.61761):id2=201144(m2=2.12205) (r=0.570187) typer=3 type1=2 type2=1
t=0.0196632 disrupt1 idr=125375(mr=1.52824) id1=125375(m1=1.20166):id2=205338(m2=0.397858) (r=0.561527) typer=6 type1=8 type2=0
t=0.0205344 disrupt1 idr=173166(mr=2.59632) id1=173166(m1=3.52387):id2=203373(m2=1.93869) (r=1.4202) typer=3 type1=2 type2=1
t=0.0208822 disrupt1 idr=67602(mr=2.7624) id1=67602(m1=3.50197):id2=208471(m2=0.412785) (r=1.37323) typer=3 type1=3 type2=0
t=0.0209559 disrupt1 idr=181566(mr=2.99663) id1=181566(m1=3.49323):id2=209519(m2=1.63362) (r=0.626038) typer=3 type1=2 type2=1
t=0.0211142 disrupt2 idr=203375(mr=4.19578) id1=26473(m1=0.964074):id2=203375(m2=3.92618) (r=0.666001) typer=5 type1=11 type2=2
t=0.0217704 disrupt1 idr=126263(mr=3.73468) id1=126263(m1=3.43615):id2=203278(m2=0.426616) (r=1.45188) typer=2 type1=2 type2=0
t=0.0220061 disrupt1 idr=171591(mr=3.33216) id1=171591(m1=3.41372):id2=206482(m2=1.39405) (r=0.548033) typer=3 type1=2 type2=1
t=0.0222138 disrupt1 idr=50439(mr=3.39062) id1=50439(m1=3.40722):id2=205658(m2=0.982531) (r=0.668256) typer=3 type1=2 type2=1
t=0.0222635 disrupt2 idr=207153(mr=3.89661) id1=27825(m1=0.606795):id2=207153(m2=3.39356) (r=0.634672) typer=4 type1=7 type2=2
t=0.0225192 disrupt1 idr=43445(mr=2.54997) id1=43445(m1=3.38845):id2=209972(m2=0.383883) (r=0.823734) typer=4 type1=3 type2=0
t=0.0225563 disrupt2 idr=203747(mr=4.10336) id1=188973(m1=0.807377):id2=203747(m2=3.53188) (r=2.10851) typer=5 type1=11 type2=2
t=0.0226997 disrupt2 idr=206236(mr=2.47928) id1=145976(m1=0.874541):id2=206236(m2=3.78485) (r=1.61584) typer=5 type1=11 type2=2
t=0.0227372 disrupt2 idr=200205(mr=4.0929) id1=152672(m1=0.82277):id2=200205(m2=3.52557) (r=0.717363) typer=5 type1=11 type2=2
t=0.0229057 disrupt2 idr=202593(mr=4.11827) id1=172867(m1=0.849725):id2=202593(m2=3.77077) (r=1.673) typer=5 type1=11 type2=2
t=0.0234241 disrupt2 idr=209213(mr=4.25217) id1=146099(m1=0.776838):id2=209213(m2=3.68982) (r=1.92383) typer=5 type1=11 type2=2
t=0.0235105 disrupt1 idr=159585(mr=3.20216) id1=159585(m1=3.32106):id2=203306(m2=2.69861) (r=0.770226) typer=3 type1=2 type2=1
t=0.0235494 disrupt1 idr=2458(mr=1.95521) id1=2458(m1=1.10463):id2=208108(m2=1.21953) (r=0.499774) typer=6 type1=8 type2=1
t=0.0236497 disrupt1 idr=64187(mr=3.31829) id1=64187(m1=3.31516):id2=206133(m2=0.891529) (r=0.75187) typer=3 type1=2 type2=1
t=0.0238261 disrupt2 idr=208726(mr=4.00639) id1=108925(m1=0.897997):id2=208726(m2=3.71021) (r=1.30523) typer=5 type1=11 type2=2
t=0.0243758 disrupt1 idr=191479(mr=5.36539) id1=191479(m1=3.42653):id2=207255(m2=3.32567) (r=2.25806) typer=4 type1=4 type2=4
t=0.024413 disrupt1 idr=49336(mr=2.81028) id1=49336(m1=3.26953):id2=208432(m2=2.31587) (r=0.884858) typer=3 type1=2 type2=1
t=0.0247695 disrupt1 idr=79166(mr=2.8428) id1=79166(m1=3.24534):id2=201667(m2=1.87965) (r=0.66684) typer=3 type1=2 type2=1
t=0.0253159 disrupt1 idr=2340(mr=4.39555) id1=2340(m1=3.35958):id2=208567(m2=2.93578) (r=0.516439) typer=5 type1=5 type2=1
t=0.0255714 disrupt1 idr=27792(mr=5.69545) id1=27792(m1=3.33305):id2=200171(m2=3.3352) (r=2.3053) typer=4 type1=4 type2=4
t=0.0256635 disrupt1 idr=8935(mr=2.09317) id1=8935(m1=3.20156):id2=208633(m2=1.60217) (r=1.2051) typer=3 type1=3 type2=1
t=0.0261243 disrupt1 idr=177743(mr=1.30311) id1=177743(m1=1.05503):id2=207166(m2=0.463179) (r=2.45614) typer=6 type1=8 type2=0
t=0.0269923 disrupt2 idr=206445(mr=3.81693) id1=110545(m1=0.797801):id2=206445(m2=3.24102) (r=0.129086) typer=5 type1=11 type2=2
t=0.027659 disrupt1 idr=196544(mr=4.7337) id1=196544(m1=3.09924):id2=208733(m2=3.08335) (r=0.324753) typer=3 type1=2 type2=1
t=0.0277745 disrupt1 idr=122014(mr=1.45711) id1=122014(m1=1.02653):id2=204562(m2=0.576294) (r=1.04649) typer=6 type1=8 type2=0
t=0.0277923 disrupt1 idr=59460(mr=4.79104) id1=59460(m1=3.22448):id2=202176(m2=1.63798) (r=0.329664) typer=5 type1=5 type2=1
t=0.0290968 disrupt1 idr=81986(mr=1.5586) id1=81986(m1=1.00609):id2=201523(m2=0.850472) (r=0.45843) typer=6 type1=8 type2=1
t=0.0301068 disrupt1 idr=104710(mr=2.39455) id1=104710(m1=3.13053):id2=208680(m2=0.627001) (r=1.79417) typer=4 type1=4 type2=0
t=0.0307445 disrupt1 idr=51749(mr=1.64008) id1=51749(m1=3.10334):id2=206262(m2=0.494328) (r=1.28588) typer=4 type1=4 type2=0
t=0.0308986 disrupt2 idr=202916(mr=3.39121) id1=73079(m1=0.595401):id2=202916(m2=2.94788) (r=0.843956) typer=5 type1=11 type2=2
t=0.0309503 disrupt1 idr=54250(mr=1.39852) id1=54250(m1=0.979884):id2=208248(m2=0.654768) (r=0.537974) typer=6 type1=8 type2=0
t=0.032374 disrupt1 idr=63863(mr=2.57403) id1=63863(m1=2.90131):id2=207835(m2=0.304649) (r=0.237659) typer=3 type1=3 type2=0
t=0.0334422 disrupt1 idr=52282(mr=1.44069) id1=52282(m1=0.948607):id2=209979(m2=0.738746) (r=1.24638) typer=6 type1=8 type2=0
t=0.0335144 disrupt1 idr=5645(mr=2.94483) id1=5645(m1=2.8585):id2=207433(m2=0.532858) (r=1.71207) typer=2 type1=2 type2=0
t=0.0343069 disrupt1 idr=52482(mr=2.53636) id1=52482(m1=2.832):id2=208740(m2=2.11055) (r=0.559064) typer=3 type1=3 type2=1
t=0.0343792 disrupt1 idr=142956(mr=1.27135) id1=142956(m1=0.93795):id2=205107(m2=0.575525) (r=1.33275) typer=6 type1=8 type2=0
t=0.0349815 disrupt1 idr=60115(mr=1.69731) id1=60115(m1=0.930884):id2=201836(m2=1.00003) (r=0.762999) typer=6 type1=8 type2=1
t=0.0351033 disrupt1 idr=13478(mr=2.16643) id1=13478(m1=2.80558):id2=208832(m2=1.3938) (r=0.541544) typer=3 type1=3 type2=1
t=0.0352981 disrupt1 idr=7183(mr=2.23864) id1=7183(m1=2.79914):id2=202470(m2=1.37) (r=0.797931) typer=3 type1=3 type2=1
t=0.0354136 disrupt2 idr=208849(mr=3.23131) id1=84345(m1=0.607107):id2=208849(m2=2.78451) (r=0.873717) typer=5 type1=11 type2=2
t=0.0368699 disrupt1 idr=118337(mr=2.68853) id1=118337(m1=2.74767):id2=200702(m2=0.191627) (r=1.73284) typer=2 type1=2 type2=0
t=0.0374518 disrupt1 idr=179487(mr=5.51553) id1=179487(m1=2.85461):id2=205644(m2=2.82441) (r=2.58714) typer=4 type1=5 type2=4
t=0.0397151 disrupt2 idr=200831(mr=3.12172) id1=164647(m1=0.639741):id2=200831(m2=2.65594) (r=1.73858) typer=5 type1=11 type2=2
t=0.0406012 disrupt1 idr=168443(mr=2.67812) id1=168443(m1=2.64209):id2=205324(m2=0.84054) (r=0.934556) typer=3 type1=3 type2=1
t=0.0406496 disrupt1 idr=197088(mr=1.79639) id1=197088(m1=2.64189):id2=203583(m2=1.37699) (r=3.20776) typer=3 type1=3 type2=1
t=0.0406815 disrupt1 idr=167572(mr=2.55667) id1=167572(m1=2.64064):id2=202936(m2=2.15475) (r=2.6967) typer=3 type1=3 type2=1
t=0.0407883 disrupt1 idr=141105(mr=2.52469) id1=141105(m1=2.63785):id2=205785(m2=2.12312) (r=0.360278) typer=3 type1=3 type2=1
t=0.0408725 disrupt1 idr=156816(mr=1.89929) id1=156816(m1=2.63619):id2=209302(m2=1.49) (r=2.23575) typer=3 type1=3 type2=1
t=0.0426296 disrupt1 idr=111458(mr=1.34334) id1=111458(m1=0.861296):id2=200657(m2=0.639056) (r=1.12651) typer=6 type1=8 type2=0
t=0.0439468 disrupt1 idr=51259(mr=64.0905) id1=51259(m1=26.5965):id2=92882(m2=40.5) (r=0.00651519) typer=14 type1=14 type2=14
t=0.0440459 disrupt1 idr=36337(mr=4.99779) id1=36337(m1=2.66513):id2=206095(m2=2.589) (r=2.17447) typer=4 type1=5 type2=4
t=0.0450478 disrupt1 idr=45742(mr=1.62156) id1=45742(m1=0.843318):id2=201149(m2=0.918349) (r=1.06915) typer=6 type1=8 type2=1
t=0.0452634 disrupt1 idr=17973(mr=1.91344) id1=17973(m1=2.64988):id2=203435(m2=0.48247) (r=0.723967) typer=4 type1=4 type2=0
t=0.0456287 disrupt1 idr=123369(mr=2.42632) id1=123369(m1=2.51962):id2=202062(m2=0.232612) (r=1.20455) typer=3 type1=3 type2=0
t=0.0463497 disrupt1 idr=110951(mr=5.08181) id1=110951(m1=2.6138):id2=200222(m2=2.55237) (r=0.489845) typer=4 type1=5 type2=4
t=0.0486364 disrupt1 idr=113535(mr=2.03673) id1=113535(m1=2.45754):id2=208913(m2=0.632537) (r=3.59284) typer=3 type1=3 type2=0
t=0.0493469 disrupt1 idr=101008(mr=2.53629) id1=101008(m1=2.44126):id2=200063(m2=0.535296) (r=1.92059) typer=3 type1=3 type2=0
t=0.0505162 disrupt2 idr=200005(mr=2.74895) id1=84720(m1=0.4919):id2=200005(m2=2.41007) (r=1.65914) typer=5 type1=11 type2=2
t=0.0510611 disrupt1 idr=155035(mr=2.25964) id1=155035(m1=2.40997):id2=203925(m2=1.21901) (r=1.68892) typer=3 type1=3 type2=1
t=0.0511722 disrupt1 idr=111033(mr=1.89074) id1=111033(m1=2.4084):id2=202313(m2=1.04635) (r=0.895075) typer=3 type1=3 type2=1
t=0.0513309 disrupt2 idr=204849(mr=1.30114) id1=145790(m1=0.825077):id2=204849(m2=0.476127) (r=1.25675) typer=8 type1=11 type2=8
t=0.0518802 disrupt2 idr=202218(mr=1.23162) id1=55816(m1=0.772827):id2=202218(m2=0.45881) (r=0.766514) typer=8 type1=11 type2=7
t=0.0526693 disrupt1 idr=84607(mr=1.86424) id1=84607(m1=2.38118):id2=206012(m2=0.580626) (r=0.775388) typer=3 type1=3 type2=0
t=0.0530906 disrupt1 idr=161589(mr=1.8382) id1=161589(m1=2.37364):id2=200572(m2=0.923937) (r=0.0807356) typer=3 type1=3 type2=1
t=0.0531012 disrupt2 idr=209531(mr=2.71717) id1=159290(m1=0.432094):id2=209531(m2=2.36278) (r=2.43864) typer=3 type1=7 type2=2
t=0.0538249 disrupt1 idr=28784(mr=2.12754) id1=28784(m1=2.35976):id2=206169(m2=1.76691) (r=0.6798) typer=3 type1=3 type2=1
t=0.0538301 disrupt2 idr=202830(mr=1.34756) id1=181662(m1=0.877153):id2=202830(m2=0.470424) (r=1.70895) typer=8 type1=11 type2=8
t=0.0538523 disrupt1 idr=175462(mr=2.03651) id1=175462(m1=2.35973):id2=200674(m2=1.66872) (r=0.665437) typer=3 type1=3 type2=1
t=0.0540922 disrupt2 idr=202713(mr=1.20771) id1=84368(m1=0.760527):id2=202713(m2=0.447189) (r=1.67787) typer=8 type1=11 type2=7
t=0.0552342 disrupt1 idr=127933(mr=1.41227) id1=127933(m1=0.7841):id2=209792(m2=0.70681) (r=3.35549) typer=6 type1=8 type2=0
t=0.0552513 disrupt1 idr=152604(mr=1.54585) id1=152604(m1=2.44985):id2=202889(m2=0.767308) (r=0.911222) typer=4 type1=4 type2=1
t=0.0557554 disrupt1 idr=129038(mr=3.8741) id1=129038(m1=2.44331):id2=201489(m2=2.43011) (r=2.3013) typer=4 type1=4 type2=4
t=0.0559767 disrupt1 idr=158772(mr=2.31239) id1=158772(m1=2.43698):id2=203758(m2=0.728934) (r=1.60904) typer=4 type1=4 type2=0
t=0.059504 disrupt2 idr=200386(mr=1.20836) id1=84266(m1=0.769841):id2=200386(m2=0.438549) (r=2.33172) typer=8 type1=11 type2=7
t=0.0599346 disrupt2 idr=203740(mr=1.29582) id1=9804(m1=0.844642):id2=203740(m2=0.451187) (r=1.27627) typer=8 type1=11 type2=7
t=0.0607124 disrupt1 idr=77905(mr=2.14384) id1=77905(m1=2.25083):id2=208117(m2=0.102824) (r=1.10518) typer=3 type1=3 type2=0
t=0.0608051 disrupt1 idr=70131(mr=1.94655) id1=70131(m1=2.25015):id2=209804(m2=1.58923) (r=0.55533) typer=3 type1=3 type2=1
t=0.0619699 disrupt1 idr=155989(mr=0.806421) id1=155989(m1=0.755153):id2=209854(m2=0.106774) (r=2.07106) typer=6 type1=8 type2=0
t=0.0629918 disrupt2 idr=201469(mr=1.26425) id1=160072(m1=0.823462):id2=201469(m2=0.440805) (r=1.61812) typer=8 type1=11 type2=7
t=0.0636362 disrupt1 idr=152612(mr=1.19228) id1=152612(m1=2.31983):id2=200578(m2=0.439335) (r=3.02854) typer=4 type1=4 type2=0
t=0.0651549 disrupt2 idr=201282(mr=2.53679) id1=151442(m1=0.543967):id2=201282(m2=2.18068) (r=0.979883) typer=5 type1=11 type2=2
t=0.0653187 disrupt1 idr=36405(mr=3.81363) id1=36405(m1=2.29829):id2=205149(m2=2.2683) (r=0.441472) typer=4 type1=5 type2=4
t=0.0655355 disrupt2 idr=209697(mr=0.141804) id1=51905(m1=0.845154):id2=209697(m2=0.343187) (r=0.582385) typer=10 type1=11 type2=10
t=0.0657412 disrupt1 idr=102606(mr=2.02833) id1=102606(m1=2.18256):id2=207982(m2=0.193151) (r=2.39005) typer=3 type1=3 type2=0
t=0.0658536 disrupt2 idr=202042(mr=1.34086) id1=72662(m1=0.905121):id2=202042(m2=0.435753) (r=1.59354) typer=8 type1=11 type2=7
t=0.0678622 disrupt2 idr=205298(mr=2.42968) id1=83618(m1=0.373925):id2=205298(m2=2.14668) (r=0.414076) typer=3 type1=7 type2=2
t=0.0693153 disrupt1 idr=110277(mr=3.88457) id1=110277(m1=2.24594):id2=209814(m2=2.17991) (r=1.52634) typer=4 type1=5 type2=4
t=0.069366 disrupt1 idr=194331(mr=1.12592) id1=194331(m1=0.744097):id2=209929(m2=0.446352) (r=1.06223) typer=6 type1=8 type2=0
t=0.0694422 disrupt2 idr=208928(mr=0.115561) id1=19591(m1=0.79472):id2=208928(m2=0.315644) (r=0.166612) typer=10 type1=11 type2=10
t=0.0697828 disrupt1 idr=92380(mr=3.69628) id1=92380(m1=2.24091):id2=201219(m2=2.16794) (r=0.816251) typer=4 type1=4 type2=4
t=0.0709599 disrupt2 idr=209790(mr=1.29615) id1=126976(m1=0.872931):id2=209790(m2=0.423225) (r=1.37404) typer=8 type1=11 type2=7
t=0.0715802 disrupt1 idr=57804(mr=1.00692) id1=57804(m1=0.72223):id2=206598(m2=0.370513) (r=6.55083) typer=8 type1=8 type2=7
t=0.0717651 disrupt2 idr=201567(mr=0.115308) id1=133121(m1=0.830599):id2=201567(m2=0.32562) (r=1.31495) typer=10 type1=11 type2=10
t=0.0731413 disrupt2 idr=200265(mr=0.115071) id1=16414(m1=0.775081):id2=200265(m2=0.309616) (r=1.08769) typer=10 type1=11 type2=10
t=0.0738257 disrupt2 idr=206400(mr=0.116011) id1=168198(m1=0.837657):id2=206400(m2=0.324851) (r=2.22908) typer=10 type1=11 type2=10
t=0.074444 disrupt1 idr=89695(mr=3.75099) id1=89695(m1=2.18601):id2=206208(m2=2.14905) (r=1.05308) typer=4 type1=5 type2=4
t=0.0754006 disrupt1 idr=65554(mr=1.91739) id1=65554(m1=2.07097):id2=207718(m2=0.119122) (r=0.603367) typer=3 type1=3 type2=0
t=0.0774975 disrupt1 idr=27165(mr=1.34683) id1=27165(m1=2.15309):id2=200137(m2=0.0874295) (r=2.35451) typer=5 type1=5 type2=0
t=0.0781203 disrupt1 idr=157773(mr=1.02778) id1=157773(m1=0.715679):id2=200656(m2=0.320684) (r=0.765721) typer=6 type1=8 type2=0
t=0.078352 disrupt2 idr=200047(mr=1.20921) id1=76709(m1=0.802409):id2=200047(m2=0.406801) (r=1.1928) typer=8 type1=11 type2=7
t=0.0790471 disrupt2 idr=201709(mr=0.117383) id1=106067(m1=0.83652):id2=201709(m2=0.287922) (r=1.84681) typer=10 type1=11 type2=10
t=0.079824 disrupt1 idr=157088(mr=2.3528) id1=157088(m1=2.02805):id2=205648(m2=1.99992) (r=1.31692) typer=3 type1=3 type2=1
t=0.0802098 disrupt2 idr=209479(mr=1.20986) id1=190170(m1=0.807166):id2=209479(m2=0.402713) (r=1.57493) typer=8 type1=11 type2=7
t=0.0810496 disrupt2 idr=200791(mr=0.116868) id1=191954(m1=0.870494):id2=200791(m2=0.125666) (r=4.13348) typer=10 type1=11 type2=10
t=0.0819634 disrupt1 idr=46400(mr=1.6276) id1=46400(m1=2.00749):id2=208402(m2=0.341013) (r=0.860681) typer=3 type1=3 type2=0
t=0.0822272 disrupt2 idr=209164(mr=0.116448) id1=6080(m1=0.757803):id2=209164(m2=0.313129) (r=0.251032) typer=10 type1=11 type2=10
t=0.0829936 disrupt2 idr=206054(mr=0.120295) id1=68120(m1=0.652969):id2=206054(m2=0.291972) (r=0.482578) typer=10 type1=11 type2=10
t=0.0831577 disrupt2 idr=201909(mr=0.11721) id1=39483(m1=0.924004):id2=201909(m2=0.139656) (r=0.416481) typer=10 type1=11 type2=10
t=0.0843777 disrupt1 idr=73166(mr=1.8991) id1=73166(m1=1.98473):id2=201426(m2=0.0936272) (r=0.410551) typer=3 type1=3 type2=0
t=0.0849993 disrupt1 idr=124426(mr=0.77459) id1=124426(m1=0.688412):id2=202662(m2=0.113201) (r=1.91537) typer=6 type1=8 type2=0
t=0.0859283 disrupt2 idr=206177(mr=0.114223) id1=5623(m1=0.584429):id2=206177(m2=0.232233) (r=2.07019) typer=10 type1=11 type2=10
t=0.0864793 disrupt1 idr=122686(mr=3.7059) id1=122686(m1=2.05945):id2=201488(m2=1.99836) (r=1.70746) typer=4 type1=5 type2=4
t=0.0868309 disrupt2 idr=208537(mr=0.115151) id1=117927(m1=0.958234):id2=208537(m2=0.125858) (r=3.69286) typer=10 type1=11 type2=10
t=0.0871345 disrupt1 idr=113023(mr=1.49036) id1=113023(m1=1.96222):id2=202113(m2=0.650028) (r=0.977825) typer=3 type1=3 type2=0
t=0.0877157 disrupt2 idr=205436(mr=1.20181) id1=112254(m1=0.810067):id2=205436(m2=0.391754) (r=1.45577) typer=8 type1=11 type2=7
t=0.0878308 disrupt1 idr=105667(mr=1.09021) id1=105667(m1=2.05488):id2=200858(m2=0.187422) (r=1.06515) typer=4 type1=4 type2=0
t=0.0878809 disrupt2 idr=201659(mr=0.115631) id1=120868(m1=0.951327):id2=201659(m2=0.121681) (r=2.01717) typer=10 type1=11 type2=10
t=0.0886268 disrupt1 idr=9211(mr=1.65392) id1=9211(m1=1.94995):id2=205606(m2=1.30865) (r=1.71227) typer=3 type1=3 type2=1
t=0.0893325 disrupt2 idr=209688(mr=0.113747) id1=59105(m1=0.95981):id2=209688(m2=0.166489) (r=0.837563) typer=10 type1=11 type2=10
t=0.0898657 disrupt2 idr=205910(mr=0.114537) id1=87795(m1=0.787075):id2=205910(m2=0.30987) (r=0.167924) typer=10 type1=11 type2=10
t=0.091823 disrupt2 idr=206804(mr=0.114351) id1=105901(m1=0.704401):id2=206804(m2=0.30161) (r=1.08652) typer=10 type1=11 type2=10
t=0.092575 disrupt2 idr=208823(mr=0.115029) id1=44856(m1=0.841342):id2=208823(m2=0.115342) (r=2.49598) typer=10 type1=11 type2=10
t=0.095524 disrupt2 idr=206143(mr=1.11039) id1=131471(m1=0.732121):id2=206143(m2=0.378303) (r=1.75624) typer=8 type1=11 type2=7
t=0.096387 disrupt2 idr=204874(mr=1.1499) id1=199055(m1=0.771071):id2=204874(m2=0.378861) (r=6.49997) typer=8 type1=11 type2=7
t=0.0970658 disrupt2 idr=206562(mr=2.15968) id1=146585(m1=0.379976):id2=206562(m2=1.87422) (r=1.38155) typer=3 type1=7 type2=2
t=0.0971566 disrupt2 idr=208374(mr=0.112961) id1=152669(m1=0.832177):id2=208374(m2=0.215618) (r=1.20523) typer=10 type1=11 type2=10
t=0.0975816 disrupt2 idr=208803(mr=0.113315) id1=112821(m1=0.890099):id2=208803(m2=0.182548) (r=3.72602) typer=10 type1=11 type2=10
t=0.0977231 disrupt2 idr=203327(mr=0.112945) id1=196142(m1=0.789488):id2=203327(m2=0.300916) (r=2.23457) typer=10 type1=11 type2=10
t=0.0990204 disrupt2 idr=207146(mr=0.113449) id1=5149(m1=0.860846):id2=207146(m2=0.188707) (r=0.661273) typer=10 type1=11 type2=10
t=0.0996356 disrupt2 idr=204039(mr=2.14727) id1=134039(m1=0.377043):id2=204039(m2=1.85615) (r=0.626269) typer=3 type1=7 type2=2
t=0.0996453 disrupt1 idr=36783(mr=0.977168) id1=36783(m1=0.972085):id2=200387(m2=0.692679) (r=2.72042) typer=12 type1=11 type2=11
t=0.100867 disrupt2 idr=202700(mr=1.13031) id1=53200(m1=0.759267):id2=202700(m2=0.371057) (r=0.418905) typer=8 type1=11 type2=7
t=0.101991 disrupt2 idr=206174(mr=0.114429) id1=105126(m1=0.710532):id2=206174(m2=0.302028) (r=0.239348) typer=10 type1=11 type2=10
t=0.1023 disrupt2 idr=209978(mr=0.112759) id1=177860(m1=0.881676):id2=209978(m2=0.134737) (r=3.6261) typer=10 type1=11 type2=10
t=0.102745 disrupt2 idr=205258(mr=0.112408) id1=34335(m1=0.835134):id2=205258(m2=0.198701) (r=0.590987) typer=10 type1=11 type2=10
t=0.103831 disrupt2 idr=203031(mr=0.108303) id1=48988(m1=0.715621):id2=203031(m2=0.281695) (r=0.419599) typer=10 type1=11 type2=10
t=0.105955 disrupt1 idr=6549(mr=1.03796) id1=6549(m1=1.91742):id2=201584(m2=0.190155) (r=4.15726) typer=4 type1=4 type2=0
t=0.106301 disrupt2 idr=205833(mr=0.107507) id1=719(m1=0.515431):id2=205833(m2=0.258317) (r=1.07237) typer=10 type1=11 type2=10
t=0.107088 disrupt1 idr=20925(mr=1.7908) id1=20925(m1=1.81428):id2=206110(m2=0.132189) (r=1.1681) typer=3 type1=3 type2=0
t=0.107449 disrupt2 idr=203092(mr=0.109491) id1=5115(m1=0.79569):id2=203092(m2=0.288713) (r=1.30714) typer=10 type1=11 type2=10
t=0.107993 disrupt2 idr=202967(mr=0.112191) id1=19438(m1=0.901351):id2=202967(m2=0.153853) (r=0.856404) typer=10 type1=11 type2=10
t=0.108486 disrupt2 idr=202599(mr=0.110765) id1=169955(m1=0.745863):id2=202599(m2=0.288177) (r=1.28937) typer=10 type1=11 type2=10
t=0.108506 disrupt2 idr=200026(mr=0.107502) id1=107689(m1=0.804562):id2=200026(m2=0.281954) (r=0.709044) typer=10 type1=11 type2=10
t=0.109014 disrupt1 idr=73724(mr=1.21238) id1=73724(m1=1.80688):id2=208073(m2=0.620879) (r=2.15551) typer=3 type1=3 type2=0
t=0.109361 disrupt1 idr=60432(mr=1.5708) id1=60432(m1=1.80386):id2=201424(m2=0.492454) (r=1.56487) typer=3 type1=3 type2=0
t=0.109516 disrupt2 idr=201981(mr=0.109279) id1=113341(m1=0.90648):id2=201981(m2=0.12941) (r=0.541108) typer=10 type1=11 type2=10
t=0.110938 disrupt2 idr=200450(mr=0.109719) id1=181038(m1=0.516019):id2=200450(m2=0.293767) (r=2.02693) typer=10 type1=11 type2=10
t=0.111167 disrupt1 idr=181599(mr=1.76315) id1=181599(m1=1.78939):id2=204447(m2=0.116239) (r=2.47614) typer=3 type1=3 type2=0
t=0.114533 disrupt1 idr=158622(mr=1.00389) id1=158622(m1=1.77503):id2=200621(m2=0.375146) (r=0.957298) typer=3 type1=3 type2=0
t=0.114935 disrupt1 idr=43934(mr=1.74933) id1=43934(m1=1.76829):id2=205779(m2=0.149854) (r=2.24461) typer=3 type1=3 type2=0
t=0.115119 disrupt2 idr=205525(mr=1.22969) id1=182050(m1=0.863801):id2=205525(m2=0.365915) (r=4.66162) typer=8 type1=11 type2=7
t=0.11685 disrupt2 idr=206986(mr=0.105884) id1=175397(m1=0.861382):id2=206986(m2=0.158024) (r=1.84764) typer=10 type1=11 type2=10
t=0.118624 disrupt2 idr=207864(mr=0.109255) id1=137654(m1=0.788829):id2=207864(m2=0.28685) (r=0.602369) typer=10 type1=11 type2=10
t=0.118634 disrupt2 idr=202573(mr=0.110387) id1=35435(m1=0.699725):id2=202573(m2=0.286683) (r=1.14444) typer=10 type1=11 type2=10
t=0.118882 disrupt2 idr=209712(mr=0.112228) id1=140303(m1=0.794458):id2=209712(m2=0.298812) (r=0.700212) typer=10 type1=11 type2=10
t=0.120197 disrupt2 idr=209009(mr=0.109596) id1=148222(m1=0.891655):id2=209009(m2=0.15566) (r=1.67957) typer=10 type1=11 type2=10
t=0.12081 disrupt2 idr=206509(mr=0.109018) id1=87748(m1=0.860854):id2=206509(m2=0.175308) (r=0.708738) typer=10 type1=11 type2=10
t=0.121962 disrupt2 idr=205922(mr=0.109485) id1=175297(m1=0.818764):id2=205922(m2=0.289772) (r=2.40469) typer=10 type1=11 type2=10
t=0.122571 disrupt2 idr=205711(mr=0.109889) id1=181691(m1=0.67624):id2=205711(m2=0.284153) (r=2.99206) typer=10 type1=11 type2=10
t=0.122785 disrupt2 idr=201429(mr=0.108893) id1=128586(m1=0.783022):id2=201429(m2=0.276677) (r=0.987359) typer=10 type1=11 type2=10
t=0.123983 disrupt2 idr=204853(mr=0.108455) id1=84259(m1=0.949199):id2=204853(m2=0.118719) (r=4.42738) typer=10 type1=11 type2=10
t=0.124866 disrupt2 idr=209997(mr=1.13325) id1=106539(m1=0.78394):id2=209997(m2=0.349312) (r=1.1822) typer=8 type1=11 type2=7
t=0.125148 disrupt1 idr=114005(mr=0.746933) id1=114005(m1=0.352749):id2=207477(m2=0.394187) (r=3.61544) typer=3 type1=10 type2=0
t=0.126468 disrupt1 idr=126572(mr=1.05207) id1=126572(m1=1.71267):id2=201837(m2=0.439208) (r=5.01551) typer=3 type1=3 type2=0
t=0.129634 disrupt2 idr=205556(mr=0.108857) id1=26123(m1=0.740627):id2=205556(m2=0.281845) (r=0.507528) typer=10 type1=11 type2=10
t=0.129679 disrupt1 idr=136589(mr=1.87185) id1=136589(m1=1.69707):id2=201976(m2=1.55053) (r=0.721225) typer=3 type1=3 type2=1
t=0.130552 disrupt2 idr=207059(mr=1.18394) id1=77915(m1=0.836237):id2=207059(m2=0.347765) (r=5.37597) typer=8 type1=11 type2=7
t=0.131294 disrupt2 idr=202993(mr=0.107552) id1=187215(m1=0.687273):id2=202993(m2=0.277963) (r=2.90711) typer=10 type1=11 type2=10
t=0.131653 disrupt2 idr=201046(mr=0.107724) id1=140377(m1=0.920785):id2=201046(m2=0.119316) (r=2.59045) typer=10 type1=11 type2=10
t=0.131979 disrupt1 idr=113998(mr=1.15138) id1=113998(m1=1.68697):id2=205924(m2=0.250187) (r=1.85709) typer=3 type1=3 type2=0
t=0.13409 disrupt1 idr=43801(mr=1.46235) id1=43801(m1=1.6766):id2=209537(m2=0.800771) (r=0.41822) typer=3 type1=3 type2=1
t=0.134935 disrupt2 idr=204923(mr=0.10739) id1=163476(m1=0.769636):id2=204923(m2=0.280322) (r=1.69645) typer=10 type1=11 type2=10
t=0.135573 disrupt2 idr=203629(mr=0.106098) id1=57457(m1=0.784103):id2=203629(m2=0.278655) (r=2.42912) typer=10 type1=11 type2=10
t=0.13714 disrupt2 idr=208065(mr=0.106415) id1=43829(m1=0.663525):id2=208065(m2=0.272581) (r=0.844443) typer=10 type1=11 type2=10
t=0.137251 disrupt1 idr=149162(mr=1.86839) id1=149162(m1=1.66321):id2=209255(m2=1.54818) (r=0.90977) typer=3 type1=3 type2=1
t=0.137364 disrupt2 idr=201042(mr=0.105424) id1=196712(m1=0.852854):id2=201042(m2=0.112985) (r=4.95555) typer=10 type1=11 type2=10
t=0.13759 disrupt1 idr=100174(mr=1.95905) id1=100174(m1=1.66174):id2=204633(m2=1.63973) (r=0.818012) typer=3 type1=3 type2=1
t=0.137739 disrupt2 idr=202068(mr=0.105363) id1=57984(m1=0.712103):id2=202068(m2=0.272472) (r=2.54308) typer=10 type1=11 type2=10
t=0.139296 disrupt2 idr=206096(mr=0.107007) id1=173764(m1=0.648111):id2=206096(m2=0.278495) (r=0.921786) typer=10 type1=11 type2=10
t=0.1411 disrupt2 idr=201860(mr=1.9697) id1=177826(m1=0.393743):id2=201860(m2=1.63543) (r=2.23158) typer=5 type1=11 type2=2
t=0.144611 disrupt1 idr=46210(mr=0.989169) id1=46210(m1=0.348047):id2=202454(m2=0.641142) (r=1.61926) typer=3 type1=10 type2=0
t=0.147076 disrupt2 idr=202260(mr=0.106249) id1=102918(m1=0.649734):id2=202260(m2=0.269553) (r=1.16331) typer=10 type1=11 type2=10
t=0.150087 disrupt1 idr=176147(mr=22.1523) id1=176147(m1=22.1523):id2=66002(m2=0.197427) (r=0.0434625) typer=14 type1=14 type2=0
t=0.150116 disrupt1 idr=5485(mr=1.5667) id1=5485(m1=1.61015):id2=202637(m2=0.0806133) (r=1.20029) typer=3 type1=3 type2=0
t=0.151902 disrupt1 idr=109005(mr=1.498) id1=109005(m1=1.60373):id2=200317(m2=0.10524) (r=1.65752) typer=3 type1=3 type2=0
t=0.152868 disrupt2 idr=200203(mr=1.89672) id1=119564(m1=0.361057):id2=200203(m2=1.58965) (r=0.871598) typer=5 type1=11 type2=2
t=0.159847 disrupt1 idr=117315(mr=0.749079) id1=117315(m1=0.340614):id2=208997(m2=0.408485) (r=1.9768) typer=3 type1=10 type2=0
t=0.163277 disrupt1 idr=27346(mr=1.23079) id1=27346(m1=1.56494):id2=203003(m2=0.915269) (r=5.11925) typer=3 type1=3 type2=1
t=0.16356 disrupt1 idr=132556(mr=0.779728) id1=132556(m1=1.56421):id2=201770(m2=0.453378) (r=0.491509) typer=3 type1=3 type2=0
t=0.164712 disrupt1 idr=58882(mr=1.40549) id1=58882(m1=1.55929):id2=203689(m2=0.185206) (r=1.16219) typer=3 type1=3 type2=0
t=0.165583 disrupt1 idr=89493(mr=1.15913) id1=89493(m1=1.55719):id2=205124(m2=0.650758) (r=1.07003) typer=3 type1=3 type2=0
t=0.167353 disrupt1 idr=54473(mr=1.24884) id1=54473(m1=1.5513):id2=206089(m2=0.750479) (r=1.69461) typer=3 type1=3 type2=0
t=0.167492 disrupt2 idr=201661(mr=0.103283) id1=96867(m1=0.861644):id2=201661(m2=0.128613) (r=0.492916) typer=10 type1=11 type2=10
t=0.169575 disrupt1 idr=49866(mr=1.15353) id1=49866(m1=0.640326):id2=206888(m2=0.524018) (r=0.730087) typer=6 type1=11 type2=0
t=0.171621 disrupt2 idr=207345(mr=0.104089) id1=39199(m1=0.637642):id2=207345(m2=0.26913) (r=1.24603) typer=10 type1=11 type2=10
t=0.172829 disrupt2 idr=209517(mr=0.0974776) id1=90075(m1=0.930235):id2=209517(m2=0.11673) (r=1.06869) typer=10 type1=11 type2=10
t=0.174116 disrupt1 idr=70819(mr=1.45293) id1=70819(m1=1.52993):id2=202397(m2=0.0845989) (r=0.668628) typer=3 type1=3 type2=0
t=0.176579 disrupt1 idr=175083(mr=0.927403) id1=175083(m1=1.52326):id2=208198(m2=0.288045) (r=1.34351) typer=3 type1=3 type2=0
t=0.177099 disrupt1 idr=55159(mr=1.1787) id1=55159(m1=1.5217):id2=200979(m2=0.11261) (r=1.95727) typer=3 type1=3 type2=0
t=0.177676 disrupt1 idr=163681(mr=0.980709) id1=163681(m1=1.52002):id2=203526(m2=0.658219) (r=3.38291) typer=3 type1=3 type2=0
t=0.177818 disrupt1 idr=43814(mr=0.942537) id1=43814(m1=0.351635):id2=207218(m2=0.590971) (r=1.19689) typer=3 type1=10 type2=0
t=0.178003 disrupt2 idr=208269(mr=0.0976974) id1=101900(m1=0.601013):id2=208269(m2=0.256866) (r=0.542318) typer=10 type1=11 type2=10
t=0.178453 disrupt2 idr=208488(mr=0.105174) id1=118236(m1=0.792728):id2=208488(m2=0.274567) (r=0.773584) typer=10 type1=11 type2=10
t=0.180083 disrupt1 idr=79577(mr=0.93419) id1=79577(m1=0.325249):id2=206893(m2=0.608942) (r=0.423601) typer=3 type1=10 type2=0
t=0.189969 disrupt2 idr=209550(mr=0.101942) id1=129818(m1=0.650165):id2=209550(m2=0.265212) (r=0.490718) typer=10 type1=11 type2=10
t=0.19191 disrupt2 idr=205279(mr=0.104283) id1=48658(m1=0.708695):id2=205279(m2=0.271368) (r=2.12542) typer=10 type1=11 type2=10
t=0.193553 disrupt1 idr=169413(mr=1.48312) id1=169413(m1=1.47061):id2=202072(m2=0.159674) (r=1.57315) typer=3 type1=3 type2=0
t=0.196245 disrupt1 idr=164353(mr=1.27842) id1=164353(m1=1.46899):id2=200180(m2=0.106861) (r=2.36591) typer=3 type1=3 type2=0
t=0.196758 disrupt2 idr=201817(mr=0.101784) id1=154329(m1=0.61773):id2=201817(m2=0.264441) (r=1.20318) typer=10 type1=11 type2=10
t=0.198502 disrupt2 idr=208905(mr=0.101371) id1=117561(m1=0.607721):id2=208905(m2=0.263733) (r=1.29704) typer=10 type1=11 type2=10
t=0.203529 disrupt2 idr=200625(mr=0.093877) id1=153537(m1=0.696977):id2=200625(m2=0.249226) (r=0.705607) typer=10 type1=11 type2=10
t=0.203748 disrupt2 idr=202500(mr=0.0976756) id1=45757(m1=0.503565):id2=202500(m2=0.241996) (r=1.40317) typer=10 type1=11 type2=10
t=0.204914 disrupt1 idr=141998(mr=0.620199) id1=141998(m1=0.364078):id2=205416(m2=0.25616) (r=3.48369) typer=3 type1=10 type2=0
t=0.205729 disrupt2 idr=207655(mr=0.10084) id1=33218(m1=0.629184):id2=207655(m2=0.261992) (r=2.35852) typer=10 type1=11 type2=10
t=0.211786 disrupt1 idr=88835(mr=1.39273) id1=88835(m1=1.42816):id2=203705(m2=0.127145) (r=0.595904) typer=3 type1=3 type2=0
t=0.212704 disrupt2 idr=206010(mr=0.0989217) id1=143874(m1=0.927994):id2=206010(m2=0.103146) (r=4.72258) typer=10 type1=11 type2=10
t=0.213881 disrupt1 idr=41188(mr=1.05857) id1=41188(m1=1.42691):id2=208440(m2=0.272115) (r=1.54748) typer=3 type1=3 type2=0
t=0.216066 disrupt2 idr=203633(mr=0.11112) id1=144671(m1=0.663091):id2=203633(m2=0.288913) (r=0.873283) typer=10 type1=11 type2=10
t=0.221109 disrupt2 idr=208218(mr=0.0991786) id1=42582(m1=0.626382):id2=208218(m2=0.259346) (r=4.80705) typer=10 type1=11 type2=10
t=0.221584 disrupt2 idr=200441(mr=0.0991969) id1=194620(m1=0.662588):id2=200441(m2=0.249489) (r=2.38508) typer=10 type1=11 type2=10
t=0.226946 disrupt2 idr=202255(mr=0.0975664) id1=171830(m1=0.848247):id2=202255(m2=0.106727) (r=3.65626) typer=10 type1=11 type2=10
t=0.227838 disrupt1 idr=56911(mr=0.8087) id1=56911(m1=1.3968):id2=205958(m2=0.206934) (r=4.38832) typer=3 type1=3 type2=0
t=0.228186 disrupt1 idr=189238(mr=0.96203) id1=189238(m1=1.39637):id2=205334(m2=0.243746) (r=4.58346) typer=3 type1=3 type2=0
t=0.230094 disrupt2 idr=201418(mr=0.0968516) id1=57301(m1=0.775417):id2=201418(m2=0.255471) (r=3.57445) typer=10 type1=11 type2=10
t=0.232056 disrupt2 idr=206566(mr=0.0972169) id1=160900(m1=0.749533):id2=206566(m2=0.255219) (r=0.729193) typer=10 type1=11 type2=10
t=0.236605 disrupt1 idr=86935(mr=1.17335) id1=86935(m1=1.3795):id2=208554(m2=0.119435) (r=0.690322) typer=3 type1=3 type2=0
t=0.238307 disrupt2 idr=208867(mr=0.0967154) id1=98441(m1=0.907291):id2=208867(m2=0.0997916) (r=0.809049) typer=10 type1=11 type2=10
t=0.238681 disrupt2 idr=208998(mr=0.0966752) id1=139508(m1=0.928027):id2=208998(m2=0.101138) (r=1.57333) typer=10 type1=11 type2=10
t=0.239104 disrupt1 idr=1008(mr=1.07244) id1=1008(m1=1.37466):id2=208646(m2=0.109934) (r=7.86803) typer=3 type1=3 type2=0
t=0.23992 disrupt1 idr=144487(mr=0.840569) id1=144487(m1=0.340238):id2=201773(m2=0.500347) (r=2.72857) typer=3 type1=10 type2=0
t=0.243688 disrupt2 idr=208852(mr=0.0964187) id1=180699(m1=0.776343):id2=208852(m2=0.254475) (r=4.10906) typer=10 type1=11 type2=10
t=0.243887 disrupt2 idr=209181(mr=0.0963324) id1=124021(m1=0.772675):id2=209181(m2=0.254054) (r=10.7513) typer=10 type1=11 type2=10
t=0.244992 disrupt1 idr=104425(mr=1.34797) id1=104425(m1=1.35965):id2=206971(m2=0.134931) (r=1.21774) typer=3 type1=3 type2=0
t=0.247751 disrupt2 idr=202585(mr=0.0966844) id1=181702(m1=0.646941):id2=202585(m2=0.254066) (r=2.21486) typer=10 type1=11 type2=10
t=0.25169 disrupt2 idr=200825(mr=0.0955768) id1=166657(m1=0.724701):id2=200825(m2=0.252356) (r=0.702806) typer=10 type1=11 type2=10
t=0.252354 disrupt1 idr=58224(mr=0.918267) id1=58224(m1=1.35031):id2=200031(m2=0.172339) (r=5.59884) typer=3 type1=3 type2=0
t=0.252621 disrupt2 idr=203247(mr=0.0951064) id1=86369(m1=0.790179):id2=203247(m2=0.252159) (r=0.969153) typer=10 type1=11 type2=10
t=0.252764 disrupt1 idr=17765(mr=0.740663) id1=17765(m1=1.34984):id2=205092(m2=0.43685) (r=0.760162) typer=3 type1=3 type2=0
t=0.262722 disrupt2 idr=203976(mr=0.0953443) id1=142700(m1=0.627258):id2=203976(m2=0.251943) (r=1.04418) typer=10 type1=11 type2=10
t=0.265264 disrupt1 idr=70906(mr=0.73948) id1=70906(m1=0.348515):id2=208350(m2=0.390967) (r=0.50056) typer=3 type1=10 type2=0
t=0.27218 disrupt2 idr=201401(mr=0.0870618) id1=138786(m1=0.79534):id2=201401(m2=0.239476) (r=1.13847) typer=10 type1=11 type2=10
t=0.280765 disrupt1 idr=63676(mr=0.813555) id1=63676(m1=0.314076):id2=205523(m2=0.499501) (r=2.54187) typer=3 type1=10 type2=0
t=0.284864 disrupt1 idr=165021(mr=1.4574) id1=165021(m1=1.23345):id2=202695(m2=1.25815) (r=5.34722) typer=4 type1=5 type2=4
t=0.298815 disrupt2 idr=207605(mr=0.113255) id1=82632(m1=0.574915):id2=207605(m2=0.300387) (r=0.755114) typer=10 type1=11 type2=10
t=0.305638 disrupt1 idr=110586(mr=0.501321) id1=110586(m1=1.26691):id2=202942(m2=0.166346) (r=1.67534) typer=3 type1=3 type2=0
t=0.306641 disrupt1 idr=160449(mr=1.01703) id1=160449(m1=0.307737):id2=201415(m2=0.709303) (r=1.39754) typer=3 type1=10 type2=0
t=0.310344 disrupt2 idr=200670(mr=0.0912848) id1=86309(m1=0.865222):id2=200670(m2=0.09469) (r=4.20992) typer=10 type1=11 type2=10
t=0.313673 disrupt1 idr=102373(mr=1.04539) id1=102373(m1=1.25846):id2=203859(m2=0.214808) (r=1.70383) typer=3 type1=3 type2=0
t=0.314012 disrupt2 idr=200098(mr=0.0906298) id1=76656(m1=0.796021):id2=200098(m2=0.213562) (r=0.873633) typer=10 type1=11 type2=10
t=0.314791 disrupt1 idr=148080(mr=0.883576) id1=148080(m1=1.2571):id2=205260(m2=0.269473) (r=1.23339) typer=3 type1=3 type2=0
t=0.316708 disrupt2 idr=209119(mr=0.0911606) id1=155983(m1=0.642722):id2=209119(m2=0.244541) (r=2.55566) typer=10 type1=11 type2=10
t=0.318083 disrupt2 idr=208723(mr=0.0890566) id1=105590(m1=0.717876):id2=208723(m2=0.240972) (r=3.05678) typer=10 type1=11 type2=10
t=0.319627 disrupt2 idr=205363(mr=0.0911885) id1=78532(m1=0.665266):id2=205363(m2=0.213804) (r=1.79332) typer=10 type1=11 type2=10
t=0.324229 disrupt2 idr=202196(mr=0.0907929) id1=11231(m1=0.671561):id2=202196(m2=0.243468) (r=2.88588) typer=10 type1=11 type2=10
t=0.330894 disrupt1 idr=111991(mr=1.00706) id1=111991(m1=1.23732):id2=203924(m2=0.151593) (r=0.817462) typer=3 type1=3 type2=0
t=0.333038 disrupt2 idr=204069(mr=0.0890322) id1=97097(m1=0.794733):id2=204069(m2=0.10142) (r=1.46436) typer=10 type1=11 type2=10
t=0.352791 disrupt1 idr=64946(mr=0.999986) id1=64946(m1=1.21251):id2=202124(m2=0.113655) (r=0.287172) typer=3 type1=3 type2=0
t=0.352922 disrupt1 idr=9780(mr=0.637693) id1=9780(m1=0.373585):id2=201980(m2=0.264295) (r=10.8586) typer=3 type1=10 type2=0
t=0.367677 disrupt1 idr=175825(mr=1.07579) id1=175825(m1=1.19662):id2=205498(m2=0.127485) (r=1.05547) typer=3 type1=3 type2=0
t=0.368506 disrupt1 idr=29723(mr=0.738028) id1=29723(m1=0.296428):id2=206544(m2=0.441624) (r=0.928573) typer=3 type1=10 type2=0
t=0.378814 disrupt1 idr=99214(mr=1.18853) id1=99214(m1=0.717304):id2=204198(m2=0.507) (r=4.00171) typer=6 type1=11 type2=0
t=0.383328 disrupt2 idr=209954(mr=0.0136897) id1=148693(m1=0.7):id2=209954(m2=0.0136898) (r=1.18368) typer=10 type1=10 type2=10
t=0.392767 disrupt1 idr=49269(mr=1.05001) id1=49269(m1=1.17197):id2=203802(m2=0.0806807) (r=0.75612) typer=3 type1=3 type2=0
t=0.395361 disrupt2 idr=202635(mr=0.0845728) id1=193852(m1=0.779527):id2=202635(m2=0.234939) (r=1.71275) typer=10 type1=11 type2=10
t=0.397197 disrupt1 idr=45769(mr=0.764743) id1=45769(m1=0.347554):id2=203187(m2=0.417216) (r=0.432542) typer=3 type1=10 type2=0
t=0.399123 disrupt1 idr=32857(mr=0.60304) id1=32857(m1=0.321848):id2=207030(m2=0.281203) (r=1.99387) typer=3 type1=10 type2=0
t=0.40139 disrupt1 idr=79213(mr=0.775753) id1=79213(m1=0.329006):id2=203552(m2=0.446791) (r=2.59627) typer=3 type1=10 type2=0
t=0.404566 disrupt2 idr=202278(mr=0.0269628) id1=94544(m1=0.7):id2=202278(m2=0.0269631) (r=1.49974) typer=10 type1=10 type2=10
t=0.404845 disrupt1 idr=36926(mr=0.748937) id1=36926(m1=0.296611):id2=204460(m2=0.452421) (r=0.337411) typer=3 type1=10 type2=0
t=0.425104 disrupt2 idr=205422(mr=0.0839826) id1=84631(m1=0.641883):id2=205422(m2=0.234157) (r=0.44107) typer=10 type1=11 type2=10
t=0.429558 disrupt1 idr=69312(mr=0.713027) id1=69312(m1=0.38708):id2=200044(m2=0.32688) (r=1.80689) typer=3 type1=10 type2=0
t=0.432769 disrupt1 idr=126257(mr=0.678698) id1=126257(m1=1.13796):id2=202531(m2=0.390795) (r=0.182767) typer=3 type1=3 type2=0
t=0.43597 disrupt1 idr=82800(mr=0.687609) id1=82800(m1=0.313508):id2=202193(m2=0.374319) (r=1.43498) typer=3 type1=10 type2=0
t=0.446686 disrupt2 idr=202262(mr=0.115143) id1=45509(m1=0.576131):id2=202262(m2=0.309891) (r=0.635118) typer=10 type1=11 type2=10
t=0.44921 disrupt1 idr=13494(mr=0.75248) id1=13494(m1=0.311549):id2=203715(m2=0.441067) (r=1.57622) typer=3 type1=10 type2=0
t=0.470893 disrupt2 idr=201286(mr=0.0807609) id1=43107(m1=0.61518):id2=201286(m2=0.231028) (r=0.461246) typer=10 type1=11 type2=10
t=0.471576 disrupt2 idr=204761(mr=0.0800311) id1=124795(m1=0.661112):id2=204761(m2=0.230217) (r=0.894171) typer=10 type1=11 type2=10
t=0.487552 disruptboth id1=61834(m1=18.7349) id2=173828(m2=17.7409) (r=0.0784063) type1=14 type2=14
t=0.489466 disrupt2 idr=204952(mr=0.0711737) id1=152990(m1=0.806373):id2=204952(m2=0.0714371) (r=0.950518) typer=10 type1=11 type2=10
t=0.491071 disrupt2 idr=206472(mr=0.0797689) id1=154418(m1=0.635105):id2=206472(m2=0.229728) (r=4.09285) typer=10 type1=11 type2=10
t=0.491217 disrupt2 idr=200480(mr=0.0783545) id1=64285(m1=0.703074):id2=200480(m2=0.228639) (r=1.03915) typer=10 type1=11 type2=10
t=0.500969 disrupt1 idr=9072(mr=0.783971) id1=9072(m1=0.35914):id2=208937(m2=0.425138) (r=2.61838) typer=3 type1=10 type2=0
t=0.501444 disrupt1 idr=5063(mr=1.01843) id1=5063(m1=0.339229):id2=202498(m2=0.679281) (r=0.731108) typer=3 type1=10 type2=0
t=0.516716 disrupt1 idr=53590(mr=0.886774) id1=53590(m1=0.30945):id2=204890(m2=0.577334) (r=1.36243) typer=3 type1=10 type2=0
t=0.517291 disrupt1 idr=104078(mr=0.860856) id1=104078(m1=1.07812):id2=201160(m2=0.13947) (r=10.2758) typer=3 type1=3 type2=0
t=0.524315 disrupt1 idr=150802(mr=0.782218) id1=150802(m1=0.376892):id2=204527(m2=0.405418) (r=0.771309) typer=3 type1=10 type2=0
t=0.541739 disrupt1 idr=71195(mr=0.808365) id1=71195(m1=1.0584):id2=201820(m2=0.080104) (r=4.89665) typer=3 type1=3 type2=0
t=0.550363 disrupt1 idr=195602(mr=0.953292) id1=195602(m1=0.337661):id2=209422(m2=0.615813) (r=2.65215) typer=3 type1=10 type2=0
t=0.560679 disrupt1 idr=143989(mr=0.693719) id1=143989(m1=0.283498):id2=200770(m2=0.410249) (r=1.54349) typer=3 type1=10 type2=0
t=0.561849 disrupt1 idr=193513(mr=0.774965) id1=193513(m1=0.307409):id2=207699(m2=0.467556) (r=2.24323) typer=3 type1=10 type2=0
t=0.563031 disrupt1 idr=62170(mr=0.887079) id1=62170(m1=0.359539):id2=204630(m2=0.527625) (r=2.32744) typer=3 type1=10 type2=0
t=0.568458 disrupt1 idr=125870(mr=0.622551) id1=125870(m1=1.0481):id2=207505(m2=0.344105) (r=1.67962) typer=3 type1=3 type2=0
t=0.579674 disrupt1 idr=85884(mr=1.08135) id1=85884(m1=0.334296):id2=208342(m2=0.747176) (r=1.23353) typer=3 type1=10 type2=0
t=0.580525 disrupt2 idr=203358(mr=0.0799439) id1=12766(m1=0.894926):id2=203358(m2=0.0827215) (r=1.78914) typer=10 type1=11 type2=10
t=0.587946 disrupt2 idr=203582(mr=0.0425575) id1=149741(m1=0.699888):id2=203582(m2=0.0427308) (r=3.34841) typer=10 type1=10 type2=10
t=0.595495 disrupt1 idr=29790(mr=0.864835) id1=29790(m1=0.315677):id2=207238(m2=0.549221) (r=2.0029) typer=3 type1=10 type2=0
t=0.59804 disrupt1 idr=165599(mr=0.634187) id1=165599(m1=0.358173):id2=209195(m2=0.276201) (r=4.87717) typer=3 type1=10 type2=0
t=0.598463 disrupt1 idr=190199(mr=0.727806) id1=190199(m1=0.391737):id2=203830(m2=0.336241) (r=3.50431) typer=3 type1=10 type2=0
t=0.599278 disrupt2 idr=209763(mr=0.0726484) id1=52518(m1=0.626097):id2=209763(m2=0.222927) (r=1.81013) typer=10 type1=11 type2=10
t=0.602675 disrupt2 idr=200685(mr=0.0716887) id1=19991(m1=0.877311):id2=200685(m2=0.0726589) (r=1.25451) typer=10 type1=11 type2=10
t=0.616031 disrupt1 idr=29927(mr=1.27399) id1=29927(m1=0.686882):id2=200277(m2=0.646399) (r=1.18873) typer=6 type1=11 type2=0
t=0.626366 disrupt2 idr=200189(mr=0.120566) id1=167017(m1=0.786885):id2=200189(m2=0.358544) (r=0.748619) typer=10 type1=11 type2=10
t=0.632978 disrupt2 idr=207880(mr=0.0953294) id1=28947(m1=0.593858):id2=207880(m2=0.251792) (r=1.54705) typer=10 type1=11 type2=10
t=0.634867 disrupt1 idr=125210(mr=0.585566) id1=125210(m1=0.316828):id2=202820(m2=0.268817) (r=2.76709) typer=3 type1=10 type2=0
t=0.63603 disrupt2 idr=200011(mr=0.0717812) id1=19026(m1=0.635523):id2=200011(m2=0.221768) (r=0.756192) typer=10 type1=11 type2=10
t=0.639939 disrupt1 idr=151719(mr=0.537274) id1=151719(m1=1.01038):id2=205431(m2=0.136609) (r=4.92436) typer=3 type1=3 type2=0
t=0.674683 disrupt1 idr=26502(mr=0.9637) id1=26502(m1=0.334869):id2=200349(m2=0.629032) (r=1.31784) typer=3 type1=10 type2=0
t=0.675868 disrupt1 idr=16875(mr=0.632755) id1=16875(m1=0.287762):id2=201716(m2=0.345055) (r=2.4518) typer=3 type1=10 type2=0
t=0.685482 disrupt1 idr=89561(mr=0.722053) id1=89561(m1=0.32179):id2=200790(m2=0.400322) (r=2.4732) typer=3 type1=10 type2=0
t=0.687517 disrupt1 idr=68639(mr=0.703411) id1=68639(m1=0.34018):id2=209254(m2=0.363232) (r=0.357755) typer=3 type1=10 type2=0
t=0.687979 disrupt1 idr=61241(mr=0.501461) id1=61241(m1=0.990454):id2=209465(m2=0.215844) (r=1.33816) typer=3 type1=3 type2=0
t=0.691171 disrupt1 idr=174018(mr=0.831381) id1=174018(m1=0.353369):id2=208588(m2=0.478125) (r=0.993942) typer=3 type1=10 type2=0
t=0.698074 disrupt2 idr=208781(mr=0.0680164) id1=13171(m1=0.914204):id2=208781(m2=0.0700944) (r=0.429504) typer=10 type1=11 type2=10
t=0.71254 disrupt1 idr=164704(mr=0.635377) id1=164704(m1=0.372922):id2=206874(m2=0.262779) (r=1.42285) typer=3 type1=10 type2=0
t=0.719565 disrupt2 idr=202606(mr=0.104869) id1=42176(m1=0.676707):id2=202606(m2=0.269749) (r=2.65252) typer=10 type1=11 type2=10
t=0.720251 disrupt1 idr=123732(mr=0.845991) id1=123732(m1=0.344679):id2=208512(m2=0.501562) (r=2.13711) typer=3 type1=10 type2=0
t=0.734908 disrupt1 idr=2207(mr=0.91018) id1=2207(m1=0.379433):id2=205451(m2=0.530888) (r=1.38483) typer=3 type1=10 type2=0
t=0.738916 disrupt2 idr=201136(mr=0.0864543) id1=149353(m1=0.764563):id2=201136(m2=0.237018) (r=1.60351) typer=10 type1=11 type2=10
t=0.756557 disrupt2 idr=202065(mr=0.117415) id1=168013(m1=0.57082):id2=202065(m2=0.32402) (r=2.16226) typer=10 type1=11 type2=10
t=0.758818 disrupt1 idr=96770(mr=0.486066) id1=96770(m1=0.959294):id2=205256(m2=0.101177) (r=1.79813) typer=3 type1=3 type2=0
t=0.769926 disrupt2 idr=203195(mr=0.0656629) id1=56260(m1=0.874959):id2=203195(m2=0.072025) (r=0.683819) typer=10 type1=11 type2=10
t=0.772695 disrupt1 idr=149811(mr=0.980077) id1=149811(m1=0.32688):id2=200488(m2=0.653211) (r=0.216076) typer=3 type1=10 type2=0
t=0.777872 disrupt1 idr=163516(mr=0.742804) id1=163516(m1=0.361707):id2=203799(m2=0.381101) (r=2.54277) typer=3 type1=10 type2=0
t=0.783904 disrupt1 idr=141779(mr=0.601076) id1=141779(m1=0.302271):id2=201205(m2=0.298959) (r=2.08723) typer=3 type1=10 type2=0
t=0.79014 disrupt1 idr=170295(mr=0.742334) id1=170295(m1=0.354613):id2=203825(m2=0.388045) (r=0.71977) typer=3 type1=10 type2=0
t=0.802237 disrupt1 idr=138068(mr=1.05337) id1=138068(m1=0.710473):id2=207846(m2=0.532504) (r=0.345352) typer=6 type1=11 type2=0
t=0.820878 disrupt2 idr=205400(mr=0.0636832) id1=176469(m1=0.874224):id2=205400(m2=0.0664844) (r=0.721233) typer=10 type1=11 type2=10
t=0.824568 disrupt1 idr=40219(mr=0.726125) id1=40219(m1=0.942033):id2=208640(m2=0.121657) (r=1.25703) typer=3 type1=3 type2=0
t=0.826543 disrupt1 idr=150964(mr=0.801938) id1=150964(m1=0.302483):id2=202899(m2=0.499491) (r=1.75326) typer=3 type1=10 type2=0
t=0.827609 disrupt1 idr=140222(mr=0.755219) id1=140222(m1=0.941362):id2=209412(m2=0.122351) (r=1.83315) typer=3 type1=3 type2=0
t=0.843527 disrupt2 idr=205430(mr=0.0587361) id1=26283(m1=0.901257):id2=205430(m2=0.0620764) (r=0.761002) typer=10 type1=11 type2=10
t=0.853279 disrupt2 idr=204449(mr=0.113393) id1=40192(m1=0.560212):id2=204449(m2=0.302472) (r=0.716095) typer=10 type1=11 type2=10
t=0.861946 disrupt1 idr=11772(mr=1.12316) id1=11772(m1=0.378829):id2=209768(m2=0.744462) (r=1.13698) typer=3 type1=10 type2=0
t=0.862991 disrupt1 idr=130(mr=0.604119) id1=130(m1=0.275756):id2=206653(m2=0.328385) (r=0.90998) typer=3 type1=10 type2=0
t=0.889177 disrupt2 idr=201381(mr=0.0112673) id1=49452(m1=0.7):id2=201381(m2=0.0112674) (r=4.85877) typer=10 type1=10 type2=10
t=0.909162 disrupt2 idr=207214(mr=0.0309617) id1=80429(m1=0.699961):id2=207214(m2=0.0310045) (r=1.75753) typer=10 type1=10 type2=10
t=0.920891 disrupt1 idr=24585(mr=0.504851) id1=24585(m1=0.287884):id2=206868(m2=0.217021) (r=1.95053) typer=3 type1=10 type2=0
t=0.929663 disrupt2 idr=208826(mr=0.109979) id1=182529(m1=0.774925):id2=208826(m2=0.287034) (r=0.303721) typer=10 type1=11 type2=10
t=0.950741 disrupt1 idr=180954(mr=0.618586) id1=180954(m1=0.293393):id2=200146(m2=0.325227) (r=3.97137) typer=3 type1=10 type2=0
t=1.00456 disrupt1 idr=92088(mr=0.581275) id1=92088(m1=0.275815):id2=204585(m2=0.305518) (r=2.01244) typer=3 type1=10 type2=0
t=1.01543 disrupt2 idr=205064(mr=0.0586897) id1=120032(m1=0.836324):id2=205064(m2=0.0654036) (r=0.654745) typer=10 type1=11 type2=10
t=1.03226 disrupt1 idr=154673(mr=0.906059) id1=154673(m1=0.294874):id2=203655(m2=0.611211) (r=0.363571) typer=3 type1=10 type2=0
t=1.04114 disrupt2 idr=200231(mr=0.0573653) id1=62591(m1=0.851702):id2=200231(m2=0.0581016) (r=0.183768) typer=10 type1=11 type2=10
t=1.06529 disrupt2 idr=201513(mr=0.098008) id1=67240(m1=0.562027):id2=201513(m2=0.257613) (r=1.32389) typer=10 type1=11 type2=10
t=1.07063 disrupt2 idr=201167(mr=0.818023) id1=187503(m1=0.538225):id2=201167(m2=1.12118) (r=0.945185) typer=5 type1=11 type2=2
t=1.072 disrupt1 idr=61486(mr=1.03282) id1=61486(m1=0.298137):id2=205828(m2=0.734863) (r=0.383983) typer=3 type1=10 type2=0
t=1.08003 disrupt1 idr=49856(mr=0.944808) id1=49856(m1=0.360102):id2=204717(m2=0.584813) (r=3.60786) typer=3 type1=10 type2=0
t=1.08181 disrupt1 idr=91696(mr=0.819836) id1=91696(m1=0.363664):id2=204670(m2=0.456431) (r=1.21146) typer=3 type1=10 type2=0
t=1.09335 disrupt1 idr=89905(mr=0.588024) id1=89905(m1=0.273363):id2=200104(m2=0.314695) (r=0.9638) typer=3 type1=10 type2=0
t=1.12896 disrupt1 idr=183239(mr=0.591907) id1=183239(m1=0.864021):id2=206772(m2=0.145465) (r=3.70853) typer=3 type1=3 type2=0
t=1.16374 disrupt1 idr=163776(mr=0.630679) id1=163776(m1=0.359165):id2=208873(m2=0.271524) (r=3.07791) typer=3 type1=10 type2=0
t=1.17822 disrupt1 idr=126163(mr=1.23577) id1=126163(m1=0.631143):id2=209628(m2=0.686136) (r=0.523239) typer=6 type1=11 type2=0
t=1.22593 disrupt1 idr=41248(mr=0.81299) id1=41248(m1=0.360282):id2=208115(m2=0.453013) (r=5.0929) typer=3 type1=10 type2=0
t=1.23565 disrupt1 idr=181665(mr=0.748627) id1=181665(m1=0.311792):id2=207911(m2=0.436909) (r=2.15278) typer=3 type1=10 type2=0
t=1.23614 disrupt1 idr=160792(mr=1.10282) id1=160792(m1=0.363624):id2=203093(m2=0.739231) (r=0.22411) typer=3 type1=10 type2=0
t=1.25083 disrupt1 idr=56110(mr=1.20921) id1=56110(m1=0.639122):id2=200777(m2=0.585152) (r=3.39706) typer=6 type1=11 type2=0
t=1.25415 disrupt1 idr=137279(mr=0.601241) id1=137279(m1=0.272475):id2=208307(m2=0.328781) (r=3.25291) typer=3 type1=10 type2=0
t=1.26306 disrupt1 idr=113163(mr=0.773931) id1=113163(m1=0.290816):id2=205896(m2=0.483132) (r=0.975587) typer=3 type1=10 type2=0
t=1.2992 disrupt1 idr=169550(mr=0.514806) id1=169550(m1=0.265948):id2=206336(m2=0.248867) (r=5.81803) typer=3 type1=10 type2=0
t=1.29953 disrupt1 idr=160150(mr=0.577192) id1=160150(m1=0.274587):id2=204662(m2=0.302639) (r=1.49807) typer=3 type1=10 type2=0
t=1.33516 disrupt1 idr=139942(mr=0.638922) id1=139942(m1=0.281824):id2=200060(m2=0.357129) (r=2.36242) typer=3 type1=10 type2=0
t=1.35054 disrupt1 idr=72455(mr=0.62272) id1=72455(m1=0.824452):id2=203573(m2=0.142159) (r=1.55477) typer=3 type1=3 type2=0
t=1.36115 disrupt2 idr=202608(mr=0.0513576) id1=89400(m1=0.838021):id2=202608(m2=0.0514722) (r=0.269655) typer=10 type1=11 type2=10
t=1.36696 disrupt2 idr=207562(mr=0.0806053) id1=5112(m1=0.701332):id2=207562(m2=0.230687) (r=0.637699) typer=10 type1=11 type2=10
t=1.37064 disrupt1 idr=166187(mr=0.765561) id1=166187(m1=0.82141):id2=202346(m2=0.0805182) (r=3.61785) typer=3 type1=3 type2=0
t=1.3839 disrupt1 idr=158017(mr=0.715401) id1=158017(m1=0.296535):id2=207659(m2=0.41889) (r=1.17983) typer=3 type1=10 type2=0
t=1.3846 disrupt1 idr=120181(mr=0.736504) id1=120181(m1=0.664164):id2=206364(m2=0.63505) (r=0.612206) typer=12 type1=11 type2=11
t=1.42213 disrupt1 idr=112343(mr=1.11172) id1=112343(m1=0.645987):id2=207714(m2=0.571608) (r=1.83379) typer=6 type1=11 type2=0
t=1.43048 disrupt1 idr=27917(mr=0.913635) id1=27917(m1=0.283802):id2=204809(m2=0.630012) (r=0.838726) typer=3 type1=10 type2=0
t=1.44752 disrupt1 idr=10610(mr=0.896657) id1=10610(m1=0.294049):id2=207301(m2=0.60261) (r=2.08442) typer=3 type1=10 type2=0
t=1.48917 disrupt1 idr=178889(mr=0.62883) id1=178889(m1=0.308882):id2=200118(m2=0.319969) (r=1.15077) typer=3 type1=10 type2=0
t=1.49458 disrupt2 idr=207644(mr=0.0488179) id1=4140(m1=0.829869):id2=207644(m2=0.0522118) (r=0.775329) typer=10 type1=11 type2=10
t=1.4956 disrupt1 idr=190103(mr=0.532435) id1=190103(m1=0.802287):id2=203978(m2=0.172507) (r=0.679787) typer=3 type1=3 type2=0
