# time interaction_type id_rem(mass_rem) id1(m1):id2(m2) (r)
t=2.44524e-05 disrupt1 idr=10657(mr=107.104) id1=10657(m1=107.021):id2=179303(m2=0.1531) (r=0.393832) typer=1 type1=1 type2=0
t=0.0024673 disrupt1 idr=161709(mr=68.42) id1=161709(m1=62.7533):id2=204653(m2=5.68328) (r=0.679874) typer=1 type1=1 type2=1
t=0.00291707 disrupt2 idr=61743(mr=62.5663) id1=4536(m1=0.218981):id2=61743(m2=63.0171) (r=0.180887) typer=2 type1=0 type2=1
t=0.00291953 disrupt2 idr=48795(mr=61.2165) id1=12327(m1=0.137171):id2=48795(m2=62.7764) (r=0.112913) typer=4 type1=0 type2=2
t=0.0029466 disrupt2 idr=73525(mr=60.2772) id1=49913(m1=0.504111):id2=73525(m2=62.884) (r=0.0377093) typer=4 type1=0 type2=1
t=0.00294933 disrupt2 idr=100504(mr=61.1941) id1=56724(m1=0.0907406):id2=100504(m2=62.7445) (r=0.165) typer=4 type1=0 type2=2
t=0.00296523 disrupt1 idr=1230(mr=61.0751) id1=1230(m1=62.7712):id2=1291(m2=0.248445) (r=0.0704725) typer=2 type1=2 type2=0
t=0.00298238 disrupt1 idr=34504(mr=62.6233) id1=34504(m1=63.2137):id2=63684(m2=0.254977) (r=0.215325) typer=2 type1=1 type2=0
t=0.00299143 disrupt1 idr=128861(mr=26.4748) id1=128861(m1=0.129686):id2=174558(m2=60.4112) (r=0.476393) typer=7 type1=0 type2=4
t=0.0030556 disrupt2 idr=188351(mr=58.2239) id1=15468(m1=0.282527):id2=188351(m2=60.7607) (r=0.367437) typer=4 type1=0 type2=2
t=0.00307504 disrupt1 idr=64926(mr=58.3005) id1=64926(m1=60.0472):id2=73636(m2=0.508053) (r=0.211603) typer=4 type1=1 type2=0
t=0.00311504 disrupt2 idr=51333(mr=57.1743) id1=47411(m1=0.142413):id2=51333(m2=58.1158) (r=0.103124) typer=4 type1=0 type2=2
t=0.00325519 disrupt2 idr=122627(mr=50.8497) id1=22402(m1=0.223129):id2=122627(m2=53.2014) (r=0.0948964) typer=4 type1=0 type2=2
t=0.00331692 disrupt1 idr=9114(mr=19.9884) id1=9114(m1=51.8531):id2=136131(m2=0.168651) (r=0.041436) typer=7 type1=1 type2=0
t=0.00340349 disrupt1 idr=57888(mr=46.2151) id1=57888(m1=40.3466):id2=202377(m2=5.87788) (r=0.177316) typer=1 type1=1 type2=1
t=0.00360135 disrupt2 idr=147276(mr=42.5548) id1=100540(m1=0.128742):id2=147276(m2=44.7603) (r=0.285998) typer=4 type1=0 type2=1
t=0.00362304 disruptboth id1=49929(m1=0.303764) id2=267051(m2=13.8254) (r=0.183401) type1=0 type2=8
t=0.00366576 disruptboth id1=54141(m1=0.350174) id2=122627(m2=13.1273) (r=0.071063) type1=0 type2=8
t=0.00367623 disrupt1 idr=13642(mr=40.2321) id1=13642(m1=43.2782):id2=21791(m2=0.381771) (r=0.184907) typer=4 type1=2 type2=0
t=0.00368523 disrupt2 idr=58352(mr=41.8465) id1=28681(m1=0.111772):id2=58352(m2=42.8388) (r=0.153733) typer=4 type1=0 type2=2
t=0.00370078 disrupt1 idr=10715(mr=42.106) id1=10715(m1=43.163):id2=136287(m2=0.155278) (r=0.262121) typer=2 type1=1 type2=0
t=0.00370078 disruptboth id1=115918(m1=10.2951) id2=165704(m2=0.141514) (r=0.717071) type1=8 type2=0
t=0.00373368 disrupt1 idr=6409(mr=38.5219) id1=6409(m1=42.5):id2=29966(m2=0.2306) (r=0.229191) typer=4 type1=2 type2=0
t=0.00393605 disrupt1 idr=164882(mr=44.3818) id1=164882(m1=39.2502):id2=208903(m2=8.84378) (r=1.08411) typer=4 type1=1 type2=1
t=0.00398309 disrupt1 idr=953(mr=32.7379) id1=953(m1=38.5578):id2=17547(m2=0.240686) (r=0.370364) typer=4 type1=2 type2=0
t=0.00412685 disrupt1 idr=83883(mr=35.8522) id1=83883(m1=36.6926):id2=113213(m2=0.0862135) (r=0.228127) typer=4 type1=2 type2=0
t=0.0041864 disrupt1 idr=253106(mr=39.0368) id1=253106(m1=40.8725):id2=3476(m2=0.613495) (r=0.139481) typer=4 type1=1 type2=0
t=0.0041864 disruptboth id1=7365(m1=0.264443) id2=10715(m2=10.6222) (r=0.302214) type1=0 type2=8
t=0.00420631 disruptboth id1=11166(m1=0.100793) id2=28748(m2=10.2682) (r=0.0817571) type1=0 type2=8
t=0.0042533 disruptboth id1=22637(m1=0.152834) id2=75494(m2=10.305) (r=0.0695758) type1=0 type2=8
t=0.00426927 disruptboth id1=9258(m1=0.231837) id2=254849(m2=10.3669) (r=0.396119) type1=0 type2=8
t=0.004292 disruptboth id1=22866(m1=1.19239) id2=27716(m2=10.4928) (r=0.130791) type1=1 type2=8
t=0.004292 disruptboth id1=56191(m1=6.92522) id2=204434(m2=27.9364) (r=0.283238) type1=8 type2=4
t=0.00438541 disruptboth id1=54781(m1=0.202419) id2=116262(m2=10.6664) (r=0.223691) type1=0 type2=8
t=0.00438541 disrupt1 idr=7823(mr=32.2956) id1=7823(m1=34.1541):id2=23745(m2=0.281347) (r=0.250442) typer=4 type1=1 type2=0
t=0.00444882 disruptboth id1=45741(m1=6.55449) id2=112638(m2=0.187754) (r=0.305799) type1=8 type2=0
t=0.00448766 disruptboth id1=4124(m1=0.272514) id2=55710(m2=10.4763) (r=0.210579) type1=0 type2=8
t=0.00462961 disruptboth id1=25648(m1=6.37328) id2=43515(m2=0.185209) (r=0.303129) type1=8 type2=0
t=0.00471428 disrupt1 idr=175769(mr=59.6889) id1=175769(m1=30.1561):id2=201391(m2=29.6028) (r=0.659149) typer=1 type1=1 type2=1
t=0.00475389 disruptboth id1=4347(m1=6.24187) id2=36428(m2=0.920459) (r=0.161834) type1=7 type2=1
t=0.00480817 disruptboth id1=6025(m1=6.19532) id2=46252(m2=0.398647) (r=0.313548) type1=7 type2=0
t=0.00496351 disruptboth id1=70798(m1=6.08852) id2=86015(m2=0.090486) (r=0.11177) type1=7 type2=0
t=0.0049948 disruptboth id1=64272(m1=0.179266) id2=79197(m2=9.74039) (r=0.35278) type1=0 type2=8
t=0.00504484 disruptboth id1=34242(m1=13.8485) id2=209141(m2=10.6076) (r=0.117298) type1=14 type2=8
t=0.00506217 disruptboth id1=23355(m1=2.08218) id2=205885(m2=35.5057) (r=0.147696) type1=8 type2=1
t=0.00509205 disruptboth id1=23376(m1=0.206326) id2=24007(m2=9.84058) (r=0.175783) type1=0 type2=7
t=0.00513587 disrupt1 idr=34930(mr=26.9463) id1=34930(m1=28.4722):id2=58763(m2=0.194358) (r=0.140889) typer=4 type1=1 type2=0
t=0.00519516 disruptboth id1=41506(m1=0.241332) id2=52396(m2=9.94579) (r=0.329136) type1=0 type2=7
t=0.00526983 disruptboth id1=32(m1=0.219175) id2=144496(m2=7.07784) (r=0.19704) type1=0 type2=8
t=0.00534914 disruptboth id1=18378(m1=0.298847) id2=71669(m2=9.35786) (r=0.534255) type1=0 type2=8
t=0.00539333 disruptboth id1=134648(m1=2.02086) id2=203219(m2=38.8209) (r=0.212243) type1=8 type2=1
t=0.00579134 disrupt2 idr=235814(mr=46.5197) id1=59725(m1=0.247572):id2=235814(m2=53.074) (r=0.231373) typer=4 type1=0 type2=1
t=0.00589409 disruptboth id1=67849(m1=1.91572) id2=71576(m2=0.137772) (r=0.0883694) type1=8 type2=0
t=0.00589409 disruptboth id1=86848(m1=1.90986) id2=203034(m2=40.3784) (r=0.399916) type1=7 type2=1
t=0.00595209 disrupt1 idr=39421(mr=25.68) id1=39421(m1=24.3468):id2=203827(m2=1.3664) (r=0.259869) typer=1 type1=1 type2=1
t=0.00595209 disrupt1 idr=9348(mr=25.9745) id1=9348(m1=24.4676):id2=204050(m2=3.25895) (r=0.290331) typer=4 type1=1 type2=1
t=0.00605251 disruptboth id1=55686(m1=2.01885) id2=162060(m2=0.197247) (r=0.711117) type1=7 type2=0
t=0.00629297 disruptboth id1=13533(m1=0.272863) id2=23097(m2=6.33623) (r=0.238907) type1=0 type2=7
t=0.00629297 disruptboth id1=37014(m1=1.84013) id2=208454(m2=38.4314) (r=0.436251) type1=7 type2=1
t=0.00646813 disruptboth id1=20900(m1=8.2809) id2=204329(m2=10.8306) (r=0.168878) type1=14 type2=7
t=0.00657232 disruptboth id1=51979(m1=0.234289) id2=206604(m2=7.57555) (r=0.230722) type1=0 type2=7
t=0.00720778 disrupt1 idr=139643(mr=23.5057) id1=139643(m1=20.5601):id2=203090(m2=4.20266) (r=3.16447) typer=4 type1=1 type2=1
t=0.00736918 disrupt1 idr=185677(mr=24.6939) id1=185677(m1=19.5381):id2=204523(m2=5.16772) (r=1.64696) typer=1 type1=1 type2=1
t=0.00771305 disruptboth id1=33473(m1=0.086602) id2=57888(m2=11.055) (r=0.134917) type1=0 type2=7
t=0.00793458 disrupt1 idr=1919(mr=1.3134) id1=1919(m1=5.13431):id2=12872(m2=0.139722) (r=0.160292) typer=13 type1=7 type2=0
t=0.00793458 disrupt1 idr=144527(mr=21.0748) id1=144527(m1=19.3727):id2=205928(m2=18.9969) (r=0.226994) typer=4 type1=1 type2=1
t=0.00793458 disrupt1 idr=196880(mr=19.1746) id1=196880(m1=19.2962):id2=203145(m2=3.95875) (r=0.581317) typer=4 type1=1 type2=1
t=0.00838612 disruptboth id1=57626(m1=1.63227) id2=201564(m2=30.0707) (r=0.175527) type1=8 type2=1
t=0.00838612 disrupt1 idr=81411(mr=22.0299) id1=81411(m1=18.4471):id2=206913(m2=6.82191) (r=0.364975) typer=4 type1=1 type2=1
t=0.00869851 disrupt1 idr=111914(mr=20.2748) id1=111914(m1=17.8798):id2=204525(m2=5.31932) (r=0.140985) typer=4 type1=1 type2=1
t=0.00918403 disruptboth id1=1612(m1=1.69452) id2=59551(m2=0.161398) (r=0.202462) type1=4 type2=0
t=0.00918403 disruptboth id1=106217(m1=1.56876) id2=204569(m2=25.6586) (r=0.796111) type1=7 type2=1
t=0.00982495 disruptboth id1=19306(m1=1.50768) id2=208460(m2=22.8103) (r=0.724979) type1=7 type2=1
t=0.00982495 disrupt1 idr=148951(mr=18.9973) id1=148951(m1=16.3521):id2=207572(m2=5.62797) (r=4.71546) typer=4 type1=1 type2=1
t=0.0100959 disrupt1 idr=35168(mr=15.7448) id1=35168(m1=15.8602):id2=201304(m2=0.212558) (r=0.307768) typer=4 type1=1 type2=0
t=0.0107469 disrupt1 idr=185332(mr=14.6515) id1=185332(m1=15.3132):id2=203209(m2=0.162427) (r=1.48548) typer=4 type1=1 type2=0
t=0.0112182 disruptboth id1=14762(m1=0.100524) id2=130104(m2=12.4091) (r=0.555481) type1=0 type2=4
t=0.0121062 disrupt1 idr=196887(mr=15.9711) id1=196887(m1=14.2037):id2=201574(m2=3.76607) (r=2.38917) typer=4 type1=1 type2=1
t=0.0124849 disrupt1 idr=180743(mr=15.6036) id1=180743(m1=13.7246):id2=201315(m2=2.67796) (r=0.999028) typer=4 type1=1 type2=1
t=0.0136944 disruptboth id1=58454(m1=1.26071) id2=204775(m2=18.513) (r=0.426161) type1=7 type2=1
t=0.0149915 disruptboth id1=2487(m1=1.26071) id2=207192(m2=17.9732) (r=0.25828) type1=8 type2=1
t=0.0149915 disruptboth id1=110964(m1=1.26071) id2=204457(m2=22.3772) (r=0.516727) type1=8 type2=1
t=0.0149915 disrupt1 idr=182191(mr=14.007) id1=182191(m1=12.1786):id2=208210(m2=2.3566) (r=0.691387) typer=4 type1=1 type2=1
t=0.0154819 disruptboth id1=22350(m1=1.26071) id2=207626(m2=19.2799) (r=0.259212) type1=8 type2=1
t=0.0154819 disruptboth id1=9401(m1=1.26071) id2=204911(m2=17.4597) (r=0.342466) type1=7 type2=1
t=0.0154819 disruptboth id1=121643(m1=1.26071) id2=206068(m2=14.42) (r=1.13677) type1=7 type2=1
t=0.0154819 disrupt1 idr=174146(mr=16.2058) id1=174146(m1=12.006):id2=205360(m2=6.56939) (r=1.91259) typer=4 type1=1 type2=1
t=0.0165105 disruptboth id1=127179(m1=1.26071) id2=204992(m2=17.3311) (r=0.834798) type1=7 type2=1
t=0.0165105 disrupt2 idr=205497(mr=1.45017) id1=32027(m1=1.45016):id2=205497(m2=19.675) (r=3.07347) typer=13 type1=13 type2=1
t=0.0168847 disruptboth id1=50556(m1=1.26071) id2=200061(m2=18.2682) (r=0.217948) type1=7 type2=1
t=0.0174557 disrupt1 idr=143684(mr=11.1359) id1=143684(m1=11.2181):id2=204650(m2=0.308379) (r=0.685085) typer=4 type1=1 type2=0
t=0.0181929 disruptboth id1=147266(m1=1.26071) id2=205748(m2=12.0421) (r=0.93899) type1=8 type2=1
t=0.0189636 disrupt1 idr=109691(mr=13.1774) id1=109691(m1=10.7507):id2=203063(m2=8.37212) (r=0.352164) typer=4 type1=1 type2=1
t=0.0189636 disrupt1 idr=64743(mr=12.2147) id1=64743(m1=10.5953):id2=203391(m2=2.04934) (r=0.85946) typer=4 type1=1 type2=1
t=0.0196967 disruptboth id1=157709(m1=1.26071) id2=208687(m2=16.4361) (r=0.990494) type1=7 type2=1
t=0.0212172 disruptboth id1=51573(m1=1.26071) id2=209137(m2=18.2152) (r=0.195985) type1=8 type2=1
t=0.0212172 disrupt1 idr=146494(mr=11.5603) id1=146494(m1=10.016):id2=203570(m2=2.061) (r=1.52284) typer=4 type1=1 type2=1
t=0.0227959 disruptboth id1=77074(m1=1.26071) id2=205470(m2=13.513) (r=0.447979) type1=8 type2=1
t=0.0227959 disrupt1 idr=136158(mr=11.2516) id1=136158(m1=9.64547):id2=202867(m2=2.15976) (r=0.964692) typer=4 type1=1 type2=1
t=0.023959 disruptboth id1=155682(m1=1.242) id2=207779(m2=12.9177) (r=1.40588) type1=7 type2=1
t=0.0274344 disrupt2 idr=205502(mr=1.26085) id1=123447(m1=1.26077):id2=205502(m2=15.1751) (r=0.683952) typer=13 type1=13 type2=1
t=0.0285967 disrupt1 idr=187126(mr=9.25165) id1=187126(m1=8.60094):id2=207983(m2=0.935482) (r=2.75635) typer=4 type1=1 type2=1
t=0.0304104 disrupt2 idr=207223(mr=11.8738) id1=157614(m1=1.37573):id2=207223(m2=15.9263) (r=0.863822) typer=4 type1=12 type2=1
t=0.0312206 disrupt1 idr=190641(mr=1.00558) id1=190641(m1=1.82012):id2=201658(m2=1.0191) (r=2.6712) typer=11 type1=7 type2=1
t=0.032274 disrupt2 idr=209057(mr=1.10787) id1=4493(m1=1.16332):id2=209057(m2=9.13129) (r=0.363396) typer=13 type1=12 type2=1
t=0.0328134 disruptboth id1=16457(m1=0.198757) id2=221691(m2=9.32141) (r=0.185281) type1=0 type2=5
t=0.0348608 disrupt2 idr=204188(mr=1.79467) id1=51230(m1=1.34763):id2=204188(m2=14.0398) (r=0.867861) typer=13 type1=12 type2=1
t=0.0358234 disrupt2 idr=202284(mr=10.6618) id1=132598(m1=1.246):id2=202284(m2=14.2299) (r=1.62049) typer=4 type1=12 type2=1
t=0.0365637 disrupt2 idr=207832(mr=1.19039) id1=154048(m1=1.29432):id2=207832(m2=12.168) (r=0.429572) typer=13 type1=12 type2=1
t=0.0375774 disrupt2 idr=204842(mr=1.19038) id1=78946(m1=1.24374):id2=204842(m2=12.3288) (r=0.527251) typer=13 type1=12 type2=1
t=0.0375774 disrupt2 idr=205129(mr=11.0151) id1=159407(m1=1.15844):id2=205129(m2=13.7886) (r=0.72037) typer=4 type1=12 type2=1
t=0.0375774 disrupt1 idr=127146(mr=11.7609) id1=127146(m1=7.51696):id2=206793(m2=5.48509) (r=1.61885) typer=4 type1=1 type2=1
t=0.0383109 disrupt2 idr=206193(mr=10.6589) id1=980(m1=1.23376):id2=206193(m2=14.0374) (r=0.709835) typer=4 type1=12 type2=1
t=0.0383109 disrupt1 idr=40469(mr=7.98192) id1=40469(m1=7.42566):id2=209389(m2=0.738466) (r=1.07162) typer=4 type1=1 type2=1
t=0.03909 disrupt1 idr=139891(mr=8.70146) id1=139891(m1=7.36711):id2=203088(m2=1.81302) (r=1.69342) typer=4 type1=1 type2=1
t=0.0406273 disrupt1 idr=8383(mr=7.81207) id1=8383(m1=7.23601):id2=201850(m2=0.809968) (r=0.279503) typer=4 type1=1 type2=1
t=0.0428289 disrupt2 idr=200618(mr=1.19737) id1=165960(m1=1.08729):id2=200618(m2=12.9411) (r=1.44316) typer=13 type1=11 type2=1
t=0.0434166 disrupt1 idr=80687(mr=9.89604) id1=80687(m1=6.97494):id2=202381(m2=3.43423) (r=0.869566) typer=4 type1=1 type2=1
t=0.0453812 disrupt2 idr=205448(mr=10.8811) id1=168856(m1=1.41746):id2=205448(m2=12.9318) (r=0.803066) typer=4 type1=7 type2=1
t=0.0460613 disrupt1 idr=108604(mr=8.23099) id1=108604(m1=6.77652):id2=209193(m2=1.58376) (r=0.677323) typer=4 type1=1 type2=1
t=0.0500693 disrupt1 idr=6825(mr=7.69965) id1=6825(m1=6.5148):id2=205537(m2=1.3014) (r=0.428778) typer=2 type1=1 type2=1
t=0.0510143 disrupt2 idr=201704(mr=1.12111) id1=122970(m1=1.01935):id2=201704(m2=11.8205) (r=0.945459) typer=13 type1=11 type2=1
t=0.0520506 disrupt1 idr=3034(mr=7.05262) id1=3034(m1=6.43682):id2=206246(m2=5.83078) (r=0.330241) typer=4 type1=1 type2=1
t=0.0520506 disrupt1 idr=117927(mr=7.80444) id1=117927(m1=6.41899):id2=208537(m2=1.67839) (r=1.72234) typer=4 type1=1 type2=1
t=0.0527382 disrupt1 idr=13618(mr=6.62021) id1=13618(m1=6.37841):id2=206789(m2=0.421742) (r=1.28683) typer=4 type1=1 type2=0
t=0.0533007 disrupt2 idr=200255(mr=1.10787) id1=20945(m1=1.01311):id2=200255(m2=9.99596) (r=0.793368) typer=13 type1=11 type2=1
t=0.0545687 disrupt2 idr=205975(mr=1.10787) id1=40515(m1=0.989822):id2=205975(m2=10.4621) (r=0.103698) typer=13 type1=11 type2=1
t=0.0545687 disrupt1 idr=34404(mr=6.78899) id1=34404(m1=6.28513):id2=203303(m2=0.730208) (r=0.5646) typer=4 type1=1 type2=1
t=0.0545687 disrupt2 idr=208683(mr=1.10787) id1=91620(m1=1.21718):id2=208683(m2=8.23061) (r=0.67958) typer=13 type1=12 type2=1
t=0.0566139 disrupt1 idr=35514(mr=10.4882) id1=35514(m1=6.18459):id2=206561(m2=4.96945) (r=0.417356) typer=4 type1=1 type2=1
t=0.0639006 disrupt2 idr=90047(mr=6.41097) id1=33666(m1=5.35188):id2=90047(m2=5.85859) (r=0.948713) typer=4 type1=1 type2=1
t=0.0643859 disrupt1 idr=186961(mr=5.97166) id1=186961(m1=5.83139):id2=207144(m2=0.211289) (r=3.27661) typer=4 type1=1 type2=0
t=0.0652898 disrupt2 idr=207666(mr=8.90352) id1=151637(m1=0.90615):id2=207666(m2=9.76557) (r=3.04624) typer=5 type1=11 type2=1
t=0.066514 disrupt1 idr=110545(mr=8.26322) id1=110545(m1=5.74944):id2=206445(m2=2.99532) (r=0.292936) typer=4 type1=1 type2=1
t=0.066514 disrupt2 idr=206466(mr=1.10787) id1=173905(m1=0.930199):id2=206466(m2=9.47223) (r=1.16208) typer=13 type1=11 type2=2
t=0.0671725 disrupt1 idr=114968(mr=6.15924) id1=114968(m1=5.72011):id2=204077(m2=0.651833) (r=1.25283) typer=3 type1=1 type2=0
t=0.0676578 disrupt1 idr=109119(mr=7.14653) id1=109119(m1=5.70509):id2=202241(m2=1.61947) (r=0.799127) typer=4 type1=1 type2=1
t=0.0694418 disrupt2 idr=207165(mr=1.26083) id1=175555(m1=1.26083):id2=207165(m2=6.25267) (r=2.52797) typer=13 type1=13 type2=1
t=0.070237 disrupt1 idr=109303(mr=6.55156) id1=109303(m1=5.61439):id2=201620(m2=1.24313) (r=0.201859) typer=4 type1=1 type2=1
t=0.070237 disrupt2 idr=202584(mr=1.10787) id1=162155(m1=0.917686):id2=202584(m2=10.136) (r=1.13411) typer=13 type1=11 type2=1
t=0.0708694 disrupt2 idr=201666(mr=8.89781) id1=10983(m1=1.101):id2=201666(m2=10.1487) (r=0.257316) typer=4 type1=7 type2=1
t=0.0720224 disrupt2 idr=203091(mr=1.10787) id1=84064(m1=0.920752):id2=203091(m2=9.46326) (r=0.757927) typer=13 type1=11 type2=1
t=0.0732158 disrupt2 idr=206850(mr=9.16244) id1=186938(m1=1.08497):id2=206850(m2=9.96128) (r=0.584479) typer=4 type1=7 type2=1
t=0.0763358 disrupt2 idr=202393(mr=9.10986) id1=112683(m1=1.05057):id2=202393(m2=9.8832) (r=0.847432) typer=4 type1=7 type2=1
t=0.077057 disrupt2 idr=206074(mr=1.10787) id1=28881(m1=0.878772):id2=206074(m2=9.09165) (r=0.392584) typer=13 type1=11 type2=1
t=0.0799301 disrupt1 idr=28519(mr=8.76984) id1=28519(m1=5.30295):id2=207018(m2=3.80777) (r=0.257854) typer=4 type1=1 type2=1
t=0.0831159 disrupt2 idr=205397(mr=1.26071) id1=67422(m1=0.944077):id2=205397(m2=1.8362) (r=0.412934) typer=13 type1=11 type2=7
t=0.0843299 disrupt1 idr=139216(mr=5.79186) id1=139216(m1=5.18212):id2=206002(m2=0.718318) (r=1.54005) typer=2 type1=1 type2=0
t=0.0850749 disrupt1 idr=178855(mr=9.58462) id1=178855(m1=5.16643):id2=206600(m2=5.16206) (r=0.640282) typer=4 type1=1 type2=1
t=0.0860371 disrupt1 idr=172204(mr=5.70606) id1=172204(m1=5.13685):id2=204347(m2=0.670976) (r=0.68285) typer=2 type1=1 type2=0
t=0.0860371 disrupt2 idr=202352(mr=7.29932) id1=2305(m1=0.986143):id2=202352(m2=9.32245) (r=0.74222) typer=4 type1=7 type2=1
t=0.0880821 disrupt2 idr=201710(mr=0.960714) id1=84103(m1=0.949167):id2=201710(m2=0.960514) (r=1.39766) typer=12 type1=11 type2=11
t=0.0895358 disrupt1 idr=149220(mr=5.87256) id1=149220(m1=5.06285):id2=205676(m2=4.42712) (r=0.514969) typer=4 type1=2 type2=1
t=0.0903006 disrupt1 idr=85480(mr=5.98794) id1=85480(m1=5.03584):id2=206684(m2=1.08277) (r=0.174536) typer=3 type1=1 type2=1
t=0.0903006 disrupt2 idr=200205(mr=1.26071) id1=152672(m1=0.943042):id2=200205(m2=1.65045) (r=0.705216) typer=13 type1=11 type2=8
t=0.0903006 disrupt1 idr=192855(mr=5.97944) id1=192855(m1=5.04731):id2=201185(m2=1.23139) (r=1.46536) typer=4 type1=2 type2=1
t=0.0919275 disrupt1 idr=83991(mr=5.55157) id1=83991(m1=4.9999):id2=204177(m2=0.703495) (r=0.11471) typer=3 type1=1 type2=0
t=0.0919275 disrupt1 idr=133924(mr=5.62335) id1=133924(m1=4.99641):id2=202982(m2=0.741766) (r=0.830133) typer=2 type1=1 type2=1
t=0.09755 disrupt2 idr=203747(mr=2.34566) id1=188973(m1=0.909447):id2=203747(m2=1.59219) (r=0.946948) typer=8 type1=11 type2=7
t=0.0993385 disrupt1 idr=53200(mr=7.0054) id1=53200(m1=4.83775):id2=202700(m2=2.44306) (r=0.57099) typer=2 type1=2 type2=1
t=0.100087 disrupt1 idr=187362(mr=4.97475) id1=187362(m1=4.82657):id2=202544(m2=0.210405) (r=1.61844) typer=3 type1=2 type2=0
t=0.100256 disrupt1 idr=156245(mr=4.23592) id1=156245(m1=4.82362):id2=209492(m2=0.256275) (r=3.06351) typer=3 type1=2 type2=0
t=0.102691 disrupt1 idr=84368(mr=7.46178) id1=84368(m1=4.77391):id2=202713(m2=2.98988) (r=1.7807) typer=4 type1=2 type2=1
t=0.106499 disrupt1 idr=56904(mr=5.53936) id1=56904(m1=4.70341):id2=207694(m2=0.999717) (r=0.440762) typer=3 type1=2 type2=1
t=0.107352 disrupt2 idr=204113(mr=7.38988) id1=50337(m1=0.830684):id2=204113(m2=7.95062) (r=0.352437) typer=5 type1=11 type2=2
t=0.112182 disrupt2 idr=205771(mr=2.55272) id1=2029(m1=0.867609):id2=205771(m2=1.73209) (r=0.548507) typer=8 type1=7 type2=8
t=0.114455 disrupt2 idr=208247(mr=2.5769) id1=147524(m1=0.841714):id2=208247(m2=1.76521) (r=0.904476) typer=8 type1=7 type2=8
t=0.116641 disrupt1 idr=36783(mr=5.99417) id1=36783(m1=4.5308):id2=200387(m2=3.74516) (r=0.389336) typer=3 type1=2 type2=1
t=0.116641 disrupt1 idr=195295(mr=4.71176) id1=195295(m1=4.52924):id2=201366(m2=0.413868) (r=2.41064) typer=2 type1=2 type2=0
t=0.121409 disrupt1 idr=72662(mr=4.3848) id1=72662(m1=4.45823):id2=202042(m2=2.38756) (r=0.642648) typer=3 type1=2 type2=1
t=0.122099 disrupt1 idr=153986(mr=6.67112) id1=153986(m1=4.44731):id2=208684(m2=4.03402) (r=0.18844) typer=3 type1=2 type2=1
t=0.123137 disrupt2 idr=209586(mr=2.19114) id1=16582(m1=0.826948):id2=209586(m2=1.6488) (r=0.20364) typer=8 type1=7 type2=8
t=0.123319 disrupt2 idr=202218(mr=5.49295) id1=55816(m1=0.82729):id2=202218(m2=7.16652) (r=0.264142) typer=5 type1=11 type2=2
t=0.123517 disrupt1 idr=96867(mr=5.80386) id1=96867(m1=4.42469):id2=201661(m2=1.56838) (r=0.809652) typer=3 type1=2 type2=1
t=0.124464 disrupt1 idr=160961(mr=4.47083) id1=160961(m1=4.4112):id2=202190(m2=0.411848) (r=1.47124) typer=2 type1=2 type2=0
t=0.127056 disrupt1 idr=180915(mr=4.90937) id1=180915(m1=4.37094):id2=207785(m2=0.623547) (r=2.70976) typer=2 type1=2 type2=0
t=0.127908 disrupt2 idr=200386(mr=3.02409) id1=84266(m1=0.824976):id2=200386(m2=6.98809) (r=0.296415) typer=5 type1=11 type2=2
t=0.130594 disrupt1 idr=108925(mr=4.68453) id1=108925(m1=4.32732):id2=208726(m2=3.21313) (r=0.85831) typer=3 type1=2 type2=1
t=0.131384 disrupt1 idr=25970(mr=4.39333) id1=25970(m1=4.31051):id2=207363(m2=0.118244) (r=0.251434) typer=2 type1=2 type2=0
t=0.131384 disrupt2 idr=207754(mr=2.07705) id1=126458(m1=0.808593):id2=207754(m2=1.55162) (r=0.4025) typer=8 type1=7 type2=8
t=0.132213 disrupt2 idr=209213(mr=6.75425) id1=146099(m1=0.796728):id2=209213(m2=7.07657) (r=1.03566) typer=5 type1=11 type2=2
t=0.132342 disrupt1 idr=88843(mr=1.20986) id1=88843(m1=0.804124):id2=201926(m2=0.713589) (r=2.57292) typer=6 type1=8 type2=0
t=0.13327 disrupt2 idr=203375(mr=7.21417) id1=26473(m1=0.812683):id2=203375(m2=7.25563) (r=0.290474) typer=4 type1=8 type2=2
t=0.135784 disrupt1 idr=13903(mr=8.27416) id1=13903(m1=4.25596):id2=208088(m2=4.16272) (r=0.312122) typer=4 type1=2 type2=1
t=0.136419 disrupt1 idr=199193(mr=6.20769) id1=199193(m1=4.17293):id2=201529(m2=3.81981) (r=0.537168) typer=3 type1=2 type2=1
t=0.138141 disrupt1 idr=70274(mr=4.9042) id1=70274(m1=1.25293):id2=208372(m2=4.42772) (r=0.727236) typer=5 type1=6 type2=2
t=0.139615 disrupt2 idr=200475(mr=4.9129) id1=101705(m1=1.20034):id2=200475(m2=4.39725) (r=0.11791) typer=5 type1=12 type2=2
t=0.142409 disrupt1 idr=94384(mr=4.48732) id1=94384(m1=4.17519):id2=204080(m2=0.412428) (r=0.493116) typer=2 type1=2 type2=0
t=0.14578 disrupt1 idr=181662(mr=4.14869) id1=181662(m1=3.781):id2=202830(m2=3.04297) (r=0.159721) typer=3 type1=2 type2=1
t=0.14592 disrupt1 idr=170332(mr=5.00984) id1=170332(m1=4.13162):id2=208214(m2=0.962837) (r=1.10345) typer=2 type1=2 type2=1
t=0.147892 disrupt1 idr=126976(mr=4.31459) id1=126976(m1=4.06931):id2=209790(m2=2.46685) (r=0.363976) typer=3 type1=2 type2=1
t=0.148932 disrupt2 idr=204874(mr=6.14977) id1=199055(m1=0.800266):id2=204874(m2=6.17551) (r=2.95764) typer=5 type1=11 type2=2
t=0.150958 disrupt1 idr=59105(mr=5.56067) id1=59105(m1=4.07984):id2=209688(m2=1.67961) (r=0.271697) typer=2 type1=2 type2=1
t=0.152552 disrupt1 idr=9091(mr=4.84438) id1=9091(m1=4.06315):id2=206406(m2=0.958686) (r=0.280936) typer=2 type1=2 type2=1
t=0.155526 disrupt1 idr=70575(mr=4.2326) id1=70575(m1=4.03041):id2=206530(m2=0.27465) (r=0.535847) typer=2 type1=2 type2=0
t=0.162131 disrupt1 idr=164647(mr=6.39834) id1=164647(m1=3.96383):id2=200831(m2=2.65587) (r=0.939336) typer=2 type1=2 type2=1
t=0.168726 disrupt1 idr=230347(mr=1.47366) id1=230347(m1=0.966942):id2=201093(m2=0.549659) (r=0.918591) typer=6 type1=8 type2=0
t=0.169088 disrupt1 idr=145976(mr=5.77416) id1=145976(m1=3.90263):id2=206236(m2=3.422) (r=0.920473) typer=3 type1=3 type2=1
t=0.171029 disrupt1 idr=161227(mr=3.78208) id1=161227(m1=3.88469):id2=200353(m2=0.503434) (r=5.45842) typer=3 type1=3 type2=0
t=0.173064 disrupt2 idr=202121(mr=1.93438) id1=112158(m1=0.687962):id2=202121(m2=1.37637) (r=0.564166) typer=8 type1=7 type2=8
t=0.176155 disrupt2 idr=209978(mr=5.41858) id1=177860(m1=0.764336):id2=209978(m2=5.46926) (r=0.11222) typer=5 type1=11 type2=2
t=0.177674 disrupt2 idr=206143(mr=5.84999) id1=131471(m1=0.7005):id2=206143(m2=6.05437) (r=0.224388) typer=5 type1=11 type2=2
t=0.178502 disrupt1 idr=84345(mr=3.98164) id1=84345(m1=3.25722):id2=208849(m2=3.34633) (r=0.367333) typer=3 type1=2 type2=1
t=0.180112 disrupt2 idr=204037(mr=1.97044) id1=163584(m1=0.65472):id2=204037(m2=1.38733) (r=0.31012) typer=8 type1=7 type2=8
t=0.180157 disrupt1 idr=125375(mr=3.7515) id1=125375(m1=3.80509):id2=205338(m2=0.397809) (r=0.737338) typer=3 type1=2 type2=0
t=0.182584 disrupt1 idr=181937(mr=3.85165) id1=181937(m1=3.78068):id2=206190(m2=0.0998282) (r=0.247135) typer=2 type1=2 type2=0
t=0.183489 disrupt1 idr=80208(mr=4.74181) id1=80208(m1=3.74086):id2=208989(m2=2.06915) (r=0.189758) typer=3 type1=2 type2=1
t=0.184871 disrupt1 idr=32167(mr=3.98464) id1=32167(m1=3.7663):id2=79227(m2=0.494425) (r=0.58455) typer=2 type1=2 type2=0
t=0.18614 disrupt1 idr=56666(mr=4.20859) id1=56666(m1=3.75386):id2=200140(m2=0.549983) (r=0.203637) typer=2 type1=2 type2=0
t=0.187023 disrupt1 idr=182050(mr=3.79949) id1=182050(m1=3.75241):id2=205525(m2=2.10263) (r=1.3248) typer=3 type1=3 type2=1
t=0.191863 disrupt1 idr=9804(mr=5.21124) id1=9804(m1=3.69073):id2=203740(m2=2.70182) (r=0.42743) typer=3 type1=2 type2=1
t=0.194595 disrupt1 idr=51905(mr=4.75139) id1=51905(m1=3.69197):id2=209697(m2=2.08303) (r=0.253044) typer=3 type1=2 type2=1
t=0.197783 disrupt1 idr=90455(mr=5.48831) id1=90455(m1=3.53843):id2=204200(m2=3.15792) (r=0.106506) typer=3 type1=2 type2=1
t=0.207746 disrupt1 idr=168198(mr=4.64418) id1=168198(m1=3.59917):id2=206400(m2=1.95588) (r=1.53351) typer=3 type1=2 type2=1
t=0.211561 disrupt1 idr=77915(mr=4.10884) id1=77915(m1=3.57616):id2=207059(m2=2.08731) (r=0.330177) typer=3 type1=3 type2=1
t=0.220235 disrupt1 idr=2458(mr=4.57833) id1=2458(m1=3.51751):id2=208108(m2=1.21788) (r=0.107704) typer=2 type1=2 type2=1
t=0.222792 disrupt1 idr=67602(mr=3.78346) id1=67602(m1=3.50208):id2=208471(m2=0.412785) (r=1.16035) typer=2 type1=2 type2=0
t=0.223545 disrupt2 idr=22802(mr=3.33101) id1=16002(m1=1.29901):id2=22802(m2=3.50229) (r=0.287219) typer=3 type1=1 type2=3
t=0.225976 disrupt1 idr=126263(mr=3.86279) id1=126263(m1=3.43618):id2=203278(m2=0.426616) (r=0.164786) typer=1 type1=1 type2=0
t=0.227081 disrupt1 idr=175297(mr=4.25362) id1=175297(m1=3.34293):id2=205922(m2=1.69626) (r=2.06303) typer=3 type1=2 type2=1
t=0.227773 disrupt1 idr=151442(mr=4.6554) id1=151442(m1=3.36097):id2=201282(m2=2.29288) (r=0.536781) typer=3 type1=2 type2=1
t=0.229584 disrupt1 idr=5623(mr=3.52381) id1=5623(m1=2.63882):id2=206177(m2=2.82483) (r=1.07444) typer=3 type1=2 type2=1
t=0.23911 disrupt1 idr=2340(mr=4.26639) id1=2340(m1=3.41294):id2=208567(m2=2.93304) (r=0.312744) typer=3 type1=3 type2=1
t=0.239428 disrupt1 idr=50439(mr=3.78654) id1=50439(m1=3.29298):id2=205658(m2=1.09516) (r=1.55285) typer=3 type1=2 type2=1
t=0.240017 disrupt1 idr=145790(mr=5.43205) id1=145790(m1=3.27967):id2=204849(m2=3.06071) (r=1.19623) typer=3 type1=2 type2=1
t=0.240476 disrupt1 idr=160072(mr=5.11732) id1=160072(m1=3.25364):id2=201469(m2=2.86431) (r=0.176895) typer=3 type1=2 type2=1
t=0.241298 disrupt2 idr=207153(mr=5.91726) id1=27825(m1=0.829751):id2=207153(m2=6.12925) (r=0.182988) typer=5 type1=11 type2=5
t=0.241658 disrupt1 idr=27792(mr=6.60989) id1=27792(m1=3.39297):id2=200171(m2=3.32655) (r=0.122057) typer=2 type1=2 type2=1
t=0.242687 disrupt1 idr=43445(mr=3.64301) id1=43445(m1=3.38883):id2=209972(m2=0.383882) (r=1.24331) typer=2 type1=2 type2=0
t=0.247425 disrupt1 idr=177743(mr=3.22661) id1=177743(m1=3.36667):id2=207166(m2=0.463095) (r=1.15859) typer=3 type1=3 type2=0
t=0.25067 disrupt1 idr=181038(mr=3.82317) id1=181038(m1=2.867):id2=200450(m2=2.29754) (r=0.0432002) typer=3 type1=2 type2=1
t=0.250765 disrupt2 idr=202082(mr=1.63856) id1=90190(m1=0.764416):id2=202082(m2=0.932302) (r=0.935258) typer=8 type1=7 type2=8
t=0.253461 disrupt1 idr=106067(mr=4.58288) id1=106067(m1=3.33047):id2=201709(m2=1.99584) (r=0.1328) typer=3 type1=2 type2=1
t=0.257116 disrupt1 idr=64187(mr=3.69599) id1=64187(m1=3.30563):id2=206133(m2=0.901196) (r=0.3624) typer=3 type1=2 type2=1
t=0.259555 disrupt1 idr=133121(mr=3.77974) id1=133121(m1=3.30689):id2=201567(m2=2.05234) (r=0.280742) typer=3 type1=3 type2=1
t=0.264458 disrupt1 idr=122014(mr=3.49882) id1=122014(m1=3.27994):id2=204562(m2=0.576123) (r=0.222974) typer=2 type1=2 type2=0
t=0.265412 disrupt1 idr=59460(mr=2.32412) id1=59460(m1=3.28066):id2=202176(m2=1.63674) (r=0.544122) typer=3 type1=3 type2=1
t=0.266414 disrupt2 idr=73897(mr=4.94128) id1=14485(m1=2.7863):id2=73897(m2=3.27311) (r=0.354688) typer=3 type1=1 type2=3
t=0.266568 disrupt1 idr=49336(mr=4.83407) id1=49336(m1=3.24514):id2=208432(m2=2.34044) (r=0.441542) typer=3 type1=2 type2=1
t=0.269165 disrupt1 idr=112821(mr=4.39177) id1=112821(m1=3.2328):id2=208803(m2=1.81601) (r=1.34045) typer=3 type1=2 type2=1
t=0.270984 disrupt1 idr=79166(mr=4.46216) id1=79166(m1=3.2135):id2=201667(m2=1.91168) (r=0.0758929) typer=3 type1=2 type2=1
t=0.27648 disrupt1 idr=171591(mr=4.80614) id1=171591(m1=0.521803):id2=206482(m2=4.28434) (r=3.31545) typer=4 type1=7 type2=1
t=0.277155 disrupt1 idr=84259(mr=4.26919) id1=84259(m1=3.22219):id2=204853(m2=1.61397) (r=0.630985) typer=3 type1=2 type2=1
t=0.278362 disrupt1 idr=81986(mr=3.60093) id1=81986(m1=3.21685):id2=201523(m2=0.850112) (r=0.333771) typer=3 type1=2 type2=1
t=0.278892 disrupt1 idr=84720(mr=3.80606) id1=84720(m1=2.53667):id2=200005(m2=3.08798) (r=0.56285) typer=3 type1=2 type2=1
t=0.281279 disrupt1 idr=120868(mr=4.38332) id1=120868(m1=3.1171):id2=201659(m2=1.97482) (r=0.233039) typer=3 type1=2 type2=1
t=0.281797 disrupt1 idr=8935(mr=4.17256) id1=8935(m1=3.08444):id2=208633(m2=1.71971) (r=0.202743) typer=3 type1=2 type2=1
t=0.283543 disrupt1 idr=719(mr=4.74724) id1=719(m1=3.02382):id2=205833(m2=2.01067) (r=0.235562) typer=2 type1=2 type2=1
t=0.287243 disrupt1 idr=112254(mr=4.9665) id1=112254(m1=3.14504):id2=205436(m2=2.52494) (r=0.254703) typer=3 type1=2 type2=1
t=0.288864 disrupt1 idr=73079(mr=0.824971) id1=73079(m1=0.824714):id2=202916(m2=0.692089) (r=0.379913) typer=12 type1=11 type2=11
t=0.290236 disrupt1 idr=104710(mr=3.67766) id1=104710(m1=3.16517):id2=208680(m2=0.626664) (r=0.191968) typer=2 type1=2 type2=0
t=0.298043 disrupt1 idr=54250(mr=3.38573) id1=54250(m1=3.13516):id2=208248(m2=0.654539) (r=0.0962049) typer=3 type1=3 type2=0
t=0.299922 disrupt2 idr=207255(mr=1.49368) id1=191479(m1=0.708622):id2=207255(m2=0.815109) (r=1.97559) typer=8 type1=7 type2=8
t=0.302293 disrupt1 idr=45757(mr=4.1) id1=45757(m1=3.10834):id2=202500(m2=1.4661) (r=0.280771) typer=3 type1=2 type2=1
t=0.307039 disrupt1 idr=196544(mr=5.86127) id1=196544(m1=3.06051):id2=208733(m2=3.12238) (r=0.360272) typer=3 type1=2 type2=1
t=0.325679 disrupt1 idr=52282(mr=2.78282) id1=52282(m1=3.0362):id2=209979(m2=0.738514) (r=0.129368) typer=3 type1=3 type2=1
t=0.332455 disrupt2 idr=209519(mr=4.83626) id1=181566(m1=0.533503):id2=209519(m2=4.585) (r=0.354065) typer=4 type1=8 type2=3
t=0.33544 disrupt1 idr=142956(mr=2.85464) id1=142956(m1=3.00226):id2=205107(m2=0.575417) (r=0.344609) typer=3 type1=3 type2=0
t=0.337487 disrupt2 idr=203373(mr=1.33411) id1=173166(m1=0.532216):id2=203373(m2=0.8323) (r=0.824547) typer=8 type1=11 type2=8
t=0.339386 disrupt1 idr=190170(mr=4.99981) id1=190170(m1=2.98622):id2=209479(m2=2.59673) (r=0.201797) typer=3 type1=3 type2=1
t=0.340985 disrupt1 idr=60115(mr=3.54782) id1=60115(m1=2.91727):id2=201836(m2=1.06161) (r=0.816835) typer=3 type1=2 type2=1
t=0.342055 disrupt1 idr=33678(mr=3.19077) id1=33678(m1=2.10773):id2=209774(m2=1.08304) (r=0.090627) typer=1 type1=1 type2=1
t=0.346098 disrupt1 idr=140303(mr=4.19947) id1=140303(m1=2.96272):id2=209712(m2=1.71552) (r=0.193318) typer=3 type1=2 type2=1
t=0.354428 disrupt1 idr=39483(mr=4.42678) id1=39483(m1=2.93721):id2=201909(m2=2.01025) (r=0.15367) typer=3 type1=2 type2=1
t=0.356917 disrupt1 idr=19438(mr=4.21153) id1=19438(m1=2.88853):id2=202967(m2=1.82241) (r=0.175892) typer=3 type1=2 type2=1
t=0.36597 disrupt1 idr=63863(mr=3.11578) id1=63863(m1=2.90178):id2=207835(m2=0.304648) (r=0.799562) typer=2 type1=2 type2=0
t=0.367583 disrupt1 idr=30288(mr=3.90664) id1=30288(m1=2.89996):id2=207385(m2=1.67025) (r=0.598418) typer=3 type1=3 type2=1
t=0.379891 disrupt1 idr=5645(mr=3.33667) id1=5645(m1=2.85887):id2=207433(m2=0.532856) (r=0.916234) typer=2 type1=2 type2=0
t=0.39098 disrupt1 idr=52482(mr=4.20636) id1=52482(m1=2.46475):id2=208740(m2=2.47822) (r=0.392906) typer=3 type1=2 type2=1
t=0.396104 disrupt1 idr=159290(mr=4.61948) id1=159290(m1=2.63158):id2=209531(m2=2.54989) (r=0.795581) typer=3 type1=2 type2=1
t=0.403488 disrupt1 idr=7183(mr=3.6142) id1=7183(m1=2.47306):id2=202470(m2=1.69659) (r=0.172742) typer=3 type1=2 type2=1
t=0.411897 disrupt1 idr=143874(mr=3.80526) id1=143874(m1=2.75209):id2=206010(m2=1.4002) (r=5.90244) typer=3 type1=2 type2=1
t=0.412865 disrupt1 idr=48574(mr=2.93526) id1=48574(m1=2.70887):id2=203499(m2=0.226388) (r=0.336274) typer=1 type1=1 type2=0
t=0.422265 disrupt1 idr=118337(mr=2.91371) id1=118337(m1=2.74807):id2=200702(m2=0.191627) (r=1.34395) typer=2 type1=2 type2=0
t=0.42351 disrupt1 idr=111458(mr=2.98926) id1=111458(m1=2.75216):id2=200657(m2=0.63881) (r=0.922776) typer=3 type1=3 type2=0
t=0.424658 disrupt1 idr=148222(mr=4.08958) id1=148222(m1=2.74718):id2=209009(m2=1.7377) (r=0.467936) typer=3 type1=2 type2=1
t=0.425652 disrupt2 idr=306481(mr=3.11697) id1=209997(m1=2.34971):id2=306481(m2=4.57906) (r=0.165272) typer=3 type1=1 type2=3
t=0.425786 disrupt1 idr=56260(mr=2.88716) id1=56260(m1=2.74873):id2=203195(m2=0.962714) (r=0.319208) typer=3 type1=3 type2=1
t=0.427246 disrupt1 idr=107689(mr=3.24535) id1=107689(m1=2.746):id2=200026(m2=1.79771) (r=0.063276) typer=3 type1=3 type2=1
t=0.430664 disrupt1 idr=172202(mr=4.41684) id1=172202(m1=2.9436):id2=200577(m2=2.80587) (r=0.398346) typer=4 type1=5 type2=4
t=0.433936 disrupt1 idr=139508(mr=3.73271) id1=139508(m1=2.7252):id2=208998(m2=1.33229) (r=0.19329) typer=3 type1=2 type2=1
t=0.441952 disrupt1 idr=26283(mr=2.45982) id1=26283(m1=2.7126):id2=205430(m2=0.936712) (r=1.03788) typer=3 type1=3 type2=1
t=0.446999 disrupt1 idr=138786(mr=3.13169) id1=138786(m1=2.70043):id2=201401(m2=1.27595) (r=0.457709) typer=3 type1=3 type2=1
t=0.448866 disrupt1 idr=45742(mr=3.296) id1=45742(m1=2.69183):id2=201149(m2=0.917773) (r=0.210327) typer=3 type1=2 type2=1
t=0.452745 disrupt1 idr=80719(mr=2.42241) id1=80719(m1=2.68968):id2=209758(m2=2.02335) (r=0.380496) typer=3 type1=3 type2=1
t=0.45335 disrupt1 idr=17973(mr=3.05026) id1=17973(m1=2.68139):id2=203435(m2=0.482221) (r=0.486551) typer=2 type1=2 type2=0
t=0.458419 disrupt1 idr=86369(mr=3.60365) id1=86369(m1=2.67253):id2=203247(m2=1.32317) (r=0.0271515) typer=3 type1=3 type2=1
t=0.464753 disrupt1 idr=196142(mr=4.05382) id1=196142(m1=2.65956):id2=203327(m2=1.90525) (r=1.99479) typer=3 type1=3 type2=1
t=0.46995 disrupt1 idr=16028(mr=2.20172) id1=16028(m1=2.65323):id2=205533(m2=0.278942) (r=0.190328) typer=3 type1=3 type2=0
t=0.475043 disrupt1 idr=156816(mr=3.61101) id1=156816(m1=2.29532):id2=209302(m2=1.83149) (r=0.645086) typer=3 type1=2 type2=1
t=0.476257 disrupt1 idr=180699(mr=3.653) id1=180699(m1=2.53872):id2=208852(m2=1.4335) (r=1.07407) typer=3 type1=2 type2=1
t=0.477617 disrupt2 idr=137654(mr=0.173175) id1=20651(m1=0.811081):id2=137654(m2=0.318108) (r=0.300852) typer=10 type1=11 type2=10
t=0.487339 disrupt1 idr=149353(mr=1.81) id1=149353(m1=2.61841):id2=201136(m2=0.99384) (r=0.606454) typer=3 type1=3 type2=1
t=0.48773 disrupt1 idr=57457(mr=3.88775) id1=57457(m1=2.61259):id2=203629(m2=1.67449) (r=0.425317) typer=3 type1=3 type2=1
t=0.512813 disrupt1 idr=152669(mr=4.15208) id1=152669(m1=2.5575):id2=208374(m2=1.9215) (r=0.0419652) typer=3 type1=2 type2=1
t=0.522877 disrupt1 idr=140377(mr=3.8441) id1=140377(m1=2.54776):id2=201046(m2=1.70512) (r=0.564569) typer=3 type1=3 type2=1
t=0.523331 disrupt1 idr=177826(mr=3.88093) id1=177826(m1=2.53914):id2=201860(m2=1.64168) (r=0.663715) typer=3 type1=2 type2=1
t=0.524626 disrupt1 idr=87748(mr=3.99105) id1=87748(m1=2.53846):id2=206509(m2=1.76308) (r=0.141308) typer=3 type1=2 type2=1
t=0.525981 disrupt1 idr=19591(mr=4.18486) id1=19591(m1=2.54391):id2=208928(m2=2.1758) (r=0.186601) typer=3 type1=3 type2=1
t=0.529298 disrupt1 idr=57301(mr=3.65073) id1=57301(m1=2.53494):id2=201418(m2=1.38697) (r=0.243151) typer=3 type1=2 type2=1
t=0.529615 disrupt1 idr=178172(mr=1.90993) id1=178172(m1=2.73605):id2=206440(m2=0.116227) (r=0.721196) typer=5 type1=5 type2=0
t=0.531547 disrupt1 idr=124021(mr=3.62087) id1=124021(m1=2.52466):id2=209181(m2=1.36218) (r=1.37353) typer=3 type1=2 type2=1
t=0.534732 disrupt1 idr=87795(mr=3.92308) id1=87795(m1=2.52894):id2=205910(m2=1.99667) (r=0.303227) typer=3 type1=3 type2=1
t=0.537622 disrupt1 idr=123369(mr=2.68812) id1=123369(m1=2.51994):id2=202062(m2=0.232612) (r=6.46126) typer=2 type1=2 type2=0
t=0.540204 disrupt1 idr=137073(mr=2.12406) id1=137073(m1=2.52294):id2=205200(m2=0.17868) (r=2.08788) typer=4 type1=4 type2=0
t=0.542402 disrupt1 idr=118236(mr=2.81509) id1=118236(m1=2.51846):id2=208488(m2=1.55363) (r=0.271133) typer=3 type1=3 type2=1
t=0.558291 disrupt1 idr=167017(mr=2.18071) id1=167017(m1=2.4931):id2=200189(m2=1.80954) (r=0.0987083) typer=3 type1=3 type2=1
t=0.559357 disrupt1 idr=127933(mr=2.97231) id1=127933(m1=2.48483):id2=209792(m2=0.706404) (r=3.45701) typer=3 type1=2 type2=0
t=0.561239 disrupt1 idr=113341(mr=3.99247) id1=113341(m1=2.4824):id2=201981(m2=1.83211) (r=0.61732) typer=3 type1=3 type2=1
t=0.562515 disrupt1 idr=152604(mr=3.01889) id1=152604(m1=2.47967):id2=202889(m2=0.766858) (r=0.156293) typer=3 type1=2 type2=1
t=0.563602 disrupt1 idr=142797(mr=2.23097) id1=142797(m1=2.48367):id2=204141(m2=0.383635) (r=0.778797) typer=3 type1=3 type2=0
t=0.566583 disrupt1 idr=129038(mr=4.821) id1=129038(m1=2.47262):id2=201489(m2=2.4482) (r=0.344481) typer=2 type1=2 type2=1
t=0.566822 disrupt1 idr=139925(mr=2.92645) id1=139925(m1=2.47506):id2=208456(m2=0.782553) (r=1.30427) typer=3 type1=3 type2=1
t=0.568723 disrupt1 idr=193852(mr=2.95897) id1=193852(m1=2.47448):id2=202635(m2=1.17249) (r=1.04402) typer=3 type1=3 type2=1
t=0.571323 disrupt1 idr=158772(mr=2.97667) id1=158772(m1=2.46317):id2=203758(m2=0.731143) (r=0.645939) typer=3 type1=2 type2=1
t=0.576376 disrupt1 idr=113535(mr=2.88746) id1=113535(m1=2.4538):id2=208913(m2=0.636859) (r=2.57119) typer=3 type1=2 type2=0
t=0.581546 disrupt1 idr=128586(mr=3.49155) id1=128586(m1=2.45455):id2=201429(m2=1.76057) (r=0.171442) typer=3 type1=3 type2=1
t=0.583571 disrupt1 idr=163476(mr=3.87472) id1=163476(m1=2.44366):id2=204923(m2=1.70087) (r=1.6801) typer=3 type1=2 type2=1
t=0.584704 disrupt1 idr=146585(mr=4.04544) id1=146585(m1=2.44025):id2=206562(m2=1.87948) (r=0.211008) typer=3 type1=2 type2=1
t=0.586412 disrupt1 idr=76656(mr=3.45646) id1=76656(m1=2.44175):id2=200098(m2=1.25759) (r=0.694468) typer=3 type1=2 type2=1
t=0.586835 disrupt1 idr=182529(mr=1.81772) id1=182529(m1=2.44867):id2=208826(m2=1.13898) (r=2.00096) typer=3 type1=3 type2=1
t=0.587768 disrupt1 idr=12463(mr=2.03506) id1=12463(m1=2.447):id2=65083(m2=0.371575) (r=0.274219) typer=3 type1=3 type2=0
t=0.594059 disrupt1 idr=34335(mr=4.22484) id1=34335(m1=2.4298):id2=205258(m2=1.88559) (r=0.239687) typer=2 type1=2 type2=1
t=0.609236 disrupt1 idr=111033(mr=3.30691) id1=111033(m1=2.40391):id2=202313(m2=1.0515) (r=0.61029) typer=2 type1=2 type2=1
t=0.613504 disrupt1 idr=175397(mr=3.15022) id1=175397(m1=2.40917):id2=206986(m2=1.77066) (r=0.213254) typer=3 type1=3 type2=1
t=0.616064 disrupt1 idr=98441(mr=3.55474) id1=98441(m1=2.39884):id2=208867(m2=1.38677) (r=0.146064) typer=3 type1=2 type2=1
t=0.620259 disrupt1 idr=153465(mr=3.46881) id1=153465(m1=2.3953):id2=202834(m2=1.34908) (r=0.878808) typer=3 type1=3 type2=1
t=0.624233 disrupt1 idr=6080(mr=4.23102) id1=6080(m1=2.38381):id2=209164(m2=2.06969) (r=0.237122) typer=3 type1=2 type2=1
t=0.625909 disrupt1 idr=134039(mr=3.99739) id1=134039(m1=2.36671):id2=204039(m2=1.8759) (r=0.110589) typer=3 type1=2 type2=1
t=0.628849 disrupt1 idr=84607(mr=2.86216) id1=84607(m1=2.38188):id2=206012(m2=0.580618) (r=1.30373) typer=2 type1=2 type2=0
t=0.634925 disrupt1 idr=161589(mr=3.0733) id1=161589(m1=2.36954):id2=200572(m2=0.928715) (r=0.377048) typer=3 type1=2 type2=1
t=0.645582 disrupt1 idr=175462(mr=3.79134) id1=175462(m1=2.34728):id2=200674(m2=1.68165) (r=0.397186) typer=3 type1=2 type2=1
t=0.647878 disrupt1 idr=176469(mr=3.07754) id1=176469(m1=2.35727):id2=205400(m2=0.945281) (r=0.820511) typer=3 type1=2 type2=1
t=0.648916 disrupt1 idr=160900(mr=3.47306) id1=160900(m1=2.35737):id2=206566(m2=1.39855) (r=3.00338) typer=3 type1=3 type2=1
t=0.654053 disrupt1 idr=152612(mr=2.69888) id1=152612(m1=2.34863):id2=200578(m2=0.439114) (r=0.206901) typer=2 type1=2 type2=0
t=0.659338 disrupt1 idr=12766(mr=2.37853) id1=12766(m1=2.3489):id2=203358(m2=1.04931) (r=0.64072) typer=3 type1=3 type2=1
t=0.661351 disrupt1 idr=194331(mr=2.65511) id1=194331(m1=2.33975):id2=209929(m2=0.446144) (r=1.19078) typer=2 type1=2 type2=0
t=0.661796 disrupt1 idr=1636(mr=3.95512) id1=1636(m1=2.29817):id2=200408(m2=1.65696) (r=0.228857) typer=1 type1=1 type2=1
t=0.67657 disrupt1 idr=11417(mr=1.98308) id1=11417(m1=2.32808):id2=204131(m2=0.648111) (r=0.600179) typer=3 type1=3 type2=0
t=0.678028 disrupt1 idr=26123(mr=3.57444) id1=26123(m1=2.32318):id2=205556(m2=1.72322) (r=0.655281) typer=3 type1=3 type2=1
t=0.682759 disrupt1 idr=192717(mr=3.97697) id1=192717(m1=2.299):id2=209571(m2=1.89466) (r=0.2455) typer=3 type1=2 type2=1
t=0.690293 disrupt1 idr=99214(mr=2.61927) id1=99214(m1=2.30574):id2=204198(m2=0.50677) (r=0.858791) typer=3 type1=3 type2=0
t=0.691786 disrupt1 idr=83618(mr=4.2881) id1=83618(m1=2.30141):id2=205298(m2=2.14807) (r=1.06298) typer=3 type1=2 type2=1
t=0.714287 disrupt1 idr=110277(mr=4.33269) id1=110277(m1=2.27675):id2=209814(m2=2.18597) (r=0.166423) typer=3 type1=2 type2=1
t=0.715919 disrupt1 idr=19991(mr=3.08093) id1=19991(m1=2.27549):id2=200685(m2=1.03218) (r=1.51533) typer=3 type1=3 type2=1
t=0.716907 disrupt1 idr=191954(mr=4.03435) id1=191954(m1=2.27737):id2=200791(m2=2.0748) (r=0.287705) typer=3 type1=3 type2=1
t=0.728252 disrupt1 idr=166657(mr=3.42691) id1=166657(m1=2.26121):id2=200825(m2=1.35981) (r=0.602523) typer=3 type1=2 type2=1
t=0.73669 disrupt1 idr=77905(mr=2.3197) id1=77905(m1=2.25128):id2=208117(m2=0.102824) (r=0.328617) typer=2 type1=2 type2=0
t=0.737922 disrupt1 idr=70131(mr=3.64066) id1=70131(m1=2.24336):id2=209804(m2=1.59656) (r=0.771971) typer=3 type1=2 type2=1
t=0.740483 disrupt1 idr=6936(mr=2.6972) id1=6936(m1=2.25185):id2=203765(m2=0.786422) (r=1.92801) typer=3 type1=3 type2=1
t=0.74353 disrupt1 idr=57804(mr=3.98549) id1=57804(m1=2.24991):id2=206598(m2=2.12009) (r=0.267361) typer=3 type1=3 type2=1
t=0.744841 disrupt2 idr=202303(mr=1.0888) id1=139043(m1=0.66509):id2=202303(m2=0.424206) (r=1.5323) typer=8 type1=11 type2=7
t=0.750591 disrupt1 idr=86309(mr=3.3148) id1=86309(m1=2.23722):id2=200670(m2=1.26817) (r=1.40339) typer=3 type1=2 type2=1
t=0.751803 disrupt1 idr=157773(mr=2.47345) id1=157773(m1=2.23549):id2=200656(m2=0.320555) (r=0.924201) typer=2 type1=2 type2=0
t=0.760926 disrupt1 idr=130170(mr=1.89825) id1=130170(m1=2.23454):id2=203798(m2=0.638048) (r=0.779266) typer=3 type1=3 type2=0
t=0.761893 disrupt1 idr=105590(mr=2.56291) id1=105590(m1=2.23304):id2=208723(m2=1.25581) (r=0.745937) typer=3 type1=3 type2=1
t=0.775039 disrupt2 idr=202998(mr=1.2461) id1=191132(m1=0.862472):id2=202998(m2=0.384503) (r=2.84822) typer=8 type1=11 type2=7
t=0.775501 disrupt2 idr=215116(mr=4.63907) id1=203092(m1=1.7974):id2=215116(m2=3.39208) (r=0.236487) typer=3 type1=1 type2=2
t=0.775578 disrupt1 idr=84782(mr=2.28588) id1=84782(m1=2.2184):id2=201114(m2=0.6337) (r=0.743641) typer=3 type1=3 type2=0
t=0.776341 disrupt1 idr=57984(mr=3.69554) id1=57984(m1=2.21048):id2=202068(m2=1.6747) (r=0.204327) typer=3 type1=2 type2=1
t=0.782798 disrupt1 idr=138068(mr=2.59136) id1=138068(m1=2.20432):id2=207846(m2=0.532205) (r=0.326245) typer=3 type1=2 type2=0
t=0.782885 disrupt1 idr=105126(mr=3.91792) id1=105126(m1=2.20445):id2=206174(m2=1.89176) (r=0.039648) typer=3 type1=3 type2=1
t=0.789959 disrupt1 idr=196712(mr=3.46422) id1=196712(m1=2.20198):id2=201042(m2=1.67701) (r=1.16812) typer=3 type1=3 type2=1
t=0.790991 disrupt2 idr=288182(mr=3.35058) id1=43510(m1=0.917018):id2=288182(m2=2.92488) (r=0.0661046) typer=4 type1=1 type2=4
t=0.79913 disrupt1 idr=77061(mr=14.5295) id1=77061(m1=7.48085):id2=162556(m2=7.78501) (r=0.0470307) typer=14 type1=14 type2=14
t=0.800311 disrupt1 idr=48658(mr=2.55619) id1=48658(m1=2.19555):id2=205279(m2=1.50747) (r=0.638106) typer=3 type1=3 type2=1
t=0.800711 disrupt1 idr=171830(mr=3.30291) id1=171830(m1=2.19016):id2=202255(m2=1.40811) (r=0.0984921) typer=3 type1=3 type2=1
t=0.810292 disrupt1 idr=27165(mr=2.17362) id1=27165(m1=2.18292):id2=200137(m2=0.0874275) (r=0.429167) typer=3 type1=3 type2=0
t=0.81138 disrupt1 idr=105901(mr=3.92312) id1=105901(m1=2.17911):id2=206804(m2=1.95892) (r=0.0935406) typer=3 type1=3 type2=1
t=0.817924 disrupt1 idr=62591(mr=2.8803) id1=62591(m1=2.17035):id2=200231(m2=0.885795) (r=0.651641) typer=3 type1=2 type2=1
t=0.819343 disrupt1 idr=170126(mr=2.06595) id1=170126(m1=2.33955):id2=204468(m2=0.260346) (r=2.04194) typer=4 type1=4 type2=0
t=0.8262 disrupt1 idr=1590(mr=2.36638) id1=1590(m1=2.16932):id2=201677(m2=0.623834) (r=1.04171) typer=3 type1=3 type2=0
t=0.836444 disrupt1 idr=172864(mr=2.07522) id1=172864(m1=2.16127):id2=205403(m2=0.269599) (r=1.44511) typer=3 type1=3 type2=0
t=0.836524 disrupt1 idr=35435(mr=3.4802) id1=35435(m1=2.15941):id2=202573(m2=1.77939) (r=0.296521) typer=3 type1=3 type2=1
t=0.837237 disrupt1 idr=119564(mr=3.5728) id1=119564(m1=2.1402):id2=200203(m2=1.6023) (r=0.0962061) typer=3 type1=2 type2=1
t=0.838628 disrupt1 idr=206208(mr=3.83975) id1=206208(m1=2.15877):id2=228933(m2=2.46875) (r=0.629218) typer=3 type1=3 type2=1
t=0.849529 disrupt1 idr=153537(mr=3.16284) id1=153537(m1=2.14771):id2=200625(m2=1.44953) (r=0.0871211) typer=3 type1=3 type2=1
t=0.851684 disrupt1 idr=12278(mr=2.51924) id1=12278(m1=2.14512):id2=205793(m2=0.688723) (r=0.392602) typer=3 type1=3 type2=0
t=0.854883 disrupt1 idr=68120(mr=4.05876) id1=68120(m1=2.13629):id2=206054(m2=2.00479) (r=0.326043) typer=2 type1=2 type2=1
t=0.861708 disrupt1 idr=42179(mr=2.0756) id1=42179(m1=2.1388):id2=79345(m2=0.165076) (r=0.316367) typer=3 type1=3 type2=0
t=0.87114 disrupt1 idr=120032(mr=2.44433) id1=120032(m1=2.13051):id2=205064(m2=0.891855) (r=0.378386) typer=3 type1=3 type2=1
t=0.87852 disrupt2 idr=202936(mr=0.671616) id1=167572(m1=0.530033):id2=202936(m2=0.669801) (r=0.639758) typer=12 type1=11 type2=11
t=0.878777 disrupt1 idr=44856(mr=3.54034) id1=44856(m1=2.12459):id2=208823(m2=1.95334) (r=0.787695) typer=3 type1=3 type2=1
t=0.887006 disrupt1 idr=29927(mr=2.61798) id1=29927(m1=2.10988):id2=200277(m2=0.645922) (r=0.585546) typer=3 type1=2 type2=0
t=0.890604 disrupt1 idr=83243(mr=2.43653) id1=83243(m1=2.11165):id2=209113(m2=0.586671) (r=0.116194) typer=3 type1=3 type2=0
t=0.891759 disrupt1 idr=124426(mr=2.10844) id1=124426(m1=2.11133):id2=202662(m2=0.113195) (r=3.77698) typer=3 type1=3 type2=0
t=0.895734 disrupt1 idr=89400(mr=2.4226) id1=89400(m1=2.10994):id2=202608(m2=0.824871) (r=0.744396) typer=3 type1=3 type2=1
t=0.899908 disrupt1 idr=187215(mr=3.29975) id1=187215(m1=2.10636):id2=202993(m2=1.70565) (r=1.97938) typer=3 type1=3 type2=1
t=0.915435 disrupt1 idr=122686(mr=3.24952) id1=122686(m1=2.09661):id2=201488(m2=2.00295) (r=0.565906) typer=3 type1=3 type2=1
t=0.915928 disrupt1 idr=53754(mr=1.50675) id1=53754(m1=2.09649):id2=205547(m2=1.18031) (r=0.39141) typer=3 type1=3 type2=1
t=0.920672 disrupt1 idr=105667(mr=2.20342) id1=105667(m1=2.0827):id2=200858(m2=0.187386) (r=0.625901) typer=3 type1=2 type2=0
t=0.922831 disrupt1 idr=77061(mr=21.746) id1=77061(m1=14.5295):id2=153147(m2=7.8797) (r=3.5123) typer=14 type1=14 type2=14
t=0.934516 disrupt1 idr=177434(mr=0.0798852) id1=177434(m1=0.23003):id2=280150(m2=0.619636) (r=0.691799) typer=10 type1=10 type2=11
t=0.935002 disrupt1 idr=65554(mr=2.13965) id1=65554(m1=2.07153):id2=207718(m2=0.119121) (r=0.533358) typer=2 type1=2 type2=0
t=0.959893 disrupt1 idr=181691(mr=3.51536) id1=181691(m1=2.05811):id2=205711(m2=1.75441) (r=0.124412) typer=3 type1=3 type2=1
t=0.986699 disrupt1 idr=163259(mr=2.3593) id1=163259(m1=2.03489):id2=209273(m2=0.459366) (r=1.14104) typer=3 type1=3 type2=0
t=0.98685 disrupt1 idr=34453(mr=1.78603) id1=34453(m1=2.04377):id2=208829(m2=0.115008) (r=0.363244) typer=3 type1=3 type2=0
t=0.987792 disrupt1 idr=11231(mr=3.02521) id1=11231(m1=2.03691):id2=202196(m2=1.24981) (r=0.786689) typer=3 type1=3 type2=1
t=0.992459 disrupt1 idr=157088(mr=3.96297) id1=157088(m1=2.02901):id2=205648(m2=1.99998) (r=0.139009) typer=3 type1=2 type2=1
t=1.01422 disrupt1 idr=21310(mr=2.3383) id1=21310(m1=2.01221):id2=205959(m2=0.360505) (r=0.709256) typer=2 type1=2 type2=0
t=1.02149 disrupt1 idr=46400(mr=2.29164) id1=46400(m1=2.00842):id2=208402(m2=0.341006) (r=2.87651) typer=2 type1=2 type2=0
t=1.05504 disrupt1 idr=43829(mr=3.39542) id1=43829(m1=1.99334):id2=208065(m2=1.6752) (r=0.274942) typer=3 type1=3 type2=1
t=1.05598 disrupt1 idr=120181(mr=2.5401) id1=120181(m1=1.99765):id2=206364(m2=1.85826) (r=0.961578) typer=3 type1=3 type2=1
t=1.05723 disrupt1 idr=144671(mr=2.38725) id1=144671(m1=1.9965):id2=203633(m2=1.51227) (r=1.12935) typer=3 type1=3 type2=1
t=1.05786 disrupt1 idr=73166(mr=2.03884) id1=73166(m1=1.98535):id2=201426(m2=0.0936269) (r=0.0783696) typer=3 type1=3 type2=0
t=1.06424 disrupt1 idr=124795(mr=2.73737) id1=124795(m1=1.9884):id2=204761(m2=1.11054) (r=0.342062) typer=3 type1=3 type2=1
t=1.08438 disrupt1 idr=97097(mr=3.07138) id1=97097(m1=1.96843):id2=204069(m2=1.23678) (r=0.720692) typer=3 type1=3 type2=1
t=1.09247 disrupt1 idr=113023(mr=2.49997) id1=113023(m1=1.96212):id2=202113(m2=0.651199) (r=0.632138) typer=3 type1=2 type2=0
t=1.09397 disrupt2 idr=55304(mr=2.21064) id1=224704(m1=0.650725):id2=55304(m2=1.95506) (r=0.407557) typer=5 type1=11 type2=2
t=1.09424 disrupt2 idr=200667(mr=2.2078) id1=173750(m1=0.643858):id2=200667(m2=1.95553) (r=0.260398) typer=5 type1=11 type2=2
t=1.10355 disrupt1 idr=152990(mr=2.45969) id1=152990(m1=1.96666):id2=204952(m2=1.09351) (r=2.79271) typer=3 type1=3 type2=1
t=1.11241 disrupt1 idr=9211(mr=3.13511) id1=9211(m1=1.94883):id2=205606(m2=1.31088) (r=0.402751) typer=3 type1=2 type2=1
t=1.12105 disrupt1 idr=97066(mr=2.04766) id1=97066(m1=1.95674):id2=209543(m2=0.620986) (r=1.5801) typer=3 type1=3 type2=0
t=1.12653 disrupt1 idr=194620(mr=2.90585) id1=194620(m1=1.95242):id2=200441(m2=1.41935) (r=0.842691) typer=3 type1=3 type2=1
t=1.14382 disrupt1 idr=78474(mr=2.00485) id1=78474(m1=1.93762):id2=203817(m2=0.147427) (r=2.46122) typer=3 type1=3 type2=0
t=1.14453 disrupt1 idr=129818(mr=3.25339) id1=129818(m1=1.93631):id2=209550(m2=1.49713) (r=0.294511) typer=3 type1=3 type2=1
t=1.15702 disrupt1 idr=173764(mr=3.48156) id1=173764(m1=1.92634):id2=206096(m2=1.67301) (r=0.889998) typer=3 type1=3 type2=1
t=1.16525 disrupt1 idr=181702(mr=3.16541) id1=181702(m1=1.92045):id2=202585(m2=1.36549) (r=0.294385) typer=3 type1=2 type2=1
t=1.1683 disrupt1 idr=195334(mr=2.15097) id1=195334(m1=1.92475):id2=208233(m2=0.392846) (r=3.10918) typer=3 type1=3 type2=0
t=1.18012 disrupt1 idr=112343(mr=2.33976) id1=112343(m1=1.9159):id2=207714(m2=0.571218) (r=0.461406) typer=3 type1=3 type2=0
t=1.19826 disrupt1 idr=49866(mr=2.32388) id1=49866(m1=1.90229):id2=206888(m2=0.523594) (r=1.16716) typer=3 type1=2 type2=0
t=1.20353 disrupt1 idr=42515(mr=2.02649) id1=42515(m1=1.90587):id2=202655(m2=0.244602) (r=1.20924) typer=3 type1=3 type2=0
t=1.20697 disrupt1 idr=4336(mr=1.78707) id1=4336(m1=1.90989):id2=204489(m2=0.168734) (r=0.51437) typer=3 type1=3 type2=0
t=1.22098 disrupt1 idr=102918(mr=3.13685) id1=102918(m1=1.90068):id2=202260(m2=1.63956) (r=0.235231) typer=3 type1=3 type2=1
t=1.22687 disrupt1 idr=90262(mr=1.89004) id1=90262(m1=1.89654):id2=207557(m2=0.11115) (r=0.752889) typer=3 type1=3 type2=0
t=1.22741 disrupt1 idr=84631(mr=2.74887) id1=84631(m1=1.89454):id2=205422(m2=1.14649) (r=0.53691) typer=3 type1=3 type2=1
t=1.23082 disrupt1 idr=155983(mr=2.21128) id1=155983(m1=1.89774):id2=209119(m2=1.25921) (r=6.49633) typer=3 type1=3 type2=1
t=1.24543 disrupt2 idr=252176(mr=1.9096) id1=202606(m1=1.08288):id2=252176(m2=2.24259) (r=0.3918) typer=3 type1=1 type2=3
t=1.25994 disrupt1 idr=56110(mr=2.12027) id1=56110(m1=1.88065):id2=200777(m2=0.584726) (r=0.732092) typer=3 type1=3 type2=0
t=1.2707 disrupt1 idr=49074(mr=2.46025) id1=49074(m1=1.86399):id2=207227(m2=0.677804) (r=1.38487) typer=2 type1=2 type2=0
t=1.27502 disrupt1 idr=183531(mr=2.02308) id1=183531(m1=1.86688):id2=207017(m2=0.248944) (r=0.982506) typer=3 type1=3 type2=0
t=1.27701 disrupt1 idr=39199(mr=3.02099) id1=39199(m1=1.87257):id2=207345(m2=1.55161) (r=0.433805) typer=3 type1=3 type2=1
t=1.28449 disrupt1 idr=19026(mr=2.69956) id1=19026(m1=1.86189):id2=200011(m2=1.01571) (r=0.502086) typer=3 type1=3 type2=1
t=1.28895 disrupt1 idr=78532(mr=2.97307) id1=78532(m1=1.85795):id2=205363(m2=1.25472) (r=0.186685) typer=3 type1=3 type2=1
t=1.29884 disrupt1 idr=154418(mr=2.65769) id1=154418(m1=1.85942):id2=206472(m2=1.09694) (r=0.379376) typer=3 type1=3 type2=1
t=1.30993 disrupt1 idr=64581(mr=3.368) id1=64581(m1=1.84226):id2=208927(m2=1.61799) (r=0.752098) typer=3 type1=2 type2=1
t=1.31765 disrupt1 idr=189095(mr=1.9818) id1=189095(m1=1.8455):id2=209135(m2=0.211877) (r=0.207399) typer=3 type1=3 type2=0
t=1.31872 disrupt1 idr=172579(mr=1.89191) id1=172579(m1=1.85432):id2=202438(m2=0.542295) (r=0.410725) typer=3 type1=3 type2=0
t=1.32857 disrupt1 idr=126163(mr=2.38355) id1=126163(m1=1.84076):id2=209628(m2=0.685488) (r=0.517961) typer=3 type1=3 type2=0
t=1.34828 disrupt1 idr=133554(mr=1.11659) id1=133554(m1=1.84197):id2=206532(m2=0.467774) (r=0.598398) typer=3 type1=3 type2=0
t=1.35454 disrupt1 idr=198657(mr=1.92794) id1=198657(m1=1.83184):id2=205485(m2=0.19152) (r=2.98112) typer=3 type1=3 type2=0
t=1.35657 disrupt1 idr=38789(mr=2.89557) id1=38789(m1=1.83824):id2=206996(m2=1.81756) (r=0.249374) typer=3 type1=3 type2=1
t=1.36975 disrupt1 idr=20925(mr=1.93157) id1=20925(m1=1.81461):id2=206110(m2=0.132189) (r=0.870371) typer=2 type1=2 type2=0
t=1.37108 disrupt1 idr=33218(mr=2.85351) id1=33218(m1=1.8295):id2=207655(m2=1.45574) (r=0.517783) typer=3 type1=3 type2=1
t=1.37809 disrupt1 idr=181599(mr=1.906) id1=181599(m1=1.78976):id2=204447(m2=0.116239) (r=1.44161) typer=1 type1=1 type2=0
t=1.38144 disrupt1 idr=142700(mr=2.95337) id1=142700(m1=1.81992):id2=203976(m2=1.33874) (r=0.681197) typer=3 type1=3 type2=1
t=1.38587 disrupt1 idr=42582(mr=3.08351) id1=42582(m1=1.81546):id2=208218(m2=1.41968) (r=0.633405) typer=3 type1=3 type2=1
t=1.38908 disrupt1 idr=175031(mr=3.51473) id1=175031(m1=1.80961):id2=209937(m2=1.76262) (r=0.412917) typer=3 type1=2 type2=1
t=1.3918 disrupt1 idr=73724(mr=2.33023) id1=73724(m1=1.80842):id2=208073(m2=0.620891) (r=4.41314) typer=3 type1=2 type2=0
t=1.40038 disrupt1 idr=60432(mr=2.20466) id1=60432(m1=1.79706):id2=201424(m2=0.500257) (r=3.09532) typer=3 type1=2 type2=0
t=1.40284 disrupt1 idr=52518(mr=2.52164) id1=52518(m1=1.81345):id2=209763(m2=1.03324) (r=0.860938) typer=3 type1=3 type2=1
t=1.40612 disrupt1 idr=101304(mr=2.29386) id1=101304(m1=1.81086):id2=202426(m2=0.711908) (r=1.13665) typer=3 type1=3 type2=0
t=1.46512 disrupt1 idr=84630(mr=1.95082) id1=84630(m1=1.78635):id2=205530(m2=0.316451) (r=0.693185) typer=3 type1=3 type2=0
t=1.46828 disrupt1 idr=158622(mr=2.06816) id1=158622(m1=1.77711):id2=200621(m2=0.375121) (r=0.337334) typer=3 type1=3 type2=0
t=1.47579 disrupt1 idr=182903(mr=2.82002) id1=182903(m1=1.77762):id2=202797(m2=1.19747) (r=0.345742) typer=3 type1=3 type2=1
t=1.48575 disrupt1 idr=43934(mr=1.88497) id1=43934(m1=1.76861):id2=205779(m2=0.149854) (r=1.20168) typer=2 type1=2 type2=0
t=1.51334 disrupt1 idr=62340(mr=0.937433) id1=62340(m1=0.306034):id2=209901(m2=0.631408) (r=0.748513) typer=3 type1=10 type2=0
t=1.51879 disrupt1 idr=154329(mr=2.91764) id1=154329(m1=1.7684):id2=201817(m2=1.47839) (r=0.277933) typer=3 type1=3 type2=1
t=1.54709 disrupt1 idr=195437(mr=1.9916) id1=195437(m1=1.75996):id2=206991(m2=0.745948) (r=0.921931) typer=3 type1=3 type2=1
t=1.56386 disrupt1 idr=43107(mr=2.29158) id1=43107(m1=1.75371):id2=201286(m2=1.11071) (r=0.266694) typer=3 type1=3 type2=1
t=1.57568 disrupt1 idr=11772(mr=2.28244) id1=11772(m1=1.74377):id2=209768(m2=0.744311) (r=0.959306) typer=3 type1=3 type2=1
t=1.58508 disrupt1 idr=74275(mr=2.6949) id1=74275(m1=1.73475):id2=207802(m2=1.09922) (r=0.661722) typer=3 type1=3 type2=1
t=1.59384 disrupt1 idr=179613(mr=3.18483) id1=179613(m1=1.73355):id2=206710(m2=1.5643) (r=0.555971) typer=3 type1=3 type2=1
t=1.59558 disrupt1 idr=114005(mr=2.0217) id1=114005(m1=1.73206):id2=207477(m2=0.394151) (r=0.71614) typer=3 type1=3 type2=0
t=1.60279 disrupt1 idr=99318(mr=1.82279) id1=99318(m1=1.73944):id2=204089(m2=0.42672) (r=1.17287) typer=3 type1=3 type2=0
t=1.6101 disrupt2 idr=73461(mr=2.58204) id1=14364(m1=1.28068):id2=73461(m2=1.73656) (r=0.596309) typer=3 type1=1 type2=3
t=1.63341 disrupt1 idr=126572(mr=2.0707) id1=126572(m1=1.71466):id2=201837(m2=0.439173) (r=1.05558) typer=3 type1=2 type2=0
t=1.64712 disrupt1 idr=15028(mr=3.11148) id1=15028(m1=1.71221):id2=208280(m2=1.49589) (r=0.115072) typer=3 type1=3 type2=1
t=1.67393 disrupt1 idr=166527(mr=1.63852) id1=166527(m1=1.71661):id2=203283(m2=0.416151) (r=0.398947) typer=3 type1=3 type2=0
t=1.67524 disrupt1 idr=59066(mr=1.73198) id1=59066(m1=1.71643):id2=203600(m2=0.787574) (r=0.738581) typer=3 type1=3 type2=1
t=1.68037 disrupt1 idr=136589(mr=3.17791) id1=136589(m1=1.69866):id2=201976(m2=1.55037) (r=0.230245) typer=3 type1=2 type2=1
t=1.71476 disrupt1 idr=113998(mr=1.87461) id1=113998(m1=1.68942):id2=205924(m2=0.250172) (r=2.12783) typer=3 type1=3 type2=0
t=1.71598 disrupt1 idr=198585(mr=2.85061) id1=198585(m1=1.69701):id2=206498(m2=1.37021) (r=0.577854) typer=3 type1=3 type2=1
t=1.73693 disrupt1 idr=3365(mr=1.67758) id1=3365(m1=1.69563):id2=208694(m2=0.223287) (r=0.93992) typer=3 type1=3 type2=0
t=1.74374 disrupt1 idr=220963(mr=2.41291) id1=220963(m1=2.41453):id2=202801(m2=0.487923) (r=0.318831) typer=3 type1=3 type2=0
t=1.7443 disrupt1 idr=43801(mr=2.37749) id1=43801(m1=1.67793):id2=209537(m2=0.800768) (r=0.148642) typer=3 type1=2 type2=1
t=1.77945 disrupt1 idr=31229(mr=2.72526) id1=31229(m1=1.68266):id2=208125(m2=1.48929) (r=0.710142) typer=3 type1=3 type2=1
t=1.78121 disrupt1 idr=2207(mr=2.01371) id1=2207(m1=1.67691):id2=205451(m2=0.530777) (r=2.21095) typer=3 type1=3 type2=0
t=1.78625 disrupt1 idr=149162(mr=3.14833) id1=149162(m1=1.66498):id2=209255(m2=1.54795) (r=0.740736) typer=3 type1=2 type2=1
t=1.79123 disrupt1 idr=100174(mr=3.25538) id1=100174(m1=1.66347):id2=204633(m2=1.63949) (r=0.582376) typer=3 type1=2 type2=1
t=1.80004 disrupt1 idr=98585(mr=2.91701) id1=98585(m1=1.66081):id2=201141(m2=1.3451) (r=1.95339) typer=3 type1=2 type2=1
t=1.80184 disrupt1 idr=47287(mr=1.68886) id1=47287(m1=1.67666):id2=202787(m2=0.550164) (r=0.13139) typer=3 type1=3 type2=0
t=1.8168 disrupt1 idr=168599(mr=1.55445) id1=168599(m1=1.67254):id2=207753(m2=0.365672) (r=0.2692) typer=3 type1=3 type2=0
t=1.82085 disrupt1 idr=101900(mr=2.5176) id1=101900(m1=1.67158):id2=208269(m2=1.5184) (r=0.685832) typer=3 type1=3 type2=1
t=1.82564 disrupt1 idr=69312(mr=1.82923) id1=69312(m1=1.66448):id2=200044(m2=0.326827) (r=0.539556) typer=3 type1=3 type2=0
t=1.82874 disrupt2 idr=208832(mr=0.713878) id1=13478(m1=0.631965):id2=208832(m2=0.709377) (r=2.64971) typer=12 type1=11 type2=11
t=1.84813 disrupt1 idr=119955(mr=2.76819) id1=119955(m1=1.6595):id2=206092(m2=1.38555) (r=1.40808) typer=3 type1=3 type2=1
t=1.85006 disrupt1 idr=43814(mr=2.10919) id1=43814(m1=1.65253):id2=207218(m2=0.590873) (r=0.647768) typer=3 type1=3 type2=0
t=1.85216 disrupt1 idr=37797(mr=2.14545) id1=37797(m1=1.65897):id2=201494(m2=0.817965) (r=0.59336) typer=3 type1=3 type2=1
t=1.85613 disrupt1 idr=32278(mr=3.35672) id1=32278(m1=1.65317):id2=405360(m2=1.98047) (r=0.249932) typer=3 type1=3 type2=1
t=1.86122 disrupt1 idr=118937(mr=2.32953) id1=118937(m1=1.65868):id2=206944(m2=1.19465) (r=0.195715) typer=3 type1=3 type2=1
t=1.8663 disrupt1 idr=46210(mr=2.15734) id1=46210(m1=1.6473):id2=202454(m2=0.641031) (r=0.408111) typer=3 type1=3 type2=0
t=1.86773 disrupt1 idr=190199(mr=1.81149) id1=190199(m1=1.65308):id2=203830(m2=0.336181) (r=0.405073) typer=3 type1=3 type2=0
t=1.87101 disrupt1 idr=34954(mr=2.82422) id1=34954(m1=1.64979):id2=205893(m2=1.36293) (r=0.678159) typer=3 type1=3 type2=1
t=1.90438 disrupt1 idr=8140(mr=1.64198) id1=8140(m1=1.64679):id2=201536(m2=0.263782) (r=1.04609) typer=3 type1=3 type2=0
t=1.92067 disrupt1 idr=108428(mr=1.66731) id1=108428(m1=1.64008):id2=206286(m2=0.152243) (r=2.07223) typer=3 type1=3 type2=0
t=1.9571 disrupt2 idr=403650(mr=2.46689) id1=72000(m1=0.967973):id2=403650(m2=2.18155) (r=0.185885) typer=3 type1=1 type2=3
t=1.96905 disrupt1 idr=2497(mr=2.26965) id1=2497(m1=1.62487):id2=208667(m2=0.906658) (r=0.933885) typer=3 type1=3 type2=1
t=1.971 disrupt1 idr=92696(mr=2.61634) id1=92696(m1=1.62026):id2=209372(m2=1.16418) (r=0.550827) typer=3 type1=3 type2=1
t=1.97752 disrupt2 idr=238947(mr=3.3586) id1=4760(m1=0.757747):id2=238947(m2=2.6761) (r=0.341936) typer=2 type1=1 type2=2
t=1.98751 disrupt1 idr=84454(mr=2.05636) id1=84454(m1=1.62453):id2=208678(m2=0.963602) (r=0.210809) typer=3 type1=3 type2=1
t=1.98918 disrupt1 idr=6817(mr=2.24478) id1=6817(m1=1.62482):id2=209170(m2=1.22095) (r=0.545897) typer=3 type1=3 type2=1
t=1.98966 disrupt1 idr=5485(mr=1.66454) id1=5485(m1=1.61114):id2=202637(m2=0.0806129) (r=0.993964) typer=3 type1=3 type2=0
t=1.98985 disrupt1 idr=150802(mr=1.85076) id1=150802(m1=1.61906):id2=204527(m2=0.405335) (r=0.652409) typer=3 type1=3 type2=0
t=2.00637 disrupt1 idr=109005(mr=1.67285) id1=109005(m1=1.60489):id2=200317(m2=0.105239) (r=0.125466) typer=3 type1=3 type2=0
t=2.03196 disrupt1 idr=298094(mr=2.28128) id1=298094(m1=2.23163):id2=117561(m2=0.299135) (r=1.12267) typer=3 type1=2 type2=10
t=2.03963 disrupt1 idr=81521(mr=1.90702) id1=81521(m1=1.60923):id2=202558(m2=0.574894) (r=0.699312) typer=3 type1=3 type2=0
t=2.05209 disrupt1 idr=148139(mr=2.43175) id1=148139(m1=1.60803):id2=209497(m2=1.26648) (r=0.641525) typer=3 type1=3 type2=1
t=2.06995 disrupt1 idr=84146(mr=2.61463) id1=84146(m1=1.59771):id2=203427(m2=1.21809) (r=0.365219) typer=3 type1=3 type2=1
t=2.08107 disrupt1 idr=59135(mr=2.66732) id1=59135(m1=1.59523):id2=205672(m2=1.27026) (r=0.544059) typer=3 type1=3 type2=1
t=2.0897 disrupt1 idr=69967(mr=2.65481) id1=69967(m1=1.596):id2=203651(m2=1.32331) (r=0.263541) typer=3 type1=3 type2=1
t=2.11933 disrupt1 idr=171552(mr=1.62392) id1=171552(m1=1.59055):id2=209130(m2=0.177185) (r=0.61371) typer=3 type1=3 type2=0
t=2.12002 disrupt1 idr=147140(mr=2.2789) id1=147140(m1=1.58437):id2=202634(m2=0.882619) (r=1.09456) typer=3 type1=3 type2=1
t=2.12379 disrupt1 idr=91256(mr=2.52466) id1=91256(m1=1.5926):id2=208405(m2=1.53846) (r=0.354236) typer=3 type1=3 type2=1
t=2.12853 disrupt1 idr=152406(mr=0.717189) id1=152406(m1=0.300902):id2=207362(m2=0.416297) (r=3.49228) typer=3 type1=10 type2=0
t=2.13766 disrupt1 idr=1455(mr=1.7622) id1=1455(m1=1.58655):id2=203874(m2=0.463525) (r=2.21655) typer=3 type1=3 type2=0
t=2.15376 disrupt1 idr=27346(mr=2.38197) id1=27346(m1=1.56717):id2=203003(m2=0.915116) (r=0.101304) typer=3 type1=2 type2=1
t=2.15794 disrupt1 idr=155950(mr=2.31044) id1=155950(m1=1.57758):id2=200515(m2=0.968575) (r=0.558989) typer=3 type1=3 type2=1
t=2.16133 disrupt2 idr=381219(mr=3.32703) id1=67800(m1=1.54599):id2=381219(m2=2.56327) (r=0.289515) typer=3 type1=1 type2=3
t=2.16662 disrupt1 idr=132556(mr=1.9317) id1=132556(m1=1.56698):id2=201770(m2=0.453318) (r=0.185592) typer=3 type1=3 type2=0
t=2.17548 disrupt1 idr=58882(mr=1.71137) id1=58882(m1=1.56075):id2=203689(m2=0.1852) (r=0.871476) typer=2 type1=2 type2=0
t=2.18824 disrupt1 idr=89493(mr=2.1255) id1=89493(m1=1.55923):id2=205124(m2=0.650712) (r=0.157475) typer=3 type1=2 type2=0
t=2.21466 disrupt1 idr=54473(mr=2.21405) id1=54473(m1=1.55324):id2=206089(m2=0.750387) (r=1.16287) typer=3 type1=2 type2=1
t=2.22329 disrupt1 idr=64385(mr=1.81755) id1=64385(m1=1.56957):id2=200526(m2=0.952538) (r=4.61626) typer=3 type1=3 type2=1
t=2.23815 disrupt1 idr=61614(mr=2.43486) id1=61614(m1=1.5576):id2=205937(m2=1.06672) (r=0.227699) typer=3 type1=3 type2=1
t=2.24286 disrupt1 idr=79183(mr=1.74724) id1=79183(m1=1.56308):id2=201148(m2=0.480263) (r=0.612186) typer=3 type1=3 type2=0
t=2.25547 disrupt1 idr=167294(mr=2.88599) id1=167294(m1=1.55557):id2=209343(m2=1.47304) (r=0.469316) typer=3 type1=3 type2=1
t=2.26374 disrupt1 idr=141998(mr=1.7004) id1=141998(m1=1.55345):id2=205416(m2=0.256123) (r=0.979967) typer=3 type1=3 type2=0
t=2.2784 disrupt1 idr=58438(mr=1.56748) id1=58438(m1=1.55808):id2=202849(m2=0.946068) (r=1.32591) typer=3 type1=3 type2=1
t=2.28224 disrupt1 idr=142415(mr=2.79077) id1=142415(m1=1.54229):id2=203243(m2=1.34282) (r=0.232722) typer=3 type1=3 type2=1
t=2.33237 disrupt1 idr=134055(mr=2.76566) id1=134055(m1=1.5396):id2=201687(m2=1.39437) (r=0.256868) typer=3 type1=3 type2=1
t=2.33751 disrupt1 idr=62170(mr=1.89532) id1=62170(m1=1.53822):id2=204630(m2=0.527487) (r=0.578822) typer=3 type1=3 type2=0
t=2.35292 disrupt1 idr=70819(mr=1.57988) id1=70819(m1=1.53152):id2=202397(m2=0.0845983) (r=0.146489) typer=3 type1=3 type2=0
t=2.35389 disrupt1 idr=81261(mr=1.90849) id1=81261(m1=1.54123):id2=208626(m2=0.888585) (r=0.402962) typer=3 type1=3 type2=1
t=2.35779 disrupt1 idr=192167(mr=1.34101) id1=192167(m1=1.54183):id2=203141(m2=0.252525) (r=0.67478) typer=3 type1=3 type2=0
t=2.35885 disrupt1 idr=175083(mr=1.74402) id1=175083(m1=1.52648):id2=208198(m2=0.288014) (r=0.327364) typer=3 type1=3 type2=0
t=2.36461 disrupt1 idr=150536(mr=2.50837) id1=150536(m1=1.52955):id2=202185(m2=1.13601) (r=0.148379) typer=3 type1=3 type2=1
t=2.37191 disrupt1 idr=55159(mr=1.59353) id1=55159(m1=1.52525):id2=200979(m2=0.112606) (r=2.44596) typer=3 type1=3 type2=0
t=2.37248 disrupt1 idr=163681(mr=2.0819) id1=163681(m1=1.52298):id2=203526(m2=0.658095) (r=0.459241) typer=3 type1=3 type2=0
t=2.38168 disrupt1 idr=60093(mr=1.64201) id1=60093(m1=1.53659):id2=201685(m2=0.752562) (r=0.307154) typer=3 type1=3 type2=1
t=2.3819 disrupt1 idr=94544(mr=1.61741) id1=94544(m1=1.53693):id2=202278(m2=1.17641) (r=1.89983) typer=3 type1=3 type2=1
t=2.38294 disrupt2 idr=200980(mr=1.88176) id1=114153(m1=0.589294):id2=200980(m2=1.51733) (r=0.175983) typer=5 type1=11 type2=2
t=2.39403 disrupt1 idr=160792(mr=2.05375) id1=160792(m1=1.52788):id2=203093(m2=0.738965) (r=0.489696) typer=3 type1=3 type2=1
t=2.40839 disrupt1 idr=79577(mr=2.02311) id1=79577(m1=1.51691):id2=206893(m2=0.608822) (r=0.703389) typer=3 type1=3 type2=0
t=2.42253 disrupt1 idr=1255(mr=2.70602) id1=1255(m1=1.51613):id2=206051(m2=1.30382) (r=0.898757) typer=3 type1=3 type2=1
t=2.42442 disrupt1 idr=148693(mr=1.97123) id1=148693(m1=1.52855):id2=209954(m2=1.29205) (r=0.332103) typer=3 type1=3 type2=1
t=2.42859 disrupt1 idr=29127(mr=1.99517) id1=29127(m1=1.52718):id2=202132(m2=1.12049) (r=0.480918) typer=3 type1=3 type2=1
t=2.44215 disrupt1 idr=192292(mr=0.932716) id1=192292(m1=0.291835):id2=202232(m2=0.640889) (r=0.722064) typer=3 type1=10 type2=0
t=2.44255 disrupt1 idr=125274(mr=2.58736) id1=125274(m1=1.52086):id2=206846(m2=1.32656) (r=0.889518) typer=3 type1=3 type2=1
t=2.45731 disrupt1 idr=211008(mr=2.8276) id1=211008(m1=2.71767):id2=208646(m2=0.109927) (r=0.218877) typer=1 type1=1 type2=0
t=2.46109 disrupt2 idr=298346(mr=3.32196) id1=79310(m1=1.39218):id2=298346(m2=2.0012) (r=0.164141) typer=6 type1=1 type2=6
t=2.47926 disrupt2 idr=205254(mr=1.85424) id1=187257(m1=0.570954):id2=205254(m2=1.49875) (r=0.601555) typer=5 type1=11 type2=2
t=2.49548 disrupt1 idr=9780(mr=1.90191) id1=9780(m1=1.51489):id2=178016(m2=1.41312) (r=0.680062) typer=3 type1=3 type2=1
t=2.50294 disrupt1 idr=144487(mr=1.87537) id1=144487(m1=1.50288):id2=201773(m2=0.500232) (r=8.35924) typer=3 type1=3 type2=0
t=2.5077 disrupt1 idr=30759(mr=2.63853) id1=30759(m1=1.51172):id2=206592(m2=1.47418) (r=0.167558) typer=3 type1=3 type2=1
t=2.51949 disrupt1 idr=93254(mr=0.975996) id1=93254(m1=0.29256):id2=205680(m2=0.683444) (r=0.261188) typer=3 type1=10 type2=0
t=2.54172 disrupt1 idr=123168(mr=1.9526) id1=123168(m1=1.50646):id2=200911(m2=1.24006) (r=0.357262) typer=3 type1=3 type2=1
t=2.54489 disrupt1 idr=142914(mr=1.4402) id1=142914(m1=1.50557):id2=206674(m2=0.300814) (r=7.33271) typer=3 type1=3 type2=0
t=2.56582 disrupt1 idr=11526(mr=2.22354) id1=11526(m1=1.48259):id2=231152(m2=0.832763) (r=1.17133) typer=3 type1=2 type2=1
t=2.56614 disrupt1 idr=24731(mr=1.6281) id1=24731(m1=1.49898):id2=207695(m2=0.358187) (r=0.591062) typer=3 type1=3 type2=0
t=2.56885 disrupt1 idr=9072(mr=1.75893) id1=9072(m1=1.49442):id2=208937(m2=0.425022) (r=7.86219) typer=3 type1=3 type2=0
t=2.58307 disrupt1 idr=197070(mr=2.36128) id1=197070(m1=1.48621):id2=207168(m2=1.01635) (r=0.705208) typer=3 type1=3 type2=1
t=2.59934 disrupt1 idr=45509(mr=1.66807) id1=45509(m1=1.49503):id2=202262(m2=1.36991) (r=0.133843) typer=3 type1=3 type2=1
t=2.59934 disrupt1 idr=23465(mr=2.6304) id1=23465(m1=1.48672):id2=200865(m2=1.29127) (r=0.307603) typer=3 type1=3 type2=1
t=2.59971 disrupt1 idr=169413(mr=1.60958) id1=169413(m1=1.47113):id2=202072(m2=0.159672) (r=0.180986) typer=2 type1=2 type2=0
t=2.60633 disrupt1 idr=158156(mr=0.542448) id1=158156(m1=0.31354):id2=200484(m2=0.228915) (r=2.01103) typer=3 type1=10 type2=0
t=2.62583 disrupt1 idr=86678(mr=1.50375) id1=86678(m1=1.49121):id2=203297(m2=0.550981) (r=0.528917) typer=3 type1=3 type2=0
t=2.62813 disrupt1 idr=164353(mr=1.5468) id1=164353(m1=1.47173):id2=200180(m2=0.106858) (r=1.1696) typer=3 type1=3 type2=0
t=2.64382 disrupt1 idr=157279(mr=1.59412) id1=157279(m1=1.4878):id2=203366(m2=0.592055) (r=0.707459) typer=3 type1=3 type2=0
t=2.65144 disrupt1 idr=82632(mr=1.71955) id1=82632(m1=1.48661):id2=207605(m2=1.43123) (r=0.306982) typer=3 type1=3 type2=1
t=2.66586 disrupt1 idr=81629(mr=14.4439) id1=81629(m1=7.472):id2=166801(m2=7.70416) (r=0.142061) typer=14 type1=14 type2=14
t=2.69844 disrupt1 idr=152463(mr=2.69676) id1=152463(m1=1.46977):id2=208810(m2=1.35687) (r=1.28119) typer=3 type1=3 type2=1
t=2.69996 disrupt1 idr=140812(mr=2.2261) id1=140812(m1=1.47702):id2=205932(m2=1.16537) (r=1.04927) typer=3 type1=3 type2=1
t=2.71358 disrupt1 idr=3103(mr=0.995014) id1=3103(m1=0.282609):id2=204222(m2=0.712409) (r=0.420658) typer=3 type1=10 type2=0
t=2.72189 disrupt1 idr=49856(mr=1.85788) id1=49856(m1=1.46893):id2=204717(m2=0.584592) (r=0.27032) typer=3 type1=3 type2=0
t=2.72299 disrupt2 idr=107061(mr=1.10689) id1=12503(m1=0.763036):id2=107061(m2=1.47509) (r=0.51212) typer=3 type1=1 type2=3
t=2.7341 disrupt1 idr=39238(mr=14.7865) id1=39238(m1=7.75895):id2=55732(m2=7.77746) (r=0.0244705) typer=14 type1=14 type2=14
t=2.73566 disrupt2 idr=266590(mr=2.59831) id1=98517(m1=0.713045):id2=266590(m2=2.65466) (r=0.262925) typer=3 type1=0 type2=3
t=2.75093 disrupt1 idr=24146(mr=1.88724) id1=24146(m1=1.46721):id2=201579(m2=0.72463) (r=0.553323) typer=3 type1=3 type2=1
t=2.75301 disrupt1 idr=21802(mr=2.38405) id1=21802(m1=1.4513):id2=204898(m2=1.0296) (r=1.7694) typer=3 type1=3 type2=1
t=2.75375 disrupt1 idr=130475(mr=2.41469) id1=130475(m1=1.46471):id2=205428(m2=1.19495) (r=0.110788) typer=3 type1=3 type2=1
t=2.76906 disrupt1 idr=18800(mr=1.48755) id1=18800(m1=1.46667):id2=209427(m2=0.350022) (r=0.933192) typer=3 type1=3 type2=0
t=2.76929 disrupt1 idr=137247(mr=2.15118) id1=137247(m1=1.45537):id2=201577(m2=0.835852) (r=0.209357) typer=3 type1=3 type2=1
t=2.78597 disrupt1 idr=41495(mr=1.93563) id1=41495(m1=1.45115):id2=208706(m2=0.592411) (r=0.299371) typer=3 type1=3 type2=0
t=2.80259 disrupt1 idr=6196(mr=2.16434) id1=6196(m1=1.45622):id2=204851(m2=0.962216) (r=0.315427) typer=3 type1=3 type2=1
t=2.80909 disrupt1 idr=76921(mr=2.13154) id1=76921(m1=1.45146):id2=201224(m2=0.850262) (r=0.157624) typer=3 type1=3 type2=1
t=2.83356 disrupt1 idr=190669(mr=2.03651) id1=190669(m1=1.45104):id2=206683(m2=0.813377) (r=0.291457) typer=3 type1=3 type2=1
t=2.83486 disrupt1 idr=30500(mr=2.19516) id1=30500(m1=1.45605):id2=208170(m2=1.20665) (r=0.280665) typer=3 type1=3 type2=1
t=2.86965 disrupt1 idr=88835(mr=1.53154) id1=88835(m1=1.42897):id2=203705(m2=0.127144) (r=0.57543) typer=2 type1=2 type2=0
t=2.88847 disrupt1 idr=41188(mr=1.64771) id1=41188(m1=1.42989):id2=208440(m2=0.272085) (r=3.69087) typer=3 type1=3 type2=0
t=2.89321 disrupt1 idr=45769(mr=1.71453) id1=45769(m1=1.44009):id2=203187(m2=0.417099) (r=0.253227) typer=3 type1=3 type2=0
t=2.90117 disrupt1 idr=182546(mr=1.59881) id1=182546(m1=1.44672):id2=208370(m2=0.772485) (r=0.587434) typer=3 type1=3 type2=1
t=2.9225 disrupt1 idr=97605(mr=1.49744) id1=97605(m1=1.44332):id2=209506(m2=0.534952) (r=0.300462) typer=3 type1=3 type2=0
t=2.92951 disrupt1 idr=5063(mr=1.95708) id1=5063(m1=1.4335):id2=202498(m2=0.679038) (r=1.07049) typer=3 type1=3 type2=0
t=2.93098 disrupt1 idr=138368(mr=2.0477) id1=138368(m1=1.43191):id2=206150(m2=0.763623) (r=0.183248) typer=3 type1=3 type2=1
t=2.9438 disrupt2 idr=310447(mr=2.57743) id1=72298(m1=1.17042):id2=310447(m2=2.49706) (r=0.271466) typer=3 type1=1 type2=3
t=2.95587 disrupt1 idr=161775(mr=1.016) id1=161775(m1=0.297957):id2=204681(m2=0.718086) (r=1.84017) typer=3 type1=10 type2=0
t=2.9735 disrupt1 idr=174018(mr=1.73633) id1=174018(m1=1.42944):id2=208588(m2=0.477955) (r=0.813125) typer=3 type1=3 type2=0
t=2.98576 disrupt1 idr=264978(mr=2.08025) id1=264978(m1=3.39633):id2=202159(m2=0.853708) (r=0.384454) typer=3 type1=3 type2=1
t=3.0005 disrupt1 idr=83247(mr=1.40084) id1=83247(m1=1.43183):id2=202348(m2=0.224056) (r=0.306627) typer=3 type1=3 type2=0
t=3.00996 disrupt1 idr=91696(mr=1.68655) id1=91696(m1=1.4257):id2=204670(m2=0.45625) (r=1.15501) typer=3 type1=3 type2=0
t=3.03604 disrupt1 idr=62575(mr=2.09733) id1=62575(m1=1.42578):id2=197588(m2=1.11416) (r=0.264883) typer=3 type1=3 type2=1
t=3.03836 disrupt2 idr=328626(mr=2.717) id1=151370(m1=1.1119):id2=328626(m2=2.15284) (r=0.489133) typer=3 type1=1 type2=3
t=3.04553 disrupt1 idr=52096(mr=1.22996) id1=52096(m1=1.42592):id2=202039(m2=0.166715) (r=1.60519) typer=3 type1=3 type2=0
t=3.06438 disrupt2 idr=149308(mr=2.15685) id1=253662(m1=1.80277):id2=149308(m2=1.42331) (r=0.585692) typer=3 type1=1 type2=3
t=3.07066 disrupt1 idr=37615(mr=1.40546) id1=37615(m1=1.42244):id2=200829(m2=1.0305) (r=0.542777) typer=3 type1=3 type2=1
t=3.0779 disrupt1 idr=43626(mr=2.33547) id1=43626(m1=1.41911):id2=202061(m2=1.24755) (r=0.460033) typer=3 type1=3 type2=1
t=3.11556 disrupt1 idr=189238(mr=1.58643) id1=189238(m1=1.4):id2=205334(m2=0.243716) (r=0.469384) typer=3 type1=3 type2=0
t=3.12167 disrupt1 idr=17431(mr=1.88835) id1=17431(m1=1.41262):id2=202673(m2=0.822609) (r=0.29489) typer=3 type1=3 type2=1
t=3.13351 disrupt1 idr=56911(mr=1.54393) id1=56911(m1=1.40154):id2=205958(m2=0.206908) (r=1.60652) typer=3 type1=3 type2=0
t=3.14451 disrupt1 idr=163516(mr=1.61461) id1=163516(m1=1.40689):id2=203799(m2=0.380961) (r=0.690862) typer=3 type1=3 type2=0
t=3.14503 disrupt1 idr=121735(mr=1.45348) id1=121735(m1=1.4098):id2=209073(m2=0.196733) (r=2.93811) typer=3 type1=3 type2=0
t=3.1499 disrupt1 idr=80429(mr=1.21351) id1=80429(m1=1.41141):id2=207214(m2=0.943866) (r=0.585204) typer=3 type1=3 type2=1
t=3.15773 disrupt1 idr=130863(mr=1.59047) id1=130863(m1=1.40804):id2=209970(m2=0.456882) (r=0.11579) typer=3 type1=3 type2=0
t=3.21678 disrupt1 idr=86935(mr=1.47138) id1=86935(m1=1.38231):id2=208554(m2=0.119431) (r=0.377222) typer=2 type1=2 type2=0
t=3.2249 disrupt1 idr=195602(mr=1.85454) id1=195602(m1=1.39294):id2=209422(m2=0.615576) (r=0.481631) typer=3 type1=3 type2=0
t=3.24063 disrupt1 idr=85884(mr=1.97727) id1=85884(m1=1.39039):id2=208342(m2=0.746869) (r=0.749694) typer=3 type1=3 type2=1
t=3.28518 disrupt1 idr=120909(mr=1.71521) id1=120909(m1=1.38988):id2=201917(m2=0.564845) (r=0.647564) typer=3 type1=3 type2=0
t=3.31441 disrupt1 idr=186078(mr=1.47864) id1=186078(m1=1.38448):id2=200156(m2=0.198155) (r=3.32095) typer=3 type1=3 type2=0
t=3.32413 disrupt1 idr=118361(mr=2.34421) id1=118361(m1=1.37578):id2=209094(m2=1.09171) (r=0.306852) typer=3 type1=3 type2=1
t=3.33629 disrupt1 idr=114155(mr=1.98547) id1=114155(m1=1.38451):id2=205057(m2=0.951008) (r=0.492463) typer=3 type1=3 type2=1
t=3.33758 disrupt1 idr=164704(mr=1.49529) id1=164704(m1=1.38323):id2=206874(m2=0.262688) (r=0.342262) typer=3 type1=3 type2=0
t=3.34985 disrupt1 idr=194900(mr=2.02573) id1=194900(m1=1.37583):id2=208250(m2=0.806099) (r=0.99149) typer=3 type1=3 type2=1
t=3.35328 disrupt1 idr=104425(mr=1.47302) id1=104425(m1=1.36032):id2=206971(m2=0.13493) (r=0.636332) typer=2 type1=2 type2=0
t=3.37535 disrupt1 idr=51035(mr=1.28027) id1=51035(m1=1.38283):id2=207426(m2=0.612829) (r=0.31245) typer=3 type1=3 type2=0
t=3.3853 disrupt1 idr=17502(mr=0.552981) id1=17502(m1=0.543457):id2=201822(m2=0.413422) (r=0.434713) typer=11 type1=11 type2=0
t=3.43724 disrupt1 idr=123732(mr=1.70328) id1=123732(m1=1.36831):id2=208512(m2=0.501355) (r=0.90123) typer=3 type1=3 type2=0
t=3.46848 disrupt1 idr=122454(mr=2.02506) id1=122454(m1=1.36865):id2=200562(m2=1.00341) (r=0.424726) typer=3 type1=3 type2=1
t=3.47653 disrupt1 idr=17765(mr=1.7131) id1=17765(m1=1.35331):id2=205092(m2=0.436757) (r=0.714526) typer=3 type1=3 type2=0
t=3.49479 disrupt1 idr=58224(mr=1.47534) id1=58224(m1=1.35498):id2=200031(m2=0.17232) (r=1.58075) typer=3 type1=3 type2=0
t=3.51165 disrupt1 idr=44237(mr=1.36949) id1=44237(m1=1.36618):id2=205690(m2=0.414308) (r=0.265685) typer=3 type1=3 type2=0
t=3.51554 disrupt2 idr=352003(mr=2.34189) id1=214449(m1=2.01099):id2=352003(m2=2.15318) (r=0.185056) typer=4 type1=1 type2=3
t=3.53959 disrupt1 idr=170295(mr=1.57693) id1=170295(m1=1.35782):id2=203825(m2=0.387896) (r=0.471477) typer=3 type1=3 type2=0
t=3.55684 disrupt1 idr=162226(mr=1.42058) id1=162226(m1=1.3591):id2=205027(m2=0.231044) (r=0.358609) typer=3 type1=3 type2=0
t=3.56564 disrupt1 idr=198511(mr=2.07676) id1=198511(m1=1.35662):id2=206758(m2=1.02444) (r=0.453514) typer=3 type1=3 type2=1
t=3.56629 disrupt1 idr=41365(mr=2.11207) id1=41365(m1=1.35643):id2=203878(m2=1.05191) (r=1.02531) typer=3 type1=3 type2=1
t=3.58392 disrupt1 idr=18599(mr=0.86942) id1=18599(m1=1.35793):id2=209184(m2=0.602832) (r=0.140411) typer=3 type1=3 type2=0
t=3.58442 disrupt1 idr=174422(mr=1.20935) id1=174422(m1=1.35825):id2=201885(m2=0.202329) (r=2.59345) typer=3 type1=3 type2=0
t=3.60312 disrupt1 idr=133455(mr=1.84447) id1=133455(m1=1.35402):id2=200775(m2=0.865502) (r=0.141719) typer=3 type1=3 type2=1
t=3.60396 disrupt2 idr=196647(mr=0.732591) id1=187514(m1=0.442538):id2=196647(m2=0.290074) (r=1.13895) typer=3 type1=0 type2=10
t=3.60746 disrupt1 idr=26502(mr=1.8177) id1=26502(m1=1.34751):id2=200349(m2=0.628753) (r=1.72433) typer=3 type1=3 type2=0
t=3.61334 disrupt1 idr=153853(mr=2.0145) id1=153853(m1=1.34973):id2=200924(m2=0.918334) (r=0.16188) typer=3 type1=3 type2=1
t=3.61497 disrupt1 idr=2565(mr=1.2195) id1=2565(m1=1.35486):id2=204031(m2=0.398022) (r=0.282337) typer=3 type1=3 type2=0
t=3.62694 disrupt1 idr=78912(mr=1.89811) id1=78912(m1=1.33458):id2=202001(m2=0.643084) (r=0.658274) typer=3 type1=3 type2=0
t=3.71919 disrupt1 idr=180634(mr=1.38293) id1=180634(m1=1.34347):id2=208622(m2=0.667348) (r=0.987165) typer=3 type1=3 type2=0
t=3.72728 disrupt1 idr=108779(mr=2.02032) id1=108779(m1=1.33799):id2=203930(m2=0.95404) (r=0.415364) typer=3 type1=3 type2=1
t=3.75493 disrupt1 idr=103863(mr=1.74529) id1=103863(m1=1.31986):id2=286055(m2=0.630329) (r=0.389951) typer=5 type1=2 type2=11
t=3.76445 disrupt1 idr=137672(mr=2.1786) id1=137672(m1=1.3318):id2=202365(m2=1.05133) (r=0.384971) typer=3 type1=3 type2=1
t=3.7653 disrupt1 idr=152345(mr=1.94356) id1=152345(m1=1.3338):id2=202940(m2=0.869786) (r=0.214651) typer=3 type1=3 type2=1
t=3.77627 disrupt2 idr=215934(mr=2.86309) id1=202165(m1=0.979016):id2=215934(m2=2.08088) (r=0.241113) typer=3 type1=1 type2=3
t=3.7975 disrupt1 idr=165599(mr=1.46739) id1=165599(m1=1.33039):id2=209195(m2=0.276098) (r=1.27508) typer=3 type1=3 type2=0
t=3.80375 disrupt1 idr=79213(mr=1.64386) id1=79213(m1=1.32557):id2=203552(m2=0.446629) (r=1.12624) typer=3 type1=3 type2=0
t=3.80525 disrupt1 idr=127038(mr=1.51806) id1=127038(m1=1.33423):id2=205154(m2=0.723539) (r=0.104927) typer=3 type1=3 type2=1
t=3.83478 disrupt1 idr=176839(mr=1.89691) id1=176839(m1=1.33052):id2=209843(m2=1.03784) (r=0.235378) typer=3 type1=3 type2=1
t=3.84473 disrupt1 idr=63676(mr=1.71308) id1=63676(m1=1.31786):id2=205523(m2=0.499342) (r=0.852289) typer=3 type1=3 type2=0
t=3.91717 disrupt1 idr=158958(mr=0.634805) id1=158958(m1=0.279419):id2=204964(m2=0.355453) (r=0.247225) typer=3 type1=10 type2=0
t=3.92724 disrupt1 idr=76587(mr=1.34195) id1=76587(m1=1.32116):id2=204213(m2=0.213577) (r=0.267202) typer=3 type1=3 type2=0
t=3.96682 disrupt1 idr=23394(mr=1.66823) id1=23394(m1=1.31707):id2=206528(m2=0.747359) (r=0.402828) typer=3 type1=3 type2=1
t=3.96964 disrupt1 idr=138292(mr=1.14539) id1=138292(m1=1.318):id2=202552(m2=0.228452) (r=0.720793) typer=3 type1=3 type2=0
t=3.97169 disrupt2 idr=240916(mr=2.49606) id1=200712(m1=0.802431):id2=240916(m2=1.85728) (r=0.126415) typer=3 type1=1 type2=3
t=3.97519 disrupt1 idr=19385(mr=1.43126) id1=19385(m1=1.30609):id2=204159(m2=0.185208) (r=0.828557) typer=3 type1=3 type2=0
t=3.97655 disrupt2 idr=207102(mr=1.60371) id1=63805(m1=0.542717):id2=207102(m2=1.30303) (r=0.196486) typer=5 type1=11 type2=3
t=3.9831 disrupt1 idr=50299(mr=1.51771) id1=50299(m1=1.31661):id2=204512(m2=0.86465) (r=0.146927) typer=3 type1=3 type2=1
t=3.99113 disrupt1 idr=146591(mr=1.36969) id1=146591(m1=1.31544):id2=209339(m2=0.436561) (r=0.727429) typer=3 type1=3 type2=0
t=4.14944 disrupt1 idr=157117(mr=1.76874) id1=157117(m1=1.2998):id2=202765(m2=0.899088) (r=0.289974) typer=3 type1=3 type2=1
t=4.15646 disrupt1 idr=120524(mr=1.03448) id1=120524(m1=1.30032):id2=209599(m2=0.380647) (r=0.336797) typer=3 type1=3 type2=0
t=4.22768 disrupt1 idr=73693(mr=1.65014) id1=73693(m1=1.28963):id2=208281(m2=0.578291) (r=0.0881783) typer=3 type1=3 type2=0
t=4.28122 disrupt1 idr=110166(mr=1.90339) id1=110166(m1=1.2841):id2=202560(m2=0.857964) (r=0.197679) typer=3 type1=3 type2=1
t=4.29235 disrupt1 idr=166936(mr=1.28013) id1=166936(m1=1.28715):id2=208068(m2=0.119314) (r=4.93933) typer=3 type1=3 type2=0
t=4.2937 disrupt1 idr=85557(mr=1.35899) id1=85557(m1=1.28815):id2=200912(m2=1.02442) (r=0.341343) typer=3 type1=3 type2=1
t=4.3096 disrupt1 idr=160449(mr=1.87114) id1=160449(m1=1.27406):id2=201415(m2=0.709005) (r=0.172168) typer=3 type1=3 type2=0
t=4.31727 disrupt2 idr=266985(mr=1.13313) id1=8616(m1=0.980558):id2=266985(m2=2.32309) (r=0.0704696) typer=6 type1=1 type2=6
t=4.35512 disrupt1 idr=204441(mr=1.70839) id1=204441(m1=1.26993):id2=243089(m2=0.83954) (r=0.0871828) typer=5 type1=3 type2=11
t=4.35773 disrupt2 idr=249076(mr=1.66441) id1=154618(m1=1.09428):id2=249076(m2=2.3215) (r=0.195396) typer=5 type1=1 type2=5
t=4.35773 disrupt1 idr=110586(mr=1.37095) id1=110586(m1=1.27465):id2=202942(m2=0.166311) (r=1.298) typer=3 type1=3 type2=0
t=4.36016 disrupt1 idr=102373(mr=1.43858) id1=102373(m1=1.26153):id2=203859(m2=0.214782) (r=0.350323) typer=2 type1=2 type2=0
t=4.37551 disrupt1 idr=27934(mr=2.019) id1=27934(m1=1.27122):id2=206746(m2=0.900331) (r=0.0957875) typer=3 type1=3 type2=1
t=4.42366 disrupt1 idr=54004(mr=2.10186) id1=54004(m1=1.25979):id2=185531(m2=1.30523) (r=0.216609) typer=5 type1=3 type2=12
t=4.43319 disrupt1 idr=283809(mr=3.00934) id1=283809(m1=2.44791):id2=203587(m2=1.0569) (r=0.0867758) typer=3 type1=3 type2=1
t=4.44042 disrupt2 idr=243342(mr=2.8868) id1=1556(m1=1.27436):id2=243342(m2=2.99305) (r=0.0573818) typer=4 type1=3 type2=5
t=4.44486 disrupt1 idr=13697(mr=2.29268) id1=13697(m1=1.2689):id2=205157(m2=1.18367) (r=0.0920646) typer=3 type1=3 type2=1
t=4.46276 disrupt1 idr=189576(mr=2.25929) id1=189576(m1=1.27064):id2=202570(m2=1.20914) (r=0.225338) typer=3 type1=3 type2=1
t=4.47047 disrupt1 idr=133145(mr=1.09328) id1=133145(m1=1.27291):id2=200024(m2=0.839372) (r=0.41342) typer=3 type1=3 type2=1
t=4.49926 disrupt2 idr=128462(mr=3.04344) id1=322047(m1=2.02025):id2=128462(m2=1.26831) (r=0.213858) typer=3 type1=3 type2=3
t=4.5068 disrupt2 idr=257852(mr=2.77475) id1=188643(m1=0.984319):id2=257852(m2=2.01936) (r=0.134581) typer=3 type1=1 type2=3
t=4.51265 disrupt1 idr=68639(mr=1.47961) id1=68639(m1=1.26403):id2=209254(m2=0.363058) (r=0.683068) typer=3 type1=3 type2=0
t=4.51861 disrupt1 idr=109115(mr=1.31494) id1=109115(m1=1.26851):id2=207318(m2=0.29994) (r=0.82462) typer=3 type1=3 type2=0
t=4.5304 disrupt2 idr=359741(mr=1.57336) id1=296431(m1=1.25691):id2=359741(m2=1.94291) (r=0.0641283) typer=3 type1=1 type2=3
t=4.55038 disrupt1 idr=322333(mr=2.82276) id1=322333(m1=2.30598):id2=206198(m2=0.824958) (r=0.0860999) typer=3 type1=3 type2=1
t=4.56597 disrupt1 idr=126118(mr=15.0699) id1=126118(m1=7.82886):id2=194475(m2=8.00517) (r=0.0299868) typer=14 type1=14 type2=14
t=4.57981 disrupt1 idr=26746(mr=0.923627) id1=26746(m1=1.26412):id2=206797(m2=0.485352) (r=0.117982) typer=3 type1=3 type2=0
t=4.60679 disrupt1 idr=177770(mr=1.40799) id1=177770(m1=1.26187):id2=209311(m2=0.583301) (r=0.482808) typer=3 type1=3 type2=0
t=4.62316 disrupt1 idr=103351(mr=2.91182) id1=103351(m1=1.22968):id2=219102(m2=1.75923) (r=0.171871) typer=2 type1=2 type2=1
t=4.63587 disrupt1 idr=111991(mr=1.35856) id1=111991(m1=1.24114):id2=203924(m2=0.151578) (r=1.41995) typer=3 type1=3 type2=0
t=4.65537 disrupt1 idr=81172(mr=2.087) id1=81172(m1=1.24907):id2=203870(m2=0.990575) (r=0.19) typer=3 type1=3 type2=1
t=4.71939 disrupt1 idr=252164(mr=0.10883) id1=252164(m1=0.288838):id2=299449(m2=0.526031) (r=1.83855) typer=10 type1=10 type2=11
t=4.85451 disrupt1 idr=102784(mr=1.13505) id1=102784(m1=1.24326):id2=200415(m2=0.843117) (r=0.220756) typer=3 type1=3 type2=1
t=5.00012 disrupt1 idr=48615(mr=1.07967) id1=48615(m1=1.23259):id2=207112(m2=0.160296) (r=0.657633) typer=3 type1=3 type2=0
t=5.00333 disrupt1 idr=50782(mr=1.96261) id1=50782(m1=1.21375):id2=51984(m2=0.829808) (r=0.326022) typer=3 type1=2 type2=1
t=5.01176 disrupt1 idr=77803(mr=0.777286) id1=77803(m1=1.23125):id2=204168(m2=0.336698) (r=0.312978) typer=3 type1=3 type2=0
t=5.03634 disrupt1 idr=27086(mr=1.6868) id1=27086(m1=1.22078):id2=209338(m2=0.591643) (r=0.519635) typer=3 type1=3 type2=0
t=5.08609 disrupt1 idr=163776(mr=1.34057) id1=163776(m1=1.22397):id2=208873(m2=0.271366) (r=0.732366) typer=3 type1=3 type2=0
t=5.14461 disrupt2 idr=183593(mr=0.935883) id1=42578(m1=0.677123):id2=183593(m2=0.258761) (r=0.103546) typer=3 type1=0 type2=10
t=5.15509 disrupt1 idr=32857(mr=1.40011) id1=32857(m1=1.2142):id2=207030(m2=0.2811) (r=0.171308) typer=3 type1=3 type2=0
t=5.1632 disrupt1 idr=120065(mr=1.24002) id1=120065(m1=1.21818):id2=201086(m2=0.101632) (r=0.256972) typer=3 type1=3 type2=0
t=5.1654 disrupt1 idr=175825(mr=1.30314) id1=175825(m1=1.19919):id2=205498(m2=0.127477) (r=3.99668) typer=2 type1=2 type2=0
t=5.20173 disrupt1 idr=188819(mr=0.955512) id1=188819(m1=1.21882):id2=208650(m2=0.548103) (r=3.366) typer=3 type1=3 type2=0
t=5.23785 disrupt1 idr=161248(mr=1.62902) id1=161248(m1=1.21593):id2=209516(m2=0.846199) (r=0.599406) typer=3 type1=3 type2=1
t=5.26138 disrupt1 idr=13494(mr=1.54413) id1=13494(m1=1.20425):id2=203715(m2=0.440858) (r=0.0345594) typer=3 type1=3 type2=0
t=5.33862 disrupt2 idr=294370(mr=2.99152) id1=330588(m1=2.20918):id2=294370(m2=2.52486) (r=0.0534058) typer=5 type1=2 type2=6
t=5.34757 disrupt1 idr=236262(mr=6.12089) id1=236262(m1=6.31016):id2=331498(m2=2.04872) (r=0.0417028) typer=4 type1=5 type2=4
t=5.39588 disrupt1 idr=228070(mr=5.06877) id1=228070(m1=8.26975):id2=287526(m2=2.34271) (r=0.0456683) typer=6 type1=5 type2=1
t=5.40204 disrupt1 idr=309996(mr=1.2468) id1=309996(m1=2.30437):id2=201116(m2=0.932281) (r=0.240843) typer=6 type1=6 type2=1
t=5.40353 disrupt2 idr=258513(mr=2.47296) id1=219153(m1=0.515182):id2=258513(m2=2.31786) (r=0.0828177) typer=5 type1=11 type2=2
t=5.43586 disrupt2 idr=221066(mr=12.2364) id1=193918(m1=1.10007):id2=221066(m2=11.6432) (r=0.0264019) typer=5 type1=1 type2=5
t=5.46191 disrupt1 idr=63537(mr=1.82595) id1=63537(m1=1.20089):id2=204402(m2=0.981247) (r=0.0507972) typer=3 type1=3 type2=1
t=5.4761 disrupt2 idr=224985(mr=1.92422) id1=202116(m1=0.691435):id2=224985(m2=1.31369) (r=0.0770059) typer=3 type1=0 type2=3
t=5.50719 disrupt1 idr=127285(mr=1.73889) id1=127285(m1=1.19789):id2=208352(m2=0.891293) (r=0.263528) typer=3 type1=3 type2=1
t=5.52645 disrupt1 idr=373368(mr=3.00322) id1=373368(m1=2.15257):id2=202620(m2=1.00104) (r=0.0284272) typer=3 type1=2 type2=1
t=5.53035 disrupt1 idr=84130(mr=2.15697) id1=84130(m1=1.17978):id2=201091(m2=1.04723) (r=0.0498143) typer=3 type1=2 type2=1
t=5.56197 disrupt1 idr=110724(mr=1.10308) id1=110724(m1=1.19612):id2=206579(m2=0.283408) (r=0.0279621) typer=3 type1=3 type2=0
t=5.56795 disrupt1 idr=175078(mr=1.12875) id1=175078(m1=1.19577):id2=206326(m2=0.119101) (r=0.0223326) typer=3 type1=3 type2=0
t=5.58816 disrupt1 idr=342778(mr=3.67587) id1=342778(m1=2.88993):id2=156903(m2=0.791494) (r=0.0662719) typer=6 type1=6 type2=1
t=5.61503 disrupt2 idr=239690(mr=1.7961) id1=180486(m1=1.04546):id2=239690(m2=2.29802) (r=0.0274916) typer=3 type1=1 type2=3
t=5.62905 disrupt2 idr=219967(mr=1.66566) id1=167571(m1=1.12873):id2=219967(m2=1.9402) (r=0.158676) typer=5 type1=1 type2=4
t=5.65345 disrupt1 idr=49269(mr=1.23459) id1=49269(m1=1.17775):id2=203802(m2=0.0806753) (r=0.368922) typer=3 type1=3 type2=0
t=5.65626 disrupt2 idr=273539(mr=1.84331) id1=205569(m1=0.56746):id2=273539(m2=1.37827) (r=0.0605735) typer=6 type1=0 type2=8
t=5.66157 disrupt1 idr=321204(mr=3.63533) id1=321204(m1=2.65973):id2=199392(m2=1.16676) (r=0.0199691) typer=4 type1=6 type2=2
t=5.70999 disruptboth id1=89134(m1=1.00617) id2=223708(m2=9.9464) (r=0.0173219) type1=1 type2=5
t=5.74064 disrupt1 idr=36926(mr=1.53642) id1=36926(m1=1.17301):id2=204460(m2=0.452229) (r=0.0445952) typer=3 type1=3 type2=0
t=5.80242 disrupt2 idr=147130(mr=2.00664) id1=99377(m1=0.97789):id2=147130(m2=1.17341) (r=0.077257) typer=3 type1=1 type2=3
t=5.80766 disrupt1 idr=89561(mr=1.44197) id1=89561(m1=1.17516):id2=200790(m2=0.400091) (r=0.148728) typer=3 type1=3 type2=0
t=5.8226 disrupt1 idr=110172(mr=1.20993) id1=110172(m1=1.18052):id2=209041(m2=0.310591) (r=0.110077) typer=3 type1=3 type2=0
t=5.89557 disrupt2 idr=279205(mr=2.84076) id1=202820(m1=0.268649):id2=279205(m2=2.59464) (r=0.052298) typer=3 type1=0 type2=3
t=5.96953 disrupt2 idr=229991(mr=19.605) id1=207169(m1=0.808542):id2=229991(m2=18.8996) (r=0.0150882) typer=3 type1=1 type2=3
t=5.97131 disrupt1 idr=229991(mr=20.4625) id1=229991(m1=19.6034):id2=246613(m2=1.59689) (r=0.0315684) typer=4 type1=3 type2=1
t=5.97232 disruptboth id1=229991(m1=1.64243) id2=47098(m2=1.07096) (r=0.0372804) type1=7 type2=1
t=6.01953 disrupt1 idr=116614(mr=0.70812) id1=116614(m1=1.16868):id2=207813(m2=0.454521) (r=1.89958) typer=3 type1=3 type2=0
t=6.12042 disrupt1 idr=247895(mr=5.67877) id1=247895(m1=4.8577):id2=256297(m2=1.96329) (r=0.00389912) typer=5 type1=6 type2=3
t=6.12065 disrupt1 idr=247895(mr=7.28005) id1=247895(m1=5.67859):id2=0(m2=2.34744) (r=0.00294343) typer=5 type1=5 type2=1
t=6.14584 disrupt2 idr=230709(mr=5.44324) id1=140609(m1=1.05283):id2=230709(m2=5.50133) (r=0.00931774) typer=5 type1=1 type2=5
t=6.15232 disrupt2 idr=352670(mr=2.18437) id1=61486(m1=1.04945):id2=352670(m2=1.63066) (r=0.0256255) typer=6 type1=1 type2=6
t=6.17782 disruptboth id1=29530(m1=1.30264) id2=232623(m2=10.6939) (r=0.0167766) type1=12 type2=5
t=6.18921 disrupt1 idr=193513(mr=1.50358) id1=193513(m1=1.15212):id2=207699(m2=0.467291) (r=0.220848) typer=3 type1=3 type2=0
t=6.23412 disrupt1 idr=214613(mr=2.10423) id1=214613(m1=2.19874):id2=184301(m2=0.845542) (r=0.0263011) typer=6 type1=6 type2=1
t=6.23591 disrupt1 idr=52687(mr=1.31421) id1=52687(m1=1.19206):id2=276006(m2=1.39269) (r=0.0221452) typer=6 type1=12 type2=1
t=6.23711 disrupt1 idr=89412(mr=1.09166) id1=89412(m1=1.15824):id2=206929(m2=0.265952) (r=0.123282) typer=3 type1=3 type2=0
t=6.24292 disrupt2 idr=262828(mr=2.23718) id1=51615(m1=0.604709):id2=262828(m2=2.12761) (r=0.0314185) typer=6 type1=0 type2=6
t=6.25896 disrupt1 idr=126257(mr=1.46159) id1=126257(m1=1.14296):id2=202531(m2=0.390646) (r=0.196678) typer=3 type1=3 type2=0
t=6.28392 disruptboth id1=210001(m1=3.82913) id2=233033(m2=1.48125) (r=0.00753113) type1=1 type2=9
t=6.28798 disruptboth id1=219469(m1=1.19391) id2=258823(m2=1.23224) (r=0.0311098) type1=6 type2=12
t=6.38748 disrupt2 idr=284335(mr=2.86715) id1=208951(m1=0.466373):id2=284335(m2=2.5208) (r=0.0619251) typer=4 type1=0 type2=4
t=6.44999 disrupt1 idr=67962(mr=1.43877) id1=67962(m1=1.14746):id2=187736(m2=0.902758) (r=1.44929) typer=3 type1=3 type2=1
t=6.48416 disrupt1 idr=0(mr=8.0466) id1=0(m1=7.12917):id2=241096(m2=2.06369) (r=0.00702052) typer=4 type1=5 type2=4
t=6.48477 disruptboth id1=160656(m1=1.26482) id2=210003(m2=14.2049) (r=0.0141358) type1=12 type2=5
t=6.61434 disrupt1 idr=27763(mr=1.07545) id1=27763(m1=1.13944):id2=203469(m2=0.158446) (r=3.26309) typer=3 type1=3 type2=0
t=6.74216 disrupt1 idr=219595(mr=7.84146) id1=219595(m1=8.08628):id2=215780(m2=2.00698) (r=0.0115431) typer=4 type1=4 type2=1
t=6.78697 disrupt2 idr=246984(mr=3.85043) id1=176832(m1=0.936765):id2=246984(m2=2.97011) (r=0.0736056) typer=3 type1=1 type2=3
t=6.80093 disrupt1 idr=330511(mr=1.82102) id1=330511(m1=1.92785):id2=205136(m2=0.416018) (r=0.115801) typer=6 type1=6 type2=0
t=6.87529 disruptboth id1=190682(m1=1.177) id2=223618(m2=12.9519) (r=0.00893068) type1=11 type2=5
t=6.90587 disrupt2 idr=310491(mr=1.94429) id1=219818(m1=1.67256):id2=310491(m2=1.60839) (r=2.9914) typer=3 type1=1 type2=3
