# time interaction_type id_rem(mass_rem) id1(m1):id2(m2) (r)
t=9.61021e-06 disrupt1 idr=161709(mr=84.722) id1=161709(m1=79.0886):id2=204653(m2=5.64893) (r=1.32465) typer=1 type1=1 type2=1
t=0.000162943 disrupt1 idr=57888(mr=51.4898) id1=57888(m1=45.6436):id2=202377(m2=5.84793) (r=0.774091) typer=1 type1=1 type2=1
t=0.00368816 disrupt1 idr=68259(mr=41.2993) id1=68259(m1=41.1986):id2=85702(m2=0.101087) (r=0.343579) typer=1 type1=1 type2=0
t=0.00514061 disrupt1 idr=181303(mr=55.5606) id1=181303(m1=55.4219):id2=114787(m2=0.139487) (r=0.0748195) typer=1 type1=1 type2=0
t=0.00569754 disrupt1 idr=107151(mr=31.8398) id1=107151(m1=31.5244):id2=19928(m2=0.315484) (r=0.0959661) typer=1 type1=1 type2=0
t=0.00758673 disrupt1 idr=59411(mr=62.1738) id1=59411(m1=62.076):id2=43877(m2=0.0982796) (r=0.0493226) typer=1 type1=1 type2=0
t=0.00801939 disrupt1 idr=27533(mr=60.0929) id1=27533(m1=0.14767):id2=176470(m2=59.9456) (r=0.0870318) typer=1 type1=0 type2=1
t=0.00826635 disrupt1 idr=62090(mr=60.6431) id1=62090(m1=62.6195):id2=162225(m2=0.693809) (r=0.0993108) typer=2 type1=2 type2=0
t=0.00838683 disrupt1 idr=87721(mr=35.4202) id1=87721(m1=35.3329):id2=6836(m2=0.087303) (r=0.20902) typer=1 type1=1 type2=0
t=0.0085782 disrupt1 idr=215943(mr=46.9829) id1=215943(m1=46.844):id2=31083(m2=0.139175) (r=0.122787) typer=1 type1=1 type2=0
t=0.00865056 disrupt1 idr=92882(mr=58.3664) id1=92882(m1=60.0544):id2=122067(m2=0.169178) (r=0.229021) typer=2 type1=2 type2=0
t=0.00891012 disrupt2 idr=61874(mr=54.3082) id1=31768(m1=0.237521):id2=61874(m2=56.3924) (r=0.0822733) typer=2 type1=0 type2=2
t=0.00899247 disrupt1 idr=161343(mr=72.9633) id1=161343(m1=43.2411):id2=30458(m2=29.7226) (r=0.0589334) typer=1 type1=1 type2=1
t=0.00925809 disrupt2 idr=115918(mr=52.2412) id1=104342(m1=0.192652):id2=115918(m2=52.5849) (r=0.143726) typer=2 type1=0 type2=2
t=0.00930859 disrupt2 idr=42429(mr=51.4738) id1=15346(m1=0.205188):id2=42429(m2=52.0032) (r=0.0310818) typer=2 type1=0 type2=2
t=0.00931164 disrupt1 idr=42429(mr=50.0782) id1=42429(m1=51.3185):id2=26410(m2=0.241251) (r=0.0885788) typer=2 type1=2 type2=0
t=0.00935448 disrupt2 idr=100809(mr=51.2754) id1=9561(m1=0.198737):id2=100809(m2=51.5987) (r=0.0547289) typer=2 type1=0 type2=2
t=0.00937857 disrupt1 idr=100809(mr=20.0716) id1=100809(m1=19.9303):id2=22262(m2=0.152979) (r=0.0437782) typer=4 type1=7 type2=0
t=0.00956372 disruptboth id1=18209(m1=0.399277) id2=272090(m2=11.4042) (r=0.333497) type1=0 type2=8
t=0.009692 disrupt2 idr=196871(mr=47.7114) id1=27374(m1=0.461762):id2=196871(m2=48.3767) (r=0.122765) typer=2 type1=0 type2=2
t=0.00982929 disrupt1 idr=88100(mr=45.1913) id1=88100(m1=47.0628):id2=170830(m2=0.528747) (r=0.128708) typer=2 type1=2 type2=0
t=0.00983037 disrupt1 idr=150382(mr=18.2183) id1=150382(m1=18.0839):id2=30012(m2=0.141603) (r=0.205919) typer=4 type1=7 type2=0
t=0.00984108 disrupt1 idr=11010(mr=46.2849) id1=11010(m1=47.102):id2=42882(m2=0.399042) (r=0.372455) typer=2 type1=2 type2=0
t=0.00991133 disrupt1 idr=37142(mr=46.0777) id1=37142(m1=46.5602):id2=96794(m2=0.144104) (r=0.365016) typer=2 type1=2 type2=0
t=0.00991638 disrupt1 idr=214113(mr=147.725) id1=214113(m1=147.44):id2=106442(m2=0.288202) (r=0.0462778) typer=1 type1=1 type2=0
t=0.0100057 disrupt1 idr=110778(mr=43.6177) id1=110778(m1=45.566):id2=137295(m2=0.161126) (r=0.0705749) typer=2 type1=2 type2=0
t=0.0100286 disrupt1 idr=185677(mr=24.9646) id1=185677(m1=19.7996):id2=204523(m2=5.16505) (r=0.464701) typer=1 type1=1 type2=1
t=0.0100397 disrupt1 idr=225276(mr=63.6333) id1=225276(m1=63.5178):id2=86963(m2=0.115827) (r=0.0891053) typer=1 type1=1 type2=0
t=0.0100954 disrupt1 idr=39421(mr=26.4529) id1=39421(m1=25.0869):id2=203827(m2=1.36602) (r=0.15315) typer=1 type1=1 type2=1
t=0.0101211 disrupt2 idr=184514(mr=44.4777) id1=109586(m1=0.111559):id2=184514(m2=44.9467) (r=0.0942669) typer=2 type1=0 type2=2
t=0.0101281 disrupt2 idr=176147(mr=42.9041) id1=128259(m1=0.244914):id2=176147(m2=44.7008) (r=0.179245) typer=2 type1=0 type2=2
t=0.0101747 disrupt2 idr=147276(mr=43.8691) id1=8448(m1=0.146987):id2=147276(m2=44.5174) (r=0.199879) typer=2 type1=0 type2=2
t=0.0101807 disrupt1 idr=184514(mr=16.555) id1=184514(m1=16.3986):id2=10773(m2=0.163553) (r=0.110534) typer=4 type1=7 type2=0
t=0.0101921 disrupt1 idr=85265(mr=16.786) id1=85265(m1=16.6854):id2=108945(m2=0.104016) (r=0.0902531) typer=4 type1=7 type2=0
t=0.0103892 disrupt1 idr=13642(mr=42.7446) id1=13642(m1=43.1832):id2=18066(m2=0.141164) (r=0.050602) typer=2 type1=2 type2=0
t=0.0104106 disrupt2 idr=128897(mr=41.9451) id1=37759(m1=0.222644):id2=128897(m2=42.9098) (r=0.412102) typer=2 type1=0 type2=2
t=0.0107295 disrupt1 idr=27716(mr=39.7286) id1=27716(m1=41.2077):id2=34291(m2=0.171165) (r=0.0778855) typer=2 type1=2 type2=0
t=0.0108829 disrupt1 idr=57888(mr=40.8498) id1=57888(m1=41.2412):id2=94313(m2=0.240635) (r=0.251287) typer=2 type1=2 type2=0
t=0.0109506 disrupt2 idr=183715(mr=39.7968) id1=16626(m1=0.102084):id2=183715(m2=40.0748) (r=0.130248) typer=2 type1=0 type2=2
t=0.0111534 disrupt2 idr=45741(mr=37.6553) id1=9037(m1=0.288947):id2=45741(m2=39.0074) (r=0.103675) typer=2 type1=0 type2=2
t=0.0112044 disrupt1 idr=238748(mr=41.7056) id1=238748(m1=42.3655):id2=162135(m2=0.112405) (r=0.086315) typer=2 type1=2 type2=0
t=0.0112154 disrupt1 idr=55710(mr=38.3454) id1=55710(m1=38.7339):id2=97520(m2=0.0941398) (r=0.0608178) typer=2 type1=2 type2=0
t=0.0112541 disrupt1 idr=238748(mr=15.6877) id1=238748(m1=15.5683):id2=172148(m2=0.121591) (r=0.103971) typer=4 type1=7 type2=0
t=0.011379 disrupt1 idr=63181(mr=37.6332) id1=63181(m1=37.9678):id2=131059(m2=0.0988283) (r=0.219851) typer=2 type1=2 type2=0
t=0.0113917 disrupt1 idr=65477(mr=37.1582) id1=65477(m1=37.8912):id2=81648(m2=0.137034) (r=0.100299) typer=2 type1=2 type2=0
t=0.0114469 disrupt1 idr=22677(mr=13.4181) id1=22677(m1=0.0995791):id2=58596(m2=13.3247) (r=0.271277) typer=4 type1=0 type2=7
t=0.0114554 disrupt1 idr=85683(mr=37.4512) id1=85683(m1=37.6268):id2=118301(m2=0.0848747) (r=0.124149) typer=2 type1=2 type2=0
t=0.0115652 disrupt2 idr=120626(mr=36.1927) id1=22464(m1=0.118112):id2=120626(m2=37.1099) (r=0.077313) typer=2 type1=0 type2=2
t=0.0116012 disrupt1 idr=25648(mr=36.2353) id1=25648(m1=36.9716):id2=25675(m2=0.16903) (r=0.269076) typer=2 type1=2 type2=0
t=0.0116319 disrupt1 idr=288525(mr=79.4398) id1=288525(m1=90.2116):id2=55688(m2=0.606076) (r=0.0852251) typer=4 type1=4 type2=0
t=0.0116326 disrupt2 idr=35366(mr=36.4174) id1=1697(m1=0.145826):id2=35366(m2=36.8558) (r=0.06947) typer=2 type1=0 type2=2
t=0.011663 disrupt2 idr=83883(mr=35.6638) id1=35719(m1=0.142985):id2=83883(m2=36.6874) (r=0.149566) typer=2 type1=0 type2=2
t=0.0116893 disrupt1 idr=85753(mr=12.8233) id1=85753(m1=12.7082):id2=90413(m2=0.120364) (r=0.128347) typer=4 type1=7 type2=0
t=0.0117436 disrupt1 idr=185332(mr=15.8126) id1=185332(m1=15.6501):id2=203209(m2=0.162411) (r=2.09726) typer=1 type1=1 type2=0
t=0.0117514 disrupt1 idr=131772(mr=36.0312) id1=131772(m1=36.3637):id2=174183(m2=0.107682) (r=0.0741537) typer=2 type1=2 type2=0
t=0.0117846 disrupt2 idr=170070(mr=35.6179) id1=167660(m1=0.111723):id2=170070(m2=36.2114) (r=0.0690354) typer=2 type1=0 type2=2
t=0.0119435 disrupt2 idr=111014(mr=35.3034) id1=44740(m1=0.0895017):id2=111014(m2=35.5975) (r=0.0779864) typer=2 type1=0 type2=2
t=0.0120264 disrupt2 idr=216409(mr=40.7971) id1=17156(m1=0.161312):id2=216409(m2=41.9043) (r=0.0859073) typer=2 type1=0 type2=2
t=0.0120478 disrupt2 idr=263481(mr=58.0433) id1=8110(m1=0.16347):id2=263481(m2=67.9857) (r=0.0795309) typer=4 type1=0 type2=4
t=0.0129829 disrupt1 idr=17591(mr=10.358) id1=17591(m1=0.153888):id2=36799(m2=10.2128) (r=0.078646) typer=4 type1=0 type2=7
t=0.0130579 disrupt1 idr=8274(mr=31.8053) id1=8274(m1=31.8715):id2=69050(m2=0.158916) (r=0.340772) typer=2 type1=2 type2=0
t=0.0130613 disrupt2 idr=128347(mr=31.7863) id1=127542(m1=0.140071):id2=128347(m2=31.8642) (r=0.3596) typer=2 type1=0 type2=2
t=0.0130739 disrupt2 idr=52396(mr=31.2242) id1=1030(m1=0.132995):id2=52396(m2=31.8189) (r=0.372166) typer=2 type1=0 type2=2
t=0.0130916 disrupt2 idr=186579(mr=30.767) id1=186056(m1=0.121193):id2=186579(m2=31.7449) (r=0.449085) typer=2 type1=0 type2=2
t=0.0131169 disrupt1 idr=90793(mr=30.6073) id1=90793(m1=31.6781):id2=177055(m2=0.197661) (r=0.57689) typer=2 type1=2 type2=0
t=0.0131217 disrupt1 idr=102873(mr=31.0519) id1=102873(m1=31.6789):id2=198059(m2=0.162105) (r=0.126326) typer=2 type1=2 type2=0
t=0.0131227 disruptboth id1=230278(m1=2.31338) id2=153915(m2=0.176358) (r=1.5129) type1=8 type2=0
t=0.0132294 disrupt1 idr=56663(mr=10.4046) id1=56663(m1=0.0972032):id2=57393(m2=10.3103) (r=0.536931) typer=4 type1=0 type2=7
t=0.0134658 disrupt1 idr=71669(mr=29.8834) id1=71669(m1=30.7264):id2=75797(m2=0.146318) (r=0.0892957) typer=2 type1=2 type2=0
t=0.0134681 disruptboth id1=8916(m1=0.209665) id2=233397(m2=9.7782) (r=0.468963) type1=0 type2=8
t=0.0135426 disruptboth id1=11805(m1=0.498025) id2=131772(m2=7.73702) (r=0.417955) type1=0 type2=8
t=0.0136071 disrupt2 idr=247515(mr=32.6645) id1=156653(m1=0.222765):id2=247515(m2=33.5505) (r=0.383812) typer=2 type1=0 type2=2
t=0.0137396 disrupt2 idr=195542(mr=29.3027) id1=47020(m1=0.123522):id2=195542(m2=30.0345) (r=0.278554) typer=2 type1=0 type2=2
t=0.0137516 disruptboth id1=331055(m1=2.14844) id2=177147(m2=0.347134) (r=0.0879988) type1=8 type2=0
t=0.0139668 disruptboth id1=348794(m1=2.30286) id2=68332(m2=0.112048) (r=0.590653) type1=8 type2=0
t=0.0139892 disruptboth id1=14789(m1=0.172357) id2=22499(m2=7.47472) (r=0.197102) type1=0 type2=8
t=0.0140184 disrupt1 idr=30052(mr=27.9839) id1=30052(m1=29.364):id2=124966(m2=0.385492) (r=0.222601) typer=2 type1=2 type2=0
t=0.014162 disrupt2 idr=139792(mr=28.6492) id1=111145(m1=0.111579):id2=139792(m2=29.0474) (r=0.2159) typer=2 type1=0 type2=2
t=0.0143283 disrupt1 idr=15422(mr=28.2391) id1=15422(m1=28.6727):id2=123125(m2=0.0927346) (r=0.233768) typer=2 type1=2 type2=0
t=0.0143343 disrupt1 idr=55686(mr=28.3099) id1=55686(m1=28.6658):id2=178355(m2=0.133944) (r=0.55428) typer=2 type1=2 type2=0
t=0.014414 disrupt2 idr=154920(mr=27.7343) id1=45339(m1=0.0954992):id2=154920(m2=28.4688) (r=0.0904875) typer=2 type1=0 type2=2
t=0.0144189 disrupt2 idr=276897(mr=28.0578) id1=73012(m1=0.109668):id2=276897(m2=28.5563) (r=0.417592) typer=2 type1=0 type2=2
t=0.0144194 disrupt2 idr=184947(mr=27.7869) id1=97330(m1=0.207971):id2=184947(m2=28.4734) (r=0.568846) typer=2 type1=0 type2=2
t=0.014532 disrupt2 idr=263599(mr=54.059) id1=18202(m1=0.115823):id2=263599(m2=58.9013) (r=0.0420952) typer=4 type1=0 type2=4
t=0.0145721 disrupt1 idr=79775(mr=27.8227) id1=79775(m1=28.1577):id2=168788(m2=0.103343) (r=0.222245) typer=2 type1=2 type2=0
t=0.0145733 disrupt1 idr=52314(mr=27.9244) id1=52314(m1=28.1566):id2=64279(m2=0.083998) (r=0.509923) typer=2 type1=2 type2=0
t=0.0145941 disrupt1 idr=247440(mr=11.1196) id1=247440(m1=10.9766):id2=99400(m2=0.144188) (r=0.229708) typer=4 type1=7 type2=0
t=0.0146798 disrupt1 idr=19678(mr=26.6276) id1=19678(m1=27.9191):id2=91308(m2=0.216199) (r=0.0606119) typer=2 type1=2 type2=0
t=0.0146987 disruptboth id1=115341(m1=0.182374) id2=162583(m2=6.99458) (r=0.106347) type1=0 type2=8
t=0.0147029 disrupt1 idr=263600(mr=44.8935) id1=263600(m1=52.5186):id2=18000(m2=0.168057) (r=0.160957) typer=4 type1=4 type2=0
t=0.0147061 disrupt1 idr=263600(mr=26.0701) id1=263600(m1=44.8593):id2=25606(m2=0.337597) (r=0.185004) typer=4 type1=4 type2=0
t=0.0147986 disrupt1 idr=214117(mr=144.203) id1=214117(m1=148.021):id2=178040(m2=0.108887) (r=0.0308443) typer=4 type1=4 type2=0
t=0.014799 disrupt1 idr=214117(mr=137.918) id1=214117(m1=144.203):id2=97609(m2=0.185995) (r=0.0362836) typer=4 type1=4 type2=0
t=0.0147993 disrupt1 idr=214117(mr=133.081) id1=214117(m1=137.918):id2=197387(m2=0.123209) (r=0.0395852) typer=4 type1=4 type2=0
t=0.0148005 disrupt1 idr=214117(mr=123.291) id1=214117(m1=133.039):id2=11689(m2=0.29306) (r=0.017204) typer=4 type1=4 type2=0
t=0.014801 disrupt1 idr=214117(mr=114.694) id1=214117(m1=123.291):id2=38486(m2=0.201918) (r=0.02244) typer=4 type1=4 type2=0
t=0.0148012 disrupt1 idr=214117(mr=101.7) id1=214117(m1=114.694):id2=100952(m2=0.309732) (r=0.0379606) typer=4 type1=4 type2=0
t=0.0148033 disrupt1 idr=214117(mr=89.5668) id1=214117(m1=101.606):id2=199842(m2=0.207712) (r=0.034734) typer=4 type1=4 type2=0
t=0.014805 disrupt1 idr=214117(mr=75.7149) id1=214117(m1=89.4929):id2=34202(m2=0.184171) (r=0.0437667) typer=4 type1=4 type2=0
t=0.0148055 disrupt1 idr=214117(mr=48.908) id1=214117(m1=75.7149):id2=79673(m2=0.27361) (r=0.0455798) typer=4 type1=4 type2=0
t=0.0148101 disrupt1 idr=214117(mr=21.3963) id1=214117(m1=21.3007):id2=108890(m2=0.12114) (r=0.044732) typer=4 type1=7 type2=0
t=0.0148458 disrupt1 idr=11415(mr=8.76329) id1=11415(m1=0.100972):id2=183892(m2=8.66293) (r=0.0897557) typer=4 type1=0 type2=7
t=0.0148553 disrupt1 idr=27397(mr=27.4658) id1=27397(m1=27.589):id2=98913(m2=0.0923841) (r=0.14658) typer=2 type1=2 type2=0
t=0.0149289 disruptboth id1=102873(m1=2.08711) id2=148000(m2=0.153766) (r=0.182506) type1=8 type2=0
t=0.0149342 disrupt2 idr=232549(mr=42.9915) id1=23015(m1=0.122812):id2=232549(m2=43.2176) (r=0.138698) typer=2 type1=0 type2=2
t=0.0150751 disrupt2 idr=234007(mr=29.6433) id1=56507(m1=0.130421):id2=234007(m2=32.3755) (r=0.334832) typer=4 type1=0 type2=2
t=0.0150977 disrupt2 idr=153147(mr=26.6886) id1=70306(m1=0.113111):id2=153147(m2=27.1159) (r=0.0892986) typer=2 type1=0 type2=2
t=0.0153421 disruptboth id1=281669(m1=2.0429) id2=192140(m2=0.120183) (r=0.38968) type1=8 type2=0
t=0.0154493 disrupt1 idr=61838(mr=26.067) id1=61838(m1=25.9509):id2=200283(m2=0.11613) (r=0.479227) typer=1 type1=1 type2=0
t=0.0155187 disrupt2 idr=250567(mr=49.4874) id1=100962(m1=0.207657):id2=250567(m2=50.5987) (r=0.161412) typer=2 type1=0 type2=2
t=0.01552 disrupt1 idr=55732(mr=25.0239) id1=55732(m1=26.3393):id2=119017(m2=0.395338) (r=0.134033) typer=2 type1=2 type2=0
t=0.0155214 disrupt1 idr=55732(mr=24.0107) id1=55732(m1=25.0201):id2=50806(m2=0.167028) (r=0.143915) typer=4 type1=2 type2=0
t=0.0158113 disruptboth id1=149405(m1=1.96292) id2=176966(m2=0.172027) (r=0.132593) type1=8 type2=0
t=0.015911 disrupt1 idr=224806(mr=60.3358) id1=224806(m1=60.1525):id2=59642(m2=0.184412) (r=0.0796625) typer=1 type1=1 type2=0
t=0.0159159 disruptboth id1=1125(m1=0.194233) id2=138555(m2=6.5518) (r=0.739828) type1=0 type2=8
t=0.015971 disrupt2 idr=233641(mr=52.8633) id1=26156(m1=0.128267):id2=233641(m2=53.4589) (r=0.0403941) typer=2 type1=0 type2=2
t=0.0160054 disrupt1 idr=18064(mr=25.008) id1=18064(m1=25.5392):id2=59382(m2=0.142806) (r=0.0472128) typer=2 type1=2 type2=0
t=0.0160329 disruptboth id1=30052(m1=1.95075) id2=1308(m2=0.194801) (r=0.216263) type1=8 type2=0
t=0.0163281 disrupt2 idr=244504(mr=52.4328) id1=177551(m1=0.116636):id2=244504(m2=52.5046) (r=0.0763625) typer=2 type1=0 type2=2
t=0.0163739 disrupt2 idr=216004(mr=52.709) id1=89114(m1=0.139674):id2=216004(m2=53.1015) (r=0.061613) typer=2 type1=0 type2=2
t=0.0163907 disrupt2 idr=251814(mr=47.5894) id1=17311(m1=0.0842992):id2=251814(m2=47.8438) (r=0.129854) typer=2 type1=0 type2=2
t=0.0164027 disruptboth id1=123922(m1=0.221444) id2=359069(m2=7.50823) (r=0.077739) type1=0 type2=8
t=0.0164159 disrupt1 idr=216004(mr=21.7313) id1=216004(m1=50.2272):id2=65305(m2=0.103444) (r=0.0668595) typer=4 type1=4 type2=0
t=0.0164415 disrupt1 idr=130376(mr=13.5319) id1=130376(m1=0.162051):id2=230455(m2=13.3791) (r=0.14926) typer=4 type1=0 type2=7
t=0.0165279 disrupt2 idr=211233(mr=54.8009) id1=18181(m1=0.126322):id2=211233(m2=55.2265) (r=0.103324) typer=2 type1=0 type2=2
t=0.01653 disrupt1 idr=211233(mr=53.9039) id1=211233(m1=54.8009):id2=24317(m2=0.286068) (r=0.118141) typer=2 type1=2 type2=0
t=0.0166159 disrupt1 idr=211233(mr=22.5712) id1=211233(m1=22.4953):id2=112813(m2=0.110356) (r=0.0396214) typer=4 type1=7 type2=0
t=0.0166222 disrupt2 idr=235408(mr=45.9774) id1=59945(m1=0.1054):id2=235408(m2=46.572) (r=0.0748745) typer=2 type1=0 type2=2
t=0.0166357 disrupt1 idr=235408(mr=17.7722) id1=235408(m1=17.6623):id2=190723(m2=0.129146) (r=0.134549) typer=4 type1=7 type2=0
t=0.01677 disruptboth id1=185629(m1=0.167471) id2=268537(m2=9.54528) (r=0.300526) type1=0 type2=8
t=0.0169216 disruptboth id1=71493(m1=1.88879) id2=121989(m2=0.153444) (r=0.53031) type1=8 type2=0
t=0.0172177 disrupt1 idr=27533(mr=45.5644) id1=27533(m1=45.7674):id2=83119(m2=0.0910965) (r=0.158005) typer=2 type1=2 type2=0
t=0.0173584 disrupt2 idr=240255(mr=46.3481) id1=145262(m1=0.135989):id2=240255(m2=47.2525) (r=0.142531) typer=2 type1=0 type2=2
t=0.0173713 disrupt1 idr=240255(mr=18.1131) id1=240255(m1=17.9877):id2=82081(m2=0.13941) (r=0.1118) typer=4 type1=7 type2=0
t=0.0174049 disrupt2 idr=299578(mr=37.89) id1=144406(m1=0.219694):id2=299578(m2=38.0601) (r=0.0831153) typer=2 type1=0 type2=2
t=0.0176492 disruptboth id1=40481(m1=0.16214) id2=126118(m2=5.88352) (r=0.0807635) type1=0 type2=8
t=0.0177192 disrupt2 idr=264403(mr=42.4866) id1=54584(m1=0.288107):id2=264403(m2=44.3978) (r=0.164804) typer=2 type1=0 type2=2
t=0.0178848 disrupt2 idr=245859(mr=37.9448) id1=67558(m1=0.116933):id2=245859(m2=38.5214) (r=0.0313266) typer=2 type1=0 type2=2
t=0.0179385 disrupt2 idr=264190(mr=37.1802) id1=11475(m1=0.125723):id2=264190(m2=37.635) (r=0.0368667) typer=2 type1=0 type2=2
t=0.017975 disruptboth id1=64218(m1=0.186176) id2=99537(m2=5.92618) (r=0.193611) type1=0 type2=8
t=0.0180714 disrupt2 idr=220715(mr=38.3371) id1=22862(m1=0.212415):id2=220715(m2=39.4356) (r=0.0224489) typer=2 type1=0 type2=2
t=0.0182263 disruptboth id1=233098(m1=1.94348) id2=11851(m2=0.284393) (r=0.581511) type1=8 type2=0
t=0.0185126 disrupt1 idr=265624(mr=27.401) id1=265624(m1=27.2664):id2=80848(m2=0.13466) (r=0.141949) typer=1 type1=1 type2=0
t=0.0186436 disrupt2 idr=247483(mr=38.042) id1=125808(m1=0.162139):id2=247483(m2=38.421) (r=0.0354827) typer=2 type1=0 type2=2
t=0.0186585 disrupt1 idr=247483(mr=13.6328) id1=247483(m1=13.5289):id2=154591(m2=0.113361) (r=0.0572532) typer=4 type1=7 type2=0
t=0.0187038 disrupt1 idr=219426(mr=54.2463) id1=219426(m1=54.104):id2=169990(m2=0.143156) (r=0.0460761) typer=1 type1=1 type2=0
t=0.0187057 disruptboth id1=77391(m1=0.109205) id2=141353(m2=5.85665) (r=0.0756734) type1=0 type2=8
t=0.0190557 disruptboth id1=54635(m1=0.212241) id2=348462(m2=6.13987) (r=0.336027) type1=0 type2=8
t=0.0190736 disruptboth id1=299578(m1=2.31478) id2=27203(m2=0.224758) (r=0.102557) type1=8 type2=0
t=0.019088 disrupt2 idr=153408(mr=20.9642) id1=21315(m1=0.118401):id2=153408(m2=21.5835) (r=0.232754) typer=4 type1=0 type2=4
t=0.0191908 disrupt1 idr=139643(mr=25.0613) id1=139643(m1=20.8578):id2=203090(m2=4.20354) (r=0.54761) typer=1 type1=1 type2=1
t=0.0192857 disrupt2 idr=210953(mr=34.8971) id1=175442(m1=0.15654):id2=210953(m2=35.987) (r=0.486377) typer=2 type1=0 type2=2
t=0.0193016 disruptboth id1=75139(m1=1.76416) id2=80936(m2=0.285595) (r=0.637242) type1=8 type2=0
t=0.0193539 disruptboth id1=70288(m1=0.237389) id2=149828(m2=5.36922) (r=0.3996) type1=0 type2=8
t=0.020021 disrupt1 idr=235277(mr=51.8604) id1=235277(m1=51.7696):id2=26971(m2=0.0919668) (r=0.014511) typer=1 type1=1 type2=0
t=0.0200512 disrupt1 idr=224808(mr=65.507) id1=224808(m1=68.7101):id2=102734(m2=0.231079) (r=0.0941956) typer=4 type1=4 type2=0
t=0.0200609 disrupt1 idr=217827(mr=126.032) id1=217827(m1=127.027):id2=106841(m2=0.195014) (r=0.0477186) typer=4 type1=4 type2=0
t=0.0203611 disrupt1 idr=73656(mr=1.4088) id1=73656(m1=5.13325):id2=166140(m2=0.167439) (r=0.258836) typer=13 type1=8 type2=0
t=0.0205323 disrupt2 idr=276224(mr=42.9155) id1=3688(m1=1.09389):id2=276224(m2=46.0921) (r=0.118501) typer=2 type1=1 type2=2
t=0.0206862 disrupt1 idr=87721(mr=29.8194) id1=87721(m1=31.5655):id2=94035(m2=0.118449) (r=0.0924792) typer=2 type1=2 type2=0
t=0.0207566 disrupt2 idr=224137(mr=37.1684) id1=42605(m1=0.135351):id2=224137(m2=37.3301) (r=0.181757) typer=2 type1=0 type2=2
t=0.0208494 disrupt2 idr=216756(mr=36.2568) id1=154851(m1=0.184473):id2=216756(m2=37.1545) (r=0.137363) typer=2 type1=0 type2=2
t=0.0208755 disrupt2 idr=368572(mr=35.466) id1=142299(m1=0.179404):id2=368572(m2=35.9576) (r=0.0837918) typer=2 type1=0 type2=2
t=0.0216363 disrupt2 idr=278259(mr=33.5803) id1=118440(m1=0.236715):id2=278259(m2=34.1938) (r=0.0523416) typer=2 type1=0 type2=2
t=0.0218232 disrupt1 idr=196880(mr=22.804) id1=196880(m1=19.2847):id2=203145(m2=3.96486) (r=0.360843) typer=2 type1=2 type2=1
t=0.0220072 disruptboth id1=43218(m1=0.242768) id2=106367(m2=5.0275) (r=0.315078) type1=0 type2=8
t=0.0220176 disrupt2 idr=236774(mr=27.3553) id1=69584(m1=0.184526):id2=236774(m2=27.5401) (r=0.47745) typer=2 type1=0 type2=2
t=0.0224194 disrupt2 idr=228619(mr=34.0253) id1=105314(m1=0.132366):id2=228619(m2=35.2008) (r=0.0904463) typer=4 type1=0 type2=2
t=0.0224289 disruptboth id1=41239(m1=0.3004) id2=221473(m2=7.66527) (r=0.748692) type1=0 type2=8
t=0.0224808 disruptboth id1=87721(m1=2.09514) id2=143382(m2=0.118592) (r=0.623709) type1=8 type2=0
t=0.0225223 disrupt2 idr=210682(mr=49.2367) id1=50378(m1=0.170243):id2=210682(m2=49.7363) (r=0.0410796) typer=2 type1=0 type2=2
t=0.0225678 disruptboth id1=201564(m1=20.2174) id2=255163(m2=7.7568) (r=0.0675969) type1=1 type2=5
t=0.0225858 disruptboth id1=241525(m1=1.79685) id2=26225(m2=0.250989) (r=0.0663846) type1=8 type2=0
t=0.0227531 disrupt2 idr=251749(mr=31.3623) id1=121862(m1=0.150729):id2=251749(m2=31.9348) (r=0.0648124) typer=2 type1=0 type2=2
t=0.022779 disrupt2 idr=236545(mr=38.848) id1=82397(m1=0.119637):id2=236545(m2=39.7055) (r=0.127101) typer=2 type1=0 type2=2
t=0.0231875 disrupt2 idr=230752(mr=59.3788) id1=141426(m1=0.269681):id2=230752(m2=60.3717) (r=0.0808924) typer=2 type1=0 type2=2
t=0.0231945 disrupt2 idr=260245(mr=38.4706) id1=48717(m1=0.348621):id2=260245(m2=40.6026) (r=0.210796) typer=4 type1=0 type2=2
t=0.0233244 disrupt1 idr=230752(mr=23.0944) id1=230752(m1=22.9271):id2=21648(m2=0.198639) (r=0.140489) typer=4 type1=7 type2=0
t=0.0235661 disrupt2 idr=246009(mr=61.8807) id1=172288(m1=0.405867):id2=246009(m2=65.6484) (r=0.0335409) typer=4 type1=0 type2=4
t=0.0235678 disrupt1 idr=246009(mr=57.2929) id1=246009(m1=61.8807):id2=115139(m2=0.531033) (r=0.0432224) typer=4 type1=4 type2=0
t=0.0235735 disrupt2 idr=229650(mr=25.4546) id1=179527(m1=0.184369):id2=229650(m2=26.2675) (r=0.44919) typer=2 type1=0 type2=2
t=0.0236902 disruptboth id1=74810(m1=1.64936) id2=82669(m2=0.239747) (r=0.503567) type1=8 type2=0
t=0.0238859 disrupt2 idr=213077(mr=43.013) id1=175768(m1=0.161712):id2=213077(m2=43.937) (r=0.158977) typer=2 type1=0 type2=2
t=0.0242634 disruptboth id1=228619(m1=2.15012) id2=161547(m2=0.189986) (r=0.411582) type1=8 type2=0
t=0.0242671 disrupt2 idr=214348(mr=31.8175) id1=87706(m1=0.294231):id2=214348(m2=33.0412) (r=0.0314507) typer=2 type1=0 type2=2
t=0.0244334 disrupt1 idr=214348(mr=11.1258) id1=214348(m1=11.0346):id2=21508(m2=0.100366) (r=0.0501571) typer=4 type1=7 type2=0
t=0.0244435 disrupt1 idr=121643(mr=17.8748) id1=121643(m1=13.407):id2=206068(m2=4.46781) (r=1.32033) typer=1 type1=1 type2=1
t=0.0244742 disrupt2 idr=87084(mr=16.8257) id1=8097(m1=0.434967):id2=87084(m2=17.5802) (r=0.257045) typer=4 type1=0 type2=4
t=0.0245227 disrupt1 idr=111914(mr=20.2288) id1=111914(m1=17.5594):id2=204525(m2=5.34789) (r=0.190771) typer=4 type1=2 type2=1
t=0.0246379 disrupt2 idr=412499(mr=28.6638) id1=1392(m1=0.591617):id2=412499(m2=28.3937) (r=0.0241807) typer=2 type1=0 type2=2
t=0.0247635 disruptboth id1=151746(m1=0.165874) id2=246009(m2=52.999) (r=0.15734) type1=0 type2=5
t=0.024812 disrupt2 idr=261221(mr=31.4361) id1=16550(m1=0.233372):id2=261221(m2=31.8288) (r=0.189891) typer=2 type1=0 type2=2
t=0.025209 disrupt2 idr=219567(mr=39.2129) id1=96362(m1=0.338593):id2=219567(m2=39.6747) (r=0.0630435) typer=2 type1=0 type2=2
t=0.0252988 disrupt1 idr=219567(mr=14.1342) id1=219567(m1=14.0389):id2=60277(m2=0.127583) (r=0.0474355) typer=4 type1=7 type2=0
t=0.0253631 disrupt2 idr=213130(mr=51.0702) id1=141826(m1=0.213293):id2=213130(m2=52.1747) (r=0.0344175) typer=2 type1=0 type2=2
t=0.0253658 disrupt1 idr=213130(mr=49.8784) id1=213130(m1=51.0702):id2=36505(m2=0.214241) (r=0.0531167) typer=2 type1=2 type2=0
t=0.0255388 disrupt2 idr=236283(mr=42.3263) id1=111299(m1=0.137119):id2=236283(m2=43.0742) (r=0.0502856) typer=2 type1=0 type2=2
t=0.0257302 disrupt1 idr=214875(mr=108.006) id1=214875(m1=110.032):id2=27725(m2=0.106043) (r=0.0421868) typer=4 type1=4 type2=0
t=0.0258047 disruptboth id1=11879(m1=0.171951) id2=268625(m2=5.40114) (r=0.460797) type1=0 type2=8
t=0.0258938 disrupt2 idr=227420(mr=27.8606) id1=111556(m1=0.112615):id2=227420(m2=28.4424) (r=0.230146) typer=2 type1=0 type2=2
t=0.0260013 disrupt2 idr=248744(mr=28.7766) id1=179280(m1=0.196595):id2=248744(m2=28.9066) (r=0.0929634) typer=2 type1=0 type2=2
t=0.026089 disrupt1 idr=35168(mr=16.2759) id1=35168(m1=16.0634):id2=201304(m2=0.212559) (r=0.860287) typer=1 type1=1 type2=0
t=0.0261551 disruptboth id1=81411(m1=1.90169) id2=206913(m2=7.61705) (r=0.0254222) type1=8 type2=1
t=0.0266867 disrupt1 idr=26892(mr=16.2492) id1=26892(m1=16.4871):id2=49939(m2=0.179673) (r=0.53074) typer=4 type1=4 type2=0
t=0.0269549 disruptboth id1=100270(m1=0.295376) id2=214879(m2=88.962) (r=0.0955797) type1=0 type2=5
t=0.0270572 disruptboth id1=19306(m1=1.56232) id2=208460(m2=11.4754) (r=0.0654464) type1=5 type2=1
t=0.0273865 disrupt2 idr=228342(mr=42.0275) id1=9855(m1=0.22552):id2=228342(m2=43.1409) (r=0.0879302) typer=2 type1=0 type2=2
t=0.0277664 disruptboth id1=227420(m1=2.05518) id2=123159(m2=0.332698) (r=0.385929) type1=8 type2=0
t=0.0278121 disrupt2 idr=251087(mr=48.6259) id1=136346(m1=0.370206):id2=251087(m2=50.1683) (r=0.04655) typer=2 type1=0 type2=2
t=0.0286321 disrupt1 idr=58883(mr=4.28125) id1=58883(m1=4.18099):id2=77522(m2=0.103815) (r=0.140416) typer=4 type1=7 type2=0
t=0.029023 disruptboth id1=39069(m1=0.200658) id2=251087(m2=12.3079) (r=0.57338) type1=0 type2=8
t=0.0291163 disrupt2 idr=158347(mr=1.10932) id1=69739(m1=0.162316):id2=158347(m2=3.8849) (r=0.320594) typer=13 type1=0 type2=8
t=0.0291226 disrupt2 idr=170821(mr=1.23593) id1=65997(m1=0.120089):id2=170821(m2=4.31824) (r=0.187623) typer=13 type1=0 type2=8
t=0.0292525 disruptboth id1=247399(m1=1.64642) id2=197204(m2=0.127785) (r=0.429101) type1=8 type2=0
t=0.0293636 disruptboth id1=154704(m1=0.628745) id2=180723(m2=9.91795) (r=0.307362) type1=0 type2=5
t=0.0298222 disruptboth id1=62097(m1=1.55124) id2=15609(m2=0.316203) (r=0.644123) type1=8 type2=0
t=0.0300054 disruptboth id1=32027(m1=1.76285) id2=205497(m2=9.10175) (r=0.114852) type1=8 type2=1
t=0.0300152 disrupt2 idr=288867(mr=36.8598) id1=111555(m1=0.143869):id2=288867(m2=37.2143) (r=0.0791538) typer=2 type1=0 type2=2
t=0.0300985 disrupt1 idr=78766(mr=1.10787) id1=78766(m1=3.78832):id2=199793(m2=0.196138) (r=0.69445) typer=13 type1=8 type2=0
t=0.0301323 disrupt2 idr=235277(mr=41.1456) id1=37140(m1=0.0980243):id2=235277(m2=41.6203) (r=0.163463) typer=2 type1=0 type2=2
t=0.0304755 disrupt2 idr=227404(mr=36.1824) id1=44860(m1=0.124121):id2=227404(m2=36.9003) (r=0.0621395) typer=2 type1=0 type2=2
t=0.0305357 disruptboth id1=148951(m1=1.74652) id2=207572(m2=6.71512) (r=0.722474) type1=8 type2=1
t=0.0314135 disrupt1 idr=38129(mr=13.8127) id1=38129(m1=14.68):id2=138683(m2=0.3068) (r=0.0882716) typer=4 type1=4 type2=0
t=0.031701 disruptboth id1=288867(m1=2.29441) id2=12965(m2=0.361286) (r=0.195927) type1=8 type2=0
t=0.0317495 disrupt2 idr=253906(mr=39.7719) id1=148857(m1=0.11641):id2=253906(m2=39.9521) (r=0.0924837) typer=2 type1=0 type2=2
t=0.0318167 disruptboth id1=20459(m1=0.469957) id2=212988(m2=52.7606) (r=0.0909327) type1=0 type2=5
t=0.0323721 disrupt1 idr=15767(mr=11.0623) id1=15767(m1=0.0881315):id2=227327(m2=11.0018) (r=0.202503) typer=4 type1=0 type2=7
t=0.0325222 disrupt2 idr=130104(mr=1.10787) id1=96031(m1=0.753335):id2=130104(m2=3.56151) (r=0.337327) typer=13 type1=1 type2=8
t=0.0325695 disruptboth id1=78309(m1=0.180185) id2=271838(m2=19.1458) (r=0.121327) type1=0 type2=5
t=0.0326601 disrupt1 idr=180743(mr=16.4714) id1=180743(m1=13.7921):id2=201315(m2=2.67931) (r=0.904285) typer=1 type1=1 type2=1
t=0.0327026 disruptboth id1=242996(m1=2.1209) id2=146876(m2=0.174951) (r=0.173) type1=8 type2=0
t=0.0332092 disrupt1 idr=196887(mr=16.8047) id1=196887(m1=14.1239):id2=201574(m2=3.78036) (r=1.1008) typer=4 type1=2 type2=1
t=0.0336742 disrupt2 idr=268354(mr=33.554) id1=188191(m1=0.126183):id2=268354(m2=34.6863) (r=0.194068) typer=4 type1=0 type2=2
t=0.0339081 disrupt2 idr=255426(mr=20.8753) id1=113693(m1=0.162071):id2=255426(m2=21.078) (r=0.198621) typer=2 type1=0 type2=2
t=0.0340685 disruptboth id1=109758(m1=0.132048) id2=251006(m2=7.14907) (r=0.70343) type1=0 type2=8
t=0.0345769 disruptboth id1=18727(m1=0.106004) id2=216198(m2=9.95951) (r=0.258542) type1=0 type2=8
t=0.0349418 disrupt2 idr=355988(mr=20.24) id1=91755(m1=0.426662):id2=355988(m2=20.7975) (r=0.469029) typer=4 type1=0 type2=2
t=0.0353112 disrupt1 idr=82431(mr=7.04141) id1=82431(m1=0.11):id2=139643(m2=6.95159) (r=0.155841) typer=4 type1=0 type2=7
t=0.0367853 disrupt1 idr=227046(mr=43.1422) id1=227046(m1=43.051):id2=104605(m2=0.0947044) (r=0.225732) typer=1 type1=1 type2=0
t=0.037007 disruptboth id1=58454(m1=1.59207) id2=204775(m2=9.08231) (r=0.204684) type1=8 type2=1
t=0.0371125 disrupt2 idr=234774(mr=28.2333) id1=41604(m1=0.124263):id2=234774(m2=30.2231) (r=0.0668532) typer=2 type1=0 type2=2
t=0.0381683 disruptboth id1=42472(m1=1.56868) id2=73643(m2=0.120129) (r=0.528981) type1=5 type2=0
t=0.0382639 disruptboth id1=114199(m1=0.110438) id2=148946(m2=9.89885) (r=0.145525) type1=0 type2=5
t=0.039011 disruptboth id1=234774(m1=2.0198) id2=128945(m2=0.967656) (r=0.357879) type1=8 type2=1
t=0.0398708 disrupt2 idr=227368(mr=18.8837) id1=102541(m1=0.163702):id2=227368(m2=19.1922) (r=0.28419) typer=4 type1=0 type2=4
t=0.0405756 disrupt1 idr=182191(mr=14.5393) id1=182191(m1=12.1809):id2=208210(m2=2.3584) (r=0.229101) typer=1 type1=1 type2=1
t=0.0417442 disrupt2 idr=218443(mr=31.7561) id1=87955(m1=0.104589):id2=218443(m2=32.6761) (r=0.280353) typer=4 type1=0 type2=2
t=0.0420698 disruptboth id1=92074(m1=0.511746) id2=234091(m2=7.78556) (r=0.683841) type1=0 type2=8
t=0.0424103 disruptboth id1=22350(m1=1.26071) id2=207626(m2=19.2536) (r=0.0878864) type1=8 type2=1
t=0.043207 disruptboth id1=9401(m1=1.26071) id2=204911(m2=17.438) (r=0.196077) type1=8 type2=1
t=0.0435489 disrupt1 idr=143684(mr=11.5949) id1=143684(m1=11.2866):id2=204650(m2=0.308394) (r=0.411509) typer=1 type1=1 type2=0
t=0.0444149 disruptboth id1=163354(m1=1.47294) id2=190012(m2=0.447026) (r=0.147024) type1=8 type2=0
t=0.0447353 disruptboth id1=127179(m1=1.26071) id2=204992(m2=16.7931) (r=0.259882) type1=8 type2=1
t=0.0474624 disruptboth id1=147266(m1=1.11039) id2=205748(m2=15.1059) (r=0.113382) type1=5 type2=1
t=0.0477044 disruptboth id1=50556(m1=1.26071) id2=200061(m2=18.2536) (r=0.319926) type1=8 type2=1
t=0.0480493 disrupt1 idr=106369(mr=12.0735) id1=106369(m1=0.138636):id2=227046(m2=11.9751) (r=0.143879) typer=4 type1=0 type2=7
t=0.0492545 disrupt2 idr=170488(mr=9.82726) id1=21667(m1=0.0820415):id2=170488(m2=11.0518) (r=0.423888) typer=3 type1=0 type2=2
t=0.049741 disrupt1 idr=64743(mr=12.6598) id1=64743(m1=10.609):id2=203391(m2=2.05075) (r=0.232973) typer=1 type1=1 type2=1
t=0.0513563 disrupt1 idr=146494(mr=12.1296) id1=146494(m1=10.0678):id2=203570(m2=2.06182) (r=0.145927) typer=1 type1=1 type2=1
t=0.055141 disruptboth id1=157709(m1=1.26071) id2=208687(m2=16.4369) (r=0.341065) type1=8 type2=1
t=0.0564901 disrupt1 idr=181599(mr=1.906) id1=181599(m1=1.78976):id2=204447(m2=0.116239) (r=2.28868) typer=1 type1=1 type2=0
t=0.05718 disruptboth id1=175555(m1=1.26071) id2=207165(m2=5.97887) (r=0.529141) type1=8 type2=1
t=0.0589533 disrupt1 idr=136158(mr=11.8311) id1=136158(m1=9.67005):id2=202867(m2=2.16104) (r=0.931251) typer=1 type1=1 type2=1
t=0.0594309 disruptboth id1=21486(m1=0.219964) id2=76759(m2=9.88795) (r=0.419663) type1=0 type2=5
t=0.0604936 disrupt1 idr=70274(mr=12.5974) id1=70274(m1=9.86065):id2=208372(m2=3.19859) (r=0.192475) typer=2 type1=2 type2=1
t=0.0617236 disrupt1 idr=91620(mr=12.2463) id1=91620(m1=9.44744):id2=208683(m2=2.79889) (r=1.48246) typer=1 type1=1 type2=1
t=0.0636287 disrupt1 idr=187126(mr=9.57816) id1=187126(m1=8.64265):id2=207983(m2=0.935536) (r=1.00154) typer=1 type1=1 type2=1
t=0.0649747 disrupt2 idr=104735(mr=9.34023) id1=86218(m1=0.0939988):id2=104735(m2=9.50651) (r=0.671432) typer=3 type1=0 type2=2
t=0.0688161 disrupt2 idr=205360(mr=1.26075) id1=174146(m1=1.26075):id2=205360(m2=15.3441) (r=0.370856) typer=13 type1=13 type2=2
t=0.0689767 disrupt2 idr=61248(mr=1.10787) id1=17579(m1=0.177863):id2=61248(m2=2.80519) (r=0.917071) typer=13 type1=0 type2=8
t=0.0728047 disrupt1 idr=190641(mr=8.40483) id1=190641(m1=8.96852):id2=201658(m2=1.01786) (r=2.73677) typer=2 type1=2 type2=1
t=0.0728204 disruptboth id1=154048(m1=1.26071) id2=207832(m2=12.1218) (r=0.502698) type1=9 type2=1
t=0.0762602 disrupt2 idr=205502(mr=1.26086) id1=123447(m1=1.26085):id2=205502(m2=15.1096) (r=0.450636) typer=13 type1=13 type2=4
t=0.0857851 disrupt2 idr=207223(mr=12.651) id1=157614(m1=1.34329):id2=207223(m2=15.7529) (r=0.189704) typer=4 type1=12 type2=4
t=0.0864095 disrupt2 idr=205470(mr=1.26077) id1=77074(m1=1.26076):id2=205470(m2=13.4982) (r=0.809719) typer=13 type1=13 type2=4
t=0.0903264 disrupt2 idr=209057(mr=10.0834) id1=4493(m1=1.16651):id2=209057(m2=9.97556) (r=0.598224) typer=5 type1=12 type2=2
t=0.091115 disrupt2 idr=207779(mr=1.26093) id1=155682(m1=1.26093):id2=207779(m2=13.0637) (r=0.678641) typer=13 type1=13 type2=2
t=0.0959306 disrupt2 idr=204188(mr=11.3663) id1=51230(m1=1.3118):id2=204188(m2=13.9918) (r=0.403945) typer=4 type1=12 type2=4
t=0.0993333 disrupt1 idr=108604(mr=8.3747) id1=108604(m1=6.79094):id2=209193(m2=1.58377) (r=1.95191) typer=1 type1=1 type2=1
t=0.100458 disrupt2 idr=202284(mr=11.5507) id1=132598(m1=1.25013):id2=202284(m2=14.0262) (r=0.543671) typer=4 type1=12 type2=4
t=0.103176 disruptboth id1=548(m1=1.26071) id2=32222(m2=0.401111) (r=0.722492) type1=6 type2=0
t=0.104138 disrupt1 idr=127146(mr=12.5806) id1=127146(m1=7.51465):id2=206793(m2=5.48568) (r=0.323687) typer=2 type1=2 type2=1
t=0.105196 disrupt2 idr=204842(mr=9.88116) id1=78946(m1=1.32739):id2=204842(m2=12.1458) (r=0.130674) typer=5 type1=12 type2=2
t=0.105485 disrupt2 idr=205129(mr=9.96956) id1=159407(m1=1.30424):id2=205129(m2=13.4966) (r=0.459546) typer=4 type1=12 type2=4
t=0.108667 disrupt1 idr=139891(mr=8.95315) id1=139891(m1=7.36548):id2=203088(m2=1.81316) (r=0.874646) typer=2 type1=2 type2=1
t=0.11033 disrupt1 idr=6787(mr=8.1104) id1=6787(m1=7.3176):id2=12193(m2=1.18211) (r=0.760693) typer=2 type1=2 type2=1
t=0.112786 disrupt1 idr=8383(mr=7.95652) id1=8383(m1=7.2345):id2=201850(m2=0.810086) (r=0.151096) typer=2 type1=2 type2=1
t=0.12226 disrupt1 idr=6825(mr=7.8233) id1=6825(m1=6.52181):id2=205537(m2=1.30149) (r=0.286425) typer=1 type1=1 type2=1
t=0.127025 disrupt1 idr=168856(mr=4.49408) id1=168856(m1=1.40845):id2=205448(m2=3.08866) (r=0.388162) typer=7 type1=7 type2=7
t=0.146262 disrupt1 idr=117927(mr=7.94311) id1=117927(m1=6.41767):id2=208537(m2=1.67857) (r=0.357807) typer=2 type1=2 type2=1
t=0.1508 disrupt2 idr=200255(mr=5.37759) id1=20945(m1=1.10545):id2=200255(m2=9.89199) (r=0.232429) typer=5 type1=11 type2=2
t=0.153313 disrupt1 idr=34404(mr=6.88235) id1=34404(m1=6.28412):id2=203303(m2=0.730241) (r=0.197918) typer=2 type1=2 type2=1
t=0.165024 disrupt2 idr=205975(mr=1.20694) id1=40515(m1=1.19793):id2=205975(m2=1.20682) (r=0.757318) typer=12 type1=11 type2=12
t=0.177961 disrupt1 idr=109119(mr=7.32654) id1=109119(m1=5.70693):id2=202241(m2=1.61961) (r=0.477151) typer=1 type1=1 type2=1
t=0.178913 disrupt1 idr=186961(mr=6.04289) id1=186961(m1=5.8316):id2=207144(m2=0.211293) (r=2.47447) typer=1 type1=1 type2=0
t=0.183763 disrupt1 idr=3034(mr=7.32647) id1=3034(m1=1.16083):id2=206246(m2=6.295) (r=0.432087) typer=6 type1=8 type2=1
t=0.189567 disrupt1 idr=114968(mr=6.24147) id1=114968(m1=5.71959):id2=204077(m2=0.651839) (r=0.569398) typer=2 type1=2 type2=0
t=0.197346 disrupt2 idr=202584(mr=9.0296) id1=162155(m1=1.24122):id2=202584(m2=9.76756) (r=0.132131) typer=5 type1=11 type2=2
t=0.198025 disrupt1 idr=109303(mr=6.64833) id1=109303(m1=5.61383):id2=201620(m2=1.24315) (r=0.870648) typer=2 type1=2 type2=1
t=0.200105 disrupt1 idr=59895(mr=6.55376) id1=59895(m1=5.2079):id2=207131(m2=1.34586) (r=0.802787) typer=1 type1=1 type2=1
t=0.2134 disruptboth id1=10983(m1=1.12532) id2=201666(m2=2.69635) (r=0.848043) type1=11 type2=8
t=0.213704 disrupt1 idr=340929(mr=1.11825) id1=340929(m1=1.11823):id2=206466(m2=1.06806) (r=1.4341) typer=12 type1=11 type2=11
t=0.218536 disruptboth id1=186938(m1=1.1108) id2=206850(m2=2.75778) (r=0.324731) type1=11 type2=8
t=0.218777 disruptboth id1=35514(m1=1.13832) id2=206561(m2=8.66657) (r=0.300892) type1=11 type2=5
t=0.221191 disrupt1 idr=33666(mr=6.08871) id1=33666(m1=5.34788):id2=201791(m2=0.839312) (r=1.29052) typer=2 type1=2 type2=1
t=0.224683 disrupt1 idr=50337(mr=4.83641) id1=50337(m1=5.27629):id2=204113(m2=3.61712) (r=0.44749) typer=3 type1=2 type2=1
t=0.226329 disrupt1 idr=28519(mr=5.04436) id1=28519(m1=5.27776):id2=207018(m2=3.83287) (r=0.128643) typer=3 type1=2 type2=1
t=0.228308 disrupt1 idr=172204(mr=5.80879) id1=172204(m1=5.1378):id2=204347(m2=0.670997) (r=0.906818) typer=1 type1=1 type2=0
t=0.230801 disrupt1 idr=202352(mr=11.4829) id1=202352(m1=4.86923):id2=212305(m2=6.6137) (r=0.568752) typer=1 type1=1 type2=1
t=0.24063 disrupt1 idr=178855(mr=8.46404) id1=178855(m1=5.10573):id2=206600(m2=5.22357) (r=0.715151) typer=3 type1=2 type2=1
t=0.243949 disrupt1 idr=55816(mr=4.81811) id1=55816(m1=5.12348):id2=202218(m2=2.95587) (r=0.419875) typer=3 type1=2 type2=1
t=0.244394 disrupt1 idr=84064(mr=1.1768) id1=84064(m1=1.17673):id2=203091(m2=0.944768) (r=0.847348) typer=12 type1=12 type2=11
t=0.246849 disrupt1 idr=113860(mr=5.84157) id1=113860(m1=5.31145):id2=115928(m2=0.656967) (r=0.784602) typer=5 type1=5 type2=0
t=0.249653 disrupt1 idr=133924(mr=5.73871) id1=133924(m1=4.99692):id2=202982(m2=0.741792) (r=0.302693) typer=1 type1=1 type2=1
t=0.250253 disrupt1 idr=84266(mr=4.83438) id1=84266(m1=5.06822):id2=200386(m2=2.82536) (r=0.755997) typer=3 type1=2 type2=1
t=0.250307 disrupt1 idr=85480(mr=6.11886) id1=85480(m1=5.03604):id2=206684(m2=1.08283) (r=0.469172) typer=1 type1=1 type2=1
t=0.253739 disrupt1 idr=192855(mr=6.12882) id1=192855(m1=5.04733):id2=201185(m2=1.23142) (r=0.51327) typer=2 type1=2 type2=1
t=0.255663 disrupt1 idr=2029(mr=6.81297) id1=2029(m1=5.00213):id2=205771(m2=4.6083) (r=0.394275) typer=3 type1=2 type2=1
t=0.259221 disrupt1 idr=83991(mr=5.60994) id1=83991(m1=4.99979):id2=204177(m2=0.703499) (r=1.95232) typer=2 type1=2 type2=0
t=0.267491 disrupt1 idr=199055(mr=4.86992) id1=199055(m1=4.93784):id2=204874(m2=2.09531) (r=0.699661) typer=3 type1=2 type2=1
t=0.270209 disrupt1 idr=146099(mr=5.02939) id1=146099(m1=4.91094):id2=209213(m2=3.04273) (r=0.145108) typer=3 type1=2 type2=1
t=0.273151 disrupt1 idr=147524(mr=8.02512) id1=147524(m1=4.87235):id2=208247(m2=4.86089) (r=0.309606) typer=3 type1=2 type2=1
t=0.277256 disrupt1 idr=187362(mr=5.03708) id1=187362(m1=4.82668):id2=202544(m2=0.210408) (r=1.06552) typer=1 type1=1 type2=0
t=0.279689 disrupt1 idr=88843(mr=4.10795) id1=88843(m1=4.85048):id2=201926(m2=0.712064) (r=5.08881) typer=3 type1=3 type2=0
t=0.280385 disrupt1 idr=53200(mr=7.12999) id1=53200(m1=4.83769):id2=202700(m2=2.44316) (r=0.860105) typer=2 type1=2 type2=1
t=0.281804 disrupt1 idr=16582(mr=6.84424) id1=16582(m1=4.80823):id2=209586(m2=4.44408) (r=0.231235) typer=3 type1=2 type2=1
t=0.283147 disrupt1 idr=156245(mr=4.92979) id1=156245(m1=4.82358):id2=209492(m2=0.256275) (r=2.4278) typer=2 type1=2 type2=0
t=0.283913 disrupt1 idr=26473(mr=5.27521) id1=26473(m1=4.80321):id2=203375(m2=3.32796) (r=0.922248) typer=3 type1=2 type2=1
t=0.288889 disrupt1 idr=302995(mr=4.96298) id1=302995(m1=4.91956):id2=201661(m2=1.57205) (r=0.324272) typer=3 type1=2 type2=1
t=0.290471 disrupt1 idr=84368(mr=5.10402) id1=84368(m1=4.76853):id2=202713(m2=2.99516) (r=0.575832) typer=3 type1=2 type2=1
t=0.290752 disrupt1 idr=126458(mr=6.27233) id1=126458(m1=4.76195):id2=207754(m2=4.09459) (r=0.591642) typer=3 type1=2 type2=1
t=0.292975 disrupt1 idr=177860(mr=4.88895) id1=177860(m1=4.75365):id2=209978(m2=1.78603) (r=0.370161) typer=3 type1=2 type2=1
t=0.293083 disrupt1 idr=320545(mr=8.58703) id1=320545(m1=5.83492):id2=206445(m2=2.99569) (r=0.569623) typer=2 type1=2 type2=1
t=0.295477 disrupt1 idr=126263(mr=3.86284) id1=126263(m1=3.43622):id2=203278(m2=0.426617) (r=0.340986) typer=1 type1=1 type2=0
t=0.300078 disrupt1 idr=56904(mr=5.61373) id1=56904(m1=4.70346):id2=207694(m2=0.999744) (r=0.269982) typer=2 type1=2 type2=1
t=0.312003 disrupt1 idr=180915(mr=4.9948) id1=180915(m1=4.37124):id2=207785(m2=0.623558) (r=0.232911) typer=1 type1=1 type2=0
t=0.319845 disrupt1 idr=170332(mr=5.09488) id1=170332(m1=4.13203):id2=208214(m2=0.96285) (r=2.29219) typer=1 type1=1 type2=1
t=0.329407 disrupt1 idr=36783(mr=7.9149) id1=36783(m1=4.53081):id2=200387(m2=3.74521) (r=0.83129) typer=2 type1=2 type2=1
t=0.329439 disrupt1 idr=195295(mr=4.83845) id1=195295(m1=4.52924):id2=201366(m2=0.41387) (r=0.602481) typer=2 type1=2 type2=0
t=0.329582 disrupt2 idr=205397(mr=5.76563) id1=67422(m1=0.826541):id2=205397(m2=5.3533) (r=0.239452) typer=5 type1=11 type2=2
t=0.333284 disrupt2 idr=200475(mr=5.40049) id1=101705(m1=1.19838):id2=200475(m2=4.80283) (r=1.1787) typer=5 type1=12 type2=2
t=0.342202 disrupt1 idr=72662(mr=6.64052) id1=72662(m1=4.45832):id2=202042(m2=2.3876) (r=0.837874) typer=2 type1=2 type2=1
t=0.345058 disrupt1 idr=153986(mr=6.63492) id1=153986(m1=4.44279):id2=208684(m2=4.03863) (r=0.98815) typer=3 type1=2 type2=1
t=0.345303 disrupt1 idr=25970(mr=4.42876) id1=25970(m1=4.31052):id2=207363(m2=0.118244) (r=0.616112) typer=1 type1=1 type2=0
t=0.345496 disrupt1 idr=48574(mr=2.93526) id1=48574(m1=2.70887):id2=203499(m2=0.226388) (r=3.84954) typer=1 type1=1 type2=0
t=0.348876 disrupt1 idr=131471(mr=4.94778) id1=131471(m1=4.42528):id2=206143(m2=2.37748) (r=0.704662) typer=3 type1=2 type2=1
t=0.351732 disrupt1 idr=160961(mr=4.69828) id1=160961(m1=4.41114):id2=202190(m2=0.411849) (r=1.34204) typer=2 type1=2 type2=0
t=0.369105 disrupt1 idr=108925(mr=5.53832) id1=108925(m1=4.3134):id2=208726(m2=3.22706) (r=0.669077) typer=3 type1=2 type2=1
t=0.378821 disrupt2 idr=276437(mr=4.9821) id1=209790(m1=2.42292):id2=276437(m2=4.33262) (r=0.533297) typer=3 type1=1 type2=2
t=0.382176 disrupt2 idr=206074(mr=5.21289) id1=28881(m1=0.823561):id2=206074(m2=4.72724) (r=0.46465) typer=5 type1=11 type2=2
t=0.384637 disrupt1 idr=13903(mr=7.26536) id1=13903(m1=4.2513):id2=208088(m2=4.16756) (r=0.705834) typer=3 type1=2 type2=1
t=0.38556 disrupt1 idr=199193(mr=6.29564) id1=199193(m1=4.23868):id2=201529(m2=3.75416) (r=0.920494) typer=3 type1=2 type2=1
t=0.389653 disrupt1 idr=139043(mr=5.38387) id1=139043(m1=4.20745):id2=202303(m2=1.17642) (r=0.366709) typer=1 type1=1 type2=1
t=0.395736 disrupt1 idr=112158(mr=6.42391) id1=112158(m1=4.20399):id2=202121(m2=3.78635) (r=0.291194) typer=3 type1=2 type2=1
t=0.407979 disrupt1 idr=117484(mr=6.81301) id1=117484(m1=4.15093):id2=205644(m2=2.84211) (r=0.523096) typer=2 type1=2 type2=1
t=0.412202 disrupt1 idr=181662(mr=5.15243) id1=181662(m1=4.13514):id2=202830(m2=2.68885) (r=0.727119) typer=3 type1=2 type2=1
t=0.426081 disrupt1 idr=163584(mr=6.82789) id1=163584(m1=4.08196):id2=204037(m2=3.90631) (r=0.623919) typer=3 type1=2 type2=1
t=0.43049 disrupt1 idr=9091(mr=4.92464) id1=9091(m1=4.06326):id2=206406(m2=0.958694) (r=0.82691) typer=2 type1=2 type2=1
t=0.430725 disrupt2 idr=202381(mr=4.88968) id1=80687(m1=0.858157):id2=202381(m2=4.41608) (r=0.766907) typer=5 type1=11 type2=2
t=0.433722 disrupt1 idr=164647(mr=6.61982) id1=164647(m1=3.96393):id2=200831(m2=2.65588) (r=1.21332) typer=1 type1=1 type2=1
t=0.4389 disrupt1 idr=70575(mr=4.26174) id1=70575(m1=4.0305):id2=206530(m2=0.274651) (r=0.879913) typer=2 type1=2 type2=0
t=0.457523 disrupt1 idr=181937(mr=3.88057) id1=181937(m1=3.78074):id2=206190(m2=0.0998283) (r=0.461725) typer=1 type1=1 type2=0
t=0.458972 disrupt1 idr=276642(mr=3.80488) id1=276642(m1=4.20062):id2=201427(m2=0.566132) (r=1.02449) typer=4 type1=4 type2=0
t=0.477425 disrupt1 idr=145976(mr=7.0663) id1=145976(m1=3.90274):id2=206236(m2=3.42201) (r=0.281162) typer=2 type1=2 type2=1
t=0.491358 disrupt2 idr=123385(mr=1.26036) id1=52753(m1=0.496712):id2=123385(m2=3.86488) (r=0.7522) typer=4 type1=0 type2=4
t=0.508198 disrupt1 idr=146202(mr=3.8677) id1=146202(m1=3.80886):id2=205860(m2=0.430601) (r=0.495967) typer=2 type1=2 type2=0
t=0.508805 disrupt1 idr=125375(mr=4.11025) id1=125375(m1=3.80518):id2=205338(m2=0.397809) (r=3.50644) typer=2 type1=2 type2=0
t=0.511186 disrupt1 idr=27825(mr=6.07842) id1=27825(m1=3.79941):id2=207153(m2=3.39428) (r=0.478157) typer=3 type1=2 type2=1
t=0.513368 disrupt1 idr=64187(mr=4.20702) id1=64187(m1=3.31574):id2=206133(m2=0.891279) (r=0.529085) typer=1 type1=1 type2=1
t=0.51895 disrupt1 idr=80208(mr=4.73399) id1=80208(m1=3.77774):id2=208989(m2=2.03229) (r=1.14514) typer=3 type1=2 type2=1
t=0.525529 disrupt1 idr=56666(mr=4.242) id1=56666(m1=3.75392):id2=200140(m2=0.549984) (r=0.374205) typer=2 type1=2 type2=0
t=0.527723 disrupt2 idr=200205(mr=4.57524) id1=152672(m1=0.818669):id2=200205(m2=4.07659) (r=0.299433) typer=5 type1=11 type2=2
t=0.531244 disrupt1 idr=10047(mr=3.3771) id1=10047(m1=3.74612):id2=204367(m2=0.25386) (r=0.929607) typer=3 type1=3 type2=0
t=0.534168 disrupt1 idr=172867(mr=7.05922) id1=172867(m1=3.7308):id2=202593(m2=3.44044) (r=0.429325) typer=2 type1=2 type2=1
t=0.544686 disrupt1 idr=62248(mr=1.94736) id1=62248(m1=3.71193):id2=201808(m2=0.3761) (r=0.391242) typer=3 type1=3 type2=0
t=0.550363 disrupt1 idr=51905(mr=4.74457) id1=51905(m1=3.69148):id2=209697(m2=2.08353) (r=0.5886) typer=3 type1=2 type2=1
t=0.552373 disrupt1 idr=90190(mr=6.40339) id1=90190(m1=3.68616):id2=202082(m2=3.52488) (r=1.07723) typer=3 type1=2 type2=1
t=0.559374 disrupt1 idr=90455(mr=5.60741) id1=90455(m1=3.66826):id2=204200(m2=3.02812) (r=0.52195) typer=3 type1=2 type2=1
t=0.567529 disrupt1 idr=283079(mr=5.56147) id1=283079(m1=3.83451):id2=202916(m2=2.94834) (r=0.811014) typer=3 type1=2 type2=1
t=0.584971 disrupt1 idr=311009(mr=5.27863) id1=311009(m1=4.60578):id2=177826(m2=2.54739) (r=0.254816) typer=3 type1=2 type2=1
t=0.586746 disrupt1 idr=168198(mr=5.38156) id1=168198(m1=3.59924):id2=206400(m2=1.95588) (r=0.896081) typer=2 type1=2 type2=1
t=0.590095 disrupt1 idr=50439(mr=4.38996) id1=50439(m1=3.40743):id2=205658(m2=0.982529) (r=0.455221) typer=1 type1=1 type2=1
t=0.591262 disrupt2 idr=203747(mr=4.29913) id1=188973(m1=0.801219):id2=203747(m2=3.81521) (r=0.51081) typer=5 type1=11 type2=2
t=0.597271 disrupt1 idr=77915(mr=4.71824) id1=77915(m1=3.57622):id2=207059(m2=2.08743) (r=0.837836) typer=3 type1=2 type2=1
t=0.609148 disrupt1 idr=118337(mr=2.93973) id1=118337(m1=2.7481):id2=200702(m2=0.191627) (r=0.887447) typer=1 type1=1 type2=0
t=0.610492 disrupt1 idr=157701(mr=3.33801) id1=157701(m1=3.7459):id2=202280(m2=0.831726) (r=0.636228) typer=5 type1=5 type2=1
t=0.619178 disrupt1 idr=173166(mr=4.60435) id1=173166(m1=3.52674):id2=203373(m2=1.93569) (r=0.421567) typer=3 type1=2 type2=1
t=0.623436 disrupt1 idr=2458(mr=4.11759) id1=2458(m1=3.51743):id2=208108(m2=1.21792) (r=0.24811) typer=3 type1=2 type2=1
t=0.628587 disrupt1 idr=67602(mr=3.85316) id1=67602(m1=3.50219):id2=208471(m2=0.412785) (r=1.62419) typer=2 type1=2 type2=0
t=0.629785 disrupt1 idr=22802(mr=4.13093) id1=22802(m1=3.50266):id2=208462(m2=0.772744) (r=0.570134) typer=2 type1=2 type2=1
t=0.633684 disrupt1 idr=181566(mr=4.41703) id1=181566(m1=3.49534):id2=209519(m2=1.63141) (r=1.25429) typer=3 type1=2 type2=1
t=0.642242 disrupt1 idr=175297(mr=4.36873) id1=175297(m1=3.4773):id2=205922(m2=1.56188) (r=2.45412) typer=3 type1=2 type2=1
t=0.644231 disrupt1 idr=151442(mr=4.75921) id1=151442(m1=3.47312):id2=201282(m2=2.18073) (r=0.93593) typer=3 type1=2 type2=1
t=0.649222 disrupt1 idr=191479(mr=6.17265) id1=191479(m1=3.46273):id2=207255(m2=3.33347) (r=0.757184) typer=3 type1=2 type2=1
t=0.649253 disrupt1 idr=5623(mr=4.62518) id1=5623(m1=3.46277):id2=206177(m2=2.00087) (r=0.687609) typer=3 type1=2 type2=1
t=0.669965 disrupt1 idr=171591(mr=4.22108) id1=171591(m1=3.42122):id2=206482(m2=1.38654) (r=0.564402) typer=3 type1=2 type2=1
t=0.674031 disrupt1 idr=2340(mr=5.53083) id1=2340(m1=3.41329):id2=208567(m2=2.933) (r=2.04567) typer=3 type1=2 type2=1
t=0.678852 disrupt1 idr=145790(mr=5.53658) id1=145790(m1=3.40388):id2=204849(m2=2.93651) (r=1.08018) typer=3 type1=2 type2=1
t=0.680097 disrupt1 idr=160072(mr=5.26034) id1=160072(m1=3.40144):id2=201469(m2=2.71651) (r=0.923779) typer=3 type1=2 type2=1
t=0.698265 disrupt1 idr=177743(mr=3.64424) id1=177743(m1=3.36682):id2=207166(m2=0.463095) (r=1.52163) typer=2 type1=2 type2=0
t=0.708882 disrupt1 idr=181038(mr=4.45794) id1=181038(m1=3.34793):id2=200450(m2=1.8166) (r=0.290986) typer=3 type1=2 type2=1
t=0.71481 disrupt1 idr=106067(mr=5.20013) id1=106067(m1=3.33376):id2=201709(m2=1.99267) (r=0.745185) typer=2 type1=2 type2=1
t=0.72101 disrupt2 idr=200171(mr=5.36441) id1=237792(m1=3.48916):id2=200171(m2=3.32626) (r=1.22008) typer=3 type1=1 type2=2
t=0.722327 disrupt1 idr=159585(mr=5.23427) id1=159585(m1=3.32397):id2=203306(m2=2.69582) (r=1.28283) typer=3 type1=2 type2=1
t=0.727721 disrupt1 idr=229896(mr=4.31045) id1=229896(m1=3.97861):id2=200353(m2=0.503435) (r=1.07397) typer=2 type1=2 type2=0
t=0.732026 disrupt1 idr=133121(mr=4.60935) id1=133121(m1=3.3071):id2=201567(m2=2.05236) (r=0.725339) typer=3 type1=2 type2=1
t=0.747256 disrupt1 idr=122014(mr=3.75703) id1=122014(m1=3.27999):id2=204562(m2=0.576124) (r=2.35218) typer=2 type1=2 type2=0
t=0.74806 disrupt1 idr=59460(mr=4.14537) id1=59460(m1=3.28125):id2=202176(m2=1.63671) (r=1.838) typer=3 type1=3 type2=1
t=0.7539 disrupt1 idr=49336(mr=4.82382) id1=49336(m1=3.27019):id2=208432(m2=2.31538) (r=0.712575) typer=3 type1=2 type2=1
t=0.761249 disrupt1 idr=112821(mr=4.40044) id1=112821(m1=3.2581):id2=208803(m2=1.79072) (r=0.702038) typer=3 type1=2 type2=1
t=0.766383 disrupt1 idr=79166(mr=4.45461) id1=79166(m1=3.24984):id2=201667(m2=1.87533) (r=3.20742) typer=3 type1=2 type2=1
t=0.78224 disrupt1 idr=84259(mr=4.72237) id1=84259(m1=3.22229):id2=204853(m2=1.61395) (r=0.669082) typer=2 type1=2 type2=1
t=0.788715 disrupt1 idr=84720(mr=4.90433) id1=84720(m1=3.21455):id2=200005(m2=2.41008) (r=1.11095) typer=3 type1=2 type2=1
t=0.79553 disrupt1 idr=120868(mr=4.44388) id1=120868(m1=3.20409):id2=201659(m2=1.88782) (r=1.2832) typer=3 type1=2 type2=1
t=0.802415 disrupt1 idr=719(mr=4.40492) id1=719(m1=3.19364):id2=205833(m2=1.8408) (r=2.87944) typer=3 type1=2 type2=1
t=0.804658 disrupt1 idr=5645(mr=3.39179) id1=5645(m1=2.85894):id2=207433(m2=0.532855) (r=0.460263) typer=1 type1=1 type2=0
t=0.812438 disrupt1 idr=112254(mr=4.98378) id1=112254(m1=3.17866):id2=205436(m2=2.49132) (r=0.225055) typer=3 type1=2 type2=1
t=0.818273 disrupt1 idr=104710(mr=3.73578) id1=104710(m1=3.16529):id2=208680(m2=0.626664) (r=1.05297) typer=2 type1=2 type2=0
t=0.841814 disrupt1 idr=54250(mr=3.67938) id1=54250(m1=3.13522):id2=208248(m2=0.65454) (r=0.542081) typer=2 type1=2 type2=0
t=0.854981 disrupt1 idr=45757(mr=4.09437) id1=45757(m1=3.11796):id2=202500(m2=1.45648) (r=0.74428) typer=3 type1=2 type2=1
t=0.86831 disrupt1 idr=196544(mr=5.86062) id1=196544(m1=3.09981):id2=208733(m2=3.08307) (r=0.511338) typer=3 type1=2 type2=1
t=0.870614 disrupt1 idr=20925(mr=1.94685) id1=20925(m1=1.81467):id2=206110(m2=0.132189) (r=0.383231) typer=1 type1=1 type2=0
t=0.89299 disrupt1 idr=211936(mr=5.08373) id1=211936(m1=4.35722):id2=201144(m2=2.12284) (r=0.451203) typer=3 type1=2 type2=1
t=0.915621 disrupt1 idr=52282(mr=3.68679) id1=52282(m1=3.03662):id2=209979(m2=0.738508) (r=0.540642) typer=2 type1=2 type2=1
t=0.929263 disrupt1 idr=76709(mr=5.08842) id1=76709(m1=3.0218):id2=200047(m2=2.60124) (r=0.583051) typer=3 type1=2 type2=1
t=0.959122 disrupt1 idr=190170(mr=5.07719) id1=190170(m1=2.98589):id2=209479(m2=2.59709) (r=0.848848) typer=3 type1=2 type2=1
t=0.962004 disrupt1 idr=168443(mr=3.48316) id1=168443(m1=2.64263):id2=205324(m2=0.840529) (r=1.90686) typer=1 type1=1 type2=1
t=0.964429 disrupt1 idr=60115(mr=3.56131) id1=60115(m1=2.98009):id2=201836(m2=0.998788) (r=0.470623) typer=3 type1=2 type2=1
t=0.976439 disrupt1 idr=172202(mr=4.70527) id1=172202(m1=2.97075):id2=200577(m2=2.81197) (r=1.11749) typer=3 type1=3 type2=1
t=0.978867 disrupt1 idr=140303(mr=4.19332) id1=140303(m1=2.96351):id2=209712(m2=1.71474) (r=0.501267) typer=3 type1=2 type2=1
t=0.997194 disrupt1 idr=69196(mr=1.83858) id1=69196(m1=3.15774):id2=203254(m2=0.184225) (r=0.797891) typer=5 type1=5 type2=0
t=1.00246 disrupt1 idr=39483(mr=4.42422) id1=39483(m1=2.93737):id2=201909(m2=2.0101) (r=0.701501) typer=3 type1=2 type2=1
t=1.02308 disrupt1 idr=20627(mr=2.50267) id1=20627(m1=3.12446):id2=206385(m2=0.990077) (r=0.762226) typer=4 type1=4 type2=1
t=1.03054 disrupt1 idr=173750(mr=3.16784) id1=173750(m1=2.91227):id2=200667(m2=1.96101) (r=2.43136) typer=3 type1=3 type2=1
t=1.0312 disrupt1 idr=63863(mr=3.16873) id1=63863(m1=2.90189):id2=207835(m2=0.304648) (r=0.812499) typer=2 type1=2 type2=0
t=1.0361 disrupt1 idr=30288(mr=4.44491) id1=30288(m1=2.90011):id2=207385(m2=1.67024) (r=1.21829) typer=2 type1=2 type2=1
t=1.04801 disrupt1 idr=76352(mr=2.88612) id1=76352(m1=2.89016):id2=91744(m2=0.167921) (r=1.2504) typer=3 type1=3 type2=0
t=1.06814 disrupt1 idr=169413(mr=1.63097) id1=169413(m1=1.4713):id2=202072(m2=0.159671) (r=1.64692) typer=1 type1=1 type2=0
t=1.07591 disrupt1 idr=121604(mr=2.11462) id1=121604(m1=2.8669):id2=206556(m2=1.05134) (r=1.08782) typer=3 type1=3 type2=1
t=1.09989 disrupt1 idr=303267(mr=2.06586) id1=303267(m1=1.959):id2=200180(m2=0.106858) (r=0.388217) typer=1 type1=1 type2=0
t=1.10564 disrupt1 idr=52482(mr=4.474) id1=52482(m1=2.83242):id2=208740(m2=2.11053) (r=1.14353) typer=3 type1=2 type2=1
t=1.12038 disrupt1 idr=159290(mr=4.73963) id1=159290(m1=2.77798):id2=209531(m2=2.40348) (r=0.327278) typer=3 type1=2 type2=1
t=1.13244 disrupt1 idr=5115(mr=4.17346) id1=5115(m1=2.80885):id2=203092(m2=1.79739) (r=1.30675) typer=3 type1=2 type2=1
t=1.13395 disrupt1 idr=13478(mr=3.83855) id1=13478(m1=2.78824):id2=208832(m2=1.41163) (r=4.42984) typer=3 type1=2 type2=1
t=1.14101 disrupt1 idr=7183(mr=3.81509) id1=7183(m1=2.79964):id2=202470(m2=1.36999) (r=1.12073) typer=3 type1=2 type2=1
t=1.165 disrupt1 idr=143874(mr=3.80453) id1=143874(m1=2.77823):id2=206010(m2=1.37405) (r=0.905132) typer=3 type1=2 type2=1
t=1.17324 disrupt2 idr=191901(mr=2.48769) id1=103055(m1=0.399488):id2=191901(m2=2.77592) (r=1.19732) typer=3 type1=0 type2=3
t=1.19413 disrupt1 idr=111458(mr=3.27416) id1=111458(m1=2.75228):id2=200657(m2=0.638809) (r=2.77504) typer=2 type1=2 type2=0
t=1.19802 disrupt1 idr=148222(mr=4.39581) id1=148222(m1=2.74726):id2=209009(m2=1.7377) (r=0.701042) typer=2 type1=2 type2=1
t=1.19896 disrupt1 idr=56260(mr=3.37267) id1=56260(m1=2.74898):id2=203195(m2=0.962708) (r=0.954707) typer=3 type1=2 type2=1
t=1.20205 disrupt1 idr=107689(mr=4.13925) id1=107689(m1=2.74638):id2=200026(m2=1.79769) (r=2.57033) typer=3 type1=2 type2=1
t=1.22368 disrupt1 idr=139508(mr=3.98401) id1=139508(m1=2.72554):id2=208998(m2=1.33203) (r=0.994842) typer=2 type1=2 type2=1
t=1.24163 disrupt1 idr=36337(mr=4.77602) id1=36337(m1=2.71719):id2=206095(m2=2.59431) (r=1.07715) typer=3 type1=3 type2=1
t=1.24391 disrupt1 idr=26283(mr=3.26955) id1=26283(m1=2.71303):id2=205430(m2=0.936702) (r=0.383783) typer=3 type1=3 type2=1
t=1.25494 disrupt1 idr=17973(mr=3.16376) id1=17973(m1=2.68154):id2=203435(m2=0.482219) (r=1.73538) typer=1 type1=1 type2=0
t=1.25819 disrupt1 idr=138786(mr=3.65738) id1=138786(m1=2.70072):id2=201401(m2=1.27594) (r=0.900767) typer=3 type1=2 type2=1
t=1.26956 disrupt1 idr=45742(mr=3.29505) id1=45742(m1=2.69183):id2=201149(m2=0.917777) (r=3.41478) typer=3 type1=2 type2=1
t=1.27146 disrupt1 idr=90075(mr=3.86349) id1=90075(m1=2.69036):id2=209517(m2=1.50839) (r=0.313079) typer=3 type1=2 type2=1
t=1.27451 disrupt1 idr=104425(mr=1.49552) id1=104425(m1=1.36059):id2=206971(m2=0.134929) (r=1.50318) typer=1 type1=1 type2=0
t=1.27726 disrupt1 idr=80719(mr=3.67433) id1=80719(m1=2.69029):id2=209758(m2=2.0233) (r=1.25066) typer=3 type1=3 type2=1
t=1.29364 disrupt1 idr=129038(mr=4.92094) id1=129038(m1=2.47275):id2=201489(m2=2.44819) (r=1.01706) typer=1 type1=1 type2=1
t=1.29468 disrupt1 idr=86369(mr=3.68521) id1=86369(m1=2.6724):id2=203247(m2=1.32335) (r=1.48437) typer=3 type1=2 type2=1
t=1.30496 disrupt1 idr=158772(mr=3.19446) id1=158772(m1=2.4661):id2=203758(m2=0.728364) (r=0.437785) typer=1 type1=1 type2=1
t=1.31 disrupt1 idr=196142(mr=4.4564) id1=196142(m1=2.65967):id2=203327(m2=1.90524) (r=0.65047) typer=2 type1=2 type2=1
t=1.31238 disrupt1 idr=110951(mr=4.74423) id1=110951(m1=2.66268):id2=200222(m2=2.56091) (r=1.59646) typer=3 type1=3 type2=1
t=1.32305 disrupt1 idr=16028(mr=2.68608) id1=16028(m1=2.65377):id2=205533(m2=0.278942) (r=1.27554) typer=3 type1=3 type2=0
t=1.32536 disrupt1 idr=137654(mr=4.3111) id1=137654(m1=2.64799):id2=207864(m2=1.76368) (r=0.359962) typer=2 type1=2 type2=1
t=1.33162 disrupt1 idr=50570(mr=4.3101) id1=50570(m1=2.64998):id2=207549(m2=2.45557) (r=0.916819) typer=3 type1=3 type2=1
t=1.33542 disrupt1 idr=197088(mr=3.716) id1=197088(m1=2.64126):id2=203583(m2=1.3782) (r=1.23614) typer=3 type1=2 type2=1
t=1.3373 disrupt1 idr=167572(mr=4.44254) id1=167572(m1=2.63905):id2=202936(m2=2.15681) (r=1.60405) typer=3 type1=2 type2=1
t=1.34116 disrupt1 idr=141105(mr=4.40581) id1=141105(m1=2.63835):id2=205785(m2=2.12309) (r=0.803707) typer=3 type1=2 type2=1
t=1.34328 disrupt1 idr=156816(mr=3.81263) id1=156816(m1=2.63683):id2=209302(m2=1.48997) (r=0.28154) typer=3 type1=2 type2=1
t=1.34672 disrupt1 idr=180699(mr=3.67314) id1=180699(m1=2.63437):id2=208852(m2=1.33783) (r=1.21589) typer=3 type1=2 type2=1
t=1.36069 disrupt1 idr=148673(mr=2.13255) id1=148673(m1=2.63093):id2=206926(m2=0.162835) (r=1.41461) typer=3 type1=3 type2=0
t=1.37342 disrupt1 idr=149353(mr=3.0253) id1=149353(m1=2.619):id2=201136(m2=0.993824) (r=0.553568) typer=3 type1=3 type2=1
t=1.39609 disrupt1 idr=21526(mr=2.57647) id1=21526(m1=2.60327):id2=203275(m2=0.0807358) (r=0.892092) typer=3 type1=3 type2=0
t=1.40052 disrupt1 idr=127415(mr=2.31891) id1=127415(m1=2.60254):id2=209242(m2=0.319414) (r=0.576155) typer=3 type1=3 type2=0
t=1.41811 disrupt1 idr=123369(mr=2.75268) id1=123369(m1=2.52007):id2=202062(m2=0.232611) (r=0.705643) typer=1 type1=1 type2=0
t=1.43749 disrupt2 idr=209739(mr=0.115534) id1=113815(m1=0.693305):id2=209739(m2=0.115534) (r=2.0945) typer=0 type1=0 type2=0
t=1.44535 disrupt1 idr=5149(mr=4.14586) id1=5149(m1=2.5674):id2=207146(m2=1.90871) (r=0.508059) typer=3 type1=2 type2=1
t=1.45041 disrupt1 idr=152669(mr=4.15032) id1=152669(m1=2.56417):id2=208374(m2=1.91484) (r=1.53464) typer=3 type1=2 type2=1
t=1.4682 disrupt1 idr=101330(mr=3.58512) id1=101330(m1=2.54873):id2=200731(m2=1.09758) (r=10.9217) typer=2 type1=2 type2=1
t=1.46988 disrupt1 idr=106539(mr=4.65051) id1=106539(m1=2.55182):id2=209997(m2=2.34971) (r=0.688113) typer=3 type1=2 type2=1
t=1.47603 disrupt1 idr=114153(mr=3.19521) id1=114153(m1=2.55283):id2=200980(m2=1.51648) (r=0.613643) typer=3 type1=3 type2=1
t=1.48256 disrupt1 idr=19591(mr=4.42935) id1=19591(m1=2.54405):id2=208928(m2=2.17578) (r=0.0375329) typer=3 type1=2 type2=1
t=1.48282 disrupt1 idr=4725(mr=3.0577) id1=4725(m1=2.53992):id2=102108(m2=0.570371) (r=3.47278) typer=2 type1=2 type2=0
t=1.48377 disrupt1 idr=87748(mr=3.98797) id1=87748(m1=2.54285):id2=206509(m2=1.75869) (r=0.69157) typer=3 type1=2 type2=1
t=1.49227 disrupt1 idr=152604(mr=3.24668) id1=152604(m1=2.47993):id2=202889(m2=0.766746) (r=0.463843) typer=1 type1=1 type2=1
t=1.50338 disrupt1 idr=124021(mr=3.61828) id1=124021(m1=2.53107):id2=209181(m2=1.35577) (r=1.6577) typer=3 type1=2 type2=1
t=1.50664 disrupt1 idr=87795(mr=4.21752) id1=87795(m1=2.52909):id2=205910(m2=1.99667) (r=1.73571) typer=3 type1=2 type2=1
t=1.51907 disrupt1 idr=77905(mr=2.35422) id1=77905(m1=2.2514):id2=208117(m2=0.102824) (r=1.99909) typer=1 type1=1 type2=0
t=1.5253 disrupt1 idr=118236(mr=3.73069) id1=118236(m1=2.51896):id2=208488(m2=1.55359) (r=0.297691) typer=3 type1=3 type2=1
t=1.53896 disrupt1 idr=21530(mr=2.51928) id1=21530(m1=2.51633):id2=203078(m2=2.14421) (r=1.01064) typer=3 type1=3 type2=1
t=1.55482 disrupt2 idr=352956(mr=0.891847) id1=131763(m1=0.112913):id2=352956(m2=0.795101) (r=0.33863) typer=6 type1=0 type2=8
t=1.55503 disrupt1 idr=84607(mr=2.96262) id1=84607(m1=2.382):id2=206012(m2=0.580615) (r=2.25367) typer=1 type1=1 type2=0
t=1.57473 disrupt1 idr=167017(mr=3.49175) id1=167017(m1=2.49385):id2=200189(m2=1.80948) (r=0.745495) typer=3 type1=3 type2=1
t=1.58067 disrupt1 idr=113341(mr=4.23726) id1=113341(m1=2.4825):id2=201981(m2=1.83211) (r=2.36526) typer=2 type1=2 type2=1
t=1.58208 disrupt1 idr=127933(mr=2.97216) id1=127933(m1=2.48483):id2=209792(m2=0.706407) (r=1.44724) typer=3 type1=2 type2=0
t=1.5955 disrupt1 idr=139925(mr=3.19012) id1=139925(m1=2.47519):id2=208456(m2=0.78255) (r=1.21728) typer=2 type1=2 type2=1
t=1.60004 disrupt1 idr=193852(mr=3.39024) id1=193852(m1=2.47474):id2=202635(m2=1.17248) (r=2.2435) typer=3 type1=2 type2=1
t=1.61734 disrupt2 idr=266111(mr=2.79272) id1=156922(m1=0.546147):id2=266111(m2=2.57664) (r=1.14095) typer=3 type1=0 type2=3
t=1.63641 disrupt1 idr=128586(mr=3.9367) id1=128586(m1=2.45478):id2=201429(m2=1.76055) (r=0.567945) typer=3 type1=2 type2=1
t=1.64441 disrupt1 idr=16414(mr=4.23718) id1=16414(m1=2.45217):id2=200265(m2=2.1273) (r=0.806828) typer=3 type1=3 type2=1
t=1.65121 disrupt1 idr=163476(mr=3.87522) id1=163476(m1=2.44719):id2=204923(m2=1.69734) (r=1.26586) typer=3 type1=2 type2=1
t=1.65138 disrupt1 idr=182529(mr=3.17321) id1=182529(m1=2.44939):id2=208826(m2=1.13895) (r=1.5862) typer=3 type1=3 type2=1
t=1.65375 disrupt1 idr=146585(mr=4.04393) id1=146585(m1=2.44519):id2=206562(m2=1.87453) (r=1.80303) typer=3 type1=2 type2=1
t=1.65788 disrupt1 idr=130385(mr=2.17969) id1=130385(m1=2.44904):id2=205036(m2=0.478943) (r=1.56542) typer=3 type1=3 type2=0
t=1.67646 disrupt1 idr=36405(mr=4.60874) id1=36405(m1=2.32781):id2=205149(m2=2.28093) (r=0.781529) typer=1 type1=1 type2=1
t=1.68032 disrupt1 idr=34335(mr=4.23222) id1=34335(m1=2.4298):id2=205258(m2=1.8856) (r=0.264622) typer=2 type1=2 type2=1
t=1.72153 disrupt1 idr=155035(mr=3.39291) id1=155035(m1=2.41047):id2=203925(m2=1.21899) (r=1.76392) typer=3 type1=2 type2=1
t=1.72433 disrupt1 idr=111033(mr=3.21165) id1=111033(m1=2.40906):id2=202313(m2=1.04633) (r=0.890517) typer=3 type1=2 type2=1
t=1.72515 disrupt1 idr=175397(mr=3.87533) id1=175397(m1=2.40954):id2=206986(m2=1.77063) (r=2.60178) typer=3 type1=3 type2=1
t=1.74247 disrupt1 idr=98441(mr=3.55334) id1=98441(m1=2.40004):id2=208867(m2=1.38557) (r=0.486163) typer=3 type1=2 type2=1
t=1.74991 disrupt1 idr=187257(mr=3.16808) id1=187257(m1=2.40128):id2=205254(m2=1.49788) (r=0.986796) typer=3 type1=3 type2=1
t=1.7567 disrupt1 idr=152612(mr=2.78787) id1=152612(m1=2.34876):id2=200578(m2=0.439113) (r=1.13494) typer=1 type1=1 type2=0
t=1.76469 disrupt1 idr=153465(mr=2.82546) id1=153465(m1=2.3949):id2=202834(m2=1.34911) (r=0.894281) typer=3 type1=3 type2=1
t=1.76558 disrupt1 idr=6080(mr=4.2252) id1=6080(m1=2.38874):id2=209164(m2=2.06476) (r=0.94107) typer=3 type1=2 type2=1
t=1.77023 disrupt1 idr=134039(mr=3.99134) id1=134039(m1=2.3865):id2=204039(m2=1.85611) (r=1.00486) typer=3 type1=2 type2=1
t=1.79479 disrupt1 idr=155989(mr=2.36233) id1=155989(m1=2.37775):id2=209854(m2=0.10677) (r=2.54333) typer=3 type1=3 type2=0
t=1.81235 disrupt2 idr=391691(mr=5.13811) id1=19759(m1=1.52384):id2=391691(m2=3.81148) (r=0.935806) typer=2 type1=1 type2=2
t=1.81999 disrupt1 idr=21310(mr=2.37279) id1=21310(m1=2.01229):id2=205959(m2=0.360504) (r=2.30293) typer=1 type1=1 type2=0
t=1.82587 disrupt1 idr=175462(mr=3.78924) id1=175462(m1=2.36023):id2=200674(m2=1.66869) (r=1.64866) typer=3 type1=2 type2=1
t=1.83233 disrupt1 idr=176469(mr=3.07709) id1=176469(m1=2.3572):id2=205400(m2=0.945355) (r=0.46726) typer=3 type1=2 type2=1
t=1.84755 disrupt1 idr=138068(mr=2.73665) id1=138068(m1=2.20445):id2=207846(m2=0.532203) (r=1.88888) typer=1 type1=1 type2=0
t=1.85266 disrupt1 idr=12766(mr=3.11455) id1=12766(m1=2.34936):id2=203358(m2=1.04929) (r=0.445291) typer=3 type1=3 type2=1
t=1.8581 disrupt1 idr=169955(mr=4.11419) id1=169955(m1=2.34358):id2=202599(m2=1.83839) (r=1.43282) typer=2 type1=2 type2=1
t=1.86266 disrupt1 idr=194331(mr=2.74645) id1=194331(m1=2.33983):id2=209929(m2=0.446144) (r=1.65204) typer=2 type1=2 type2=0
t=1.90499 disrupt1 idr=11417(mr=2.62344) id1=11417(m1=2.32863):id2=204131(m2=0.648103) (r=14.3852) typer=3 type1=3 type2=0
t=1.9066 disrupt1 idr=127425(mr=3.1426) id1=127425(m1=2.49427):id2=137073(m2=2.50676) (r=0.610855) typer=4 type1=5 type2=4
t=1.9084 disrupt1 idr=26123(mr=3.81762) id1=26123(m1=2.32332):id2=205556(m2=1.72323) (r=0.9593) typer=3 type1=2 type2=1
t=1.93095 disrupt1 idr=192717(mr=3.97387) id1=192717(m1=2.31365):id2=209571(m2=1.88002) (r=1.20226) typer=3 type1=2 type2=1
t=1.9451 disrupt1 idr=99214(mr=2.76292) id1=99214(m1=2.30582):id2=204198(m2=0.50677) (r=3.77409) typer=2 type1=2 type2=0
t=2.01015 disrupt1 idr=191954(mr=4.29745) id1=191954(m1=2.27758):id2=200791(m2=2.07478) (r=1.56832) typer=2 type1=2 type2=1
t=2.01239 disrupt1 idr=110277(mr=4.42414) id1=110277(m1=2.27686):id2=209814(m2=2.18593) (r=0.354526) typer=2 type1=2 type2=1
t=2.02353 disrupt1 idr=19991(mr=3.09776) id1=19991(m1=2.2755):id2=200685(m2=1.03219) (r=1.03139) typer=3 type1=2 type2=1
t=2.06026 disrupt1 idr=166657(mr=3.42646) id1=166657(m1=2.26119):id2=200825(m2=1.35984) (r=1.40365) typer=3 type1=2 type2=1
t=2.08377 disrupt1 idr=6936(mr=2.85791) id1=6936(m1=2.25195):id2=203765(m2=0.78646) (r=1.01425) typer=3 type1=2 type2=1
t=2.08709 disrupt1 idr=70131(mr=3.63832) id1=70131(m1=2.25071):id2=209804(m2=1.58921) (r=1.5569) typer=3 type1=2 type2=1
t=2.12597 disrupt1 idr=157773(mr=2.48333) id1=157773(m1=2.2355):id2=200656(m2=0.320555) (r=0.401528) typer=2 type1=2 type2=0
t=2.13427 disrupt1 idr=105590(mr=3.28234) id1=105590(m1=2.23361):id2=208723(m2=1.25578) (r=1.76371) typer=3 type1=3 type2=1
t=2.14448 disrupt2 idr=130170(mr=2.48872) id1=252139(m1=0.739639):id2=130170(m2=2.23506) (r=0.266029) typer=3 type1=1 type2=3
t=2.15062 disrupt1 idr=102606(mr=2.37633) id1=102606(m1=2.18318):id2=207982(m2=0.19315) (r=0.489493) typer=1 type1=1 type2=0
t=2.15599 disrupt1 idr=65554(mr=2.19077) id1=65554(m1=2.07165):id2=207718(m2=0.119121) (r=10.3834) typer=1 type1=1 type2=0
t=2.16654 disrupt1 idr=48988(mr=3.74927) id1=48988(m1=2.22463):id2=203031(m2=1.84941) (r=0.195257) typer=3 type1=3 type2=1
t=2.17528 disrupt1 idr=84782(mr=2.67961) id1=84782(m1=2.2188):id2=201114(m2=0.633693) (r=1.29821) typer=3 type1=3 type2=0
t=2.19276 disruptboth id1=211056(m1=49.9249) id2=211546(m2=101.749) (r=0.202245) type1=14 type2=14
t=2.19577 disrupt1 idr=57984(mr=3.69443) id1=57984(m1=2.21076):id2=202068(m2=1.67442) (r=0.802482) typer=3 type1=2 type2=1
t=2.21367 disrupt1 idr=105126(mr=3.92308) id1=105126(m1=2.20445):id2=206174(m2=1.89177) (r=1.31501) typer=3 type1=2 type2=1
t=2.22022 disrupt1 idr=196712(mr=3.69122) id1=196712(m1=2.20213):id2=201042(m2=1.67703) (r=0.968988) typer=3 type1=2 type2=1
t=2.25063 disrupt1 idr=48658(mr=3.3205) id1=48658(m1=2.19616):id2=205279(m2=1.50743) (r=1.47809) typer=3 type1=3 type2=1
t=2.25469 disrupt1 idr=171830(mr=3.41965) id1=171830(m1=2.19026):id2=202255(m2=1.40811) (r=0.856329) typer=3 type1=2 type2=1
t=2.2666 disrupt2 idr=202998(mr=1.23783) id1=191132(m1=0.853999):id2=202998(m2=0.383854) (r=1.87725) typer=8 type1=11 type2=7
t=2.27748 disrupt1 idr=27165(mr=2.22212) id1=27165(m1=2.18311):id2=200137(m2=0.0874275) (r=0.62105) typer=3 type1=3 type2=0
t=2.28748 disrupt1 idr=105901(mr=3.98852) id1=105901(m1=2.17917):id2=206804(m2=1.95893) (r=0.768849) typer=3 type1=2 type2=1
t=2.30628 disrupt1 idr=64285(mr=3.07885) id1=64285(m1=2.17322):id2=200480(m2=1.09732) (r=0.746345) typer=3 type1=3 type2=1
t=2.31078 disrupt2 idr=264977(mr=3.12071) id1=242797(m1=1.07928):id2=264977(m2=2.24299) (r=1.26617) typer=3 type1=1 type2=2
t=2.31209 disrupt1 idr=113023(mr=2.61343) id1=113023(m1=1.96343):id2=202113(m2=0.649995) (r=0.964592) typer=1 type1=1 type2=0
t=2.3134 disrupt1 idr=62591(mr=2.87999) id1=62591(m1=2.17051):id2=200231(m2=0.885635) (r=1.78823) typer=3 type1=2 type2=1
t=2.3163 disrupt1 idr=1590(mr=2.64629) id1=1590(m1=2.16962):id2=201677(m2=0.623828) (r=1.93135) typer=3 type1=2 type2=0
t=2.3469 disrupt1 idr=35435(mr=3.77021) id1=35435(m1=2.15962):id2=202573(m2=1.77941) (r=0.380642) typer=3 type1=2 type2=1
t=2.34835 disrupt1 idr=29927(mr=2.75592) id1=29927(m1=2.11):id2=200277(m2=0.645917) (r=1.47538) typer=1 type1=1 type2=0
t=2.34848 disrupt1 idr=206208(mr=4.2721) id1=206208(m1=2.15915):id2=218592(m2=2.33857) (r=0.649642) typer=3 type1=2 type2=1
t=2.36026 disrupt1 idr=5112(mr=2.8369) id1=5112(m1=2.16399):id2=157067(m2=1.76243) (r=5.59116) typer=3 type1=3 type2=1
t=2.3679 disrupt1 idr=119564(mr=3.56987) id1=119564(m1=2.15293):id2=200203(m2=1.58958) (r=0.427804) typer=3 type1=2 type2=1
t=2.38365 disrupt1 idr=153537(mr=3.42846) id1=153537(m1=2.14794):id2=200625(m2=1.44951) (r=0.514445) typer=3 type1=2 type2=1
t=2.39201 disrupt1 idr=12278(mr=2.68621) id1=12278(m1=2.14526):id2=205793(m2=0.688769) (r=0.546962) typer=3 type1=2 type2=0
t=2.39586 disrupt1 idr=7187(mr=1.18619) id1=7187(m1=2.15338):id2=207323(m2=0.758184) (r=0.745807) typer=3 type1=3 type2=1
t=2.43723 disrupt1 idr=60432(mr=2.29744) id1=60432(m1=1.80501):id2=201424(m2=0.49243) (r=4.10705) typer=1 type1=1 type2=0
t=2.43857 disrupt1 idr=120032(mr=2.85463) id1=120032(m1=2.1309):id2=205064(m2=0.891841) (r=0.774808) typer=3 type1=2 type2=1
t=2.44609 disrupt1 idr=73166(mr=2.0791) id1=73166(m1=1.98548):id2=201426(m2=0.0936268) (r=1.58253) typer=1 type1=1 type2=0
t=2.50224 disrupt1 idr=83243(mr=2.56404) id1=83243(m1=2.11181):id2=209113(m2=0.586672) (r=0.619491) typer=3 type1=2 type2=0
t=2.50739 disrupt1 idr=89400(mr=2.77894) id1=89400(m1=2.1103):id2=202608(m2=0.824859) (r=0.17153) typer=3 type1=2 type2=1
t=2.5197 disrupt1 idr=187215(mr=3.65668) id1=187215(m1=2.1067):id2=202993(m2=1.70562) (r=0.476287) typer=3 type1=2 type2=1
t=2.52929 disrupt1 idr=17502(mr=2.09799) id1=17502(m1=2.11172):id2=201822(m2=0.413125) (r=0.316004) typer=3 type1=3 type2=0
t=2.53671 disrupt1 idr=33678(mr=2.7929) id1=33678(m1=2.10739):id2=209774(m2=1.08306) (r=1.09174) typer=3 type1=3 type2=1
t=2.56896 disrupt1 idr=4140(mr=2.84539) id1=4140(m1=2.08917):id2=207644(m2=0.804792) (r=0.937952) typer=2 type1=2 type2=1
t=2.57477 disrupt1 idr=122686(mr=3.80004) id1=122686(m1=2.09739):id2=201488(m2=2.00288) (r=2.43415) typer=3 type1=3 type2=1
t=2.58049 disrupt1 idr=53754(mr=2.58377) id1=53754(m1=2.09758):id2=205547(m2=1.18025) (r=0.91661) typer=3 type1=3 type2=1
t=2.59877 disrupt1 idr=105667(mr=2.24224) id1=105667(m1=2.08273):id2=200858(m2=0.187386) (r=4.38847) typer=2 type1=2 type2=0
t=2.62398 disrupt1 idr=63805(mr=1.6266) id1=63805(m1=2.08727):id2=207102(m2=1.30281) (r=1.02707) typer=3 type1=3 type2=1
t=2.69036 disrupt1 idr=213563(mr=4.08468) id1=213563(m1=2.56486):id2=206169(m2=1.76689) (r=1.67684) typer=3 type1=2 type2=1
t=2.71909 disrupt1 idr=42176(mr=2.72164) id1=42176(m1=2.05821):id2=202606(m2=1.08286) (r=0.62029) typer=3 type1=3 type2=1
t=2.75909 disrupt1 idr=43934(mr=1.91859) id1=43934(m1=1.76874):id2=205779(m2=0.149853) (r=6.33966) typer=1 type1=1 type2=0
t=2.77236 disrupt1 idr=163259(mr=2.46088) id1=163259(m1=2.03499):id2=209273(m2=0.459365) (r=2.97681) typer=2 type1=2 type2=0
t=2.83714 disrupt1 idr=33079(mr=3.29782) id1=33079(m1=1.99073):id2=49189(m2=2.15361) (r=0.366146) typer=4 type1=6 type2=4
t=2.95512 disrupt1 idr=43829(mr=3.54818) id1=43829(m1=1.99356):id2=208065(m2=1.67518) (r=0.971811) typer=3 type1=2 type2=1
t=2.95779 disrupt1 idr=49866(mr=2.42599) id1=49866(m1=1.90241):id2=206888(m2=0.523587) (r=0.813051) typer=1 type1=1 type2=0
t=2.97318 disrupt1 idr=120181(mr=3.38267) id1=120181(m1=1.99882):id2=206364(m2=1.85814) (r=0.55889) typer=3 type1=3 type2=1
t=2.97621 disrupt1 idr=124795(mr=2.95817) id1=124795(m1=1.98869):id2=204761(m2=1.11052) (r=2.56659) typer=3 type1=2 type2=1
t=2.99068 disrupt1 idr=42571(mr=3.34977) id1=42571(m1=1.99511):id2=208211(m2=1.8569) (r=0.46242) typer=3 type1=3 type2=1
t=3.06629 disrupt1 idr=97097(mr=3.07337) id1=97097(m1=1.96843):id2=204069(m2=1.23678) (r=0.753791) typer=3 type1=2 type2=1
t=3.0974 disrupt1 idr=55304(mr=2.36513) id1=55304(m1=1.96175):id2=207299(m2=0.510957) (r=1.90825) typer=3 type1=3 type2=0
t=3.13755 disrupt1 idr=211546(mr=108.787) id1=211546(m1=101.749):id2=249240(m2=7.70191) (r=0.0712751) typer=14 type1=14 type2=14
t=3.13782 disrupt1 idr=97066(mr=2.40541) id1=97066(m1=1.95737):id2=209543(m2=0.620973) (r=0.379098) typer=3 type1=3 type2=0
t=3.13791 disrupt1 idr=194620(mr=3.24836) id1=194620(m1=1.95293):id2=200441(m2=1.41931) (r=0.613325) typer=3 type1=2 type2=1
t=3.14623 disrupt1 idr=9211(mr=3.13421) id1=9211(m1=1.95035):id2=205606(m2=1.30936) (r=0.651639) typer=3 type1=2 type2=1
t=3.1649 disrupt1 idr=6549(mr=2.11208) id1=6549(m1=1.94543):id2=201584(m2=0.19011) (r=1.65933) typer=2 type1=2 type2=0
t=3.208 disrupt1 idr=78474(mr=2.04717) id1=78474(m1=1.93777):id2=203817(m2=0.147427) (r=0.31376) typer=2 type1=2 type2=0
t=3.21681 disrupt1 idr=129818(mr=3.31385) id1=129818(m1=1.93641):id2=209550(m2=1.49712) (r=0.249425) typer=3 type1=2 type2=1
t=3.21773 disrupt1 idr=331363(mr=2.81337) id1=331363(m1=2.61517):id2=192292(m2=1.53763) (r=0.277817) typer=5 type1=5 type2=1
t=3.25826 disrupt1 idr=170681(mr=14.2263) id1=170681(m1=7.57481):id2=296950(m2=7.37277) (r=0.0910047) typer=14 type1=14 type2=14
t=3.26286 disrupt1 idr=64813(mr=2.58152) id1=64813(m1=1.93903):id2=204272(m2=1.57834) (r=0.124408) typer=3 type1=3 type2=1
t=3.26619 disrupt1 idr=173764(mr=3.49438) id1=173764(m1=1.92637):id2=206096(m2=1.67302) (r=0.147377) typer=3 type1=2 type2=1
t=3.31838 disrupt1 idr=112343(mr=2.38134) id1=112343(m1=1.91599):id2=207714(m2=0.571219) (r=0.229868) typer=3 type1=2 type2=0
t=3.38294 disrupt1 idr=4336(mr=1.97034) id1=4336(m1=1.91072):id2=204489(m2=0.168733) (r=0.294335) typer=3 type1=3 type2=0
t=3.39464 disrupt1 idr=102918(mr=3.43796) id1=102918(m1=1.90123):id2=202260(m2=1.6395) (r=0.0841968) typer=3 type1=2 type2=1
t=3.40983 disrupt1 idr=155983(mr=3.02947) id1=155983(m1=1.89899):id2=209119(m2=1.25912) (r=0.152826) typer=3 type1=3 type2=1
t=3.42522 disrupt1 idr=90262(mr=1.95943) id1=90262(m1=1.89693):id2=207557(m2=0.11115) (r=0.49192) typer=3 type1=3 type2=0
t=3.45921 disrupt2 idr=216322(mr=2.16675) id1=200455(m1=0.767826):id2=216322(m2=2.41106) (r=0.268835) typer=3 type1=1 type2=3
t=3.57672 disrupt1 idr=183531(mr=2.07249) id1=183531(m1=1.86701):id2=207017(m2=0.248944) (r=1.03757) typer=2 type1=2 type2=0
t=3.62307 disrupt1 idr=154418(mr=2.8303) id1=154418(m1=1.85972):id2=206472(m2=1.09692) (r=0.292679) typer=3 type1=2 type2=1
t=3.68952 disrupt1 idr=49074(mr=1.31884) id1=49074(m1=1.86205):id2=207227(m2=0.677859) (r=1.00684) typer=3 type1=3 type2=0
t=3.70489 disrupt1 idr=64581(mr=3.36725) id1=64581(m1=1.8457):id2=208927(m2=1.61456) (r=0.36057) typer=3 type1=2 type2=1
t=3.7645 disrupt1 idr=24044(mr=1.96156) id1=24044(m1=1.84906):id2=201649(m2=0.857127) (r=0.171029) typer=3 type1=3 type2=1
t=3.81681 disrupt1 idr=126572(mr=2.15399) id1=126572(m1=1.71482):id2=201837(m2=0.43917) (r=0.319075) typer=1 type1=1 type2=0
t=3.83767 disrupt1 idr=33218(mr=3.10455) id1=33218(m1=1.82999):id2=207655(m2=1.4557) (r=0.214869) typer=3 type1=3 type2=1
t=3.84882 disrupt1 idr=87167(mr=3.54871) id1=87167(m1=1.82134):id2=206541(m2=1.78431) (r=0.397969) typer=3 type1=2 type2=1
t=3.86027 disrupt1 idr=36756(mr=1.35123) id1=36756(m1=1.89938):id2=276554(m2=0.816042) (r=0.330146) typer=5 type1=3 type2=11
t=3.86917 disrupt1 idr=158622(mr=2.15238) id1=158622(m1=1.77727):id2=200621(m2=0.375119) (r=0.098995) typer=1 type1=1 type2=0
t=3.90211 disrupt1 idr=52518(mr=2.72388) id1=52518(m1=1.81379):id2=209763(m2=1.03325) (r=0.334249) typer=3 type1=2 type2=1
t=3.92293 disrupt1 idr=153816(mr=2.1952) id1=153816(m1=1.82345):id2=200570(m2=0.96709) (r=0.295085) typer=3 type1=3 type2=1
t=3.92901 disrupt1 idr=175031(mr=3.51398) id1=175031(m1=1.80959):id2=209937(m2=1.76264) (r=0.115057) typer=3 type1=2 type2=1
t=3.93653 disrupt1 idr=73724(mr=2.32996) id1=73724(m1=1.80846):id2=208073(m2=0.620856) (r=0.708417) typer=3 type1=2 type2=0
t=3.95068 disrupt1 idr=283(mr=2.33697) id1=283(m1=1.81399):id2=207671(m2=0.734087) (r=0.761259) typer=3 type1=3 type2=1
t=4.04925 disrupt1 idr=180007(mr=2.12163) id1=180007(m1=1.79041):id2=204716(m2=0.386661) (r=0.413946) typer=2 type1=2 type2=0
t=4.11623 disrupt1 idr=236248(mr=14.7135) id1=236248(m1=7.46562):id2=299902(m2=7.99261) (r=0.0883913) typer=14 type1=14 type2=14
t=4.19018 disrupt1 idr=141668(mr=3.77408) id1=141668(m1=1.77087):id2=390772(m2=2.19962) (r=0.0571986) typer=3 type1=2 type2=1
t=4.3063 disrupt1 idr=221777(mr=12.9948) id1=221777(m1=8.85016):id2=311760(m2=4.56377) (r=0.0529493) typer=2 type1=2 type2=1
t=4.31341 disrupt1 idr=221781(mr=1.10787) id1=221781(m1=3.30148):id2=74661(m2=0.2788) (r=0.145346) typer=13 type1=8 type2=0
t=4.46843 disrupt1 idr=179613(mr=3.22169) id1=179613(m1=1.73356):id2=206710(m2=1.56439) (r=0.00735069) typer=3 type1=2 type2=1
t=4.52719 disrupt1 idr=216820(mr=19.2634) id1=216820(m1=9.7498):id2=241085(m2=9.51424) (r=9.87443) typer=1 type1=1 type2=1
t=4.60411 disrupt2 idr=328628(mr=2.51312) id1=31625(m1=1.30685):id2=328628(m2=3.43625) (r=0.0524814) typer=5 type1=1 type2=5
t=4.63957 disrupt1 idr=15028(mr=3.12609) id1=15028(m1=1.71222):id2=208280(m2=1.49594) (r=0.0633002) typer=3 type1=2 type2=1
t=4.68071 disrupt1 idr=221527(mr=4.27711) id1=221527(m1=3.56564):id2=203703(m2=0.716134) (r=0.0428274) typer=6 type1=6 type2=0
t=4.71497 disrupt1 idr=173532(mr=1.67232) id1=173532(m1=1.71847):id2=205273(m2=0.0888605) (r=0.382876) typer=3 type1=3 type2=0
t=4.71568 disrupt1 idr=214900(mr=22.0228) id1=214900(m1=30.3064):id2=16275(m2=1.32711) (r=0.0401438) typer=4 type1=4 type2=1
t=4.75734 disrupt2 idr=209262(mr=0.117194) id1=120521(m1=0.483457):id2=209262(m2=0.117194) (r=0.3818) typer=0 type1=0 type2=0
t=4.78921 disrupt1 idr=113998(mr=1.91781) id1=113998(m1=1.68955):id2=205924(m2=0.250172) (r=1.34155) typer=2 type1=2 type2=0
t=4.81529 disrupt1 idr=2207(mr=2.20821) id1=2207(m1=1.67745):id2=205451(m2=0.530763) (r=0.49782) typer=1 type1=1 type2=0
t=4.9212 disrupt1 idr=5485(mr=1.69203) id1=5485(m1=1.61141):id2=202637(m2=0.0806126) (r=0.285927) typer=1 type1=1 type2=0
t=4.95916 disrupt1 idr=143282(mr=1.74469) id1=143282(m1=1.67589):id2=203451(m2=0.10653) (r=6.72213) typer=3 type1=3 type2=0
t=4.96962 disruptboth id1=211555(m1=7.47868) id2=223703(m2=3.54406) (r=0.0574391) type1=14 type2=8
t=5.04206 disrupt1 idr=69312(mr=1.9404) id1=69312(m1=1.66492):id2=200044(m2=0.326822) (r=0.0498752) typer=2 type1=2 type2=0
t=5.06284 disrupt1 idr=109005(mr=1.71036) id1=109005(m1=1.60512):id2=200317(m2=0.105239) (r=0.787108) typer=1 type1=1 type2=0
t=5.07487 disrupt1 idr=168599(mr=1.86343) id1=168599(m1=1.67375):id2=207753(m2=0.36566) (r=0.801545) typer=3 type1=3 type2=0
t=5.08194 disrupt2 idr=360251(mr=3.0908) id1=40175(m1=0.92296):id2=360251(m2=2.39619) (r=0.0740875) typer=3 type1=1 type2=2
t=5.09077 disrupt2 idr=360251(mr=4.69126) id1=320864(m1=2.15958):id2=360251(m2=3.09065) (r=0.0370323) typer=3 type1=1 type2=3
t=5.09128 disrupt1 idr=98585(mr=2.91693) id1=98585(m1=1.66071):id2=201141(m2=1.3452) (r=0.0351244) typer=3 type1=2 type2=1
t=5.09468 disrupt1 idr=193907(mr=3.55399) id1=193907(m1=1.66619):id2=404900(m2=2.18259) (r=0.0548632) typer=3 type1=3 type2=1
t=5.12839 disrupt1 idr=58882(mr=1.74615) id1=58882(m1=1.56095):id2=203689(m2=0.185199) (r=0.178514) typer=1 type1=1 type2=0
t=5.1684 disrupt1 idr=43814(mr=2.15614) id1=43814(m1=1.6526):id2=207218(m2=0.590964) (r=0.553231) typer=3 type1=2 type2=0
t=5.34095 disrupt1 idr=287387(mr=2.95878) id1=287387(m1=2.56835):id2=342364(m2=0.520357) (r=0.113113) typer=4 type1=4 type2=0
t=5.41584 disrupt1 idr=210174(mr=30.5724) id1=210174(m1=27.9813):id2=314808(m2=3.10968) (r=0.0199836) typer=5 type1=5 type2=1
t=5.41611 disrupt1 idr=210174(mr=30.8055) id1=210174(m1=30.572):id2=9865(m2=0.537014) (r=0.038008) typer=5 type1=5 type2=0
t=5.46454 disrupt2 idr=238586(mr=1.01302) id1=26746(m1=1.26986):id2=238586(m2=1.76011) (r=0.0601832) typer=6 type1=1 type2=8
t=5.50129 disrupt1 idr=150802(mr=1.94991) id1=150802(m1=1.61947):id2=204527(m2=0.405337) (r=0.157477) typer=3 type1=2 type2=0
t=5.53666 disrupt1 idr=51803(mr=2.31359) id1=51803(m1=1.61597):id2=54520(m2=0.794107) (r=3.00782) typer=3 type1=2 type2=1
t=5.5829 disrupt1 idr=217126(mr=3.77456) id1=217126(m1=1.91327):id2=223117(m2=1.87213) (r=0.0250725) typer=6 type1=6 type2=1
t=5.6095 disrupt1 idr=227636(mr=25.3827) id1=227636(m1=25.4657):id2=1061(m2=0.997657) (r=0.0107641) typer=4 type1=4 type2=1
t=5.60984 disrupt1 idr=227637(mr=26.7221) id1=227637(m1=26.7279):id2=195514(m2=1.59896) (r=0.0272879) typer=4 type1=4 type2=4
t=5.75345 disrupt1 idr=152406(mr=1.51999) id1=152406(m1=1.6139):id2=207362(m2=0.416265) (r=0.0921002) typer=3 type1=3 type2=0
t=5.76576 disrupt1 idr=216821(mr=44.8104) id1=216821(m1=44.4802):id2=104508(m2=1.36599) (r=0.0196404) typer=4 type1=4 type2=1
t=5.76798 disruptboth id1=62209(m1=1.58751) id2=216826(m2=46.8025) (r=0.0432333) type1=4 type2=5
t=5.89111 disrupt1 idr=1455(mr=1.95769) id1=1455(m1=1.58735):id2=203874(m2=0.46351) (r=0.236057) typer=3 type1=3 type2=0
t=6.11648 disrupt1 idr=316473(mr=4.40175) id1=316473(m1=2.90263):id2=344270(m2=2.257) (r=0.0202604) typer=3 type1=3 type2=1
t=6.16484 disrupt2 idr=210598(mr=16.1582) id1=42934(m1=1.27484):id2=210598(m2=15.0508) (r=0.0675152) typer=6 type1=1 type2=6
t=6.35311 disrupt2 idr=210599(mr=4.20935) id1=299183(m1=1.62496):id2=210599(m2=2.58473) (r=0.0317736) typer=6 type1=1 type2=6
t=6.36338 disrupt1 idr=219412(mr=26.3361) id1=219412(m1=26.1525):id2=42813(m2=1.48963) (r=0.0186641) typer=4 type1=4 type2=1
t=6.36448 disruptboth id1=219412(m1=1.10787) id2=0(m2=2.13475) (r=0.0146557) type1=5 type2=4
t=6.48709 disrupt1 idr=22526(mr=1.98668) id1=22526(m1=1.5411):id2=230652(m2=0.976301) (r=1.27406) typer=5 type1=3 type2=11
t=6.50252 disrupt1 idr=201290(mr=4.56577) id1=201290(m1=0.669159):id2=219782(m2=3.89661) (r=0.0782687) typer=1 type1=0 type2=1
t=6.51057 disrupt1 idr=70819(mr=1.59984) id1=70819(m1=1.53178):id2=202397(m2=0.0845982) (r=0.331674) typer=2 type1=2 type2=0
t=6.60892 disrupt1 idr=217269(mr=5.84203) id1=217269(m1=5.18359):id2=241142(m2=2.03308) (r=0.0350482) typer=5 type1=5 type2=1
t=6.75755 disrupt1 idr=220617(mr=27.1693) id1=220617(m1=28.9894):id2=22825(m2=1.37244) (r=0.0102307) typer=4 type1=4 type2=1
t=6.75827 disruptboth id1=198119(m1=1.21809) id2=220617(m2=26.7034) (r=0.0295184) type1=12 type2=5
t=6.94549 disrupt2 idr=268769(mr=3.68423) id1=28774(m1=1.45157):id2=268769(m2=2.23976) (r=0.0257879) typer=6 type1=1 type2=6
t=6.94642 disrupt1 idr=144487(mr=1.92709) id1=144487(m1=1.50312):id2=201773(m2=0.500242) (r=0.229673) typer=3 type1=2 type2=0
t=7.01623 disrupt1 idr=215201(mr=12.6617) id1=215201(m1=11.6226):id2=91876(m2=1.18962) (r=0.0289402) typer=4 type1=4 type2=1
t=7.02481 disrupt1 idr=215204(mr=17.1773) id1=215204(m1=15.7627):id2=189065(m2=1.4862) (r=0.0133318) typer=4 type1=4 type2=2
t=7.04919 disrupt1 idr=215210(mr=26.3073) id1=215210(m1=24.2331):id2=280908(m2=4.08544) (r=0.0134521) typer=4 type1=5 type2=4
t=7.36545 disrupt2 idr=338118(mr=2.37408) id1=198866(m1=0.67872):id2=338118(m2=1.79621) (r=0.0628269) typer=3 type1=0 type2=2
t=7.44043 disruptboth id1=210552(m1=1.10787) id2=115992(m2=1.31812) (r=0.0488708) type1=5 type2=1
t=7.58623 disrupt2 idr=289265(mr=16.6214) id1=220313(m1=14.2296):id2=289265(m2=2.5472) (r=0.00593566) typer=4 type1=4 type2=4
t=7.58678 disrupt1 idr=289265(mr=17.7365) id1=289265(m1=16.6212):id2=108781(m2=1.25618) (r=0.0121549) typer=4 type1=4 type2=1
t=7.60235 disrupt2 idr=210805(mr=28.5959) id1=82295(m1=1.19343):id2=210805(m2=29.3744) (r=0.0314268) typer=5 type1=1 type2=5
t=7.93401 disrupt1 idr=212181(mr=28.8222) id1=212181(m1=28.9256):id2=76919(m2=0.654971) (r=0.0468396) typer=5 type1=5 type2=0
t=8.15117 disrupt1 idr=174018(mr=1.83564) id1=174018(m1=1.42996):id2=208588(m2=0.477958) (r=1.57809) typer=3 type1=2 type2=0
t=8.21784 disrupt1 idr=91696(mr=1.81175) id1=91696(m1=1.42638):id2=204670(m2=0.456236) (r=0.33201) typer=3 type1=2 type2=0
t=8.38013 disrupt2 idr=242863(mr=11.5479) id1=20209(m1=1.05786):id2=242863(m2=10.9596) (r=0.0491454) typer=3 type1=1 type2=2
t=8.382 disrupt1 idr=242864(mr=11.8973) id1=242864(m1=12.5682):id2=120183(m2=1.4123) (r=0.0487827) typer=4 type1=4 type2=2
t=8.38557 disruptboth id1=189339(m1=1.33145) id2=242864(m2=11.2456) (r=0.0224901) type1=12 type2=5
t=8.43186 disrupt1 idr=189238(mr=1.62701) id1=189238(m1=1.4004):id2=205334(m2=0.243713) (r=0.12613) typer=2 type1=2 type2=0
t=8.52782 disrupt1 idr=17431(mr=2.13233) id1=17431(m1=1.41363):id2=202673(m2=0.822552) (r=0.236024) typer=3 type1=3 type2=1
t=8.55025 disrupt1 idr=271921(mr=6.46795) id1=271921(m1=5.3374):id2=399716(m2=1.68719) (r=0.0536435) typer=4 type1=5 type2=3
t=8.5738 disrupt2 idr=205139(mr=0.136077) id1=72743(m1=0.464107):id2=205139(m2=0.136076) (r=5.73535) typer=0 type1=0 type2=0
t=8.58034 disrupt1 idr=163516(mr=1.72431) id1=163516(m1=1.40758):id2=203799(m2=0.380951) (r=0.312766) typer=3 type1=2 type2=0
t=8.71854 disrupt2 idr=263359(mr=6.99506) id1=261984(m1=1.35881):id2=263359(m2=6.27482) (r=0.0113524) typer=3 type1=1 type2=3
t=8.76968 disrupt2 idr=210628(mr=7.46833) id1=205698(m1=0.408341):id2=210628(m2=7.37303) (r=0.0736083) typer=3 type1=0 type2=3
t=9.03919 disrupt1 idr=210929(mr=4.111) id1=210929(m1=2.07718):id2=301029(m2=2.03884) (r=0.0372998) typer=6 type1=6 type2=1
t=9.06401 disrupt1 idr=164704(mr=1.59727) id1=164704(m1=1.3841):id2=206874(m2=0.262681) (r=12.9266) typer=2 type1=2 type2=0
t=9.07539 disrupt2 idr=215392(mr=6.33848) id1=72165(m1=1.37619):id2=215392(m2=5.44924) (r=0.0169853) typer=5 type1=2 type2=6
t=9.29239 disrupt1 idr=196423(mr=1.77687) id1=196423(m1=1.34917):id2=200718(m2=0.427695) (r=0.312375) typer=1 type1=1 type2=0
t=9.4067 disrupt2 idr=279644(mr=3.41829) id1=15186(m1=1.21927):id2=279644(m2=2.20142) (r=0.0270464) typer=6 type1=1 type2=6
t=9.44832 disrupt1 idr=210000(mr=9.625) id1=210000(m1=10.2741):id2=21649(m2=1.16013) (r=0.012242) typer=5 type1=5 type2=1
t=9.53561 disrupt1 idr=58224(mr=1.50648) id1=58224(m1=1.35534):id2=200031(m2=0.172319) (r=3.8726) typer=2 type1=2 type2=0
t=9.5738 disrupt1 idr=230998(mr=3.51712) id1=230998(m1=6.32207):id2=234227(m2=3.97589) (r=0.00699418) typer=4 type1=6 type2=4
t=9.68328 disrupt1 idr=217797(mr=18.4244) id1=217797(m1=18.3986):id2=114235(m2=1.29339) (r=0.0177107) typer=4 type1=4 type2=1
t=9.68611 disruptboth id1=178861(m1=1.355) id2=217797(m2=16.366) (r=0.0211044) type1=2 type2=6
