# time interaction_type id_merger(mass_merger) id1(m1):id2(m2):id3(m3):... (r) type_merger type1 ...
t=6.40818e-05 single-single idm=901743(mm=148.351) id1=106254(m1=0.158705):id2=61743(m2=148.192) (r=0.308828) typem=1 type1=0 type2=1 b[RSUN]=1224.88 vinf[km/s]=7.43427
t=0.000658129 binary-single idm=850657(mm=93.0664) id1=201941(m1=0.0810487):id2=10657(m2=92.9854) (r=0.11333) typem=4 type1=0 type2=4 
t=0.000699417 single-single idm=993494(mm=54.2769) id1=176205(m1=72.4992):id2=153494(m2=0.114435) (r=0.294936) typem=4 type1=4 type2=0 b[RSUN]=8991.23 vinf[km/s]=10.8387
t=0.000716875 single-single idm=872192(mm=64.4184) id1=32192(m1=0.665444):id2=362265(m2=68.8744) (r=0.291661) typem=4 type1=0 type2=4 b[RSUN]=6320.74 vinf[km/s]=33.2505
t=0.000716875 single-single idm=1058214(mm=70.3506) id1=280578(m1=1.69918):id2=218214(m2=68.6542) (r=0.425288) typem=4 type1=1 type2=4 b[RSUN]=5276.33 vinf[km/s]=36.9259
t=0.000716875 single-single idm=1004056(mm=73.8885) id1=625097(m1=74.2251):id2=164056(m2=0.125251) (r=0.479197) typem=4 type1=4 type2=0 b[RSUN]=3748.65 vinf[km/s]=24.4852
t=0.000766542 single-single idm=868165(mm=15.4512) id1=55336(m1=0.273237):id2=28165(m2=15.1779) (r=0.534962) typem=1 type1=0 type2=1 b[RSUN]=63.2785 vinf[km/s]=31.1755
t=0.000860257 single-single idm=1037910(mm=42.3359) id1=197910(m1=42.0462):id2=246931(m2=0.289662) (r=0.121596) typem=1 type1=1 type2=0 b[RSUN]=315.621 vinf[km/s]=41.077
t=0.00108818 single-single idm=1036373(mm=33.6665) id1=296006(m1=33.8696):id2=196373(m2=0.12817) (r=0.464202) typem=4 type1=4 type2=0 b[RSUN]=3550.42 vinf[km/s]=12.6495
t=0.00142608 single-single idm=1207793(mm=1.42555) id1=367793(m1=0.133864):id2=414844(m2=1.29169) (r=0.879617) typem=1 type1=0 type2=1 b[RSUN]=10.3938 vinf[km/s]=28.3529
t=0.00148149 binary-single idm=856208(mm=0.31554) id1=68283(m1=0.116164):id2=16208(m2=0.199376) (r=0.765203) typem=0 type1=0 type2=0 
t=0.00187681 single-single idm=961134(mm=11.6515) id1=221341(m1=11.5457):id2=121134(m2=0.105854) (r=0.464832) typem=1 type1=1 type2=0 b[RSUN]=94.122 vinf[km/s]=36.2837
t=0.00318922 single-single idm=900842(mm=8.62222) id1=116166(m1=8.35332):id2=60842(m2=0.2689) (r=0.192002) typem=1 type1=1 type2=0 b[RSUN]=164.887 vinf[km/s]=17.5189
t=0.00380467 single-single idm=961521(mm=12.2801) id1=241075(m1=0.150006):id2=121521(m2=12.1304) (r=0.475981) typem=5 type1=0 type2=5 b[RSUN]=1671.04 vinf[km/s]=8.49327
t=0.00481709 binary-single idm=943816(mm=1.44522) id1=103816(m1=0.510725):id2=817553(m2=0.9345) (r=0.187421) typem=1 type1=0 type2=1 
t=0.0049953 binary-single idm=850760(mm=10.9321) id1=10760(m1=9.27726):id2=11836(m2=1.65484) (r=0.244383) typem=1 type1=1 type2=1 
t=0.0116222 binary-single idm=926054(mm=40.5) id1=86054(m1=0.898478):id2=344445(m2=40.5) (r=0.178213) typem=14 type1=1 type2=14 
t=0.0132969 binary-single idm=981383(mm=6.71946) id1=141383(m1=3.56958):id2=806186(m2=3.14989) (r=0.326212) typem=1 type1=1 type2=1 
t=0.0139272 binary-single idm=1293390(mm=2.59247) id1=453390(m1=2.43699):id2=803904(m2=0.155487) (r=0.793799) typem=1 type1=1 type2=0 
t=0.0139305 single-single idm=870475(mm=5.69554) id1=115275(m1=0.14727):id2=30475(m2=5.54859) (r=0.0946944) typem=6 type1=0 type2=6 b[RSUN]=1708.02 vinf[km/s]=16.7327
t=0.0144799 binary-binary idm=841351(mm=39.9893) id1=1351(m1=0.868779):id2=715305(m2=39.9893) (r=0.0134464) typem=14 type1=1 type2=14 
t=0.0145817 single-single idm=916000(mm=2.25471) id1=231591(m1=2.15858):id2=76000(m2=0.0961331) (r=1.24603) typem=1 type1=1 type2=0 b[RSUN]=22.9032 vinf[km/s]=15.2257
t=0.0146455 single-single idm=945087(mm=30.6641) id1=105087(m1=5.3409):id2=115918(m2=30.6641) (r=0.320927) typem=14 type1=4 type2=14 b[RSUN]=463.859 vinf[km/s]=18.8039
t=0.0151252 binary-binary idm=841352(mm=39.9893) id1=78785(m1=0.0915208):id2=841351(m2=39.9893) (r=0.0118495) typem=14 type1=0 type2=14 
t=0.0151731 single-single idm=1098862(mm=5.42732) id1=394936(m1=5.40152):id2=258862(m2=0.0935373) (r=0.383528) typem=4 type1=4 type2=0 b[RSUN]=196.015 vinf[km/s]=36.1046
t=0.0158221 single-single idm=1268287(mm=0.950985) id1=539151(m1=0.852944):id2=428287(m2=0.0980417) (r=1.31497) typem=1 type1=1 type2=0 b[RSUN]=122.882 vinf[km/s]=4.31493
t=0.0167617 binary-single idm=865498(mm=0.333684) id1=25498(m1=0.221509):id2=838030(m2=0.112174) (r=1.34323) typem=0 type1=0 type2=0 
t=0.0169818 single-single idm=883135(mm=2.19688) id1=43135(m1=0.103225):id2=47128(m2=2.09366) (r=1.28368) typem=1 type1=0 type2=1 b[RSUN]=15.92 vinf[km/s]=13.1506
t=0.0170988 binary-binary idm=901744(mm=40.5) id1=179233(m1=0.103734):id2=901743(m2=40.5) (r=0.00578292) typem=14 type1=0 type2=14 
t=0.0175651 single-single idm=846555(mm=2.72354) id1=46557(m1=2.60764):id2=6555(m2=0.115894) (r=0.020569) typem=1 type1=1 type2=0 b[RSUN]=65.3187 vinf[km/s]=15.8054
t=0.0185716 binary-single idm=974146(mm=0.988345) id1=134146(m1=0.61825):id2=823637(m2=0.370095) (r=1.3294) typem=1 type1=0 type2=0 
t=0.0186553 binary-binary idm=864122(mm=1.05693) id1=24122(m1=0.557635):id2=804242(m2=0.499296) (r=1.09471) typem=1 type1=0 type2=0 
t=0.018918 single-single idm=953875(mm=4.5395) id1=567119(m1=4.32052):id2=113875(m2=0.219366) (r=0.632507) typem=6 type1=6 type2=0 b[RSUN]=1206.14 vinf[km/s]=22.9179
t=0.0190321 binary-binary idm=1000195(mm=50.2595) id1=321417(m1=50.2595):id2=160195(m2=0.442352) (r=0.0170037) typem=14 type1=14 type2=0 
t=0.0190897 single-single idm=893773(mm=1.5785) id1=53773(m1=1.38123):id2=369828(m2=0.197271) (r=0.281689) typem=1 type1=1 type2=0 b[RSUN]=18.6109 vinf[km/s]=29.6519
t=0.019183 single-single idm=1432914(mm=0.604239) id1=734139(m1=0.263878):id2=592914(m2=0.340361) (r=2.15518) typem=0 type1=0 type2=0 b[RSUN]=3.57377 vinf[km/s]=22.3849
t=0.0222508 single-single idm=1045101(mm=3.94655) id1=652296(m1=4.32863):id2=205101(m2=0.0872187) (r=0.219717) typem=4 type1=4 type2=0 b[RSUN]=323.575 vinf[km/s]=13.3738
t=0.0225054 single-single idm=1002391(mm=3.56941) id1=690270(m1=3.29176):id2=162391(m2=0.277657) (r=0.0899049) typem=1 type1=1 type2=0 b[RSUN]=11.7922 vinf[km/s]=68.297
t=0.0227673 single-single idm=1026522(mm=4.51283) id1=191097(m1=4.45602):id2=186522(m2=0.457419) (r=0.225384) typem=4 type1=4 type2=0 b[RSUN]=213.499 vinf[km/s]=22.2054
t=0.0229558 single-single idm=910208(mm=0.469346) id1=744547(m1=0.0895472):id2=70208(m2=0.379799) (r=1.16235) typem=0 type1=0 type2=0 b[RSUN]=7.20458 vinf[km/s]=34.0178
t=0.0238482 binary-binary idm=865684(mm=23.3837) id1=25684(m1=23.3837):id2=81035(m2=0.393999) (r=0.115599) typem=14 type1=14 type2=0 
t=0.0246528 binary-single idm=1057686(mm=40.5) id1=217686(m1=40.5):id2=440357(m2=0.115225) (r=0.00851284) typem=14 type1=14 type2=0 
t=0.0252198 binary-binary idm=950766(mm=40.5) id1=641451(m1=40.5):id2=110766(m2=0.284363) (r=0.0493547) typem=14 type1=14 type2=0 
t=0.0254141 single-single idm=923646(mm=2.50569) id1=83646(m1=1.21952):id2=280540(m2=1.28617) (r=1.32391) typem=1 type1=1 type2=1 b[RSUN]=69.1695 vinf[km/s]=18.1979
t=0.0255635 binary-single idm=872018(mm=50.2595) id1=32017(m1=0.56852):id2=1000195(m2=50.2595) (r=0.0104887) typem=14 type1=0 type2=14 
t=0.0259651 binary-binary idm=959279(mm=85.0974) id1=119279(m1=40.5):id2=653621(m2=48.8463) (r=0.00166889) typem=14 type1=14 type2=14 
t=0.0263584 binary-single idm=850658(mm=40.5) id1=132491(m1=0.192494):id2=850657(m2=40.5) (r=0.0846836) typem=14 type1=0 type2=14 
t=0.0272824 binary-binary idm=853654(mm=40.5) id1=754768(m1=40.5):id2=13654(m2=0.442722) (r=0.0510745) typem=14 type1=14 type2=0 
t=0.0287139 single-single idm=1233170(mm=1.62648) id1=393170(m1=0.63323):id2=509751(m2=0.993247) (r=0.451592) typem=1 type1=0 type2=1 b[RSUN]=30.9861 vinf[km/s]=27.765
t=0.0289167 binary-single idm=897547(mm=2.43337) id1=57547(m1=1.05303):id2=816874(m2=1.38034) (r=0.0486068) typem=1 type1=1 type2=1 
t=0.0294182 single-single idm=863107(mm=4.02458) id1=72614(m1=0.0889283):id2=23107(m2=3.94283) (r=0.503197) typem=5 type1=0 type2=5 b[RSUN]=552.921 vinf[km/s]=26.4261
t=0.0300808 binary-single idm=1014629(mm=2.70842) id1=525348(m1=0.822464):id2=174629(m2=1.88596) (r=0.311205) typem=1 type1=1 type2=1 
t=0.0304968 binary-binary idm=1088388(mm=32.8767) id1=248388(m1=32.8767):id2=469681(m2=0.348395) (r=0.00548833) typem=14 type1=14 type2=0 
t=0.0305264 single-single idm=1068797(mm=1.36283) id1=610254(m1=1.03417):id2=228797(m2=0.328664) (r=1.64277) typem=1 type1=1 type2=0 b[RSUN]=47.3587 vinf[km/s]=14.3051
t=0.030565 binary-single idm=1165959(mm=27.7282) id1=434080(m1=27.7282):id2=325959(m2=0.192182) (r=0.00390593) typem=14 type1=14 type2=0 
t=0.031929 binary-single idm=905343(mm=2.9622) id1=65343(m1=2.81211):id2=808053(m2=0.150094) (r=1.0071) typem=1 type1=1 type2=0 
t=0.0327093 binary-binary idm=1064265(mm=28.6244) id1=224265(m1=28.6244):id2=382656(m2=0.344516) (r=0.0127134) typem=14 type1=14 type2=0 
t=0.0332401 binary-binary idm=888791(mm=40.5) id1=48791(m1=0.143522):id2=767410(m2=40.5) (r=0.0330019) typem=14 type1=0 type2=14 
t=0.0344765 binary-single idm=1330484(mm=0.644165) id1=490484(m1=0.560452):id2=817121(m2=0.0837134) (r=0.755844) typem=0 type1=0 type2=0 
t=0.0361256 single-single idm=1180996(mm=3.76287) id1=340996(m1=3.61685):id2=408230(m2=0.146156) (r=1.53938) typem=5 type1=5 type2=0 b[RSUN]=488.708 vinf[km/s]=13.9107
t=0.039899 single-single idm=1504658(mm=0.656938) id1=664904(m1=0.561458):id2=664658(m2=0.0954803) (r=1.08001) typem=0 type1=0 type2=0 b[RSUN]=22.7438 vinf[km/s]=14.1482
t=0.0437748 binary-single idm=867444(mm=0.850169) id1=27444(m1=0.267731):id2=328255(m2=0.582439) (r=0.167341) typem=1 type1=0 type2=0 
t=0.0437926 single-single idm=877677(mm=3.40267) id1=37677(m1=0.18016):id2=255623(m2=3.22289) (r=0.585657) typem=6 type1=0 type2=6 b[RSUN]=783.608 vinf[km/s]=18.0683
t=0.0454851 single-single idm=1478275(mm=2.55198) id1=638275(m1=3.16411):id2=758197(m2=0.292659) (r=0.734342) typem=4 type1=4 type2=0 b[RSUN]=202.126 vinf[km/s]=31.0851
t=0.0483464 single-single idm=1248896(mm=0.903306) id1=734836(m1=0.0806178):id2=408896(m2=0.822688) (r=2.3623) typem=1 type1=0 type2=1 b[RSUN]=11.4785 vinf[km/s]=17.5253
t=0.050624 single-single idm=954623(mm=3.37853) id1=114623(m1=3.10455):id2=345309(m2=0.390675) (r=0.434923) typem=4 type1=4 type2=0 b[RSUN]=96.0658 vinf[km/s]=34.7828
t=0.0512989 binary-single idm=944624(mm=3.30553) id1=104624(m1=3.06362):id2=816502(m2=0.33143) (r=0.212971) typem=4 type1=4 type2=0 
t=0.0535288 single-single idm=877315(mm=2.82298) id1=622562(m1=3.05842):id2=37315(m2=1.86747) (r=0.865264) typem=4 type1=4 type2=1 b[RSUN]=722.02 vinf[km/s]=11.369
t=0.0565829 single-single idm=1176128(mm=2.99069) id1=580205(m1=0.112555):id2=336128(m2=2.9235) (r=1.5339) typem=4 type1=0 type2=4 b[RSUN]=143.254 vinf[km/s]=23.2712
t=0.0590251 single-single idm=983550(mm=1.27998) id1=143550(m1=0.713358):id2=499081(m2=0.566623) (r=0.84371) typem=1 type1=0 type2=0 b[RSUN]=66.8881 vinf[km/s]=7.65827
t=0.0592617 binary-binary idm=918203(mm=66.0901) id1=78203(m1=33.5923):id2=259495(m2=35.8435) (r=0.0037075) typem=14 type1=14 type2=14 
t=0.0615098 single-single idm=1266908(mm=17.6752) id1=426908(m1=2.8192):id2=642913(m2=17.6752) (r=0.095743) typem=14 type1=6 type2=14 b[RSUN]=275.159 vinf[km/s]=14.7385
t=0.0628143 single-single idm=1519995(mm=0.314928) id1=679995(m1=0.17185):id2=735665(m2=0.143078) (r=3.41229) typem=0 type1=0 type2=0 b[RSUN]=5.70037 vinf[km/s]=13.4664
t=0.0663315 single-single idm=1070944(mm=1.08264) id1=230944(m1=0.443949):id2=492835(m2=0.638694) (r=1.97516) typem=1 type1=0 type2=0 b[RSUN]=29.8517 vinf[km/s]=20.4824
t=0.0675616 single-single idm=1056500(mm=3.2374) id1=216500(m1=0.594449):id2=561579(m2=2.64336) (r=0.437254) typem=6 type1=0 type2=6 b[RSUN]=97.2621 vinf[km/s]=20.4495
t=0.0699041 binary-binary idm=1086404(mm=40.5) id1=246404(m1=40.5):id2=830243(m2=0.16551) (r=0.0282759) typem=14 type1=14 type2=0 
t=0.0699692 binary-single idm=892925(mm=1.16604) id1=52925(m1=0.624121):id2=832086(m2=0.541917) (r=0.758649) typem=1 type1=0 type2=0 
t=0.0758803 binary-single idm=1183785(mm=0.22716) id1=343785(m1=0.0940216):id2=816747(m2=0.133138) (r=0.511285) typem=0 type1=0 type2=0 
t=0.0843961 binary-binary idm=849424(mm=41.8923) id1=9424(m1=41.8923):id2=152941(m2=0.15194) (r=0.00407313) typem=14 type1=14 type2=0 
t=0.0871329 binary-single idm=1349595(mm=1.31209) id1=509595(m1=0.729857):id2=811667(m2=0.58223) (r=1.22479) typem=1 type1=0 type2=0 
t=0.0888381 single-single idm=930330(mm=0.212391) id1=226000(m1=0.093394):id2=90330(m2=0.118997) (r=1.24408) typem=0 type1=0 type2=0 b[RSUN]=6.62672 vinf[km/s]=19.8959
t=0.0913304 binary-single idm=962994(mm=2.58985) id1=272355(m1=0.171419):id2=122994(m2=2.44902) (r=0.461014) typem=4 type1=0 type2=4 
t=0.0934952 single-single idm=1333270(mm=0.444213) id1=688911(m1=0.113372):id2=493270(m2=0.330841) (r=2.63944) typem=0 type1=0 type2=0 b[RSUN]=12.4471 vinf[km/s]=15.9898
t=0.0946963 single-single idm=1493590(mm=26.4502) id1=653590(m1=1.64761):id2=761923(m2=26.4502) (r=0.055496) typem=14 type1=1 type2=14 b[RSUN]=731.932 vinf[km/s]=3.91959
t=0.097408 binary-single idm=1139509(mm=2.44025) id1=308863(m1=1.15012):id2=299509(m2=1.29012) (r=0.431271) typem=1 type1=1 type2=1 
t=0.102306 binary-single idm=841518(mm=1.83272) id1=11635(m1=0.321118):id2=1518(m2=1.5116) (r=1.31223) typem=1 type1=0 type2=1 
t=0.102795 single-single idm=1108671(mm=2.7397) id1=323342(m1=0.633795):id2=268671(m2=2.10591) (r=0.578158) typem=1 type1=0 type2=1 b[RSUN]=37.6738 vinf[km/s]=30.9069
t=0.103021 single-single idm=1072388(mm=0.56432) id1=232388(m1=0.364839):id2=433630(m2=0.199481) (r=2.65306) typem=0 type1=0 type2=0 b[RSUN]=20.0577 vinf[km/s]=14.6472
t=0.106017 single-single idm=1235112(mm=0.74958) id1=395112(m1=0.655627):id2=433215(m2=0.0939532) (r=3.82263) typem=0 type1=0 type2=0 b[RSUN]=44.4424 vinf[km/s]=9.60758
t=0.108771 binary-single idm=845665(mm=4.13378) id1=5665(m1=2.14644):id2=805508(m2=1.98734) (r=0.841023) typem=1 type1=1 type2=1 
t=0.109954 binary-single idm=912260(mm=2.17645) id1=72260(m1=1.17215):id2=803540(m2=1.0043) (r=1.81839) typem=1 type1=1 type2=1 
t=0.111161 single-single idm=1381113(mm=1.13036) id1=541113(m1=0.982165):id2=624714(m2=0.148197) (r=4.09191) typem=6 type1=11 type2=0 b[RSUN]=3.91655 vinf[km/s]=15.4238
t=0.111243 binary-single idm=1396089(mm=2.89203) id1=564270(m1=0.980398):id2=556089(m2=1.91164) (r=0.849503) typem=1 type1=1 type2=1 
t=0.111362 binary-single idm=917575(mm=0.64021) id1=77575(m1=0.47559):id2=805719(m2=0.164619) (r=1.15283) typem=0 type1=0 type2=0 
t=0.121391 binary-binary idm=1209055(mm=44.4836) id1=369055(m1=27.7664):id2=684404(m2=18.8274) (r=0.00550083) typem=14 type1=14 type2=14 
t=0.131306 binary-single idm=1207970(mm=1.24851) id1=428937(m1=0.386498):id2=367970(m2=0.862013) (r=1.32166) typem=1 type1=0 type2=1 
t=0.136808 binary-single idm=1037798(mm=2.59983) id1=197798(m1=1.68577):id2=814488(m2=0.914064) (r=0.220443) typem=1 type1=1 type2=1 
t=0.138664 binary-single idm=1322584(mm=1.10083) id1=482584(m1=0.121161):id2=800309(m2=0.97967) (r=0.359606) typem=1 type1=0 type2=1 
t=0.140287 single-single idm=935136(mm=1.23899) id1=168155(m1=1.08635):id2=95136(m2=0.15264) (r=1.29625) typem=1 type1=1 type2=0 b[RSUN]=134.29 vinf[km/s]=4.73068
t=0.153656 binary-single idm=1160159(mm=0.422154) id1=320159(m1=0.232749):id2=826000(m2=0.189405) (r=1.92191) typem=0 type1=0 type2=0 
t=0.158575 single-single idm=862071(mm=0.317858) id1=24558(m1=0.126856):id2=22071(m2=0.191003) (r=1.36502) typem=0 type1=0 type2=0 b[RSUN]=12.3903 vinf[km/s]=10.1014
t=0.162886 single-single idm=890324(mm=2.19856) id1=50324(m1=1.19263):id2=413986(m2=1.00594) (r=0.38665) typem=6 type1=1 type2=11 b[RSUN]=69.852 vinf[km/s]=10.7717
t=0.168012 single-single idm=1025469(mm=1.56293) id1=185469(m1=0.422275):id2=237590(m2=1.14066) (r=0.152106) typem=1 type1=0 type2=1 b[RSUN]=17.2454 vinf[km/s]=38.1228
t=0.169408 single-single idm=1056722(mm=3.30432) id1=216722(m1=3.07303):id2=630179(m2=0.350041) (r=1.5052) typem=4 type1=4 type2=0 b[RSUN]=445.34 vinf[km/s]=6.82506
t=0.172351 binary-single idm=1466386(mm=1.50599) id1=626386(m1=0.893715):id2=835914(m2=0.612274) (r=0.439541) typem=1 type1=1 type2=0 
t=0.172831 binary-single idm=1100524(mm=0.782078) id1=260524(m1=0.61873):id2=824037(m2=0.163348) (r=1.70485) typem=1 type1=0 type2=0 
t=0.177355 single-single idm=904059(mm=1.52036) id1=368690(m1=0.0907817):id2=64059(m2=1.43026) (r=0.697474) typem=6 type1=0 type2=6 b[RSUN]=1032.77 vinf[km/s]=11.2498
t=0.179977 single-single idm=864378(mm=0.711248) id1=679907(m1=0.0893043):id2=24378(m2=0.621944) (r=0.816064) typem=0 type1=0 type2=0 b[RSUN]=36.4686 vinf[km/s]=9.3638
t=0.184965 binary-single idm=1248150(mm=1.36097) id1=628730(m1=0.224841):id2=408150(m2=1.13613) (r=1.43985) typem=1 type1=0 type2=1 
t=0.185998 single-single idm=846864(mm=0.574951) id1=6864(m1=0.227115):id2=130007(m2=0.347836) (r=0.789513) typem=0 type1=0 type2=0 b[RSUN]=9.11777 vinf[km/s]=15.592
t=0.187493 binary-binary idm=1577080(mm=21.1395) id1=737080(m1=21.1395):id2=828933(m2=0.134256) (r=0.0242444) typem=14 type1=14 type2=0 
t=0.189995 binary-single idm=1118350(mm=1.14538) id1=278350(m1=0.0924705):id2=425669(m2=1.05291) (r=0.946069) typem=1 type1=0 type2=1 
t=0.194497 binary-single idm=913461(mm=2.38644) id1=549115(m1=0.648949):id2=73461(m2=1.73749) (r=0.964967) typem=1 type1=0 type2=1 
t=0.200646 single-single idm=1121449(mm=0.813701) id1=577245(m1=0.56138):id2=281449(m2=0.252321) (r=3.05767) typem=1 type1=0 type2=0 b[RSUN]=4.63386 vinf[km/s]=20.4535
t=0.203762 single-single idm=865745(mm=2.04631) id1=25745(m1=1.01261):id2=537752(m2=1.0337) (r=2.67372) typem=1 type1=1 type2=1 b[RSUN]=73.7682 vinf[km/s]=11.6798
t=0.207072 binary-single idm=1486199(mm=0.180183) id1=646199(m1=0.0905906):id2=801403(m2=0.0895921) (r=0.698597) typem=0 type1=0 type2=0 
t=0.208526 single-single idm=1054588(mm=17.565) id1=214588(m1=17.565):id2=244545(m2=0.0893277) (r=0.0685692) typem=14 type1=14 type2=0 b[RSUN]=93.6347 vinf[km/s]=10.1584
t=0.221109 binary-single idm=848265(mm=1.93382) id1=8265(m1=1.56554):id2=218989(m2=0.36828) (r=1.67156) typem=1 type1=1 type2=0 
t=0.232546 binary-binary idm=1246122(mm=27.5984) id1=406122(m1=0.111034):id2=731024(m2=27.5984) (r=0.0195057) typem=14 type1=0 type2=14 
t=0.235787 binary-single idm=939816(mm=1.82788) id1=99816(m1=0.917954):id2=820853(m2=0.909924) (r=1.07352) typem=1 type1=1 type2=1 
t=0.235906 binary-single idm=1236111(mm=0.572168) id1=586046(m1=0.0910974):id2=396111(m2=0.48107) (r=0.691423) typem=0 type1=0 type2=0 
t=0.254864 single-single idm=1247935(mm=1.24021) id1=407935(m1=0.918613):id2=732943(m2=0.321592) (r=1.36389) typem=1 type1=1 type2=0 b[RSUN]=22.8414 vinf[km/s]=15.9109
t=0.260889 binary-single idm=1502856(mm=0.801483) id1=662856(m1=0.666755):id2=812294(m2=0.134729) (r=0.350886) typem=1 type1=0 type2=0 
t=0.293956 binary-single idm=902226(mm=44.2365) id1=62226(m1=17.1473):id2=102311(m2=29.0742) (r=0.0557322) typem=14 type1=14 type2=14 
t=0.298203 binary-binary idm=903584(mm=1.4921) id1=127166(m1=1.41057):id2=63584(m2=0.0815276) (r=0.634199) typem=1 type1=1 type2=0 
t=0.311885 binary-single idm=974142(mm=21.6926) id1=134142(m1=21.6926):id2=698163(m2=0.173405) (r=0.0344922) typem=14 type1=14 type2=0 
t=0.317651 single-single idm=1199418(mm=0.38081) id1=486263(m1=0.0907701):id2=359418(m2=0.29004) (r=1.59657) typem=0 type1=0 type2=0 b[RSUN]=38.1836 vinf[km/s]=4.18265
t=0.320624 binary-single idm=1232879(mm=0.870582) id1=392879(m1=0.455524):id2=812934(m2=0.415058) (r=4.21043) typem=1 type1=0 type2=0 
t=0.328813 binary-single idm=895156(mm=1.46141) id1=55156(m1=0.237991):id2=475209(m2=1.46923) (r=0.431057) typem=3 type1=0 type2=3 
t=0.330278 single-single idm=902805(mm=1.38425) id1=464915(m1=1.08368):id2=62805(m2=0.300571) (r=0.212941) typem=1 type1=1 type2=0 b[RSUN]=27.7174 vinf[km/s]=16.6903
t=0.331344 single-single idm=1442862(mm=0.608037) id1=760725(m1=0.0858806):id2=602862(m2=0.522157) (r=0.780731) typem=0 type1=0 type2=0 b[RSUN]=22.7849 vinf[km/s]=10.7393
t=0.349836 binary-single idm=1129140(mm=1.15989) id1=565639(m1=0.467012):id2=289140(m2=0.692878) (r=0.848041) typem=1 type1=0 type2=0 
t=0.356329 single-single idm=1124809(mm=0.549013) id1=592134(m1=0.11506):id2=284809(m2=0.433953) (r=2.35884) typem=0 type1=0 type2=0 b[RSUN]=14.915 vinf[km/s]=19.6043
t=0.382109 single-single idm=1226166(mm=1.66507) id1=386166(m1=0.992254):id2=392929(m2=0.672812) (r=0.987091) typem=6 type1=11 type2=0 b[RSUN]=23.9868 vinf[km/s]=14.7949
t=0.387643 single-single idm=1001394(mm=0.777297) id1=264509(m1=0.18683):id2=161394(m2=0.590467) (r=0.957745) typem=1 type1=0 type2=0 b[RSUN]=3.93295 vinf[km/s]=19.0039
t=0.388936 single-single idm=1052198(mm=2.05568) id1=680547(m1=1.35998):id2=212198(m2=1.04812) (r=1.11556) typem=4 type1=4 type2=1 b[RSUN]=237.675 vinf[km/s]=12.3268
t=0.389606 single-single idm=1344378(mm=0.327397) id1=504378(m1=0.19493):id2=692381(m2=0.132467) (r=2.87016) typem=0 type1=0 type2=0 b[RSUN]=10.6634 vinf[km/s]=18.2121
t=0.397142 binary-single idm=1427174(mm=0.868045) id1=587174(m1=0.486931):id2=810708(m2=0.381114) (r=1.40269) typem=1 type1=0 type2=0 
t=0.413196 binary-single idm=1457316(mm=1.80644) id1=617316(m1=0.980754):id2=801822(m2=0.825684) (r=0.683088) typem=1 type1=1 type2=1 
t=0.436027 binary-single idm=1079312(mm=18.7032) id1=239312(m1=18.7032):id2=622139(m2=0.617052) (r=0.0308145) typem=14 type1=14 type2=0 
t=0.436417 binary-single idm=859568(mm=1.48197) id1=19568(m1=0.758865):id2=284574(m2=0.723106) (r=1.90985) typem=1 type1=1 type2=0 
t=0.436856 binary-single idm=1413401(mm=39.5501) id1=573401(m1=18.6976):id2=620129(m2=22.8231) (r=0.0304912) typem=14 type1=14 type2=14 
t=0.463541 binary-single idm=1323366(mm=0.753047) id1=483366(m1=0.216614):id2=809046(m2=0.536433) (r=0.925737) typem=0 type1=0 type2=0 
t=0.479079 single-single idm=1099314(mm=0.709961) id1=259314(m1=0.262403):id2=575566(m2=0.447558) (r=6.11567) typem=0 type1=0 type2=0 b[RSUN]=59.7425 vinf[km/s]=6.50301
t=0.483787 binary-binary idm=962995(mm=37.9911) id1=122995(m1=14.5711):id2=805044(m2=25.112) (r=0.0202099) typem=14 type1=14 type2=14 
t=0.49133 single-single idm=971654(mm=1.53856) id1=131654(m1=0.659817):id2=368966(m2=0.878738) (r=1.75112) typem=6 type1=0 type2=11 b[RSUN]=17.3171 vinf[km/s]=21.7534
t=0.494468 single-single idm=906649(mm=0.456611) id1=380359(m1=0.103114):id2=66649(m2=0.353498) (r=0.878737) typem=0 type1=0 type2=0 b[RSUN]=5.91324 vinf[km/s]=24.6669
t=0.497848 binary-single idm=851274(mm=0.995101) id1=11274(m1=0.638947):id2=304752(m2=0.356154) (r=1.56334) typem=1 type1=0 type2=0 
t=0.533698 single-single idm=853772(mm=0.644942) id1=357173(m1=0.409944):id2=13772(m2=0.234998) (r=0.709666) typem=0 type1=0 type2=0 b[RSUN]=33.1894 vinf[km/s]=9.65094
t=0.582223 single-single idm=1020956(mm=1.19653) id1=180956(m1=0.273931):id2=401210(m2=1.15778) (r=1.706) typem=4 type1=0 type2=4 b[RSUN]=48.586 vinf[km/s]=12.2412
t=0.586083 binary-single idm=1130447(mm=0.96113) id1=290447(m1=0.575406):id2=804739(m2=0.385724) (r=1.13009) typem=1 type1=0 type2=0 
t=0.586302 binary-single idm=918538(mm=0.850752) id1=356533(m1=0.682239):id2=78538(m2=0.168514) (r=1.04367) typem=6 type1=11 type2=0 
t=0.590602 single-single idm=1041160(mm=16.6057) id1=201160(m1=1.08046):id2=663594(m2=16.6057) (r=0.718657) typem=14 type1=1 type2=14 b[RSUN]=209.164 vinf[km/s]=6.46321
t=0.597043 single-single idm=1600247(mm=0.541721) id1=760247(m1=0.443864):id2=796806(m2=0.0978571) (r=2.82661) typem=0 type1=0 type2=0 b[RSUN]=11.125 vinf[km/s]=23.9258
t=0.60097 binary-single idm=1033316(mm=1.04719) id1=449305(m1=0.0982589):id2=193316(m2=0.948926) (r=2.37029) typem=1 type1=0 type2=1 
t=0.621854 single-single idm=1141962(mm=1.242) id1=301962(m1=0.850021):id2=479777(m2=0.678491) (r=2.54556) typem=13 type1=11 type2=11 b[RSUN]=5.64879 vinf[km/s]=13.9185
t=0.625395 binary-single idm=1017585(mm=0.730517) id1=704828(m1=0.571706):id2=177585(m2=0.15881) (r=2.9049) typem=0 type1=0 type2=0 
t=0.627115 single-single idm=1157310(mm=1.04462) id1=353082(m1=0.775716):id2=317310(m2=0.268902) (r=2.12702) typem=1 type1=1 type2=0 b[RSUN]=30.8071 vinf[km/s]=11.2619
t=0.655074 single-single idm=870958(mm=0.816697) id1=30958(m1=0.668047):id2=170773(m2=0.14865) (r=1.38965) typem=1 type1=0 type2=0 b[RSUN]=34.0327 vinf[km/s]=13.7677
t=0.682743 single-single idm=879445(mm=0.855128) id1=39445(m1=0.337721):id2=136568(m2=0.517407) (r=2.03186) typem=1 type1=0 type2=0 b[RSUN]=30.2317 vinf[km/s]=13.3652
t=0.685025 single-single idm=1201915(mm=0.526028) id1=361915(m1=0.11994):id2=734006(m2=0.406088) (r=6.33654) typem=0 type1=0 type2=0 b[RSUN]=57.7093 vinf[km/s]=3.55702
t=0.693982 single-single idm=1018437(mm=1.68906) id1=178437(m1=1.03538):id2=435789(m2=0.653681) (r=1.67686) typem=1 type1=1 type2=0 b[RSUN]=90.8639 vinf[km/s]=8.4851
t=0.723333 single-single idm=968854(mm=1.43609) id1=188253(m1=1.1404):id2=128854(m2=1.0598) (r=0.361177) typem=3 type1=3 type2=1 b[RSUN]=119.601 vinf[km/s]=5.64299
t=0.727339 binary-single idm=885338(mm=0.771362) id1=45338(m1=0.434801):id2=810330(m2=0.336561) (r=3.73255) typem=1 type1=0 type2=0 
t=0.756832 binary-single idm=1349772(mm=0.794554) id1=509772(m1=0.482294):id2=839362(m2=0.31226) (r=0.676289) typem=1 type1=0 type2=0 
t=0.760699 single-single idm=1147639(mm=0.360595) id1=743012(m1=0.237123):id2=307639(m2=0.123471) (r=2.17927) typem=0 type1=0 type2=0 b[RSUN]=3.68717 vinf[km/s]=12.423
t=0.763262 single-single idm=1273594(mm=0.261914) id1=756316(m1=0.138575):id2=433594(m2=0.123339) (r=4.14765) typem=0 type1=0 type2=0 b[RSUN]=2.18183 vinf[km/s]=9.03647
t=0.770301 binary-single idm=1079244(mm=1.14587) id1=239244(m1=1.04988):id2=698420(m2=0.0959929) (r=2.25778) typem=1 type1=1 type2=0 
t=0.774763 single-single idm=1354238(mm=0.675204) id1=523825(m1=0.513747):id2=514238(m2=0.161457) (r=2.95098) typem=0 type1=0 type2=0 b[RSUN]=16.1481 vinf[km/s]=8.65173
t=0.805182 single-single idm=1100728(mm=0.307592) id1=260728(m1=0.13367):id2=730344(m2=0.173923) (r=3.98361) typem=0 type1=0 type2=0 b[RSUN]=5.47952 vinf[km/s]=12.9719
t=0.805889 single-single idm=896929(mm=0.368419) id1=56929(m1=0.286611):id2=529506(m2=0.0818076) (r=1.33308) typem=0 type1=0 type2=0 b[RSUN]=20.305 vinf[km/s]=12.0917
t=0.860842 single-single idm=1228999(mm=0.24819) id1=388999(m1=0.0891679):id2=782471(m2=0.159022) (r=1.94239) typem=0 type1=0 type2=0 b[RSUN]=8.84856 vinf[km/s]=16.4423
t=0.917515 single-single idm=909676(mm=1.07396) id1=154418(m1=0.87355):id2=69676(m2=0.200415) (r=8.01143) typem=6 type1=11 type2=0 b[RSUN]=30.067 vinf[km/s]=8.69006
t=0.924237 binary-single idm=1100173(mm=0.730645) id1=260173(m1=0.546416):id2=834483(m2=0.184229) (r=0.807763) typem=0 type1=0 type2=0 
t=0.925831 binary-single idm=857432(mm=1.03458) id1=17432(m1=0.652079):id2=818254(m2=0.382503) (r=3.09466) typem=1 type1=0 type2=0 
t=0.963112 binary-single idm=1633705(mm=1.47326) id1=793705(m1=0.901371):id2=800285(m2=0.57189) (r=1.08497) typem=1 type1=1 type2=0 
t=0.980718 binary-single idm=1179115(mm=1.06364) id1=360180(m1=0.975097):id2=339115(m2=0.0885382) (r=2.78776) typem=1 type1=1 type2=0 
t=0.994712 binary-single idm=891000(mm=1.02338) id1=51000(m1=0.922559):id2=822016(m2=0.100818) (r=1.31253) typem=1 type1=1 type2=0 
t=0.997414 binary-single idm=1515904(mm=0.957099) id1=675904(m1=0.72682):id2=838618(m2=0.230279) (r=0.997773) typem=1 type1=0 type2=0 
t=1.00501 binary-binary idm=1251841(mm=18.1707) id1=411841(m1=18.1707):id2=806997(m2=0.468344) (r=0.868232) typem=14 type1=14 type2=0 
t=1.01776 binary-single idm=1483266(mm=0.385907) id1=643266(m1=0.169177):id2=837764(m2=0.21673) (r=1.67956) typem=0 type1=0 type2=0 
t=1.08058 binary-single idm=862561(mm=1.05861) id1=22561(m1=0.614512):id2=337865(m2=0.444099) (r=0.71008) typem=1 type1=0 type2=0 
t=1.13158 binary-single idm=1140332(mm=1.1472) id1=300332(m1=0.730516):id2=809897(m2=0.416679) (r=1.30769) typem=1 type1=0 type2=0 
t=1.16018 single-single idm=1199287(mm=0.275222) id1=770464(m1=0.146162):id2=359287(m2=0.129059) (r=5.21328) typem=0 type1=0 type2=0 b[RSUN]=20.4583 vinf[km/s]=5.83246
t=1.16459 binary-single idm=952266(mm=0.987522) id1=112266(m1=0.522327):id2=822704(m2=0.465195) (r=2.02141) typem=1 type1=0 type2=0 
t=1.1851 binary-single idm=970017(mm=0.675148) id1=130017(m1=0.51995):id2=279678(m2=0.155199) (r=1.65108) typem=0 type1=0 type2=0 
t=1.20969 binary-single idm=1353409(mm=0.975311) id1=513409(m1=0.557599):id2=813002(m2=0.417712) (r=1.51929) typem=1 type1=0 type2=0 
t=1.21927 binary-single idm=1431055(mm=0.633025) id1=591055(m1=0.459083):id2=803445(m2=0.173942) (r=1.04357) typem=0 type1=0 type2=0 
t=1.23282 binary-single idm=845275(mm=0.519727) id1=5275(m1=0.148454):id2=815129(m2=0.371273) (r=1.47206) typem=0 type1=0 type2=0 
t=1.2412 binary-single idm=1192584(mm=0.207267) id1=352584(m1=0.1051):id2=801632(m2=0.102167) (r=3.1064) typem=0 type1=0 type2=0 
t=1.2519 single-single idm=985759(mm=0.467159) id1=145759(m1=0.379728):id2=218017(m2=0.0874306) (r=2.0525) typem=0 type1=0 type2=0 b[RSUN]=16.6283 vinf[km/s]=16.9835
t=1.25327 binary-single idm=1462075(mm=0.398981) id1=622075(m1=0.218985):id2=832506(m2=0.179996) (r=0.977515) typem=0 type1=0 type2=0 
t=1.31894 binary-binary idm=999486(mm=30.6371) id1=159486(m1=13.4953):id2=717420(m2=18.6256) (r=0.0193871) typem=14 type1=14 type2=14 
t=1.38593 binary-single idm=1500345(mm=0.354524) id1=660345(m1=0.160932):id2=836066(m2=0.193592) (r=1.27544) typem=0 type1=0 type2=0 
t=1.39555 binary-binary idm=1560323(mm=1.67355) id1=720323(m1=0.91495):id2=822060(m2=0.758599) (r=1.06057) typem=1 type1=1 type2=1 
t=1.46955 binary-single idm=952948(mm=1.09262) id1=112948(m1=1.01179):id2=834043(m2=0.0808281) (r=3.31313) typem=6 type1=11 type2=0 
t=1.5106 single-single idm=1206889(mm=1.19914) id1=366889(m1=0.873548):id2=553111(m2=0.32587) (r=1.11354) typem=3 type1=3 type2=0 b[RSUN]=320.283 vinf[km/s]=9.26177
t=1.51298 binary-binary idm=1634805(mm=1.04639) id1=794805(m1=0.692474):id2=833871(m2=0.353914) (r=1.16923) typem=1 type1=0 type2=0 
t=1.5941 single-single idm=863685(mm=0.907937) id1=651141(m1=0.800963):id2=23685(m2=0.106973) (r=1.67751) typem=1 type1=1 type2=0 b[RSUN]=22.095 vinf[km/s]=21.9625
t=1.60657 binary-single idm=869504(mm=0.748374) id1=29504(m1=0.51582):id2=44627(m2=0.232554) (r=1.15845) typem=0 type1=0 type2=0 
t=1.81514 binary-binary idm=1477358(mm=1.01793) id1=637358(m1=0.578861):id2=808660(m2=0.439065) (r=1.57285) typem=1 type1=0 type2=0 
t=1.83483 single-single idm=951674(mm=0.799644) id1=783157(m1=0.632778):id2=111674(m2=0.167724) (r=1.87428) typem=6 type1=6 type2=0 b[RSUN]=455.282 vinf[km/s]=10.4934
t=1.84557 binary-single idm=1221496(mm=0.704823) id1=381496(m1=0.418167):id2=818078(m2=0.286656) (r=3.72212) typem=0 type1=0 type2=0 
t=1.85013 single-single idm=843556(mm=1.47203) id1=3556(m1=0.721375):id2=127685(m2=0.750656) (r=1.18043) typem=1 type1=0 type2=0 b[RSUN]=273.231 vinf[km/s]=2.08624
t=1.88595 single-single idm=1033320(mm=0.521687) id1=193320(m1=0.385455):id2=563520(m2=0.136232) (r=0.992827) typem=0 type1=0 type2=0 b[RSUN]=8.78239 vinf[km/s]=26.6027
t=1.95317 single-single idm=847823(mm=14.0629) id1=525155(m1=0.1009):id2=7823(m2=14.0629) (r=0.209651) typem=14 type1=0 type2=14 b[RSUN]=250.006 vinf[km/s]=2.0938
t=1.96471 binary-single idm=1569774(mm=0.627951) id1=729774(m1=0.304023):id2=816802(m2=0.323928) (r=2.31932) typem=0 type1=0 type2=0 
t=2.07438 single-single idm=1025649(mm=1.50137) id1=217763(m1=0.698917):id2=185649(m2=0.802454) (r=1.15001) typem=1 type1=0 type2=1 b[RSUN]=33.0613 vinf[km/s]=14.0792
t=2.12716 single-single idm=1256377(mm=0.844885) id1=553539(m1=0.105765):id2=416377(m2=0.73912) (r=2.59894) typem=6 type1=0 type2=11 b[RSUN]=24.1401 vinf[km/s]=8.45604
t=2.15199 binary-single idm=1580427(mm=1.13293) id1=740427(m1=0.813907):id2=830779(m2=0.319022) (r=3.03283) typem=1 type1=1 type2=0 
t=2.16396 binary-single idm=1309127(mm=1.00645) id1=469127(m1=0.772461):id2=834665(m2=0.233984) (r=0.752785) typem=1 type1=1 type2=0 
t=2.21749 binary-single idm=1005331(mm=0.277401) id1=165331(m1=0.195668):id2=813863(m2=0.081733) (r=1.10435) typem=0 type1=0 type2=0 
t=2.2353 binary-single idm=854725(mm=1.13244) id1=14725(m1=0.712582):id2=820115(m2=0.419862) (r=1.13715) typem=1 type1=0 type2=0 
t=2.25241 single-single idm=876295(mm=1.32328) id1=36295(m1=0.302492):id2=500427(m2=1.02079) (r=1.03882) typem=6 type1=0 type2=11 b[RSUN]=27.4997 vinf[km/s]=12.3041
t=2.28776 binary-single idm=1216359(mm=0.930545) id1=588878(m1=0.374084):id2=376359(m2=0.556461) (r=0.551474) typem=1 type1=0 type2=0 
t=2.3039 binary-single idm=970018(mm=0.767723) id1=779862(m1=0.0925743):id2=970017(m2=0.675148) (r=0.77413) typem=1 type1=0 type2=0 
t=2.35886 binary-single idm=874462(mm=1.20247) id1=34462(m1=0.714944):id2=839107(m2=0.487524) (r=0.780396) typem=1 type1=0 type2=0 
